[0.078s] Invoking command in '/home/alpaka-admin/my_alpaka_urdf_ws/build/alpaka_chassis_description': CMAKE_PREFIX_PATH=/opt/ros/humble ROS_DOMAIN_ID=44 /usr/bin/cmake --build /home/alpaka-admin/my_alpaka_urdf_ws/build/alpaka_chassis_description -- -j8 -l8
[0.314s] Invoked command in '/home/alpaka-admin/my_alpaka_urdf_ws/build/alpaka_chassis_description' returned '0': CMAKE_PREFIX_PATH=/opt/ros/humble ROS_DOMAIN_ID=44 /usr/bin/cmake --build /home/alpaka-admin/my_alpaka_urdf_ws/build/alpaka_chassis_description -- -j8 -l8
[0.315s] Invoking command in '/home/alpaka-admin/my_alpaka_urdf_ws/build/alpaka_chassis_description': CMAKE_PREFIX_PATH=/opt/ros/humble ROS_DOMAIN_ID=44 /usr/bin/cmake --install /home/alpaka-admin/my_alpaka_urdf_ws/build/alpaka_chassis_description
[0.367s] -- Install configuration: ""
[0.371s] -- Up-to-date: /home/alpaka-admin/my_alpaka_urdf_ws/install/alpaka_chassis_description/share/alpaka_chassis_description/meshes
[0.372s] -- Up-to-date: /home/alpaka-admin/my_alpaka_urdf_ws/install/alpaka_chassis_description/share/alpaka_chassis_description/meshes/visual
[0.372s] -- Up-to-date: /home/alpaka-admin/my_alpaka_urdf_ws/install/alpaka_chassis_description/share/alpaka_chassis_description/meshes/visual/chassis_base_link.STL
[0.372s] -- Up-to-date: /home/alpaka-admin/my_alpaka_urdf_ws/install/alpaka_chassis_description/share/alpaka_chassis_description/meshes/visual/chassis_arm_link.STL
[0.375s] -- Up-to-date: /home/alpaka-admin/my_alpaka_urdf_ws/install/alpaka_chassis_description/share/alpaka_chassis_description/meshes/collision
[0.376s] -- Up-to-date: /home/alpaka-admin/my_alpaka_urdf_ws/install/alpaka_chassis_description/share/alpaka_chassis_description/meshes/collision/chassis_base_link_collision.STL
[0.377s] -- Up-to-date: /home/alpaka-admin/my_alpaka_urdf_ws/install/alpaka_chassis_description/share/alpaka_chassis_description/meshes/collision/chassis_arm_link_collision.STL
[0.377s] -- Up-to-date: /home/alpaka-admin/my_alpaka_urdf_ws/install/alpaka_chassis_description/share/alpaka_chassis_description/urdf
[0.379s] -- Up-to-date: /home/alpaka-admin/my_alpaka_urdf_ws/install/alpaka_chassis_description/share/alpaka_chassis_description/urdf/chassis_macro.xacro
[0.379s] -- Up-to-date: /home/alpaka-admin/my_alpaka_urdf_ws/install/alpaka_chassis_description/share/alpaka_chassis_description/urdf/chassis.urdf.xacro
[0.380s] -- Up-to-date: /home/alpaka-admin/my_alpaka_urdf_ws/install/alpaka_chassis_description/share/alpaka_chassis_description/launch
[0.380s] -- Up-to-date: /home/alpaka-admin/my_alpaka_urdf_ws/install/alpaka_chassis_description/share/alpaka_chassis_description/launch/view_chassis.launch.py
[0.380s] -- Up-to-date: /home/alpaka-admin/my_alpaka_urdf_ws/install/alpaka_chassis_description/share/alpaka_chassis_description/rviz
[0.380s] -- Up-to-date: /home/alpaka-admin/my_alpaka_urdf_ws/install/alpaka_chassis_description/share/alpaka_chassis_description/rviz/view_chassis.rviz
[0.380s] -- Up-to-date: /home/alpaka-admin/my_alpaka_urdf_ws/install/alpaka_chassis_description/share/ament_index/resource_index/package_run_dependencies/alpaka_chassis_description
[0.381s] -- Up-to-date: /home/alpaka-admin/my_alpaka_urdf_ws/install/alpaka_chassis_description/share/ament_index/resource_index/parent_prefix_path/alpaka_chassis_description
[0.381s] -- Up-to-date: /home/alpaka-admin/my_alpaka_urdf_ws/install/alpaka_chassis_description/share/alpaka_chassis_description/environment/ament_prefix_path.sh
[0.381s] -- Up-to-date: /home/alpaka-admin/my_alpaka_urdf_ws/install/alpaka_chassis_description/share/alpaka_chassis_description/environment/ament_prefix_path.dsv
[0.381s] -- Up-to-date: /home/alpaka-admin/my_alpaka_urdf_ws/install/alpaka_chassis_description/share/alpaka_chassis_description/environment/path.sh
[0.382s] -- Up-to-date: /home/alpaka-admin/my_alpaka_urdf_ws/install/alpaka_chassis_description/share/alpaka_chassis_description/environment/path.dsv
[0.382s] -- Up-to-date: /home/alpaka-admin/my_alpaka_urdf_ws/install/alpaka_chassis_description/share/alpaka_chassis_description/local_setup.bash
[0.382s] -- Up-to-date: /home/alpaka-admin/my_alpaka_urdf_ws/install/alpaka_chassis_description/share/alpaka_chassis_description/local_setup.sh
[0.383s] -- Up-to-date: /home/alpaka-admin/my_alpaka_urdf_ws/install/alpaka_chassis_description/share/alpaka_chassis_description/local_setup.zsh
[0.387s] -- Up-to-date: /home/alpaka-admin/my_alpaka_urdf_ws/install/alpaka_chassis_description/share/alpaka_chassis_description/local_setup.dsv
[0.388s] -- Installing: /home/alpaka-admin/my_alpaka_urdf_ws/install/alpaka_chassis_description/share/alpaka_chassis_description/package.dsv
[0.388s] -- Up-to-date: /home/alpaka-admin/my_alpaka_urdf_ws/install/alpaka_chassis_description/share/ament_index/resource_index/packages/alpaka_chassis_description
[0.388s] -- Up-to-date: /home/alpaka-admin/my_alpaka_urdf_ws/install/alpaka_chassis_description/share/alpaka_chassis_description/cmake/alpaka_chassis_descriptionConfig.cmake
[0.388s] -- Up-to-date: /home/alpaka-admin/my_alpaka_urdf_ws/install/alpaka_chassis_description/share/alpaka_chassis_description/cmake/alpaka_chassis_descriptionConfig-version.cmake
[0.388s] -- Up-to-date: /home/alpaka-admin/my_alpaka_urdf_ws/install/alpaka_chassis_description/share/alpaka_chassis_description/package.xml
[0.576s] Invoked command in '/home/alpaka-admin/my_alpaka_urdf_ws/build/alpaka_chassis_description' returned '0': CMAKE_PREFIX_PATH=/opt/ros/humble ROS_DOMAIN_ID=44 /usr/bin/cmake --install /home/alpaka-admin/my_alpaka_urdf_ws/build/alpaka_chassis_description
