[0.040s] Invoking command in '/home/alpaka-admin/my_alpaka_urdf_ws/build/realsense2_camera': AMENT_PREFIX_PATH=/home/alpaka-admin/my_alpaka_urdf_ws/install/realsense2_camera_msgs:${AMENT_PREFIX_PATH} CMAKE_PREFIX_PATH=/home/alpaka-admin/my_alpaka_urdf_ws/install/realsense2_camera_msgs:/opt/ros/humble LD_LIBRARY_PATH=/home/alpaka-admin/my_alpaka_urdf_ws/install/realsense2_camera_msgs/lib:${LD_LIBRARY_PATH} PYTHONPATH=/home/alpaka-admin/my_alpaka_urdf_ws/install/realsense2_camera_msgs/local/lib/python3.10/dist-packages:${PYTHONPATH} ROS_DOMAIN_ID=66 /usr/bin/cmake --build /home/alpaka-admin/my_alpaka_urdf_ws/build/realsense2_camera -- -j8 -l8
[0.320s] [ 63%] Built target realsense2_camera
[0.380s] [ 72%] Built target gtest
[0.457s] [ 81%] Built target gtest_main
[0.531s] [ 90%] Built target realsense2_camera_node
[0.600s] [100%] Built target gtest_template
[0.627s] Invoked command in '/home/alpaka-admin/my_alpaka_urdf_ws/build/realsense2_camera' returned '0': AMENT_PREFIX_PATH=/home/alpaka-admin/my_alpaka_urdf_ws/install/realsense2_camera_msgs:${AMENT_PREFIX_PATH} CMAKE_PREFIX_PATH=/home/alpaka-admin/my_alpaka_urdf_ws/install/realsense2_camera_msgs:/opt/ros/humble LD_LIBRARY_PATH=/home/alpaka-admin/my_alpaka_urdf_ws/install/realsense2_camera_msgs/lib:${LD_LIBRARY_PATH} PYTHONPATH=/home/alpaka-admin/my_alpaka_urdf_ws/install/realsense2_camera_msgs/local/lib/python3.10/dist-packages:${PYTHONPATH} ROS_DOMAIN_ID=66 /usr/bin/cmake --build /home/alpaka-admin/my_alpaka_urdf_ws/build/realsense2_camera -- -j8 -l8
[0.631s] Invoking command in '/home/alpaka-admin/my_alpaka_urdf_ws/build/realsense2_camera': AMENT_PREFIX_PATH=/home/alpaka-admin/my_alpaka_urdf_ws/install/realsense2_camera_msgs:${AMENT_PREFIX_PATH} CMAKE_PREFIX_PATH=/home/alpaka-admin/my_alpaka_urdf_ws/install/realsense2_camera_msgs:/opt/ros/humble LD_LIBRARY_PATH=/home/alpaka-admin/my_alpaka_urdf_ws/install/realsense2_camera_msgs/lib:${LD_LIBRARY_PATH} PYTHONPATH=/home/alpaka-admin/my_alpaka_urdf_ws/install/realsense2_camera_msgs/local/lib/python3.10/dist-packages:${PYTHONPATH} ROS_DOMAIN_ID=66 /usr/bin/cmake --install /home/alpaka-admin/my_alpaka_urdf_ws/build/realsense2_camera
[0.654s] -- Install configuration: "Release"
[0.654s] -- Up-to-date: /home/alpaka-admin/my_alpaka_urdf_ws/install/realsense2_camera/lib/realsense2_camera/realsense2_camera_node
[0.655s] -- Up-to-date: /home/alpaka-admin/my_alpaka_urdf_ws/install/realsense2_camera/lib/librealsense2_camera.so
[0.656s] -- Up-to-date: /home/alpaka-admin/my_alpaka_urdf_ws/install/realsense2_camera/include
[0.657s] -- Up-to-date: /home/alpaka-admin/my_alpaka_urdf_ws/install/realsense2_camera/include/gl_window.h
[0.660s] -- Up-to-date: /home/alpaka-admin/my_alpaka_urdf_ws/install/realsense2_camera/include/image_publisher.h
[0.660s] -- Up-to-date: /home/alpaka-admin/my_alpaka_urdf_ws/install/realsense2_camera/include/ros_utils.h
[0.661s] -- Up-to-date: /home/alpaka-admin/my_alpaka_urdf_ws/install/realsense2_camera/include/named_filter.h
[0.661s] -- Up-to-date: /home/alpaka-admin/my_alpaka_urdf_ws/install/realsense2_camera/include/sensor_params.h
[0.661s] -- Up-to-date: /home/alpaka-admin/my_alpaka_urdf_ws/install/realsense2_camera/include/profile_manager.h
[0.661s] -- Up-to-date: /home/alpaka-admin/my_alpaka_urdf_ws/install/realsense2_camera/include/dynamic_params.h
[0.662s] -- Up-to-date: /home/alpaka-admin/my_alpaka_urdf_ws/install/realsense2_camera/include/ros_param_backend.h
[0.662s] -- Up-to-date: /home/alpaka-admin/my_alpaka_urdf_ws/install/realsense2_camera/include/ros_sensor.h
[0.662s] -- Up-to-date: /home/alpaka-admin/my_alpaka_urdf_ws/install/realsense2_camera/include/realsense_node_factory.h
[0.662s] -- Up-to-date: /home/alpaka-admin/my_alpaka_urdf_ws/install/realsense2_camera/include/base_realsense_node.h
[0.662s] -- Up-to-date: /home/alpaka-admin/my_alpaka_urdf_ws/install/realsense2_camera/include/constants.h
[0.663s] -- Up-to-date: /home/alpaka-admin/my_alpaka_urdf_ws/install/realsense2_camera/share/realsense2_camera/launch
[0.663s] -- Up-to-date: /home/alpaka-admin/my_alpaka_urdf_ws/install/realsense2_camera/share/realsense2_camera/launch/rs_launch.py
[0.663s] -- Up-to-date: /home/alpaka-admin/my_alpaka_urdf_ws/install/realsense2_camera/share/realsense2_camera/launch/rs_intra_process_demo_launch.py
[0.664s] -- Up-to-date: /home/alpaka-admin/my_alpaka_urdf_ws/install/realsense2_camera/share/realsense2_camera/launch/rs_multi_camera_launch.py
[0.664s] -- Up-to-date: /home/alpaka-admin/my_alpaka_urdf_ws/install/realsense2_camera/share/realsense2_camera/launch/default.rviz
[0.664s] -- Up-to-date: /home/alpaka-admin/my_alpaka_urdf_ws/install/realsense2_camera/share/realsense2_camera/examples
[0.666s] -- Up-to-date: /home/alpaka-admin/my_alpaka_urdf_ws/install/realsense2_camera/share/realsense2_camera/examples/pointcloud
[0.669s] -- Up-to-date: /home/alpaka-admin/my_alpaka_urdf_ws/install/realsense2_camera/share/realsense2_camera/examples/pointcloud/rviz
[0.670s] -- Up-to-date: /home/alpaka-admin/my_alpaka_urdf_ws/install/realsense2_camera/share/realsense2_camera/examples/pointcloud/rviz/urdf_pointcloud.rviz
[0.670s] -- Up-to-date: /home/alpaka-admin/my_alpaka_urdf_ws/install/realsense2_camera/share/realsense2_camera/examples/pointcloud/rviz/pointcloud.rviz
[0.670s] -- Up-to-date: /home/alpaka-admin/my_alpaka_urdf_ws/install/realsense2_camera/share/realsense2_camera/examples/pointcloud/README.md
[0.671s] -- Up-to-date: /home/alpaka-admin/my_alpaka_urdf_ws/install/realsense2_camera/share/realsense2_camera/examples/pointcloud/rs_d405_pointcloud_launch.py
[0.672s] -- Up-to-date: /home/alpaka-admin/my_alpaka_urdf_ws/install/realsense2_camera/share/realsense2_camera/examples/pointcloud/rs_d455_pointcloud_launch.py
[0.673s] -- Up-to-date: /home/alpaka-admin/my_alpaka_urdf_ws/install/realsense2_camera/share/realsense2_camera/examples/pointcloud/rs_pointcloud_launch.py
[0.673s] -- Up-to-date: /home/alpaka-admin/my_alpaka_urdf_ws/install/realsense2_camera/share/realsense2_camera/examples/dual_camera
[0.674s] -- Up-to-date: /home/alpaka-admin/my_alpaka_urdf_ws/install/realsense2_camera/share/realsense2_camera/examples/dual_camera/rviz
[0.674s] -- Up-to-date: /home/alpaka-admin/my_alpaka_urdf_ws/install/realsense2_camera/share/realsense2_camera/examples/dual_camera/rviz/dual_camera_pointcloud.rviz
[0.674s] -- Up-to-date: /home/alpaka-admin/my_alpaka_urdf_ws/install/realsense2_camera/share/realsense2_camera/examples/dual_camera/README.md
[0.674s] -- Up-to-date: /home/alpaka-admin/my_alpaka_urdf_ws/install/realsense2_camera/share/realsense2_camera/examples/dual_camera/rs_dual_camera_launch.py
[0.675s] -- Up-to-date: /home/alpaka-admin/my_alpaka_urdf_ws/install/realsense2_camera/share/realsense2_camera/examples/launch_from_rosbag
[0.675s] -- Up-to-date: /home/alpaka-admin/my_alpaka_urdf_ws/install/realsense2_camera/share/realsense2_camera/examples/launch_from_rosbag/rs_launch_from_rosbag.py
[0.676s] -- Up-to-date: /home/alpaka-admin/my_alpaka_urdf_ws/install/realsense2_camera/share/realsense2_camera/examples/launch_from_rosbag/README.md
[0.676s] -- Up-to-date: /home/alpaka-admin/my_alpaka_urdf_ws/install/realsense2_camera/share/realsense2_camera/examples/align_depth
[0.677s] -- Up-to-date: /home/alpaka-admin/my_alpaka_urdf_ws/install/realsense2_camera/share/realsense2_camera/examples/align_depth/README.md
[0.678s] -- Up-to-date: /home/alpaka-admin/my_alpaka_urdf_ws/install/realsense2_camera/share/realsense2_camera/examples/align_depth/rs_align_depth_launch.py
[0.678s] -- Up-to-date: /home/alpaka-admin/my_alpaka_urdf_ws/install/realsense2_camera/share/realsense2_camera/examples/launch_params_from_file
[0.679s] -- Up-to-date: /home/alpaka-admin/my_alpaka_urdf_ws/install/realsense2_camera/share/realsense2_camera/examples/launch_params_from_file/rs_launch_get_params_from_yaml.py
[0.680s] -- Up-to-date: /home/alpaka-admin/my_alpaka_urdf_ws/install/realsense2_camera/share/realsense2_camera/examples/launch_params_from_file/config
[0.680s] -- Up-to-date: /home/alpaka-admin/my_alpaka_urdf_ws/install/realsense2_camera/share/realsense2_camera/examples/launch_params_from_file/config/config.yaml
[0.680s] -- Up-to-date: /home/alpaka-admin/my_alpaka_urdf_ws/install/realsense2_camera/share/realsense2_camera/examples/launch_params_from_file/README.md
[0.680s] -- Up-to-date: /home/alpaka-admin/my_alpaka_urdf_ws/install/realsense2_camera/share/realsense2_camera/environment/library_path.sh
[0.681s] -- Up-to-date: /home/alpaka-admin/my_alpaka_urdf_ws/install/realsense2_camera/share/realsense2_camera/environment/library_path.dsv
[0.682s] -- Up-to-date: /home/alpaka-admin/my_alpaka_urdf_ws/install/realsense2_camera/share/ament_index/resource_index/package_run_dependencies/realsense2_camera
[0.683s] -- Up-to-date: /home/alpaka-admin/my_alpaka_urdf_ws/install/realsense2_camera/share/ament_index/resource_index/parent_prefix_path/realsense2_camera
[0.683s] -- Up-to-date: /home/alpaka-admin/my_alpaka_urdf_ws/install/realsense2_camera/share/realsense2_camera/environment/ament_prefix_path.sh
[0.683s] -- Up-to-date: /home/alpaka-admin/my_alpaka_urdf_ws/install/realsense2_camera/share/realsense2_camera/environment/ament_prefix_path.dsv
[0.684s] -- Up-to-date: /home/alpaka-admin/my_alpaka_urdf_ws/install/realsense2_camera/share/realsense2_camera/environment/path.sh
[0.684s] -- Up-to-date: /home/alpaka-admin/my_alpaka_urdf_ws/install/realsense2_camera/share/realsense2_camera/environment/path.dsv
[0.684s] -- Up-to-date: /home/alpaka-admin/my_alpaka_urdf_ws/install/realsense2_camera/share/realsense2_camera/local_setup.bash
[0.685s] -- Up-to-date: /home/alpaka-admin/my_alpaka_urdf_ws/install/realsense2_camera/share/realsense2_camera/local_setup.sh
[0.685s] -- Up-to-date: /home/alpaka-admin/my_alpaka_urdf_ws/install/realsense2_camera/share/realsense2_camera/local_setup.zsh
[0.685s] -- Up-to-date: /home/alpaka-admin/my_alpaka_urdf_ws/install/realsense2_camera/share/realsense2_camera/local_setup.dsv
[0.685s] -- Installing: /home/alpaka-admin/my_alpaka_urdf_ws/install/realsense2_camera/share/realsense2_camera/package.dsv
[0.686s] -- Up-to-date: /home/alpaka-admin/my_alpaka_urdf_ws/install/realsense2_camera/share/ament_index/resource_index/packages/realsense2_camera
[0.686s] -- Up-to-date: /home/alpaka-admin/my_alpaka_urdf_ws/install/realsense2_camera/share/ament_index/resource_index/rclcpp_components/realsense2_camera
[0.687s] -- Up-to-date: /home/alpaka-admin/my_alpaka_urdf_ws/install/realsense2_camera/share/realsense2_camera/cmake/ament_cmake_export_include_directories-extras.cmake
[0.687s] -- Up-to-date: /home/alpaka-admin/my_alpaka_urdf_ws/install/realsense2_camera/share/realsense2_camera/cmake/ament_cmake_export_libraries-extras.cmake
[0.687s] -- Up-to-date: /home/alpaka-admin/my_alpaka_urdf_ws/install/realsense2_camera/share/realsense2_camera/cmake/ament_cmake_export_dependencies-extras.cmake
[0.687s] -- Up-to-date: /home/alpaka-admin/my_alpaka_urdf_ws/install/realsense2_camera/share/realsense2_camera/cmake/realsense2_cameraConfig.cmake
[0.690s] -- Up-to-date: /home/alpaka-admin/my_alpaka_urdf_ws/install/realsense2_camera/share/realsense2_camera/cmake/realsense2_cameraConfig-version.cmake
[0.690s] -- Up-to-date: /home/alpaka-admin/my_alpaka_urdf_ws/install/realsense2_camera/share/realsense2_camera/package.xml
[0.691s] Invoked command in '/home/alpaka-admin/my_alpaka_urdf_ws/build/realsense2_camera' returned '0': AMENT_PREFIX_PATH=/home/alpaka-admin/my_alpaka_urdf_ws/install/realsense2_camera_msgs:${AMENT_PREFIX_PATH} CMAKE_PREFIX_PATH=/home/alpaka-admin/my_alpaka_urdf_ws/install/realsense2_camera_msgs:/opt/ros/humble LD_LIBRARY_PATH=/home/alpaka-admin/my_alpaka_urdf_ws/install/realsense2_camera_msgs/lib:${LD_LIBRARY_PATH} PYTHONPATH=/home/alpaka-admin/my_alpaka_urdf_ws/install/realsense2_camera_msgs/local/lib/python3.10/dist-packages:${PYTHONPATH} ROS_DOMAIN_ID=66 /usr/bin/cmake --install /home/alpaka-admin/my_alpaka_urdf_ws/build/realsense2_camera
