[0.042s] Invoking command in '/home/alpaka-admin/my_alpaka_urdf_ws/build/realsense2_camera': CMAKE_PREFIX_PATH=/home/alpaka-admin/my_alpaka_urdf_ws/install/realsense2_camera_msgs:/home/alpaka-admin/my_alpaka_urdf_ws/install/realsense2_description:/home/alpaka-admin/my_alpaka_urdf_ws/install/realsense2_camera:/home/alpaka-admin/my_alpaka_urdf_ws/install/bringup:/home/alpaka-admin/my_alpaka_urdf_ws/install/alpaka_welding_gun_description:/home/alpaka-admin/my_alpaka_urdf_ws/install/alpaka_welding_cobot_setup:/home/alpaka-admin/my_alpaka_urdf_ws/install/alpaka_welding_cobot_moveit_config:/home/alpaka-admin/my_alpaka_urdf_ws/install/alpaka_welding_cobot_moveit:/home/alpaka-admin/my_alpaka_urdf_ws/install/alpaka_welding_cobot_description:/home/alpaka-admin/my_alpaka_urdf_ws/install/alpaka_test_tcp_description:/home/alpaka-admin/my_alpaka_urdf_ws/install/alpaka_chassis_description:/home/alpaka-admin/my_alpaka_urdf_ws/install/ml_model:/opt/ros/humble LD_LIBRARY_PATH=/home/alpaka-admin/my_alpaka_urdf_ws/install/realsense2_camera_msgs/lib:/home/alpaka-admin/my_alpaka_urdf_ws/install/realsense2_camera/lib:/usr/lib/x86_64-linux-gnu/gazebo-11/plugins:/opt/ros/humble/opt/rviz_ogre_vendor/lib:/opt/ros/humble/lib/x86_64-linux-gnu:/opt/ros/humble/lib ROS_DOMAIN_ID=98 /usr/bin/cmake --build /home/alpaka-admin/my_alpaka_urdf_ws/build/realsense2_camera -- -j8 -l8
[0.163s] [ 63%] Built target realsense2_camera
[0.199s] [ 72%] Built target gtest
[0.232s] [ 81%] Built target gtest_main
[0.270s] [ 90%] Built target realsense2_camera_node
[0.304s] [100%] Built target gtest_template
[0.322s] Invoked command in '/home/alpaka-admin/my_alpaka_urdf_ws/build/realsense2_camera' returned '0': CMAKE_PREFIX_PATH=/home/alpaka-admin/my_alpaka_urdf_ws/install/realsense2_camera_msgs:/home/alpaka-admin/my_alpaka_urdf_ws/install/realsense2_description:/home/alpaka-admin/my_alpaka_urdf_ws/install/realsense2_camera:/home/alpaka-admin/my_alpaka_urdf_ws/install/bringup:/home/alpaka-admin/my_alpaka_urdf_ws/install/alpaka_welding_gun_description:/home/alpaka-admin/my_alpaka_urdf_ws/install/alpaka_welding_cobot_setup:/home/alpaka-admin/my_alpaka_urdf_ws/install/alpaka_welding_cobot_moveit_config:/home/alpaka-admin/my_alpaka_urdf_ws/install/alpaka_welding_cobot_moveit:/home/alpaka-admin/my_alpaka_urdf_ws/install/alpaka_welding_cobot_description:/home/alpaka-admin/my_alpaka_urdf_ws/install/alpaka_test_tcp_description:/home/alpaka-admin/my_alpaka_urdf_ws/install/alpaka_chassis_description:/home/alpaka-admin/my_alpaka_urdf_ws/install/ml_model:/opt/ros/humble LD_LIBRARY_PATH=/home/alpaka-admin/my_alpaka_urdf_ws/install/realsense2_camera_msgs/lib:/home/alpaka-admin/my_alpaka_urdf_ws/install/realsense2_camera/lib:/usr/lib/x86_64-linux-gnu/gazebo-11/plugins:/opt/ros/humble/opt/rviz_ogre_vendor/lib:/opt/ros/humble/lib/x86_64-linux-gnu:/opt/ros/humble/lib ROS_DOMAIN_ID=98 /usr/bin/cmake --build /home/alpaka-admin/my_alpaka_urdf_ws/build/realsense2_camera -- -j8 -l8
[0.325s] Invoking command in '/home/alpaka-admin/my_alpaka_urdf_ws/build/realsense2_camera': CMAKE_PREFIX_PATH=/home/alpaka-admin/my_alpaka_urdf_ws/install/realsense2_camera_msgs:/home/alpaka-admin/my_alpaka_urdf_ws/install/realsense2_description:/home/alpaka-admin/my_alpaka_urdf_ws/install/realsense2_camera:/home/alpaka-admin/my_alpaka_urdf_ws/install/bringup:/home/alpaka-admin/my_alpaka_urdf_ws/install/alpaka_welding_gun_description:/home/alpaka-admin/my_alpaka_urdf_ws/install/alpaka_welding_cobot_setup:/home/alpaka-admin/my_alpaka_urdf_ws/install/alpaka_welding_cobot_moveit_config:/home/alpaka-admin/my_alpaka_urdf_ws/install/alpaka_welding_cobot_moveit:/home/alpaka-admin/my_alpaka_urdf_ws/install/alpaka_welding_cobot_description:/home/alpaka-admin/my_alpaka_urdf_ws/install/alpaka_test_tcp_description:/home/alpaka-admin/my_alpaka_urdf_ws/install/alpaka_chassis_description:/home/alpaka-admin/my_alpaka_urdf_ws/install/ml_model:/opt/ros/humble LD_LIBRARY_PATH=/home/alpaka-admin/my_alpaka_urdf_ws/install/realsense2_camera_msgs/lib:/home/alpaka-admin/my_alpaka_urdf_ws/install/realsense2_camera/lib:/usr/lib/x86_64-linux-gnu/gazebo-11/plugins:/opt/ros/humble/opt/rviz_ogre_vendor/lib:/opt/ros/humble/lib/x86_64-linux-gnu:/opt/ros/humble/lib ROS_DOMAIN_ID=98 /usr/bin/cmake --install /home/alpaka-admin/my_alpaka_urdf_ws/build/realsense2_camera
[0.335s] -- Install configuration: "Release"
[0.335s] -- Up-to-date: /home/alpaka-admin/my_alpaka_urdf_ws/install/realsense2_camera/lib/realsense2_camera/realsense2_camera_node
[0.336s] -- Up-to-date: /home/alpaka-admin/my_alpaka_urdf_ws/install/realsense2_camera/lib/librealsense2_camera.so
[0.336s] -- Up-to-date: /home/alpaka-admin/my_alpaka_urdf_ws/install/realsense2_camera/include
[0.337s] -- Up-to-date: /home/alpaka-admin/my_alpaka_urdf_ws/install/realsense2_camera/include/gl_window.h
[0.337s] -- Up-to-date: /home/alpaka-admin/my_alpaka_urdf_ws/install/realsense2_camera/include/image_publisher.h
[0.337s] -- Up-to-date: /home/alpaka-admin/my_alpaka_urdf_ws/install/realsense2_camera/include/ros_utils.h
[0.338s] -- Up-to-date: /home/alpaka-admin/my_alpaka_urdf_ws/install/realsense2_camera/include/named_filter.h
[0.338s] -- Up-to-date: /home/alpaka-admin/my_alpaka_urdf_ws/install/realsense2_camera/include/sensor_params.h
[0.339s] -- Up-to-date: /home/alpaka-admin/my_alpaka_urdf_ws/install/realsense2_camera/include/profile_manager.h
[0.339s] -- Up-to-date: /home/alpaka-admin/my_alpaka_urdf_ws/install/realsense2_camera/include/dynamic_params.h
[0.339s] -- Up-to-date: /home/alpaka-admin/my_alpaka_urdf_ws/install/realsense2_camera/include/ros_param_backend.h
[0.339s] -- Up-to-date: /home/alpaka-admin/my_alpaka_urdf_ws/install/realsense2_camera/include/ros_sensor.h
[0.339s] -- Up-to-date: /home/alpaka-admin/my_alpaka_urdf_ws/install/realsense2_camera/include/realsense_node_factory.h
[0.339s] -- Up-to-date: /home/alpaka-admin/my_alpaka_urdf_ws/install/realsense2_camera/include/base_realsense_node.h
[0.339s] -- Up-to-date: /home/alpaka-admin/my_alpaka_urdf_ws/install/realsense2_camera/include/constants.h
[0.340s] -- Up-to-date: /home/alpaka-admin/my_alpaka_urdf_ws/install/realsense2_camera/share/realsense2_camera/launch
[0.340s] -- Up-to-date: /home/alpaka-admin/my_alpaka_urdf_ws/install/realsense2_camera/share/realsense2_camera/launch/rs_launch.py
[0.340s] -- Up-to-date: /home/alpaka-admin/my_alpaka_urdf_ws/install/realsense2_camera/share/realsense2_camera/launch/rs_intra_process_demo_launch.py
[0.340s] -- Up-to-date: /home/alpaka-admin/my_alpaka_urdf_ws/install/realsense2_camera/share/realsense2_camera/launch/rs_multi_camera_launch.py
[0.340s] -- Up-to-date: /home/alpaka-admin/my_alpaka_urdf_ws/install/realsense2_camera/share/realsense2_camera/launch/default.rviz
[0.341s] -- Up-to-date: /home/alpaka-admin/my_alpaka_urdf_ws/install/realsense2_camera/share/realsense2_camera/examples
[0.341s] -- Up-to-date: /home/alpaka-admin/my_alpaka_urdf_ws/install/realsense2_camera/share/realsense2_camera/examples/pointcloud
[0.341s] -- Up-to-date: /home/alpaka-admin/my_alpaka_urdf_ws/install/realsense2_camera/share/realsense2_camera/examples/pointcloud/rviz
[0.341s] -- Up-to-date: /home/alpaka-admin/my_alpaka_urdf_ws/install/realsense2_camera/share/realsense2_camera/examples/pointcloud/rviz/urdf_pointcloud.rviz
[0.341s] -- Up-to-date: /home/alpaka-admin/my_alpaka_urdf_ws/install/realsense2_camera/share/realsense2_camera/examples/pointcloud/rviz/pointcloud.rviz
[0.341s] -- Up-to-date: /home/alpaka-admin/my_alpaka_urdf_ws/install/realsense2_camera/share/realsense2_camera/examples/pointcloud/README.md
[0.341s] -- Up-to-date: /home/alpaka-admin/my_alpaka_urdf_ws/install/realsense2_camera/share/realsense2_camera/examples/pointcloud/rs_d405_pointcloud_launch.py
[0.341s] -- Up-to-date: /home/alpaka-admin/my_alpaka_urdf_ws/install/realsense2_camera/share/realsense2_camera/examples/pointcloud/rs_d455_pointcloud_launch.py
[0.342s] -- Up-to-date: /home/alpaka-admin/my_alpaka_urdf_ws/install/realsense2_camera/share/realsense2_camera/examples/pointcloud/rs_pointcloud_launch.py
[0.342s] -- Up-to-date: /home/alpaka-admin/my_alpaka_urdf_ws/install/realsense2_camera/share/realsense2_camera/examples/dual_camera
[0.342s] -- Up-to-date: /home/alpaka-admin/my_alpaka_urdf_ws/install/realsense2_camera/share/realsense2_camera/examples/dual_camera/rviz
[0.342s] -- Up-to-date: /home/alpaka-admin/my_alpaka_urdf_ws/install/realsense2_camera/share/realsense2_camera/examples/dual_camera/rviz/dual_camera_pointcloud.rviz
[0.342s] -- Up-to-date: /home/alpaka-admin/my_alpaka_urdf_ws/install/realsense2_camera/share/realsense2_camera/examples/dual_camera/README.md
[0.342s] -- Up-to-date: /home/alpaka-admin/my_alpaka_urdf_ws/install/realsense2_camera/share/realsense2_camera/examples/dual_camera/rs_dual_camera_launch.py
[0.342s] -- Up-to-date: /home/alpaka-admin/my_alpaka_urdf_ws/install/realsense2_camera/share/realsense2_camera/examples/launch_from_rosbag
[0.343s] -- Up-to-date: /home/alpaka-admin/my_alpaka_urdf_ws/install/realsense2_camera/share/realsense2_camera/examples/launch_from_rosbag/rs_launch_from_rosbag.py
[0.343s] -- Up-to-date: /home/alpaka-admin/my_alpaka_urdf_ws/install/realsense2_camera/share/realsense2_camera/examples/launch_from_rosbag/README.md
[0.343s] -- Up-to-date: /home/alpaka-admin/my_alpaka_urdf_ws/install/realsense2_camera/share/realsense2_camera/examples/align_depth
[0.343s] -- Up-to-date: /home/alpaka-admin/my_alpaka_urdf_ws/install/realsense2_camera/share/realsense2_camera/examples/align_depth/README.md
[0.343s] -- Up-to-date: /home/alpaka-admin/my_alpaka_urdf_ws/install/realsense2_camera/share/realsense2_camera/examples/align_depth/rs_align_depth_launch.py
[0.343s] -- Up-to-date: /home/alpaka-admin/my_alpaka_urdf_ws/install/realsense2_camera/share/realsense2_camera/examples/launch_params_from_file
[0.344s] -- Up-to-date: /home/alpaka-admin/my_alpaka_urdf_ws/install/realsense2_camera/share/realsense2_camera/examples/launch_params_from_file/rs_launch_get_params_from_yaml.py
[0.344s] -- Up-to-date: /home/alpaka-admin/my_alpaka_urdf_ws/install/realsense2_camera/share/realsense2_camera/examples/launch_params_from_file/config
[0.344s] -- Up-to-date: /home/alpaka-admin/my_alpaka_urdf_ws/install/realsense2_camera/share/realsense2_camera/examples/launch_params_from_file/config/config.yaml
[0.344s] -- Up-to-date: /home/alpaka-admin/my_alpaka_urdf_ws/install/realsense2_camera/share/realsense2_camera/examples/launch_params_from_file/README.md
[0.344s] -- Up-to-date: /home/alpaka-admin/my_alpaka_urdf_ws/install/realsense2_camera/share/realsense2_camera/environment/library_path.sh
[0.344s] -- Up-to-date: /home/alpaka-admin/my_alpaka_urdf_ws/install/realsense2_camera/share/realsense2_camera/environment/library_path.dsv
[0.344s] -- Up-to-date: /home/alpaka-admin/my_alpaka_urdf_ws/install/realsense2_camera/share/ament_index/resource_index/package_run_dependencies/realsense2_camera
[0.345s] -- Up-to-date: /home/alpaka-admin/my_alpaka_urdf_ws/install/realsense2_camera/share/ament_index/resource_index/parent_prefix_path/realsense2_camera
[0.345s] -- Up-to-date: /home/alpaka-admin/my_alpaka_urdf_ws/install/realsense2_camera/share/realsense2_camera/environment/ament_prefix_path.sh
[0.345s] -- Up-to-date: /home/alpaka-admin/my_alpaka_urdf_ws/install/realsense2_camera/share/realsense2_camera/environment/ament_prefix_path.dsv
[0.345s] -- Up-to-date: /home/alpaka-admin/my_alpaka_urdf_ws/install/realsense2_camera/share/realsense2_camera/environment/path.sh
[0.345s] -- Up-to-date: /home/alpaka-admin/my_alpaka_urdf_ws/install/realsense2_camera/share/realsense2_camera/environment/path.dsv
[0.345s] -- Up-to-date: /home/alpaka-admin/my_alpaka_urdf_ws/install/realsense2_camera/share/realsense2_camera/local_setup.bash
[0.345s] -- Up-to-date: /home/alpaka-admin/my_alpaka_urdf_ws/install/realsense2_camera/share/realsense2_camera/local_setup.sh
[0.346s] -- Up-to-date: /home/alpaka-admin/my_alpaka_urdf_ws/install/realsense2_camera/share/realsense2_camera/local_setup.zsh
[0.346s] -- Up-to-date: /home/alpaka-admin/my_alpaka_urdf_ws/install/realsense2_camera/share/realsense2_camera/local_setup.dsv
[0.346s] -- Installing: /home/alpaka-admin/my_alpaka_urdf_ws/install/realsense2_camera/share/realsense2_camera/package.dsv
[0.346s] -- Up-to-date: /home/alpaka-admin/my_alpaka_urdf_ws/install/realsense2_camera/share/ament_index/resource_index/packages/realsense2_camera
[0.347s] -- Up-to-date: /home/alpaka-admin/my_alpaka_urdf_ws/install/realsense2_camera/share/ament_index/resource_index/rclcpp_components/realsense2_camera
[0.347s] -- Up-to-date: /home/alpaka-admin/my_alpaka_urdf_ws/install/realsense2_camera/share/realsense2_camera/cmake/ament_cmake_export_include_directories-extras.cmake
[0.347s] -- Up-to-date: /home/alpaka-admin/my_alpaka_urdf_ws/install/realsense2_camera/share/realsense2_camera/cmake/ament_cmake_export_libraries-extras.cmake
[0.348s] -- Up-to-date: /home/alpaka-admin/my_alpaka_urdf_ws/install/realsense2_camera/share/realsense2_camera/cmake/ament_cmake_export_dependencies-extras.cmake
[0.348s] -- Up-to-date: /home/alpaka-admin/my_alpaka_urdf_ws/install/realsense2_camera/share/realsense2_camera/cmake/realsense2_cameraConfig.cmake
[0.348s] -- Up-to-date: /home/alpaka-admin/my_alpaka_urdf_ws/install/realsense2_camera/share/realsense2_camera/cmake/realsense2_cameraConfig-version.cmake
[0.348s] -- Up-to-date: /home/alpaka-admin/my_alpaka_urdf_ws/install/realsense2_camera/share/realsense2_camera/package.xml
[0.350s] Invoked command in '/home/alpaka-admin/my_alpaka_urdf_ws/build/realsense2_camera' returned '0': CMAKE_PREFIX_PATH=/home/alpaka-admin/my_alpaka_urdf_ws/install/realsense2_camera_msgs:/home/alpaka-admin/my_alpaka_urdf_ws/install/realsense2_description:/home/alpaka-admin/my_alpaka_urdf_ws/install/realsense2_camera:/home/alpaka-admin/my_alpaka_urdf_ws/install/bringup:/home/alpaka-admin/my_alpaka_urdf_ws/install/alpaka_welding_gun_description:/home/alpaka-admin/my_alpaka_urdf_ws/install/alpaka_welding_cobot_setup:/home/alpaka-admin/my_alpaka_urdf_ws/install/alpaka_welding_cobot_moveit_config:/home/alpaka-admin/my_alpaka_urdf_ws/install/alpaka_welding_cobot_moveit:/home/alpaka-admin/my_alpaka_urdf_ws/install/alpaka_welding_cobot_description:/home/alpaka-admin/my_alpaka_urdf_ws/install/alpaka_test_tcp_description:/home/alpaka-admin/my_alpaka_urdf_ws/install/alpaka_chassis_description:/home/alpaka-admin/my_alpaka_urdf_ws/install/ml_model:/opt/ros/humble LD_LIBRARY_PATH=/home/alpaka-admin/my_alpaka_urdf_ws/install/realsense2_camera_msgs/lib:/home/alpaka-admin/my_alpaka_urdf_ws/install/realsense2_camera/lib:/usr/lib/x86_64-linux-gnu/gazebo-11/plugins:/opt/ros/humble/opt/rviz_ogre_vendor/lib:/opt/ros/humble/lib/x86_64-linux-gnu:/opt/ros/humble/lib ROS_DOMAIN_ID=98 /usr/bin/cmake --install /home/alpaka-admin/my_alpaka_urdf_ws/build/realsense2_camera
