[0.022s] Invoking command in '/home/alpaka-admin/my_alpaka_urdf_ws/build/realsense2_description': CMAKE_PREFIX_PATH=/home/alpaka-admin/my_alpaka_urdf_ws/install/realsense2_camera_msgs:/home/alpaka-admin/my_alpaka_urdf_ws/install/realsense2_description:/home/alpaka-admin/my_alpaka_urdf_ws/install/realsense2_camera:/home/alpaka-admin/my_alpaka_urdf_ws/install/bringup:/home/alpaka-admin/my_alpaka_urdf_ws/install/alpaka_welding_gun_description:/home/alpaka-admin/my_alpaka_urdf_ws/install/alpaka_welding_cobot_setup:/home/alpaka-admin/my_alpaka_urdf_ws/install/alpaka_welding_cobot_moveit_config:/home/alpaka-admin/my_alpaka_urdf_ws/install/alpaka_welding_cobot_moveit:/home/alpaka-admin/my_alpaka_urdf_ws/install/alpaka_welding_cobot_description:/home/alpaka-admin/my_alpaka_urdf_ws/install/alpaka_test_tcp_description:/home/alpaka-admin/my_alpaka_urdf_ws/install/alpaka_chassis_description:/home/alpaka-admin/my_alpaka_urdf_ws/install/ml_model:/opt/ros/humble LD_LIBRARY_PATH=/home/alpaka-admin/my_alpaka_urdf_ws/install/realsense2_camera_msgs/lib:/home/alpaka-admin/my_alpaka_urdf_ws/install/realsense2_camera/lib:/usr/lib/x86_64-linux-gnu/gazebo-11/plugins:/opt/ros/humble/opt/rviz_ogre_vendor/lib:/opt/ros/humble/lib/x86_64-linux-gnu:/opt/ros/humble/lib /usr/bin/cmake --build /home/alpaka-admin/my_alpaka_urdf_ws/build/realsense2_description -- -j8 -l8
[0.079s] Invoked command in '/home/alpaka-admin/my_alpaka_urdf_ws/build/realsense2_description' returned '0': CMAKE_PREFIX_PATH=/home/alpaka-admin/my_alpaka_urdf_ws/install/realsense2_camera_msgs:/home/alpaka-admin/my_alpaka_urdf_ws/install/realsense2_description:/home/alpaka-admin/my_alpaka_urdf_ws/install/realsense2_camera:/home/alpaka-admin/my_alpaka_urdf_ws/install/bringup:/home/alpaka-admin/my_alpaka_urdf_ws/install/alpaka_welding_gun_description:/home/alpaka-admin/my_alpaka_urdf_ws/install/alpaka_welding_cobot_setup:/home/alpaka-admin/my_alpaka_urdf_ws/install/alpaka_welding_cobot_moveit_config:/home/alpaka-admin/my_alpaka_urdf_ws/install/alpaka_welding_cobot_moveit:/home/alpaka-admin/my_alpaka_urdf_ws/install/alpaka_welding_cobot_description:/home/alpaka-admin/my_alpaka_urdf_ws/install/alpaka_test_tcp_description:/home/alpaka-admin/my_alpaka_urdf_ws/install/alpaka_chassis_description:/home/alpaka-admin/my_alpaka_urdf_ws/install/ml_model:/opt/ros/humble LD_LIBRARY_PATH=/home/alpaka-admin/my_alpaka_urdf_ws/install/realsense2_camera_msgs/lib:/home/alpaka-admin/my_alpaka_urdf_ws/install/realsense2_camera/lib:/usr/lib/x86_64-linux-gnu/gazebo-11/plugins:/opt/ros/humble/opt/rviz_ogre_vendor/lib:/opt/ros/humble/lib/x86_64-linux-gnu:/opt/ros/humble/lib /usr/bin/cmake --build /home/alpaka-admin/my_alpaka_urdf_ws/build/realsense2_description -- -j8 -l8
[0.083s] Invoking command in '/home/alpaka-admin/my_alpaka_urdf_ws/build/realsense2_description': CMAKE_PREFIX_PATH=/home/alpaka-admin/my_alpaka_urdf_ws/install/realsense2_camera_msgs:/home/alpaka-admin/my_alpaka_urdf_ws/install/realsense2_description:/home/alpaka-admin/my_alpaka_urdf_ws/install/realsense2_camera:/home/alpaka-admin/my_alpaka_urdf_ws/install/bringup:/home/alpaka-admin/my_alpaka_urdf_ws/install/alpaka_welding_gun_description:/home/alpaka-admin/my_alpaka_urdf_ws/install/alpaka_welding_cobot_setup:/home/alpaka-admin/my_alpaka_urdf_ws/install/alpaka_welding_cobot_moveit_config:/home/alpaka-admin/my_alpaka_urdf_ws/install/alpaka_welding_cobot_moveit:/home/alpaka-admin/my_alpaka_urdf_ws/install/alpaka_welding_cobot_description:/home/alpaka-admin/my_alpaka_urdf_ws/install/alpaka_test_tcp_description:/home/alpaka-admin/my_alpaka_urdf_ws/install/alpaka_chassis_description:/home/alpaka-admin/my_alpaka_urdf_ws/install/ml_model:/opt/ros/humble LD_LIBRARY_PATH=/home/alpaka-admin/my_alpaka_urdf_ws/install/realsense2_camera_msgs/lib:/home/alpaka-admin/my_alpaka_urdf_ws/install/realsense2_camera/lib:/usr/lib/x86_64-linux-gnu/gazebo-11/plugins:/opt/ros/humble/opt/rviz_ogre_vendor/lib:/opt/ros/humble/lib/x86_64-linux-gnu:/opt/ros/humble/lib /usr/bin/cmake --install /home/alpaka-admin/my_alpaka_urdf_ws/build/realsense2_description
[0.101s] -- Install configuration: ""
[0.101s] -- Up-to-date: /home/alpaka-admin/my_alpaka_urdf_ws/install/realsense2_description/share/realsense2_description/launch
[0.102s] -- Up-to-date: /home/alpaka-admin/my_alpaka_urdf_ws/install/realsense2_description/share/realsense2_description/launch/launch_utils.py
[0.102s] -- Up-to-date: /home/alpaka-admin/my_alpaka_urdf_ws/install/realsense2_description/share/realsense2_description/launch/view_model.launch.py
[0.102s] -- Up-to-date: /home/alpaka-admin/my_alpaka_urdf_ws/install/realsense2_description/share/realsense2_description/meshes
[0.102s] -- Up-to-date: /home/alpaka-admin/my_alpaka_urdf_ws/install/realsense2_description/share/realsense2_description/meshes/d405.stl
[0.102s] -- Up-to-date: /home/alpaka-admin/my_alpaka_urdf_ws/install/realsense2_description/share/realsense2_description/meshes/plug.stl
[0.103s] -- Up-to-date: /home/alpaka-admin/my_alpaka_urdf_ws/install/realsense2_description/share/realsense2_description/meshes/l515.dae
[0.103s] -- Up-to-date: /home/alpaka-admin/my_alpaka_urdf_ws/install/realsense2_description/share/realsense2_description/meshes/d435.dae
[0.104s] -- Up-to-date: /home/alpaka-admin/my_alpaka_urdf_ws/install/realsense2_description/share/realsense2_description/meshes/plug_collision.stl
[0.104s] -- Up-to-date: /home/alpaka-admin/my_alpaka_urdf_ws/install/realsense2_description/share/realsense2_description/meshes/d415.stl
[0.104s] -- Up-to-date: /home/alpaka-admin/my_alpaka_urdf_ws/install/realsense2_description/share/realsense2_description/meshes/d455.stl
[0.105s] -- Up-to-date: /home/alpaka-admin/my_alpaka_urdf_ws/install/realsense2_description/share/realsense2_description/rviz
[0.105s] -- Up-to-date: /home/alpaka-admin/my_alpaka_urdf_ws/install/realsense2_description/share/realsense2_description/rviz/urdf.rviz
[0.105s] -- Up-to-date: /home/alpaka-admin/my_alpaka_urdf_ws/install/realsense2_description/share/realsense2_description/urdf
[0.105s] -- Up-to-date: /home/alpaka-admin/my_alpaka_urdf_ws/install/realsense2_description/share/realsense2_description/urdf/_d435i.urdf.xacro
[0.105s] -- Up-to-date: /home/alpaka-admin/my_alpaka_urdf_ws/install/realsense2_description/share/realsense2_description/urdf/test_d415_camera.urdf.xacro
[0.106s] -- Up-to-date: /home/alpaka-admin/my_alpaka_urdf_ws/install/realsense2_description/share/realsense2_description/urdf/_d455.urdf.xacro
[0.106s] -- Up-to-date: /home/alpaka-admin/my_alpaka_urdf_ws/install/realsense2_description/share/realsense2_description/urdf/test_d405_camera.urdf.xacro
[0.106s] -- Up-to-date: /home/alpaka-admin/my_alpaka_urdf_ws/install/realsense2_description/share/realsense2_description/urdf/test_r410_camera.urdf.xacro
[0.106s] -- Up-to-date: /home/alpaka-admin/my_alpaka_urdf_ws/install/realsense2_description/share/realsense2_description/urdf/_d415.urdf.xacro
[0.106s] -- Up-to-date: /home/alpaka-admin/my_alpaka_urdf_ws/install/realsense2_description/share/realsense2_description/urdf/_materials.urdf.xacro
[0.107s] -- Up-to-date: /home/alpaka-admin/my_alpaka_urdf_ws/install/realsense2_description/share/realsense2_description/urdf/test_d435_multiple_cameras.urdf.xacro
[0.107s] -- Up-to-date: /home/alpaka-admin/my_alpaka_urdf_ws/install/realsense2_description/share/realsense2_description/urdf/_r430.urdf.xacro
[0.108s] -- Up-to-date: /home/alpaka-admin/my_alpaka_urdf_ws/install/realsense2_description/share/realsense2_description/urdf/test_d435i_camera.urdf.xacro
[0.108s] -- Up-to-date: /home/alpaka-admin/my_alpaka_urdf_ws/install/realsense2_description/share/realsense2_description/urdf/test_d435_camera.urdf.xacro
[0.109s] -- Up-to-date: /home/alpaka-admin/my_alpaka_urdf_ws/install/realsense2_description/share/realsense2_description/urdf/test_r430_camera.urdf.xacro
[0.109s] -- Up-to-date: /home/alpaka-admin/my_alpaka_urdf_ws/install/realsense2_description/share/realsense2_description/urdf/test_d455_camera.urdf.xacro
[0.112s] -- Up-to-date: /home/alpaka-admin/my_alpaka_urdf_ws/install/realsense2_description/share/realsense2_description/urdf/_d405.urdf.xacro
[0.113s] -- Up-to-date: /home/alpaka-admin/my_alpaka_urdf_ws/install/realsense2_description/share/realsense2_description/urdf/_usb_plug.urdf.xacro
[0.113s] -- Up-to-date: /home/alpaka-admin/my_alpaka_urdf_ws/install/realsense2_description/share/realsense2_description/urdf/_d435i_imu_modules.urdf.xacro
[0.113s] -- Up-to-date: /home/alpaka-admin/my_alpaka_urdf_ws/install/realsense2_description/share/realsense2_description/urdf/_d435.urdf.xacro
[0.113s] -- Up-to-date: /home/alpaka-admin/my_alpaka_urdf_ws/install/realsense2_description/share/realsense2_description/urdf/_r410.urdf.xacro
[0.114s] -- Up-to-date: /home/alpaka-admin/my_alpaka_urdf_ws/install/realsense2_description/share/ament_index/resource_index/package_run_dependencies/realsense2_description
[0.114s] -- Up-to-date: /home/alpaka-admin/my_alpaka_urdf_ws/install/realsense2_description/share/ament_index/resource_index/parent_prefix_path/realsense2_description
[0.114s] -- Up-to-date: /home/alpaka-admin/my_alpaka_urdf_ws/install/realsense2_description/share/realsense2_description/environment/ament_prefix_path.sh
[0.114s] -- Up-to-date: /home/alpaka-admin/my_alpaka_urdf_ws/install/realsense2_description/share/realsense2_description/environment/ament_prefix_path.dsv
[0.114s] -- Up-to-date: /home/alpaka-admin/my_alpaka_urdf_ws/install/realsense2_description/share/realsense2_description/environment/path.sh
[0.115s] -- Up-to-date: /home/alpaka-admin/my_alpaka_urdf_ws/install/realsense2_description/share/realsense2_description/environment/path.dsv
[0.115s] -- Up-to-date: /home/alpaka-admin/my_alpaka_urdf_ws/install/realsense2_description/share/realsense2_description/local_setup.bash
[0.115s] -- Up-to-date: /home/alpaka-admin/my_alpaka_urdf_ws/install/realsense2_description/share/realsense2_description/local_setup.sh
[0.115s] -- Up-to-date: /home/alpaka-admin/my_alpaka_urdf_ws/install/realsense2_description/share/realsense2_description/local_setup.zsh
[0.115s] -- Up-to-date: /home/alpaka-admin/my_alpaka_urdf_ws/install/realsense2_description/share/realsense2_description/local_setup.dsv
[0.116s] -- Installing: /home/alpaka-admin/my_alpaka_urdf_ws/install/realsense2_description/share/realsense2_description/package.dsv
[0.116s] -- Up-to-date: /home/alpaka-admin/my_alpaka_urdf_ws/install/realsense2_description/share/ament_index/resource_index/packages/realsense2_description
[0.116s] -- Up-to-date: /home/alpaka-admin/my_alpaka_urdf_ws/install/realsense2_description/share/realsense2_description/cmake/realsense2_descriptionConfig.cmake
[0.116s] -- Up-to-date: /home/alpaka-admin/my_alpaka_urdf_ws/install/realsense2_description/share/realsense2_description/cmake/realsense2_descriptionConfig-version.cmake
[0.116s] -- Up-to-date: /home/alpaka-admin/my_alpaka_urdf_ws/install/realsense2_description/share/realsense2_description/package.xml
[0.116s] Invoked command in '/home/alpaka-admin/my_alpaka_urdf_ws/build/realsense2_description' returned '0': CMAKE_PREFIX_PATH=/home/alpaka-admin/my_alpaka_urdf_ws/install/realsense2_camera_msgs:/home/alpaka-admin/my_alpaka_urdf_ws/install/realsense2_description:/home/alpaka-admin/my_alpaka_urdf_ws/install/realsense2_camera:/home/alpaka-admin/my_alpaka_urdf_ws/install/bringup:/home/alpaka-admin/my_alpaka_urdf_ws/install/alpaka_welding_gun_description:/home/alpaka-admin/my_alpaka_urdf_ws/install/alpaka_welding_cobot_setup:/home/alpaka-admin/my_alpaka_urdf_ws/install/alpaka_welding_cobot_moveit_config:/home/alpaka-admin/my_alpaka_urdf_ws/install/alpaka_welding_cobot_moveit:/home/alpaka-admin/my_alpaka_urdf_ws/install/alpaka_welding_cobot_description:/home/alpaka-admin/my_alpaka_urdf_ws/install/alpaka_test_tcp_description:/home/alpaka-admin/my_alpaka_urdf_ws/install/alpaka_chassis_description:/home/alpaka-admin/my_alpaka_urdf_ws/install/ml_model:/opt/ros/humble LD_LIBRARY_PATH=/home/alpaka-admin/my_alpaka_urdf_ws/install/realsense2_camera_msgs/lib:/home/alpaka-admin/my_alpaka_urdf_ws/install/realsense2_camera/lib:/usr/lib/x86_64-linux-gnu/gazebo-11/plugins:/opt/ros/humble/opt/rviz_ogre_vendor/lib:/opt/ros/humble/lib/x86_64-linux-gnu:/opt/ros/humble/lib /usr/bin/cmake --install /home/alpaka-admin/my_alpaka_urdf_ws/build/realsense2_description
