[0.484s] DEBUG:colcon:Command line arguments: ['/usr/bin/colcon', 'build', '--packages-select', 'alpaka_welding_cobot_moveit']
[0.485s] DEBUG:colcon:Parsed command line arguments: Namespace(log_base=None, log_level=None, verb_name='build', build_base='build', install_base='install', merge_install=False, symlink_install=False, test_result_base=None, continue_on_error=False, executor='parallel', parallel_workers=8, event_handlers=None, ignore_user_meta=False, metas=['./colcon.meta'], base_paths=['.'], packages_ignore=None, packages_ignore_regex=None, paths=None, packages_up_to=None, packages_up_to_regex=None, packages_above=None, packages_above_and_dependencies=None, packages_above_depth=None, packages_select_by_dep=None, packages_skip_by_dep=None, packages_skip_up_to=None, packages_select_build_failed=False, packages_skip_build_finished=False, packages_select_test_failures=False, packages_skip_test_passed=False, packages_select=['alpaka_welding_cobot_moveit'], packages_skip=None, packages_select_regex=None, packages_skip_regex=None, packages_start=None, packages_end=None, allow_overriding=[], bazel_args=None, bazel_task=None, cmake_args=None, cmake_target=None, cmake_target_skip_unavailable=False, cmake_clean_cache=False, cmake_clean_first=False, cmake_force_configure=False, meson_args=[], ament_cmake_args=None, catkin_cmake_args=None, catkin_skip_building_tests=False, mixin_files=None, mixin=None, verb_parser=<colcon_alias.argument_parser.alias.AliasArgumentDecorator object at 0x7e6f346ee0b0>, verb_extension=<colcon_core.verb.build.BuildVerb object at 0x7e6f346ed210>, main=<bound method BuildVerb.main of <colcon_core.verb.build.BuildVerb object at 0x7e6f346ed210>>, mixin_verb=('build',))
[0.850s] Level 1:colcon.colcon_core.package_discovery:discover_packages(colcon_meta) check parameters
[0.850s] Level 1:colcon.colcon_core.package_discovery:discover_packages(recursive) check parameters
[0.850s] Level 1:colcon.colcon_core.package_discovery:discover_packages(ignore) check parameters
[0.850s] Level 1:colcon.colcon_core.package_discovery:discover_packages(path) check parameters
[0.850s] Level 1:colcon.colcon_core.package_discovery:discover_packages(colcon_meta) discover
[0.850s] Level 1:colcon.colcon_core.package_discovery:discover_packages(recursive) discover
[0.850s] INFO:colcon.colcon_core.package_discovery:Crawling recursively for packages in '/home/alpaka-admin/my_alpaka_urdf_ws'
[0.850s] Level 1:colcon.colcon_core.package_identification:_identify(.) by extensions ['ignore', 'ignore_ament_install']
[0.851s] Level 1:colcon.colcon_core.package_identification:_identify(.) by extension 'ignore'
[0.851s] Level 1:colcon.colcon_core.package_identification:_identify(.) by extension 'ignore_ament_install'
[0.851s] Level 1:colcon.colcon_core.package_identification:_identify(.) by extensions ['colcon_pkg']
[0.851s] Level 1:colcon.colcon_core.package_identification:_identify(.) by extension 'colcon_pkg'
[0.851s] Level 1:colcon.colcon_core.package_identification:_identify(.) by extensions ['colcon_meta']
[0.851s] Level 1:colcon.colcon_core.package_identification:_identify(.) by extension 'colcon_meta'
[0.851s] Level 1:colcon.colcon_core.package_identification:_identify(.) by extensions ['ros']
[0.851s] Level 1:colcon.colcon_core.package_identification:_identify(.) by extension 'ros'
[0.855s] Level 1:colcon.colcon_core.package_identification:_identify(.) by extensions ['bazel', 'cmake', 'meson', 'python']
[0.855s] Level 1:colcon.colcon_core.package_identification:_identify(.) by extension 'bazel'
[0.855s] Level 1:colcon.colcon_core.package_identification:_identify(.) by extension 'cmake'
[0.855s] Level 1:colcon.colcon_core.package_identification:_identify(.) by extension 'meson'
[0.855s] Level 1:colcon.colcon_core.package_identification:_identify(.) by extension 'python'
[0.855s] Level 1:colcon.colcon_core.package_identification:_identify(.) by extensions ['python_setup_py']
[0.856s] Level 1:colcon.colcon_core.package_identification:_identify(.) by extension 'python_setup_py'
[0.856s] Level 1:colcon.colcon_core.package_identification:_identify(build) by extensions ['ignore', 'ignore_ament_install']
[0.856s] Level 1:colcon.colcon_core.package_identification:_identify(build) by extension 'ignore'
[0.856s] Level 1:colcon.colcon_core.package_identification:_identify(build) ignored
[0.856s] Level 1:colcon.colcon_core.package_identification:_identify(install) by extensions ['ignore', 'ignore_ament_install']
[0.856s] Level 1:colcon.colcon_core.package_identification:_identify(install) by extension 'ignore'
[0.856s] Level 1:colcon.colcon_core.package_identification:_identify(install) ignored
[0.857s] Level 1:colcon.colcon_core.package_identification:_identify(log) by extensions ['ignore', 'ignore_ament_install']
[0.857s] Level 1:colcon.colcon_core.package_identification:_identify(log) by extension 'ignore'
[0.857s] Level 1:colcon.colcon_core.package_identification:_identify(log) ignored
[0.857s] Level 1:colcon.colcon_core.package_identification:_identify(src) by extensions ['ignore', 'ignore_ament_install']
[0.857s] Level 1:colcon.colcon_core.package_identification:_identify(src) by extension 'ignore'
[0.857s] Level 1:colcon.colcon_core.package_identification:_identify(src) by extension 'ignore_ament_install'
[0.857s] Level 1:colcon.colcon_core.package_identification:_identify(src) by extensions ['colcon_pkg']
[0.857s] Level 1:colcon.colcon_core.package_identification:_identify(src) by extension 'colcon_pkg'
[0.857s] Level 1:colcon.colcon_core.package_identification:_identify(src) by extensions ['colcon_meta']
[0.857s] Level 1:colcon.colcon_core.package_identification:_identify(src) by extension 'colcon_meta'
[0.857s] Level 1:colcon.colcon_core.package_identification:_identify(src) by extensions ['ros']
[0.858s] Level 1:colcon.colcon_core.package_identification:_identify(src) by extension 'ros'
[0.858s] Level 1:colcon.colcon_core.package_identification:_identify(src) by extensions ['bazel', 'cmake', 'meson', 'python']
[0.858s] Level 1:colcon.colcon_core.package_identification:_identify(src) by extension 'bazel'
[0.858s] Level 1:colcon.colcon_core.package_identification:_identify(src) by extension 'cmake'
[0.858s] Level 1:colcon.colcon_core.package_identification:_identify(src) by extension 'meson'
[0.858s] Level 1:colcon.colcon_core.package_identification:_identify(src) by extension 'python'
[0.858s] Level 1:colcon.colcon_core.package_identification:_identify(src) by extensions ['python_setup_py']
[0.858s] Level 1:colcon.colcon_core.package_identification:_identify(src) by extension 'python_setup_py'
[0.858s] Level 1:colcon.colcon_core.package_identification:_identify(src/alpaka_chassis_description) by extensions ['ignore', 'ignore_ament_install']
[0.858s] Level 1:colcon.colcon_core.package_identification:_identify(src/alpaka_chassis_description) by extension 'ignore'
[0.858s] Level 1:colcon.colcon_core.package_identification:_identify(src/alpaka_chassis_description) by extension 'ignore_ament_install'
[0.859s] Level 1:colcon.colcon_core.package_identification:_identify(src/alpaka_chassis_description) by extensions ['colcon_pkg']
[0.859s] Level 1:colcon.colcon_core.package_identification:_identify(src/alpaka_chassis_description) by extension 'colcon_pkg'
[0.859s] Level 1:colcon.colcon_core.package_identification:_identify(src/alpaka_chassis_description) by extensions ['colcon_meta']
[0.859s] Level 1:colcon.colcon_core.package_identification:_identify(src/alpaka_chassis_description) by extension 'colcon_meta'
[0.859s] Level 1:colcon.colcon_core.package_identification:_identify(src/alpaka_chassis_description) by extensions ['ros']
[0.859s] Level 1:colcon.colcon_core.package_identification:_identify(src/alpaka_chassis_description) by extension 'ros'
[0.862s] DEBUG:colcon.colcon_core.package_identification:Package 'src/alpaka_chassis_description' with type 'ros.ament_cmake' and name 'alpaka_chassis_description'
[0.862s] Level 1:colcon.colcon_core.package_identification:_identify(src/alpaka_test_tcp_description) by extensions ['ignore', 'ignore_ament_install']
[0.863s] Level 1:colcon.colcon_core.package_identification:_identify(src/alpaka_test_tcp_description) by extension 'ignore'
[0.863s] Level 1:colcon.colcon_core.package_identification:_identify(src/alpaka_test_tcp_description) by extension 'ignore_ament_install'
[0.863s] Level 1:colcon.colcon_core.package_identification:_identify(src/alpaka_test_tcp_description) by extensions ['colcon_pkg']
[0.863s] Level 1:colcon.colcon_core.package_identification:_identify(src/alpaka_test_tcp_description) by extension 'colcon_pkg'
[0.863s] Level 1:colcon.colcon_core.package_identification:_identify(src/alpaka_test_tcp_description) by extensions ['colcon_meta']
[0.863s] Level 1:colcon.colcon_core.package_identification:_identify(src/alpaka_test_tcp_description) by extension 'colcon_meta'
[0.863s] Level 1:colcon.colcon_core.package_identification:_identify(src/alpaka_test_tcp_description) by extensions ['ros']
[0.863s] Level 1:colcon.colcon_core.package_identification:_identify(src/alpaka_test_tcp_description) by extension 'ros'
[0.864s] DEBUG:colcon.colcon_core.package_identification:Package 'src/alpaka_test_tcp_description' with type 'ros.ament_cmake' and name 'alpaka_test_tcp_description'
[0.864s] Level 1:colcon.colcon_core.package_identification:_identify(src/alpaka_welding_cobot_description) by extensions ['ignore', 'ignore_ament_install']
[0.864s] Level 1:colcon.colcon_core.package_identification:_identify(src/alpaka_welding_cobot_description) by extension 'ignore'
[0.864s] Level 1:colcon.colcon_core.package_identification:_identify(src/alpaka_welding_cobot_description) by extension 'ignore_ament_install'
[0.864s] Level 1:colcon.colcon_core.package_identification:_identify(src/alpaka_welding_cobot_description) by extensions ['colcon_pkg']
[0.864s] Level 1:colcon.colcon_core.package_identification:_identify(src/alpaka_welding_cobot_description) by extension 'colcon_pkg'
[0.865s] Level 1:colcon.colcon_core.package_identification:_identify(src/alpaka_welding_cobot_description) by extensions ['colcon_meta']
[0.865s] Level 1:colcon.colcon_core.package_identification:_identify(src/alpaka_welding_cobot_description) by extension 'colcon_meta'
[0.865s] Level 1:colcon.colcon_core.package_identification:_identify(src/alpaka_welding_cobot_description) by extensions ['ros']
[0.865s] Level 1:colcon.colcon_core.package_identification:_identify(src/alpaka_welding_cobot_description) by extension 'ros'
[0.865s] DEBUG:colcon.colcon_core.package_identification:Package 'src/alpaka_welding_cobot_description' with type 'ros.ament_cmake' and name 'alpaka_welding_cobot_description'
[0.866s] Level 1:colcon.colcon_core.package_identification:_identify(src/alpaka_welding_cobot_moveit) by extensions ['ignore', 'ignore_ament_install']
[0.866s] Level 1:colcon.colcon_core.package_identification:_identify(src/alpaka_welding_cobot_moveit) by extension 'ignore'
[0.866s] Level 1:colcon.colcon_core.package_identification:_identify(src/alpaka_welding_cobot_moveit) by extension 'ignore_ament_install'
[0.866s] Level 1:colcon.colcon_core.package_identification:_identify(src/alpaka_welding_cobot_moveit) by extensions ['colcon_pkg']
[0.866s] Level 1:colcon.colcon_core.package_identification:_identify(src/alpaka_welding_cobot_moveit) by extension 'colcon_pkg'
[0.866s] Level 1:colcon.colcon_core.package_identification:_identify(src/alpaka_welding_cobot_moveit) by extensions ['colcon_meta']
[0.866s] Level 1:colcon.colcon_core.package_identification:_identify(src/alpaka_welding_cobot_moveit) by extension 'colcon_meta'
[0.866s] Level 1:colcon.colcon_core.package_identification:_identify(src/alpaka_welding_cobot_moveit) by extensions ['ros']
[0.866s] Level 1:colcon.colcon_core.package_identification:_identify(src/alpaka_welding_cobot_moveit) by extension 'ros'
[0.868s] DEBUG:colcon.colcon_core.package_identification:Package 'src/alpaka_welding_cobot_moveit' with type 'ros.ament_cmake' and name 'alpaka_welding_cobot_moveit'
[0.868s] Level 1:colcon.colcon_core.package_identification:_identify(src/alpaka_welding_cobot_moveit_config) by extensions ['ignore', 'ignore_ament_install']
[0.868s] Level 1:colcon.colcon_core.package_identification:_identify(src/alpaka_welding_cobot_moveit_config) by extension 'ignore'
[0.868s] Level 1:colcon.colcon_core.package_identification:_identify(src/alpaka_welding_cobot_moveit_config) by extension 'ignore_ament_install'
[0.868s] Level 1:colcon.colcon_core.package_identification:_identify(src/alpaka_welding_cobot_moveit_config) by extensions ['colcon_pkg']
[0.868s] Level 1:colcon.colcon_core.package_identification:_identify(src/alpaka_welding_cobot_moveit_config) by extension 'colcon_pkg'
[0.868s] Level 1:colcon.colcon_core.package_identification:_identify(src/alpaka_welding_cobot_moveit_config) by extensions ['colcon_meta']
[0.868s] Level 1:colcon.colcon_core.package_identification:_identify(src/alpaka_welding_cobot_moveit_config) by extension 'colcon_meta'
[0.868s] Level 1:colcon.colcon_core.package_identification:_identify(src/alpaka_welding_cobot_moveit_config) by extensions ['ros']
[0.869s] Level 1:colcon.colcon_core.package_identification:_identify(src/alpaka_welding_cobot_moveit_config) by extension 'ros'
[0.869s] DEBUG:colcon.colcon_core.package_identification:Package 'src/alpaka_welding_cobot_moveit_config' with type 'ros.ament_cmake' and name 'alpaka_welding_cobot_moveit_config'
[0.869s] Level 1:colcon.colcon_core.package_identification:_identify(src/alpaka_welding_cobot_setup) by extensions ['ignore', 'ignore_ament_install']
[0.870s] Level 1:colcon.colcon_core.package_identification:_identify(src/alpaka_welding_cobot_setup) by extension 'ignore'
[0.870s] Level 1:colcon.colcon_core.package_identification:_identify(src/alpaka_welding_cobot_setup) by extension 'ignore_ament_install'
[0.870s] Level 1:colcon.colcon_core.package_identification:_identify(src/alpaka_welding_cobot_setup) by extensions ['colcon_pkg']
[0.870s] Level 1:colcon.colcon_core.package_identification:_identify(src/alpaka_welding_cobot_setup) by extension 'colcon_pkg'
[0.870s] Level 1:colcon.colcon_core.package_identification:_identify(src/alpaka_welding_cobot_setup) by extensions ['colcon_meta']
[0.870s] Level 1:colcon.colcon_core.package_identification:_identify(src/alpaka_welding_cobot_setup) by extension 'colcon_meta'
[0.870s] Level 1:colcon.colcon_core.package_identification:_identify(src/alpaka_welding_cobot_setup) by extensions ['ros']
[0.870s] Level 1:colcon.colcon_core.package_identification:_identify(src/alpaka_welding_cobot_setup) by extension 'ros'
[0.871s] DEBUG:colcon.colcon_core.package_identification:Package 'src/alpaka_welding_cobot_setup' with type 'ros.ament_cmake' and name 'alpaka_welding_cobot_setup'
[0.871s] Level 1:colcon.colcon_core.package_identification:_identify(src/alpaka_welding_gun_description) by extensions ['ignore', 'ignore_ament_install']
[0.871s] Level 1:colcon.colcon_core.package_identification:_identify(src/alpaka_welding_gun_description) by extension 'ignore'
[0.871s] Level 1:colcon.colcon_core.package_identification:_identify(src/alpaka_welding_gun_description) by extension 'ignore_ament_install'
[0.871s] Level 1:colcon.colcon_core.package_identification:_identify(src/alpaka_welding_gun_description) by extensions ['colcon_pkg']
[0.871s] Level 1:colcon.colcon_core.package_identification:_identify(src/alpaka_welding_gun_description) by extension 'colcon_pkg'
[0.871s] Level 1:colcon.colcon_core.package_identification:_identify(src/alpaka_welding_gun_description) by extensions ['colcon_meta']
[0.871s] Level 1:colcon.colcon_core.package_identification:_identify(src/alpaka_welding_gun_description) by extension 'colcon_meta'
[0.871s] Level 1:colcon.colcon_core.package_identification:_identify(src/alpaka_welding_gun_description) by extensions ['ros']
[0.872s] Level 1:colcon.colcon_core.package_identification:_identify(src/alpaka_welding_gun_description) by extension 'ros'
[0.872s] DEBUG:colcon.colcon_core.package_identification:Package 'src/alpaka_welding_gun_description' with type 'ros.ament_cmake' and name 'alpaka_welding_gun_description'
[0.872s] Level 1:colcon.colcon_core.package_identification:_identify(src/bringup) by extensions ['ignore', 'ignore_ament_install']
[0.873s] Level 1:colcon.colcon_core.package_identification:_identify(src/bringup) by extension 'ignore'
[0.873s] Level 1:colcon.colcon_core.package_identification:_identify(src/bringup) by extension 'ignore_ament_install'
[0.873s] Level 1:colcon.colcon_core.package_identification:_identify(src/bringup) by extensions ['colcon_pkg']
[0.873s] Level 1:colcon.colcon_core.package_identification:_identify(src/bringup) by extension 'colcon_pkg'
[0.873s] Level 1:colcon.colcon_core.package_identification:_identify(src/bringup) by extensions ['colcon_meta']
[0.873s] Level 1:colcon.colcon_core.package_identification:_identify(src/bringup) by extension 'colcon_meta'
[0.873s] Level 1:colcon.colcon_core.package_identification:_identify(src/bringup) by extensions ['ros']
[0.873s] Level 1:colcon.colcon_core.package_identification:_identify(src/bringup) by extension 'ros'
[0.874s] DEBUG:colcon.colcon_core.package_identification:Package 'src/bringup' with type 'ros.ament_cmake' and name 'bringup'
[0.874s] Level 1:colcon.colcon_core.package_identification:_identify(src/ml_model) by extensions ['ignore', 'ignore_ament_install']
[0.874s] Level 1:colcon.colcon_core.package_identification:_identify(src/ml_model) by extension 'ignore'
[0.874s] Level 1:colcon.colcon_core.package_identification:_identify(src/ml_model) by extension 'ignore_ament_install'
[0.874s] Level 1:colcon.colcon_core.package_identification:_identify(src/ml_model) by extensions ['colcon_pkg']
[0.874s] Level 1:colcon.colcon_core.package_identification:_identify(src/ml_model) by extension 'colcon_pkg'
[0.874s] Level 1:colcon.colcon_core.package_identification:_identify(src/ml_model) by extensions ['colcon_meta']
[0.874s] Level 1:colcon.colcon_core.package_identification:_identify(src/ml_model) by extension 'colcon_meta'
[0.874s] Level 1:colcon.colcon_core.package_identification:_identify(src/ml_model) by extensions ['ros']
[0.875s] Level 1:colcon.colcon_core.package_identification:_identify(src/ml_model) by extension 'ros'
[0.875s] DEBUG:colcon.colcon_core.package_identification:Package 'src/ml_model' with type 'ros.ament_python' and name 'ml_model'
[0.876s] Level 1:colcon.colcon_core.package_identification:_identify(src/realsense-ros) by extensions ['ignore', 'ignore_ament_install']
[0.876s] Level 1:colcon.colcon_core.package_identification:_identify(src/realsense-ros) by extension 'ignore'
[0.876s] Level 1:colcon.colcon_core.package_identification:_identify(src/realsense-ros) by extension 'ignore_ament_install'
[0.876s] Level 1:colcon.colcon_core.package_identification:_identify(src/realsense-ros) by extensions ['colcon_pkg']
[0.876s] Level 1:colcon.colcon_core.package_identification:_identify(src/realsense-ros) by extension 'colcon_pkg'
[0.876s] Level 1:colcon.colcon_core.package_identification:_identify(src/realsense-ros) by extensions ['colcon_meta']
[0.876s] Level 1:colcon.colcon_core.package_identification:_identify(src/realsense-ros) by extension 'colcon_meta'
[0.876s] Level 1:colcon.colcon_core.package_identification:_identify(src/realsense-ros) by extensions ['ros']
[0.876s] Level 1:colcon.colcon_core.package_identification:_identify(src/realsense-ros) by extension 'ros'
[0.876s] Level 1:colcon.colcon_core.package_identification:_identify(src/realsense-ros) by extensions ['bazel', 'cmake', 'meson', 'python']
[0.876s] Level 1:colcon.colcon_core.package_identification:_identify(src/realsense-ros) by extension 'bazel'
[0.877s] Level 1:colcon.colcon_core.package_identification:_identify(src/realsense-ros) by extension 'cmake'
[0.877s] Level 1:colcon.colcon_core.package_identification:_identify(src/realsense-ros) by extension 'meson'
[0.877s] Level 1:colcon.colcon_core.package_identification:_identify(src/realsense-ros) by extension 'python'
[0.877s] Level 1:colcon.colcon_core.package_identification:_identify(src/realsense-ros) by extensions ['python_setup_py']
[0.877s] Level 1:colcon.colcon_core.package_identification:_identify(src/realsense-ros) by extension 'python_setup_py'
[0.877s] Level 1:colcon.colcon_core.package_identification:_identify(src/realsense-ros/realsense2_camera) by extensions ['ignore', 'ignore_ament_install']
[0.877s] Level 1:colcon.colcon_core.package_identification:_identify(src/realsense-ros/realsense2_camera) by extension 'ignore'
[0.877s] Level 1:colcon.colcon_core.package_identification:_identify(src/realsense-ros/realsense2_camera) by extension 'ignore_ament_install'
[0.877s] Level 1:colcon.colcon_core.package_identification:_identify(src/realsense-ros/realsense2_camera) by extensions ['colcon_pkg']
[0.877s] Level 1:colcon.colcon_core.package_identification:_identify(src/realsense-ros/realsense2_camera) by extension 'colcon_pkg'
[0.877s] Level 1:colcon.colcon_core.package_identification:_identify(src/realsense-ros/realsense2_camera) by extensions ['colcon_meta']
[0.878s] Level 1:colcon.colcon_core.package_identification:_identify(src/realsense-ros/realsense2_camera) by extension 'colcon_meta'
[0.878s] Level 1:colcon.colcon_core.package_identification:_identify(src/realsense-ros/realsense2_camera) by extensions ['ros']
[0.878s] Level 1:colcon.colcon_core.package_identification:_identify(src/realsense-ros/realsense2_camera) by extension 'ros'
[0.887s] DEBUG:colcon.colcon_core.package_identification:Package 'src/realsense-ros/realsense2_camera' with type 'ros.ament_cmake' and name 'realsense2_camera'
[0.888s] Level 1:colcon.colcon_core.package_identification:_identify(src/realsense-ros/realsense2_camera_msgs) by extensions ['ignore', 'ignore_ament_install']
[0.888s] Level 1:colcon.colcon_core.package_identification:_identify(src/realsense-ros/realsense2_camera_msgs) by extension 'ignore'
[0.888s] Level 1:colcon.colcon_core.package_identification:_identify(src/realsense-ros/realsense2_camera_msgs) by extension 'ignore_ament_install'
[0.888s] Level 1:colcon.colcon_core.package_identification:_identify(src/realsense-ros/realsense2_camera_msgs) by extensions ['colcon_pkg']
[0.888s] Level 1:colcon.colcon_core.package_identification:_identify(src/realsense-ros/realsense2_camera_msgs) by extension 'colcon_pkg'
[0.888s] Level 1:colcon.colcon_core.package_identification:_identify(src/realsense-ros/realsense2_camera_msgs) by extensions ['colcon_meta']
[0.888s] Level 1:colcon.colcon_core.package_identification:_identify(src/realsense-ros/realsense2_camera_msgs) by extension 'colcon_meta'
[0.888s] Level 1:colcon.colcon_core.package_identification:_identify(src/realsense-ros/realsense2_camera_msgs) by extensions ['ros']
[0.888s] Level 1:colcon.colcon_core.package_identification:_identify(src/realsense-ros/realsense2_camera_msgs) by extension 'ros'
[0.890s] DEBUG:colcon.colcon_core.package_identification:Package 'src/realsense-ros/realsense2_camera_msgs' with type 'ros.ament_cmake' and name 'realsense2_camera_msgs'
[0.890s] Level 1:colcon.colcon_core.package_identification:_identify(src/realsense-ros/scripts) by extensions ['ignore', 'ignore_ament_install']
[0.890s] Level 1:colcon.colcon_core.package_identification:_identify(src/realsense-ros/scripts) by extension 'ignore'
[0.890s] Level 1:colcon.colcon_core.package_identification:_identify(src/realsense-ros/scripts) by extension 'ignore_ament_install'
[0.890s] Level 1:colcon.colcon_core.package_identification:_identify(src/realsense-ros/scripts) by extensions ['colcon_pkg']
[0.890s] Level 1:colcon.colcon_core.package_identification:_identify(src/realsense-ros/scripts) by extension 'colcon_pkg'
[0.890s] Level 1:colcon.colcon_core.package_identification:_identify(src/realsense-ros/scripts) by extensions ['colcon_meta']
[0.890s] Level 1:colcon.colcon_core.package_identification:_identify(src/realsense-ros/scripts) by extension 'colcon_meta'
[0.890s] Level 1:colcon.colcon_core.package_identification:_identify(src/realsense-ros/scripts) by extensions ['ros']
[0.890s] Level 1:colcon.colcon_core.package_identification:_identify(src/realsense-ros/scripts) by extension 'ros'
[0.891s] Level 1:colcon.colcon_core.package_identification:_identify(src/realsense-ros/scripts) by extensions ['bazel', 'cmake', 'meson', 'python']
[0.891s] Level 1:colcon.colcon_core.package_identification:_identify(src/realsense-ros/scripts) by extension 'bazel'
[0.891s] Level 1:colcon.colcon_core.package_identification:_identify(src/realsense-ros/scripts) by extension 'cmake'
[0.891s] Level 1:colcon.colcon_core.package_identification:_identify(src/realsense-ros/scripts) by extension 'meson'
[0.891s] Level 1:colcon.colcon_core.package_identification:_identify(src/realsense-ros/scripts) by extension 'python'
[0.891s] Level 1:colcon.colcon_core.package_identification:_identify(src/realsense-ros/scripts) by extensions ['python_setup_py']
[0.891s] Level 1:colcon.colcon_core.package_identification:_identify(src/realsense-ros/scripts) by extension 'python_setup_py'
[0.891s] Level 1:colcon.colcon_core.package_identification:_identify(src/realsense2_description) by extensions ['ignore', 'ignore_ament_install']
[0.891s] Level 1:colcon.colcon_core.package_identification:_identify(src/realsense2_description) by extension 'ignore'
[0.891s] Level 1:colcon.colcon_core.package_identification:_identify(src/realsense2_description) by extension 'ignore_ament_install'
[0.891s] Level 1:colcon.colcon_core.package_identification:_identify(src/realsense2_description) by extensions ['colcon_pkg']
[0.892s] Level 1:colcon.colcon_core.package_identification:_identify(src/realsense2_description) by extension 'colcon_pkg'
[0.892s] Level 1:colcon.colcon_core.package_identification:_identify(src/realsense2_description) by extensions ['colcon_meta']
[0.892s] Level 1:colcon.colcon_core.package_identification:_identify(src/realsense2_description) by extension 'colcon_meta'
[0.892s] Level 1:colcon.colcon_core.package_identification:_identify(src/realsense2_description) by extensions ['ros']
[0.892s] Level 1:colcon.colcon_core.package_identification:_identify(src/realsense2_description) by extension 'ros'
[0.893s] DEBUG:colcon.colcon_core.package_identification:Package 'src/realsense2_description' with type 'ros.ament_cmake' and name 'realsense2_description'
[0.893s] Level 1:colcon.colcon_core.package_discovery:discover_packages(recursive) using defaults
[0.893s] Level 1:colcon.colcon_core.package_discovery:discover_packages(ignore) discover
[0.893s] Level 1:colcon.colcon_core.package_discovery:discover_packages(ignore) using defaults
[0.893s] Level 1:colcon.colcon_core.package_discovery:discover_packages(path) discover
[0.893s] Level 1:colcon.colcon_core.package_discovery:discover_packages(path) using defaults
[0.921s] INFO:colcon.colcon_core.package_selection:Skipping not selected package 'alpaka_chassis_description' in 'src/alpaka_chassis_description'
[0.921s] INFO:colcon.colcon_core.package_selection:Skipping not selected package 'alpaka_test_tcp_description' in 'src/alpaka_test_tcp_description'
[0.921s] INFO:colcon.colcon_core.package_selection:Skipping not selected package 'alpaka_welding_cobot_description' in 'src/alpaka_welding_cobot_description'
[0.921s] INFO:colcon.colcon_core.package_selection:Skipping not selected package 'alpaka_welding_cobot_moveit_config' in 'src/alpaka_welding_cobot_moveit_config'
[0.921s] INFO:colcon.colcon_core.package_selection:Skipping not selected package 'alpaka_welding_cobot_setup' in 'src/alpaka_welding_cobot_setup'
[0.921s] INFO:colcon.colcon_core.package_selection:Skipping not selected package 'alpaka_welding_gun_description' in 'src/alpaka_welding_gun_description'
[0.921s] INFO:colcon.colcon_core.package_selection:Skipping not selected package 'bringup' in 'src/bringup'
[0.921s] INFO:colcon.colcon_core.package_selection:Skipping not selected package 'ml_model' in 'src/ml_model'
[0.921s] INFO:colcon.colcon_core.package_selection:Skipping not selected package 'realsense2_camera_msgs' in 'src/realsense-ros/realsense2_camera_msgs'
[0.921s] INFO:colcon.colcon_core.package_selection:Skipping not selected package 'realsense2_camera' in 'src/realsense-ros/realsense2_camera'
[0.921s] INFO:colcon.colcon_core.package_selection:Skipping not selected package 'realsense2_description' in 'src/realsense2_description'
[0.922s] Level 1:colcon.colcon_core.package_discovery:discover_packages(prefix_path) check parameters
[0.922s] Level 1:colcon.colcon_core.package_discovery:discover_packages(prefix_path) discover
[0.926s] DEBUG:colcon.colcon_installed_package_information.package_discovery:Found 12 installed packages in /home/alpaka-admin/my_alpaka_urdf_ws/install
[0.929s] DEBUG:colcon.colcon_installed_package_information.package_discovery:Found 473 installed packages in /opt/ros/humble
[0.934s] Level 1:colcon.colcon_core.package_discovery:discover_packages(prefix_path) using defaults
[1.062s] Level 5:colcon.colcon_core.verb:set package 'alpaka_welding_cobot_moveit' build argument 'bazel_args' from command line to 'None'
[1.062s] Level 5:colcon.colcon_core.verb:set package 'alpaka_welding_cobot_moveit' build argument 'bazel_task' from command line to 'None'
[1.062s] Level 5:colcon.colcon_core.verb:set package 'alpaka_welding_cobot_moveit' build argument 'cmake_args' from command line to 'None'
[1.062s] Level 5:colcon.colcon_core.verb:set package 'alpaka_welding_cobot_moveit' build argument 'cmake_target' from command line to 'None'
[1.062s] Level 5:colcon.colcon_core.verb:set package 'alpaka_welding_cobot_moveit' build argument 'cmake_target_skip_unavailable' from command line to 'False'
[1.062s] Level 5:colcon.colcon_core.verb:set package 'alpaka_welding_cobot_moveit' build argument 'cmake_clean_cache' from command line to 'False'
[1.062s] Level 5:colcon.colcon_core.verb:set package 'alpaka_welding_cobot_moveit' build argument 'cmake_clean_first' from command line to 'False'
[1.062s] Level 5:colcon.colcon_core.verb:set package 'alpaka_welding_cobot_moveit' build argument 'cmake_force_configure' from command line to 'False'
[1.062s] Level 5:colcon.colcon_core.verb:set package 'alpaka_welding_cobot_moveit' build argument 'meson_args' from command line to '[]'
[1.062s] Level 5:colcon.colcon_core.verb:set package 'alpaka_welding_cobot_moveit' build argument 'ament_cmake_args' from command line to 'None'
[1.062s] Level 5:colcon.colcon_core.verb:set package 'alpaka_welding_cobot_moveit' build argument 'catkin_cmake_args' from command line to 'None'
[1.063s] Level 5:colcon.colcon_core.verb:set package 'alpaka_welding_cobot_moveit' build argument 'catkin_skip_building_tests' from command line to 'False'
[1.063s] DEBUG:colcon.colcon_core.verb:Building package 'alpaka_welding_cobot_moveit' with the following arguments: {'ament_cmake_args': None, 'bazel_args': None, 'bazel_task': None, 'build_base': '/home/alpaka-admin/my_alpaka_urdf_ws/build/alpaka_welding_cobot_moveit', 'catkin_cmake_args': None, 'catkin_skip_building_tests': False, 'cmake_args': None, 'cmake_clean_cache': False, 'cmake_clean_first': False, 'cmake_force_configure': False, 'cmake_target': None, 'cmake_target_skip_unavailable': False, 'install_base': '/home/alpaka-admin/my_alpaka_urdf_ws/install/alpaka_welding_cobot_moveit', 'merge_install': False, 'meson_args': [], 'path': '/home/alpaka-admin/my_alpaka_urdf_ws/src/alpaka_welding_cobot_moveit', 'symlink_install': False, 'test_result_base': None}
[1.063s] INFO:colcon.colcon_core.executor:Executing jobs using 'parallel' executor
[1.064s] DEBUG:colcon.colcon_parallel_executor.executor.parallel:run_until_complete
[1.065s] INFO:colcon.colcon_ros.task.ament_cmake.build:Building ROS package in '/home/alpaka-admin/my_alpaka_urdf_ws/src/alpaka_welding_cobot_moveit' with build type 'ament_cmake'
[1.065s] INFO:colcon.colcon_cmake.task.cmake.build:Building CMake package in '/home/alpaka-admin/my_alpaka_urdf_ws/src/alpaka_welding_cobot_moveit'
[1.070s] INFO:colcon.colcon_core.plugin_system:Skipping extension 'colcon_core.shell.bat': Not used on non-Windows systems
[1.070s] DEBUG:colcon.colcon_ros_domain_id_coordinator.shell.ros_domain_id:Allocated ROS_DOMAIN_ID=81 for '/home/alpaka-admin/my_alpaka_urdf_ws/build/alpaka_welding_cobot_moveit'
[1.070s] INFO:colcon.colcon_core.shell:Skip shell extension 'ros_domain_id' for command environment: 
[1.070s] INFO:colcon.colcon_core.shell:Skip shell extension 'powershell' for command environment: Not usable outside of PowerShell
[1.070s] DEBUG:colcon.colcon_core.shell:Skip shell extension 'dsv' for command environment
[1.089s] DEBUG:colcon.colcon_core.event_handler.log_command:Invoking command in '/home/alpaka-admin/my_alpaka_urdf_ws/build/alpaka_welding_cobot_moveit': CMAKE_PREFIX_PATH=${CMAKE_PREFIX_PATH}:/home/alpaka-admin/my_alpaka_urdf_ws/install/ml_model:/opt/ros/humble /usr/bin/cmake --build /home/alpaka-admin/my_alpaka_urdf_ws/build/alpaka_welding_cobot_moveit -- -j8 -l8
[23.157s] DEBUG:colcon.colcon_core.event_handler.log_command:Invoked command in '/home/alpaka-admin/my_alpaka_urdf_ws/build/alpaka_welding_cobot_moveit' returned '0': CMAKE_PREFIX_PATH=${CMAKE_PREFIX_PATH}:/home/alpaka-admin/my_alpaka_urdf_ws/install/ml_model:/opt/ros/humble /usr/bin/cmake --build /home/alpaka-admin/my_alpaka_urdf_ws/build/alpaka_welding_cobot_moveit -- -j8 -l8
[23.179s] DEBUG:colcon.colcon_core.event_handler.log_command:Invoking command in '/home/alpaka-admin/my_alpaka_urdf_ws/build/alpaka_welding_cobot_moveit': CMAKE_PREFIX_PATH=${CMAKE_PREFIX_PATH}:/home/alpaka-admin/my_alpaka_urdf_ws/install/ml_model:/opt/ros/humble /usr/bin/cmake --install /home/alpaka-admin/my_alpaka_urdf_ws/build/alpaka_welding_cobot_moveit
[23.206s] Level 1:colcon.colcon_core.environment:create_environment_scripts_only(alpaka_welding_cobot_moveit)
[23.207s] DEBUG:colcon.colcon_core.event_handler.log_command:Invoked command in '/home/alpaka-admin/my_alpaka_urdf_ws/build/alpaka_welding_cobot_moveit' returned '0': CMAKE_PREFIX_PATH=${CMAKE_PREFIX_PATH}:/home/alpaka-admin/my_alpaka_urdf_ws/install/ml_model:/opt/ros/humble /usr/bin/cmake --install /home/alpaka-admin/my_alpaka_urdf_ws/build/alpaka_welding_cobot_moveit
[23.219s] Level 1:colcon.colcon_core.environment:checking '/home/alpaka-admin/my_alpaka_urdf_ws/install/alpaka_welding_cobot_moveit' for CMake module files
[23.222s] Level 1:colcon.colcon_core.environment:checking '/home/alpaka-admin/my_alpaka_urdf_ws/install/alpaka_welding_cobot_moveit' for CMake config files
[23.223s] Level 1:colcon.colcon_core.shell:create_environment_hook('alpaka_welding_cobot_moveit', 'cmake_prefix_path')
[23.225s] INFO:colcon.colcon_core.shell:Creating environment hook '/home/alpaka-admin/my_alpaka_urdf_ws/install/alpaka_welding_cobot_moveit/share/alpaka_welding_cobot_moveit/hook/cmake_prefix_path.ps1'
[23.228s] INFO:colcon.colcon_core.shell:Creating environment descriptor '/home/alpaka-admin/my_alpaka_urdf_ws/install/alpaka_welding_cobot_moveit/share/alpaka_welding_cobot_moveit/hook/cmake_prefix_path.dsv'
[23.230s] INFO:colcon.colcon_core.shell:Creating environment hook '/home/alpaka-admin/my_alpaka_urdf_ws/install/alpaka_welding_cobot_moveit/share/alpaka_welding_cobot_moveit/hook/cmake_prefix_path.sh'
[23.233s] Level 1:colcon.colcon_core.environment:checking '/home/alpaka-admin/my_alpaka_urdf_ws/install/alpaka_welding_cobot_moveit/lib'
[23.234s] Level 1:colcon.colcon_core.environment:checking '/home/alpaka-admin/my_alpaka_urdf_ws/install/alpaka_welding_cobot_moveit/bin'
[23.234s] Level 1:colcon.colcon_core.environment:checking '/home/alpaka-admin/my_alpaka_urdf_ws/install/alpaka_welding_cobot_moveit/lib/pkgconfig/alpaka_welding_cobot_moveit.pc'
[23.236s] Level 1:colcon.colcon_core.environment:checking '/home/alpaka-admin/my_alpaka_urdf_ws/install/alpaka_welding_cobot_moveit/lib/python3.10/site-packages'
[23.237s] Level 1:colcon.colcon_core.environment:checking '/home/alpaka-admin/my_alpaka_urdf_ws/install/alpaka_welding_cobot_moveit/bin'
[23.238s] INFO:colcon.colcon_core.shell:Creating package script '/home/alpaka-admin/my_alpaka_urdf_ws/install/alpaka_welding_cobot_moveit/share/alpaka_welding_cobot_moveit/package.ps1'
[23.242s] INFO:colcon.colcon_core.shell:Creating package descriptor '/home/alpaka-admin/my_alpaka_urdf_ws/install/alpaka_welding_cobot_moveit/share/alpaka_welding_cobot_moveit/package.dsv'
[23.244s] INFO:colcon.colcon_core.shell:Creating package script '/home/alpaka-admin/my_alpaka_urdf_ws/install/alpaka_welding_cobot_moveit/share/alpaka_welding_cobot_moveit/package.sh'
[23.248s] INFO:colcon.colcon_core.shell:Creating package script '/home/alpaka-admin/my_alpaka_urdf_ws/install/alpaka_welding_cobot_moveit/share/alpaka_welding_cobot_moveit/package.bash'
[23.252s] INFO:colcon.colcon_core.shell:Creating package script '/home/alpaka-admin/my_alpaka_urdf_ws/install/alpaka_welding_cobot_moveit/share/alpaka_welding_cobot_moveit/package.zsh'
[23.255s] Level 1:colcon.colcon_core.environment:create_file_with_runtime_dependencies(/home/alpaka-admin/my_alpaka_urdf_ws/install/alpaka_welding_cobot_moveit/share/colcon-core/packages/alpaka_welding_cobot_moveit)
[23.258s] Level 1:colcon.colcon_core.environment:create_environment_scripts_only(alpaka_welding_cobot_moveit)
[23.259s] Level 1:colcon.colcon_core.environment:checking '/home/alpaka-admin/my_alpaka_urdf_ws/install/alpaka_welding_cobot_moveit' for CMake module files
[23.261s] Level 1:colcon.colcon_core.environment:checking '/home/alpaka-admin/my_alpaka_urdf_ws/install/alpaka_welding_cobot_moveit' for CMake config files
[23.263s] Level 1:colcon.colcon_core.shell:create_environment_hook('alpaka_welding_cobot_moveit', 'cmake_prefix_path')
[23.264s] INFO:colcon.colcon_core.shell:Creating environment hook '/home/alpaka-admin/my_alpaka_urdf_ws/install/alpaka_welding_cobot_moveit/share/alpaka_welding_cobot_moveit/hook/cmake_prefix_path.ps1'
[23.266s] INFO:colcon.colcon_core.shell:Creating environment descriptor '/home/alpaka-admin/my_alpaka_urdf_ws/install/alpaka_welding_cobot_moveit/share/alpaka_welding_cobot_moveit/hook/cmake_prefix_path.dsv'
[23.267s] INFO:colcon.colcon_core.shell:Creating environment hook '/home/alpaka-admin/my_alpaka_urdf_ws/install/alpaka_welding_cobot_moveit/share/alpaka_welding_cobot_moveit/hook/cmake_prefix_path.sh'
[23.270s] Level 1:colcon.colcon_core.environment:checking '/home/alpaka-admin/my_alpaka_urdf_ws/install/alpaka_welding_cobot_moveit/lib'
[23.270s] Level 1:colcon.colcon_core.environment:checking '/home/alpaka-admin/my_alpaka_urdf_ws/install/alpaka_welding_cobot_moveit/bin'
[23.271s] Level 1:colcon.colcon_core.environment:checking '/home/alpaka-admin/my_alpaka_urdf_ws/install/alpaka_welding_cobot_moveit/lib/pkgconfig/alpaka_welding_cobot_moveit.pc'
[23.272s] Level 1:colcon.colcon_core.environment:checking '/home/alpaka-admin/my_alpaka_urdf_ws/install/alpaka_welding_cobot_moveit/lib/python3.10/site-packages'
[23.273s] Level 1:colcon.colcon_core.environment:checking '/home/alpaka-admin/my_alpaka_urdf_ws/install/alpaka_welding_cobot_moveit/bin'
[23.274s] INFO:colcon.colcon_core.shell:Creating package script '/home/alpaka-admin/my_alpaka_urdf_ws/install/alpaka_welding_cobot_moveit/share/alpaka_welding_cobot_moveit/package.ps1'
[23.277s] INFO:colcon.colcon_core.shell:Creating package descriptor '/home/alpaka-admin/my_alpaka_urdf_ws/install/alpaka_welding_cobot_moveit/share/alpaka_welding_cobot_moveit/package.dsv'
[23.280s] INFO:colcon.colcon_core.shell:Creating package script '/home/alpaka-admin/my_alpaka_urdf_ws/install/alpaka_welding_cobot_moveit/share/alpaka_welding_cobot_moveit/package.sh'
[23.282s] INFO:colcon.colcon_core.shell:Creating package script '/home/alpaka-admin/my_alpaka_urdf_ws/install/alpaka_welding_cobot_moveit/share/alpaka_welding_cobot_moveit/package.bash'
[23.285s] INFO:colcon.colcon_core.shell:Creating package script '/home/alpaka-admin/my_alpaka_urdf_ws/install/alpaka_welding_cobot_moveit/share/alpaka_welding_cobot_moveit/package.zsh'
[23.287s] Level 1:colcon.colcon_core.environment:create_file_with_runtime_dependencies(/home/alpaka-admin/my_alpaka_urdf_ws/install/alpaka_welding_cobot_moveit/share/colcon-core/packages/alpaka_welding_cobot_moveit)
[23.288s] DEBUG:colcon.colcon_parallel_executor.executor.parallel:closing loop
[23.288s] DEBUG:colcon.colcon_ros_domain_id_coordinator.shell.ros_domain_id:Released ROS_DOMAIN_ID=81 for '/home/alpaka-admin/my_alpaka_urdf_ws/build/alpaka_welding_cobot_moveit'
[23.290s] DEBUG:colcon.colcon_parallel_executor.executor.parallel:loop closed
[23.290s] DEBUG:colcon.colcon_parallel_executor.executor.parallel:run_until_complete finished with '0'
[23.291s] DEBUG:colcon.colcon_core.event_reactor:joining thread
[23.310s] INFO:colcon.colcon_core.plugin_system:Skipping extension 'colcon_notification.desktop_notification.terminal_notifier': Not used on non-Darwin systems
[23.310s] INFO:colcon.colcon_core.plugin_system:Skipping extension 'colcon_notification.desktop_notification.win32': Not used on non-Windows systems
[23.310s] INFO:colcon.colcon_notification.desktop_notification:Sending desktop notification using 'notify2'
[23.364s] DEBUG:colcon.colcon_core.event_reactor:joined thread
[23.366s] INFO:colcon.colcon_core.shell:Creating prefix script '/home/alpaka-admin/my_alpaka_urdf_ws/install/local_setup.ps1'
[23.371s] INFO:colcon.colcon_core.shell:Creating prefix util module '/home/alpaka-admin/my_alpaka_urdf_ws/install/_local_setup_util_ps1.py'
[23.378s] INFO:colcon.colcon_core.shell:Creating prefix chain script '/home/alpaka-admin/my_alpaka_urdf_ws/install/setup.ps1'
[23.385s] INFO:colcon.colcon_core.shell:Creating prefix script '/home/alpaka-admin/my_alpaka_urdf_ws/install/local_setup.sh'
[23.387s] INFO:colcon.colcon_core.shell:Creating prefix util module '/home/alpaka-admin/my_alpaka_urdf_ws/install/_local_setup_util_sh.py'
[23.389s] INFO:colcon.colcon_core.shell:Creating prefix chain script '/home/alpaka-admin/my_alpaka_urdf_ws/install/setup.sh'
[23.397s] INFO:colcon.colcon_core.shell:Creating prefix script '/home/alpaka-admin/my_alpaka_urdf_ws/install/local_setup.bash'
[23.398s] INFO:colcon.colcon_core.shell:Creating prefix chain script '/home/alpaka-admin/my_alpaka_urdf_ws/install/setup.bash'
[23.401s] INFO:colcon.colcon_core.shell:Creating prefix script '/home/alpaka-admin/my_alpaka_urdf_ws/install/local_setup.zsh'
[23.403s] INFO:colcon.colcon_core.shell:Creating prefix chain script '/home/alpaka-admin/my_alpaka_urdf_ws/install/setup.zsh'
[23.405s] INFO:colcon.colcon_core.shell:Creating '/home/alpaka-admin/my_alpaka_urdf_ws/install/spawn_shell.bash'
