[0.056s] Invoking command in '/home/alpaka-admin/my_alpaka_urdf_ws/build/alpaka_welding_cobot_description': CMAKE_PREFIX_PATH=${CMAKE_PREFIX_PATH}:/home/alpaka-admin/ws_moveit2/install/moveit_configs_utils:/home/alpaka-admin/ws_moveit2/install/launch_param_builder:/opt/ros/humble ROS_DOMAIN_ID=23 /usr/bin/cmake /home/alpaka-admin/my_alpaka_urdf_ws/src/alpaka_welding_cobot_description -DCMAKE_INSTALL_PREFIX=/home/alpaka-admin/my_alpaka_urdf_ws/install/alpaka_welding_cobot_description
[0.169s] -- The C compiler identification is GNU 11.4.0
[0.273s] -- The CXX compiler identification is GNU 11.4.0
[0.285s] -- Detecting C compiler ABI info
[0.435s] -- Detecting C compiler ABI info - done
[0.450s] -- Check for working C compiler: /usr/bin/cc - skipped
[0.450s] -- Detecting C compile features
[0.451s] -- Detecting C compile features - done
[0.456s] -- Detecting CXX compiler ABI info
[0.634s] -- Detecting CXX compiler ABI info - done
[0.649s] -- Check for working CXX compiler: /usr/bin/c++ - skipped
[0.649s] -- Detecting CXX compile features
[0.650s] -- Detecting CXX compile features - done
[0.666s] -- Found ament_cmake: 1.3.11 (/opt/ros/humble/share/ament_cmake/cmake)
[0.961s] -- Found Python3: /usr/bin/python3 (found version "3.10.12") found components: Interpreter 
[1.370s] -- Configuring done
[1.376s] -- Generating done
[1.378s] -- Build files have been written to: /home/alpaka-admin/my_alpaka_urdf_ws/build/alpaka_welding_cobot_description
[1.392s] Invoked command in '/home/alpaka-admin/my_alpaka_urdf_ws/build/alpaka_welding_cobot_description' returned '0': CMAKE_PREFIX_PATH=${CMAKE_PREFIX_PATH}:/home/alpaka-admin/ws_moveit2/install/moveit_configs_utils:/home/alpaka-admin/ws_moveit2/install/launch_param_builder:/opt/ros/humble ROS_DOMAIN_ID=23 /usr/bin/cmake /home/alpaka-admin/my_alpaka_urdf_ws/src/alpaka_welding_cobot_description -DCMAKE_INSTALL_PREFIX=/home/alpaka-admin/my_alpaka_urdf_ws/install/alpaka_welding_cobot_description
[1.393s] Invoking command in '/home/alpaka-admin/my_alpaka_urdf_ws/build/alpaka_welding_cobot_description': CMAKE_PREFIX_PATH=${CMAKE_PREFIX_PATH}:/home/alpaka-admin/ws_moveit2/install/moveit_configs_utils:/home/alpaka-admin/ws_moveit2/install/launch_param_builder:/opt/ros/humble ROS_DOMAIN_ID=23 /usr/bin/cmake --build /home/alpaka-admin/my_alpaka_urdf_ws/build/alpaka_welding_cobot_description -- -j8 -l8
[1.496s] Invoked command in '/home/alpaka-admin/my_alpaka_urdf_ws/build/alpaka_welding_cobot_description' returned '0': CMAKE_PREFIX_PATH=${CMAKE_PREFIX_PATH}:/home/alpaka-admin/ws_moveit2/install/moveit_configs_utils:/home/alpaka-admin/ws_moveit2/install/launch_param_builder:/opt/ros/humble ROS_DOMAIN_ID=23 /usr/bin/cmake --build /home/alpaka-admin/my_alpaka_urdf_ws/build/alpaka_welding_cobot_description -- -j8 -l8
[1.513s] Invoking command in '/home/alpaka-admin/my_alpaka_urdf_ws/build/alpaka_welding_cobot_description': CMAKE_PREFIX_PATH=${CMAKE_PREFIX_PATH}:/home/alpaka-admin/ws_moveit2/install/moveit_configs_utils:/home/alpaka-admin/ws_moveit2/install/launch_param_builder:/opt/ros/humble ROS_DOMAIN_ID=23 /usr/bin/cmake --install /home/alpaka-admin/my_alpaka_urdf_ws/build/alpaka_welding_cobot_description
[1.533s] -- Install configuration: ""
[1.534s] -- Installing: /home/alpaka-admin/my_alpaka_urdf_ws/install/alpaka_welding_cobot_description/share/alpaka_welding_cobot_description/urdf
[1.534s] -- Installing: /home/alpaka-admin/my_alpaka_urdf_ws/install/alpaka_welding_cobot_description/share/alpaka_welding_cobot_description/urdf/welding_cobot.urdf.xacro
[1.537s] -- Installing: /home/alpaka-admin/my_alpaka_urdf_ws/install/alpaka_welding_cobot_description/share/alpaka_welding_cobot_description/urdf/welding_cobot.urdf~
[1.538s] -- Installing: /home/alpaka-admin/my_alpaka_urdf_ws/install/alpaka_welding_cobot_description/share/alpaka_welding_cobot_description/launch
[1.539s] -- Installing: /home/alpaka-admin/my_alpaka_urdf_ws/install/alpaka_welding_cobot_description/share/alpaka_welding_cobot_description/launch/view_welding_cobot.launch.py
[1.539s] -- Installing: /home/alpaka-admin/my_alpaka_urdf_ws/install/alpaka_welding_cobot_description/share/alpaka_welding_cobot_description/rviz
[1.540s] -- Installing: /home/alpaka-admin/my_alpaka_urdf_ws/install/alpaka_welding_cobot_description/share/alpaka_welding_cobot_description/rviz/view_welding_cobot.rviz
[1.540s] -- Installing: /home/alpaka-admin/my_alpaka_urdf_ws/install/alpaka_welding_cobot_description/share/ament_index/resource_index/package_run_dependencies/alpaka_welding_cobot_description
[1.540s] -- Installing: /home/alpaka-admin/my_alpaka_urdf_ws/install/alpaka_welding_cobot_description/share/ament_index/resource_index/parent_prefix_path/alpaka_welding_cobot_description
[1.545s] -- Installing: /home/alpaka-admin/my_alpaka_urdf_ws/install/alpaka_welding_cobot_description/share/alpaka_welding_cobot_description/environment/ament_prefix_path.sh
[1.545s] -- Installing: /home/alpaka-admin/my_alpaka_urdf_ws/install/alpaka_welding_cobot_description/share/alpaka_welding_cobot_description/environment/ament_prefix_path.dsv
[1.545s] -- Installing: /home/alpaka-admin/my_alpaka_urdf_ws/install/alpaka_welding_cobot_description/share/alpaka_welding_cobot_description/environment/path.sh
[1.545s] -- Installing: /home/alpaka-admin/my_alpaka_urdf_ws/install/alpaka_welding_cobot_description/share/alpaka_welding_cobot_description/environment/path.dsv
[1.546s] -- Installing: /home/alpaka-admin/my_alpaka_urdf_ws/install/alpaka_welding_cobot_description/share/alpaka_welding_cobot_description/local_setup.bash
[1.546s] -- Installing: /home/alpaka-admin/my_alpaka_urdf_ws/install/alpaka_welding_cobot_description/share/alpaka_welding_cobot_description/local_setup.sh
[1.546s] -- Installing: /home/alpaka-admin/my_alpaka_urdf_ws/install/alpaka_welding_cobot_description/share/alpaka_welding_cobot_description/local_setup.zsh
[1.546s] -- Installing: /home/alpaka-admin/my_alpaka_urdf_ws/install/alpaka_welding_cobot_description/share/alpaka_welding_cobot_description/local_setup.dsv
[1.546s] -- Installing: /home/alpaka-admin/my_alpaka_urdf_ws/install/alpaka_welding_cobot_description/share/alpaka_welding_cobot_description/package.dsv
[1.546s] -- Installing: /home/alpaka-admin/my_alpaka_urdf_ws/install/alpaka_welding_cobot_description/share/ament_index/resource_index/packages/alpaka_welding_cobot_description
[1.549s] -- Installing: /home/alpaka-admin/my_alpaka_urdf_ws/install/alpaka_welding_cobot_description/share/alpaka_welding_cobot_description/cmake/alpaka_welding_cobot_descriptionConfig.cmake
[1.549s] -- Installing: /home/alpaka-admin/my_alpaka_urdf_ws/install/alpaka_welding_cobot_description/share/alpaka_welding_cobot_description/cmake/alpaka_welding_cobot_descriptionConfig-version.cmake
[1.549s] -- Installing: /home/alpaka-admin/my_alpaka_urdf_ws/install/alpaka_welding_cobot_description/share/alpaka_welding_cobot_description/package.xml
[1.560s] Invoked command in '/home/alpaka-admin/my_alpaka_urdf_ws/build/alpaka_welding_cobot_description' returned '0': CMAKE_PREFIX_PATH=${CMAKE_PREFIX_PATH}:/home/alpaka-admin/ws_moveit2/install/moveit_configs_utils:/home/alpaka-admin/ws_moveit2/install/launch_param_builder:/opt/ros/humble ROS_DOMAIN_ID=23 /usr/bin/cmake --install /home/alpaka-admin/my_alpaka_urdf_ws/build/alpaka_welding_cobot_description
