[0.094s] Invoking command in '/home/alpaka-admin/my_alpaka_urdf_ws/build/alpaka_chassis_description': CMAKE_PREFIX_PATH=/opt/ros/humble ROS_DOMAIN_ID=3 /usr/bin/cmake --build /home/alpaka-admin/my_alpaka_urdf_ws/build/alpaka_chassis_description -- -j8 -l8
[0.241s] Invoked command in '/home/alpaka-admin/my_alpaka_urdf_ws/build/alpaka_chassis_description' returned '0': CMAKE_PREFIX_PATH=/opt/ros/humble ROS_DOMAIN_ID=3 /usr/bin/cmake --build /home/alpaka-admin/my_alpaka_urdf_ws/build/alpaka_chassis_description -- -j8 -l8
[0.282s] Invoking command in '/home/alpaka-admin/my_alpaka_urdf_ws/build/alpaka_chassis_description': CMAKE_PREFIX_PATH=/opt/ros/humble ROS_DOMAIN_ID=3 /usr/bin/cmake --install /home/alpaka-admin/my_alpaka_urdf_ws/build/alpaka_chassis_description
[0.317s] -- Install configuration: ""
[0.317s] -- Up-to-date: /home/alpaka-admin/my_alpaka_urdf_ws/install/alpaka_chassis_description/share/alpaka_chassis_description/meshes
[0.318s] -- Up-to-date: /home/alpaka-admin/my_alpaka_urdf_ws/install/alpaka_chassis_description/share/alpaka_chassis_description/meshes/visual
[0.318s] -- Up-to-date: /home/alpaka-admin/my_alpaka_urdf_ws/install/alpaka_chassis_description/share/alpaka_chassis_description/meshes/visual/chassis_base_link.STL
[0.320s] -- Up-to-date: /home/alpaka-admin/my_alpaka_urdf_ws/install/alpaka_chassis_description/share/alpaka_chassis_description/meshes/visual/chassis_arm_link.STL
[0.321s] -- Up-to-date: /home/alpaka-admin/my_alpaka_urdf_ws/install/alpaka_chassis_description/share/alpaka_chassis_description/meshes/collision
[0.327s] -- Up-to-date: /home/alpaka-admin/my_alpaka_urdf_ws/install/alpaka_chassis_description/share/alpaka_chassis_description/meshes/collision/chassis_base_link_collision.STL
[0.328s] -- Up-to-date: /home/alpaka-admin/my_alpaka_urdf_ws/install/alpaka_chassis_description/share/alpaka_chassis_description/meshes/collision/chassis_arm_link_collision.STL
[0.330s] -- Up-to-date: /home/alpaka-admin/my_alpaka_urdf_ws/install/alpaka_chassis_description/share/alpaka_chassis_description/urdf
[0.330s] -- Up-to-date: /home/alpaka-admin/my_alpaka_urdf_ws/install/alpaka_chassis_description/share/alpaka_chassis_description/urdf/chassis_macro.xacro
[0.331s] -- Up-to-date: /home/alpaka-admin/my_alpaka_urdf_ws/install/alpaka_chassis_description/share/alpaka_chassis_description/urdf/chassis.urdf.xacro
[0.332s] -- Up-to-date: /home/alpaka-admin/my_alpaka_urdf_ws/install/alpaka_chassis_description/share/alpaka_chassis_description/launch
[0.338s] -- Up-to-date: /home/alpaka-admin/my_alpaka_urdf_ws/install/alpaka_chassis_description/share/alpaka_chassis_description/launch/view_chassis.launch.py
[0.338s] -- Up-to-date: /home/alpaka-admin/my_alpaka_urdf_ws/install/alpaka_chassis_description/share/alpaka_chassis_description/rviz
[0.342s] -- Up-to-date: /home/alpaka-admin/my_alpaka_urdf_ws/install/alpaka_chassis_description/share/alpaka_chassis_description/rviz/view_chassis.rviz
[0.343s] -- Up-to-date: /home/alpaka-admin/my_alpaka_urdf_ws/install/alpaka_chassis_description/share/ament_index/resource_index/package_run_dependencies/alpaka_chassis_description
[0.343s] -- Up-to-date: /home/alpaka-admin/my_alpaka_urdf_ws/install/alpaka_chassis_description/share/ament_index/resource_index/parent_prefix_path/alpaka_chassis_description
[0.343s] -- Up-to-date: /home/alpaka-admin/my_alpaka_urdf_ws/install/alpaka_chassis_description/share/alpaka_chassis_description/environment/ament_prefix_path.sh
[0.344s] -- Up-to-date: /home/alpaka-admin/my_alpaka_urdf_ws/install/alpaka_chassis_description/share/alpaka_chassis_description/environment/ament_prefix_path.dsv
[0.345s] -- Up-to-date: /home/alpaka-admin/my_alpaka_urdf_ws/install/alpaka_chassis_description/share/alpaka_chassis_description/environment/path.sh
[0.346s] -- Up-to-date: /home/alpaka-admin/my_alpaka_urdf_ws/install/alpaka_chassis_description/share/alpaka_chassis_description/environment/path.dsv
[0.347s] -- Up-to-date: /home/alpaka-admin/my_alpaka_urdf_ws/install/alpaka_chassis_description/share/alpaka_chassis_description/local_setup.bash
[0.347s] -- Up-to-date: /home/alpaka-admin/my_alpaka_urdf_ws/install/alpaka_chassis_description/share/alpaka_chassis_description/local_setup.sh
[0.347s] -- Up-to-date: /home/alpaka-admin/my_alpaka_urdf_ws/install/alpaka_chassis_description/share/alpaka_chassis_description/local_setup.zsh
[0.349s] -- Up-to-date: /home/alpaka-admin/my_alpaka_urdf_ws/install/alpaka_chassis_description/share/alpaka_chassis_description/local_setup.dsv
[0.349s] -- Installing: /home/alpaka-admin/my_alpaka_urdf_ws/install/alpaka_chassis_description/share/alpaka_chassis_description/package.dsv
[0.350s] -- Up-to-date: /home/alpaka-admin/my_alpaka_urdf_ws/install/alpaka_chassis_description/share/ament_index/resource_index/packages/alpaka_chassis_description
[0.352s] -- Up-to-date: /home/alpaka-admin/my_alpaka_urdf_ws/install/alpaka_chassis_description/share/alpaka_chassis_description/cmake/alpaka_chassis_descriptionConfig.cmake
[0.352s] -- Up-to-date: /home/alpaka-admin/my_alpaka_urdf_ws/install/alpaka_chassis_description/share/alpaka_chassis_description/cmake/alpaka_chassis_descriptionConfig-version.cmake
[0.352s] -- Up-to-date: /home/alpaka-admin/my_alpaka_urdf_ws/install/alpaka_chassis_description/share/alpaka_chassis_description/package.xml
[0.356s] Invoked command in '/home/alpaka-admin/my_alpaka_urdf_ws/build/alpaka_chassis_description' returned '0': CMAKE_PREFIX_PATH=/opt/ros/humble ROS_DOMAIN_ID=3 /usr/bin/cmake --install /home/alpaka-admin/my_alpaka_urdf_ws/build/alpaka_chassis_description
