In file included from [01m[K/opt/ros/humble/include/rclcpp/rclcpp/logging.hpp:24[m[K,
                 from [01m[K/opt/ros/humble/include/rclcpp/rclcpp/client.hpp:40[m[K,
                 from [01m[K/opt/ros/humble/include/rclcpp/rclcpp/callback_group.hpp:24[m[K,
                 from [01m[K/opt/ros/humble/include/rclcpp/rclcpp/any_executable.hpp:20[m[K,
                 from [01m[K/opt/ros/humble/include/rclcpp/rclcpp/memory_strategy.hpp:25[m[K,
                 from [01m[K/opt/ros/humble/include/rclcpp/rclcpp/memory_strategies.hpp:18[m[K,
                 from [01m[K/opt/ros/humble/include/rclcpp/rclcpp/executor_options.hpp:20[m[K,
                 from [01m[K/opt/ros/humble/include/rclcpp/rclcpp/executor.hpp:37[m[K,
                 from [01m[K/opt/ros/humble/include/rclcpp/rclcpp/executors/multi_threaded_executor.hpp:25[m[K,
                 from [01m[K/opt/ros/humble/include/rclcpp/rclcpp/executors.hpp:21[m[K,
                 from [01m[K/opt/ros/humble/include/rclcpp/rclcpp/rclcpp.hpp:155[m[K,
                 from [01m[K/home/alpaka-admin/my_alpaka_urdf_ws/src/alpaka_welding_cobot_moveit/include/ml_node_receiver_driver.hpp:5[m[K,
                 from [01m[K/home/alpaka-admin/my_alpaka_urdf_ws/src/alpaka_welding_cobot_moveit/src/ml_receiver_node_driver.cpp:1[m[K:
[01m[K/home/alpaka-admin/my_alpaka_urdf_ws/src/alpaka_welding_cobot_moveit/src/ml_receiver_node_driver.cpp:[m[K In member function ‘[01m[Kvoid MlReceiverMoveitNode::onPointReceiveCallback(geometry_msgs::msg::Point_<std::allocator<void> >::SharedPtr)[m[K’:
[01m[K/home/alpaka-admin/my_alpaka_urdf_ws/src/alpaka_welding_cobot_moveit/src/ml_receiver_node_driver.cpp:62:66:[m[K [01;31m[Kerror: [m[K‘[01m[Kusing _transform_type = struct geometry_msgs::msg::Transform_<std::allocator<void> >[m[K’ {aka ‘[01m[Kstruct geometry_msgs::msg::Transform_<std::allocator<void> >[m[K’} has no member named ‘[01m[Krotationn[m[K’; did you mean ‘[01m[Krotation[m[K’?
   62 | CLCPP_INFO(LOGGER, "O_y: %f", transform_tcp_tool0.transform.[01;31m[Krotationn[m[K.y);
      |                                                             [01;31m[K^~~~~~~~~[m[K

[01m[K/home/alpaka-admin/my_alpaka_urdf_ws/src/alpaka_welding_cobot_moveit/src/ml_receiver_node_driver.cpp:80:69:[m[K [01;31m[Kerror: [m[K‘[01m[Kusing _transform_type = struct geometry_msgs::msg::Transform_<std::allocator<void> >[m[K’ {aka ‘[01m[Kstruct geometry_msgs::msg::Transform_<std::allocator<void> >[m[K’} has no member named ‘[01m[Krotationn[m[K’; did you mean ‘[01m[Krotation[m[K’?
   80 | PP_INFO(LOGGER, "O_y: %f", transform_camera_world.transform.[01;31m[Krotationn[m[K.y);
      |                                                             [01;31m[K^~~~~~~~~[m[K

gmake[2]: *** [CMakeFiles/alpaka_welding_cobot_moveit.dir/build.make:90: CMakeFiles/alpaka_welding_cobot_moveit.dir/src/ml_receiver_node_driver.cpp.o] Error 1
gmake[1]: *** [CMakeFiles/Makefile2:137: CMakeFiles/alpaka_welding_cobot_moveit.dir/all] Error 2
gmake: *** [Makefile:146: all] Error 2
