[0.107s] Invoking command in '/home/alpaka-admin/my_alpaka_urdf_ws/build/alpaka_welding_cobot_moveit_config': CMAKE_PREFIX_PATH=${CMAKE_PREFIX_PATH}:/home/alpaka-admin/my_alpaka_urdf_ws/install/ml_model:/opt/ros/humble ROS_DOMAIN_ID=86 /usr/bin/cmake --build /home/alpaka-admin/my_alpaka_urdf_ws/build/alpaka_welding_cobot_moveit_config -- -j8 -l8
[0.368s] Invoked command in '/home/alpaka-admin/my_alpaka_urdf_ws/build/alpaka_welding_cobot_moveit_config' returned '0': CMAKE_PREFIX_PATH=${CMAKE_PREFIX_PATH}:/home/alpaka-admin/my_alpaka_urdf_ws/install/ml_model:/opt/ros/humble ROS_DOMAIN_ID=86 /usr/bin/cmake --build /home/alpaka-admin/my_alpaka_urdf_ws/build/alpaka_welding_cobot_moveit_config -- -j8 -l8
[0.369s] Invoking command in '/home/alpaka-admin/my_alpaka_urdf_ws/build/alpaka_welding_cobot_moveit_config': CMAKE_PREFIX_PATH=${CMAKE_PREFIX_PATH}:/home/alpaka-admin/my_alpaka_urdf_ws/install/ml_model:/opt/ros/humble ROS_DOMAIN_ID=86 /usr/bin/cmake --install /home/alpaka-admin/my_alpaka_urdf_ws/build/alpaka_welding_cobot_moveit_config
[0.453s] -- Install configuration: ""
[0.454s] -- Up-to-date: /home/alpaka-admin/my_alpaka_urdf_ws/install/alpaka_welding_cobot_moveit_config/share/alpaka_welding_cobot_moveit_config/config
[0.454s] -- Up-to-date: /home/alpaka-admin/my_alpaka_urdf_ws/install/alpaka_welding_cobot_moveit_config/share/alpaka_welding_cobot_moveit_config/config/ompl_planning.yaml
[0.466s] -- Up-to-date: /home/alpaka-admin/my_alpaka_urdf_ws/install/alpaka_welding_cobot_moveit_config/share/alpaka_welding_cobot_moveit_config/config/joint_limits.yaml
[0.466s] -- Up-to-date: /home/alpaka-admin/my_alpaka_urdf_ws/install/alpaka_welding_cobot_moveit_config/share/alpaka_welding_cobot_moveit_config/config/pilz_cartesian_limits.yaml
[0.466s] -- Up-to-date: /home/alpaka-admin/my_alpaka_urdf_ws/install/alpaka_welding_cobot_moveit_config/share/alpaka_welding_cobot_moveit_config/config/controllers.yaml
[0.467s] -- Up-to-date: /home/alpaka-admin/my_alpaka_urdf_ws/install/alpaka_welding_cobot_moveit_config/share/alpaka_welding_cobot_moveit_config/config/ur_servo.yaml
[0.468s] -- Up-to-date: /home/alpaka-admin/my_alpaka_urdf_ws/install/alpaka_welding_cobot_moveit_config/share/alpaka_welding_cobot_moveit_config/config/kinematics.yaml
[0.470s] -- Up-to-date: /home/alpaka-admin/my_alpaka_urdf_ws/install/alpaka_welding_cobot_moveit_config/share/alpaka_welding_cobot_moveit_config/config/pilz_industrial_motion_planner_planning.yaml
[0.470s] -- Up-to-date: /home/alpaka-admin/my_alpaka_urdf_ws/install/alpaka_welding_cobot_moveit_config/share/alpaka_welding_cobot_moveit_config/srdf
[0.471s] -- Up-to-date: /home/alpaka-admin/my_alpaka_urdf_ws/install/alpaka_welding_cobot_moveit_config/share/alpaka_welding_cobot_moveit_config/srdf/ur.srdf.xacro
[0.471s] -- Up-to-date: /home/alpaka-admin/my_alpaka_urdf_ws/install/alpaka_welding_cobot_moveit_config/share/alpaka_welding_cobot_moveit_config/rviz
[0.471s] -- Up-to-date: /home/alpaka-admin/my_alpaka_urdf_ws/install/alpaka_welding_cobot_moveit_config/share/alpaka_welding_cobot_moveit_config/rviz/view_robot.rviz
[0.471s] -- Up-to-date: /home/alpaka-admin/my_alpaka_urdf_ws/install/alpaka_welding_cobot_moveit_config/share/ament_index/resource_index/package_run_dependencies/alpaka_welding_cobot_moveit_config
[0.472s] -- Up-to-date: /home/alpaka-admin/my_alpaka_urdf_ws/install/alpaka_welding_cobot_moveit_config/share/ament_index/resource_index/parent_prefix_path/alpaka_welding_cobot_moveit_config
[0.478s] -- Up-to-date: /home/alpaka-admin/my_alpaka_urdf_ws/install/alpaka_welding_cobot_moveit_config/share/alpaka_welding_cobot_moveit_config/environment/ament_prefix_path.sh
[0.479s] -- Up-to-date: /home/alpaka-admin/my_alpaka_urdf_ws/install/alpaka_welding_cobot_moveit_config/share/alpaka_welding_cobot_moveit_config/environment/ament_prefix_path.dsv
[0.480s] -- Up-to-date: /home/alpaka-admin/my_alpaka_urdf_ws/install/alpaka_welding_cobot_moveit_config/share/alpaka_welding_cobot_moveit_config/environment/path.sh
[0.481s] -- Up-to-date: /home/alpaka-admin/my_alpaka_urdf_ws/install/alpaka_welding_cobot_moveit_config/share/alpaka_welding_cobot_moveit_config/environment/path.dsv
[0.485s] -- Up-to-date: /home/alpaka-admin/my_alpaka_urdf_ws/install/alpaka_welding_cobot_moveit_config/share/alpaka_welding_cobot_moveit_config/local_setup.bash
[0.487s] -- Up-to-date: /home/alpaka-admin/my_alpaka_urdf_ws/install/alpaka_welding_cobot_moveit_config/share/alpaka_welding_cobot_moveit_config/local_setup.sh
[0.490s] -- Up-to-date: /home/alpaka-admin/my_alpaka_urdf_ws/install/alpaka_welding_cobot_moveit_config/share/alpaka_welding_cobot_moveit_config/local_setup.zsh
[0.490s] -- Up-to-date: /home/alpaka-admin/my_alpaka_urdf_ws/install/alpaka_welding_cobot_moveit_config/share/alpaka_welding_cobot_moveit_config/local_setup.dsv
[0.491s] -- Installing: /home/alpaka-admin/my_alpaka_urdf_ws/install/alpaka_welding_cobot_moveit_config/share/alpaka_welding_cobot_moveit_config/package.dsv
[0.492s] -- Up-to-date: /home/alpaka-admin/my_alpaka_urdf_ws/install/alpaka_welding_cobot_moveit_config/share/ament_index/resource_index/packages/alpaka_welding_cobot_moveit_config
[0.493s] -- Up-to-date: /home/alpaka-admin/my_alpaka_urdf_ws/install/alpaka_welding_cobot_moveit_config/share/alpaka_welding_cobot_moveit_config/cmake/alpaka_welding_cobot_moveit_configConfig.cmake
[0.495s] -- Up-to-date: /home/alpaka-admin/my_alpaka_urdf_ws/install/alpaka_welding_cobot_moveit_config/share/alpaka_welding_cobot_moveit_config/cmake/alpaka_welding_cobot_moveit_configConfig-version.cmake
[0.495s] -- Up-to-date: /home/alpaka-admin/my_alpaka_urdf_ws/install/alpaka_welding_cobot_moveit_config/share/alpaka_welding_cobot_moveit_config/package.xml
[0.663s] Invoked command in '/home/alpaka-admin/my_alpaka_urdf_ws/build/alpaka_welding_cobot_moveit_config' returned '0': CMAKE_PREFIX_PATH=${CMAKE_PREFIX_PATH}:/home/alpaka-admin/my_alpaka_urdf_ws/install/ml_model:/opt/ros/humble ROS_DOMAIN_ID=86 /usr/bin/cmake --install /home/alpaka-admin/my_alpaka_urdf_ws/build/alpaka_welding_cobot_moveit_config
