[0.155s] Invoking command in '/home/alpaka-admin/my_alpaka_urdf_ws/build/realsense2_camera_msgs': CMAKE_PREFIX_PATH=${CMAKE_PREFIX_PATH}:/home/alpaka-admin/my_alpaka_urdf_ws/install/ml_model:/opt/ros/humble ROS_DOMAIN_ID=81 /usr/bin/cmake --build /home/alpaka-admin/my_alpaka_urdf_ws/build/realsense2_camera_msgs -- -j8 -l8
[0.387s] [ 11%] Built target realsense2_camera_msgs__rosidl_generator_c
[0.388s] [ 12%] Built target realsense2_camera_msgs__cpp
[0.457s] [ 12%] Built target ament_cmake_python_copy_realsense2_camera_msgs
[0.607s] [ 23%] Built target realsense2_camera_msgs__rosidl_typesupport_fastrtps_cpp
[0.614s] [ 34%] Built target realsense2_camera_msgs__rosidl_typesupport_cpp
[0.615s] [ 46%] Built target realsense2_camera_msgs__rosidl_typesupport_fastrtps_c
[0.615s] [ 57%] Built target realsense2_camera_msgs__rosidl_typesupport_introspection_c
[0.615s] [ 68%] Built target realsense2_camera_msgs__rosidl_typesupport_introspection_cpp
[0.659s] [ 79%] Built target realsense2_camera_msgs__rosidl_typesupport_c
[0.723s] [ 79%] Built target realsense2_camera_msgs
[0.814s] [ 80%] Built target realsense2_camera_msgs__py
[0.939s] [ 90%] Built target realsense2_camera_msgs__rosidl_generator_py
[1.024s] [ 95%] Built target realsense2_camera_msgs__rosidl_typesupport_fastrtps_c__pyext
[1.028s] [ 96%] Built target realsense2_camera_msgs__rosidl_typesupport_introspection_c__pyext
[1.129s] [100%] Built target realsense2_camera_msgs__rosidl_typesupport_c__pyext
[1.634s] running egg_info
[1.638s] writing realsense2_camera_msgs.egg-info/PKG-INFO
[1.641s] writing dependency_links to realsense2_camera_msgs.egg-info/dependency_links.txt
[1.643s] writing top-level names to realsense2_camera_msgs.egg-info/top_level.txt
[1.651s] reading manifest file 'realsense2_camera_msgs.egg-info/SOURCES.txt'
[1.653s] writing manifest file 'realsense2_camera_msgs.egg-info/SOURCES.txt'
[1.756s] [100%] Built target ament_cmake_python_build_realsense2_camera_msgs_egg
[2.355s] Invoked command in '/home/alpaka-admin/my_alpaka_urdf_ws/build/realsense2_camera_msgs' returned '0': CMAKE_PREFIX_PATH=${CMAKE_PREFIX_PATH}:/home/alpaka-admin/my_alpaka_urdf_ws/install/ml_model:/opt/ros/humble ROS_DOMAIN_ID=81 /usr/bin/cmake --build /home/alpaka-admin/my_alpaka_urdf_ws/build/realsense2_camera_msgs -- -j8 -l8
[2.361s] Invoking command in '/home/alpaka-admin/my_alpaka_urdf_ws/build/realsense2_camera_msgs': CMAKE_PREFIX_PATH=${CMAKE_PREFIX_PATH}:/home/alpaka-admin/my_alpaka_urdf_ws/install/ml_model:/opt/ros/humble ROS_DOMAIN_ID=81 /usr/bin/cmake --install /home/alpaka-admin/my_alpaka_urdf_ws/build/realsense2_camera_msgs
[2.402s] -- Install configuration: ""
[2.403s] -- Up-to-date: /home/alpaka-admin/my_alpaka_urdf_ws/install/realsense2_camera_msgs/share/ament_index/resource_index/rosidl_interfaces/realsense2_camera_msgs
[2.403s] -- Up-to-date: /home/alpaka-admin/my_alpaka_urdf_ws/install/realsense2_camera_msgs/include/realsense2_camera_msgs/realsense2_camera_msgs
[2.405s] -- Up-to-date: /home/alpaka-admin/my_alpaka_urdf_ws/install/realsense2_camera_msgs/include/realsense2_camera_msgs/realsense2_camera_msgs/srv
[2.406s] -- Up-to-date: /home/alpaka-admin/my_alpaka_urdf_ws/install/realsense2_camera_msgs/include/realsense2_camera_msgs/realsense2_camera_msgs/srv/detail
[2.408s] -- Up-to-date: /home/alpaka-admin/my_alpaka_urdf_ws/install/realsense2_camera_msgs/include/realsense2_camera_msgs/realsense2_camera_msgs/srv/detail/device_info__functions.c
[2.410s] -- Up-to-date: /home/alpaka-admin/my_alpaka_urdf_ws/install/realsense2_camera_msgs/include/realsense2_camera_msgs/realsense2_camera_msgs/srv/detail/device_info__type_support.h
[2.413s] -- Up-to-date: /home/alpaka-admin/my_alpaka_urdf_ws/install/realsense2_camera_msgs/include/realsense2_camera_msgs/realsense2_camera_msgs/srv/detail/device_info__functions.h
[2.415s] -- Up-to-date: /home/alpaka-admin/my_alpaka_urdf_ws/install/realsense2_camera_msgs/include/realsense2_camera_msgs/realsense2_camera_msgs/srv/detail/device_info__struct.h
[2.420s] -- Up-to-date: /home/alpaka-admin/my_alpaka_urdf_ws/install/realsense2_camera_msgs/include/realsense2_camera_msgs/realsense2_camera_msgs/srv/device_info.h
[2.423s] -- Up-to-date: /home/alpaka-admin/my_alpaka_urdf_ws/install/realsense2_camera_msgs/include/realsense2_camera_msgs/realsense2_camera_msgs/msg
[2.423s] -- Up-to-date: /home/alpaka-admin/my_alpaka_urdf_ws/install/realsense2_camera_msgs/include/realsense2_camera_msgs/realsense2_camera_msgs/msg/rosidl_generator_c__visibility_control.h
[2.424s] -- Up-to-date: /home/alpaka-admin/my_alpaka_urdf_ws/install/realsense2_camera_msgs/include/realsense2_camera_msgs/realsense2_camera_msgs/msg/rgbd.h
[2.424s] -- Up-to-date: /home/alpaka-admin/my_alpaka_urdf_ws/install/realsense2_camera_msgs/include/realsense2_camera_msgs/realsense2_camera_msgs/msg/metadata.h
[2.427s] -- Up-to-date: /home/alpaka-admin/my_alpaka_urdf_ws/install/realsense2_camera_msgs/include/realsense2_camera_msgs/realsense2_camera_msgs/msg/detail
[2.430s] -- Up-to-date: /home/alpaka-admin/my_alpaka_urdf_ws/install/realsense2_camera_msgs/include/realsense2_camera_msgs/realsense2_camera_msgs/msg/detail/imu_info__type_support.h
[2.430s] -- Up-to-date: /home/alpaka-admin/my_alpaka_urdf_ws/install/realsense2_camera_msgs/include/realsense2_camera_msgs/realsense2_camera_msgs/msg/detail/imu_info__functions.h
[2.435s] -- Up-to-date: /home/alpaka-admin/my_alpaka_urdf_ws/install/realsense2_camera_msgs/include/realsense2_camera_msgs/realsense2_camera_msgs/msg/detail/rgbd__type_support.h
[2.436s] -- Up-to-date: /home/alpaka-admin/my_alpaka_urdf_ws/install/realsense2_camera_msgs/include/realsense2_camera_msgs/realsense2_camera_msgs/msg/detail/metadata__struct.h
[2.436s] -- Up-to-date: /home/alpaka-admin/my_alpaka_urdf_ws/install/realsense2_camera_msgs/include/realsense2_camera_msgs/realsense2_camera_msgs/msg/detail/imu_info__struct.h
[2.437s] -- Up-to-date: /home/alpaka-admin/my_alpaka_urdf_ws/install/realsense2_camera_msgs/include/realsense2_camera_msgs/realsense2_camera_msgs/msg/detail/extrinsics__type_support.h
[2.437s] -- Up-to-date: /home/alpaka-admin/my_alpaka_urdf_ws/install/realsense2_camera_msgs/include/realsense2_camera_msgs/realsense2_camera_msgs/msg/detail/extrinsics__functions.c
[2.437s] -- Up-to-date: /home/alpaka-admin/my_alpaka_urdf_ws/install/realsense2_camera_msgs/include/realsense2_camera_msgs/realsense2_camera_msgs/msg/detail/metadata__type_support.h
[2.437s] -- Up-to-date: /home/alpaka-admin/my_alpaka_urdf_ws/install/realsense2_camera_msgs/include/realsense2_camera_msgs/realsense2_camera_msgs/msg/detail/metadata__functions.c
[2.438s] -- Up-to-date: /home/alpaka-admin/my_alpaka_urdf_ws/install/realsense2_camera_msgs/include/realsense2_camera_msgs/realsense2_camera_msgs/msg/detail/metadata__functions.h
[2.438s] -- Up-to-date: /home/alpaka-admin/my_alpaka_urdf_ws/install/realsense2_camera_msgs/include/realsense2_camera_msgs/realsense2_camera_msgs/msg/detail/extrinsics__struct.h
[2.438s] -- Up-to-date: /home/alpaka-admin/my_alpaka_urdf_ws/install/realsense2_camera_msgs/include/realsense2_camera_msgs/realsense2_camera_msgs/msg/detail/rgbd__struct.h
[2.438s] -- Up-to-date: /home/alpaka-admin/my_alpaka_urdf_ws/install/realsense2_camera_msgs/include/realsense2_camera_msgs/realsense2_camera_msgs/msg/detail/imu_info__functions.c
[2.438s] -- Up-to-date: /home/alpaka-admin/my_alpaka_urdf_ws/install/realsense2_camera_msgs/include/realsense2_camera_msgs/realsense2_camera_msgs/msg/detail/rgbd__functions.c
[2.439s] -- Up-to-date: /home/alpaka-admin/my_alpaka_urdf_ws/install/realsense2_camera_msgs/include/realsense2_camera_msgs/realsense2_camera_msgs/msg/detail/rgbd__functions.h
[2.439s] -- Up-to-date: /home/alpaka-admin/my_alpaka_urdf_ws/install/realsense2_camera_msgs/include/realsense2_camera_msgs/realsense2_camera_msgs/msg/detail/extrinsics__functions.h
[2.439s] -- Up-to-date: /home/alpaka-admin/my_alpaka_urdf_ws/install/realsense2_camera_msgs/include/realsense2_camera_msgs/realsense2_camera_msgs/msg/imu_info.h
[2.442s] -- Up-to-date: /home/alpaka-admin/my_alpaka_urdf_ws/install/realsense2_camera_msgs/include/realsense2_camera_msgs/realsense2_camera_msgs/msg/extrinsics.h
[2.442s] -- Up-to-date: /home/alpaka-admin/my_alpaka_urdf_ws/install/realsense2_camera_msgs/share/realsense2_camera_msgs/environment/library_path.sh
[2.442s] -- Up-to-date: /home/alpaka-admin/my_alpaka_urdf_ws/install/realsense2_camera_msgs/share/realsense2_camera_msgs/environment/library_path.dsv
[2.443s] -- Up-to-date: /home/alpaka-admin/my_alpaka_urdf_ws/install/realsense2_camera_msgs/lib/librealsense2_camera_msgs__rosidl_generator_c.so
[2.443s] -- Up-to-date: /home/alpaka-admin/my_alpaka_urdf_ws/install/realsense2_camera_msgs/include/realsense2_camera_msgs/realsense2_camera_msgs
[2.443s] -- Up-to-date: /home/alpaka-admin/my_alpaka_urdf_ws/install/realsense2_camera_msgs/include/realsense2_camera_msgs/realsense2_camera_msgs/srv
[2.444s] -- Up-to-date: /home/alpaka-admin/my_alpaka_urdf_ws/install/realsense2_camera_msgs/include/realsense2_camera_msgs/realsense2_camera_msgs/srv/detail
[2.444s] -- Up-to-date: /home/alpaka-admin/my_alpaka_urdf_ws/install/realsense2_camera_msgs/include/realsense2_camera_msgs/realsense2_camera_msgs/srv/detail/device_info__rosidl_typesupport_fastrtps_c.h
[2.444s] -- Up-to-date: /home/alpaka-admin/my_alpaka_urdf_ws/install/realsense2_camera_msgs/include/realsense2_camera_msgs/realsense2_camera_msgs/msg
[2.444s] -- Up-to-date: /home/alpaka-admin/my_alpaka_urdf_ws/install/realsense2_camera_msgs/include/realsense2_camera_msgs/realsense2_camera_msgs/msg/rosidl_typesupport_fastrtps_c__visibility_control.h
[2.444s] -- Up-to-date: /home/alpaka-admin/my_alpaka_urdf_ws/install/realsense2_camera_msgs/include/realsense2_camera_msgs/realsense2_camera_msgs/msg/detail
[2.444s] -- Up-to-date: /home/alpaka-admin/my_alpaka_urdf_ws/install/realsense2_camera_msgs/include/realsense2_camera_msgs/realsense2_camera_msgs/msg/detail/rgbd__rosidl_typesupport_fastrtps_c.h
[2.445s] -- Up-to-date: /home/alpaka-admin/my_alpaka_urdf_ws/install/realsense2_camera_msgs/include/realsense2_camera_msgs/realsense2_camera_msgs/msg/detail/metadata__rosidl_typesupport_fastrtps_c.h
[2.445s] -- Up-to-date: /home/alpaka-admin/my_alpaka_urdf_ws/install/realsense2_camera_msgs/include/realsense2_camera_msgs/realsense2_camera_msgs/msg/detail/extrinsics__rosidl_typesupport_fastrtps_c.h
[2.445s] -- Up-to-date: /home/alpaka-admin/my_alpaka_urdf_ws/install/realsense2_camera_msgs/include/realsense2_camera_msgs/realsense2_camera_msgs/msg/detail/imu_info__rosidl_typesupport_fastrtps_c.h
[2.445s] -- Up-to-date: /home/alpaka-admin/my_alpaka_urdf_ws/install/realsense2_camera_msgs/lib/librealsense2_camera_msgs__rosidl_typesupport_fastrtps_c.so
[2.447s] -- Up-to-date: /home/alpaka-admin/my_alpaka_urdf_ws/install/realsense2_camera_msgs/include/realsense2_camera_msgs/realsense2_camera_msgs
[2.447s] -- Up-to-date: /home/alpaka-admin/my_alpaka_urdf_ws/install/realsense2_camera_msgs/include/realsense2_camera_msgs/realsense2_camera_msgs/srv
[2.447s] -- Up-to-date: /home/alpaka-admin/my_alpaka_urdf_ws/install/realsense2_camera_msgs/include/realsense2_camera_msgs/realsense2_camera_msgs/srv/detail
[2.448s] -- Up-to-date: /home/alpaka-admin/my_alpaka_urdf_ws/install/realsense2_camera_msgs/include/realsense2_camera_msgs/realsense2_camera_msgs/srv/detail/device_info__rosidl_typesupport_introspection_c.h
[2.448s] -- Up-to-date: /home/alpaka-admin/my_alpaka_urdf_ws/install/realsense2_camera_msgs/include/realsense2_camera_msgs/realsense2_camera_msgs/srv/detail/device_info__type_support.c
[2.448s] -- Up-to-date: /home/alpaka-admin/my_alpaka_urdf_ws/install/realsense2_camera_msgs/include/realsense2_camera_msgs/realsense2_camera_msgs/msg
[2.448s] -- Up-to-date: /home/alpaka-admin/my_alpaka_urdf_ws/install/realsense2_camera_msgs/include/realsense2_camera_msgs/realsense2_camera_msgs/msg/detail
[2.448s] -- Up-to-date: /home/alpaka-admin/my_alpaka_urdf_ws/install/realsense2_camera_msgs/include/realsense2_camera_msgs/realsense2_camera_msgs/msg/detail/imu_info__type_support.c
[2.448s] -- Up-to-date: /home/alpaka-admin/my_alpaka_urdf_ws/install/realsense2_camera_msgs/include/realsense2_camera_msgs/realsense2_camera_msgs/msg/detail/metadata__type_support.c
[2.449s] -- Up-to-date: /home/alpaka-admin/my_alpaka_urdf_ws/install/realsense2_camera_msgs/include/realsense2_camera_msgs/realsense2_camera_msgs/msg/detail/extrinsics__rosidl_typesupport_introspection_c.h
[2.449s] -- Up-to-date: /home/alpaka-admin/my_alpaka_urdf_ws/install/realsense2_camera_msgs/include/realsense2_camera_msgs/realsense2_camera_msgs/msg/detail/imu_info__rosidl_typesupport_introspection_c.h
[2.455s] -- Up-to-date: /home/alpaka-admin/my_alpaka_urdf_ws/install/realsense2_camera_msgs/include/realsense2_camera_msgs/realsense2_camera_msgs/msg/detail/rgbd__type_support.c
[2.456s] -- Up-to-date: /home/alpaka-admin/my_alpaka_urdf_ws/install/realsense2_camera_msgs/include/realsense2_camera_msgs/realsense2_camera_msgs/msg/detail/extrinsics__type_support.c
[2.456s] -- Up-to-date: /home/alpaka-admin/my_alpaka_urdf_ws/install/realsense2_camera_msgs/include/realsense2_camera_msgs/realsense2_camera_msgs/msg/detail/rgbd__rosidl_typesupport_introspection_c.h
[2.456s] -- Up-to-date: /home/alpaka-admin/my_alpaka_urdf_ws/install/realsense2_camera_msgs/include/realsense2_camera_msgs/realsense2_camera_msgs/msg/detail/metadata__rosidl_typesupport_introspection_c.h
[2.459s] -- Up-to-date: /home/alpaka-admin/my_alpaka_urdf_ws/install/realsense2_camera_msgs/include/realsense2_camera_msgs/realsense2_camera_msgs/msg/rosidl_typesupport_introspection_c__visibility_control.h
[2.460s] -- Up-to-date: /home/alpaka-admin/my_alpaka_urdf_ws/install/realsense2_camera_msgs/lib/librealsense2_camera_msgs__rosidl_typesupport_introspection_c.so
[2.460s] -- Up-to-date: /home/alpaka-admin/my_alpaka_urdf_ws/install/realsense2_camera_msgs/lib/librealsense2_camera_msgs__rosidl_typesupport_c.so
[2.460s] -- Up-to-date: /home/alpaka-admin/my_alpaka_urdf_ws/install/realsense2_camera_msgs/include/realsense2_camera_msgs/realsense2_camera_msgs
[2.462s] -- Up-to-date: /home/alpaka-admin/my_alpaka_urdf_ws/install/realsense2_camera_msgs/include/realsense2_camera_msgs/realsense2_camera_msgs/srv
[2.462s] -- Up-to-date: /home/alpaka-admin/my_alpaka_urdf_ws/install/realsense2_camera_msgs/include/realsense2_camera_msgs/realsense2_camera_msgs/srv/detail
[2.462s] -- Up-to-date: /home/alpaka-admin/my_alpaka_urdf_ws/install/realsense2_camera_msgs/include/realsense2_camera_msgs/realsense2_camera_msgs/srv/detail/device_info__builder.hpp
[2.463s] -- Up-to-date: /home/alpaka-admin/my_alpaka_urdf_ws/install/realsense2_camera_msgs/include/realsense2_camera_msgs/realsense2_camera_msgs/srv/detail/device_info__traits.hpp
[2.463s] -- Up-to-date: /home/alpaka-admin/my_alpaka_urdf_ws/install/realsense2_camera_msgs/include/realsense2_camera_msgs/realsense2_camera_msgs/srv/detail/device_info__struct.hpp
[2.463s] -- Up-to-date: /home/alpaka-admin/my_alpaka_urdf_ws/install/realsense2_camera_msgs/include/realsense2_camera_msgs/realsense2_camera_msgs/srv/detail/device_info__type_support.hpp
[2.463s] -- Up-to-date: /home/alpaka-admin/my_alpaka_urdf_ws/install/realsense2_camera_msgs/include/realsense2_camera_msgs/realsense2_camera_msgs/srv/device_info.hpp
[2.463s] -- Up-to-date: /home/alpaka-admin/my_alpaka_urdf_ws/install/realsense2_camera_msgs/include/realsense2_camera_msgs/realsense2_camera_msgs/msg
[2.464s] -- Up-to-date: /home/alpaka-admin/my_alpaka_urdf_ws/install/realsense2_camera_msgs/include/realsense2_camera_msgs/realsense2_camera_msgs/msg/rgbd.hpp
[2.464s] -- Up-to-date: /home/alpaka-admin/my_alpaka_urdf_ws/install/realsense2_camera_msgs/include/realsense2_camera_msgs/realsense2_camera_msgs/msg/extrinsics.hpp
[2.467s] -- Up-to-date: /home/alpaka-admin/my_alpaka_urdf_ws/install/realsense2_camera_msgs/include/realsense2_camera_msgs/realsense2_camera_msgs/msg/metadata.hpp
[2.467s] -- Up-to-date: /home/alpaka-admin/my_alpaka_urdf_ws/install/realsense2_camera_msgs/include/realsense2_camera_msgs/realsense2_camera_msgs/msg/imu_info.hpp
[2.467s] -- Up-to-date: /home/alpaka-admin/my_alpaka_urdf_ws/install/realsense2_camera_msgs/include/realsense2_camera_msgs/realsense2_camera_msgs/msg/detail
[2.468s] -- Up-to-date: /home/alpaka-admin/my_alpaka_urdf_ws/install/realsense2_camera_msgs/include/realsense2_camera_msgs/realsense2_camera_msgs/msg/detail/imu_info__traits.hpp
[2.475s] -- Up-to-date: /home/alpaka-admin/my_alpaka_urdf_ws/install/realsense2_camera_msgs/include/realsense2_camera_msgs/realsense2_camera_msgs/msg/detail/rgbd__struct.hpp
[2.476s] -- Up-to-date: /home/alpaka-admin/my_alpaka_urdf_ws/install/realsense2_camera_msgs/include/realsense2_camera_msgs/realsense2_camera_msgs/msg/detail/extrinsics__builder.hpp
[2.476s] -- Up-to-date: /home/alpaka-admin/my_alpaka_urdf_ws/install/realsense2_camera_msgs/include/realsense2_camera_msgs/realsense2_camera_msgs/msg/detail/extrinsics__struct.hpp
[2.476s] -- Up-to-date: /home/alpaka-admin/my_alpaka_urdf_ws/install/realsense2_camera_msgs/include/realsense2_camera_msgs/realsense2_camera_msgs/msg/detail/metadata__struct.hpp
[2.476s] -- Up-to-date: /home/alpaka-admin/my_alpaka_urdf_ws/install/realsense2_camera_msgs/include/realsense2_camera_msgs/realsense2_camera_msgs/msg/detail/rgbd__builder.hpp
[2.477s] -- Up-to-date: /home/alpaka-admin/my_alpaka_urdf_ws/install/realsense2_camera_msgs/include/realsense2_camera_msgs/realsense2_camera_msgs/msg/detail/rgbd__traits.hpp
[2.477s] -- Up-to-date: /home/alpaka-admin/my_alpaka_urdf_ws/install/realsense2_camera_msgs/include/realsense2_camera_msgs/realsense2_camera_msgs/msg/detail/metadata__builder.hpp
[2.477s] -- Up-to-date: /home/alpaka-admin/my_alpaka_urdf_ws/install/realsense2_camera_msgs/include/realsense2_camera_msgs/realsense2_camera_msgs/msg/detail/extrinsics__type_support.hpp
[2.477s] -- Up-to-date: /home/alpaka-admin/my_alpaka_urdf_ws/install/realsense2_camera_msgs/include/realsense2_camera_msgs/realsense2_camera_msgs/msg/detail/rgbd__type_support.hpp
[2.477s] -- Up-to-date: /home/alpaka-admin/my_alpaka_urdf_ws/install/realsense2_camera_msgs/include/realsense2_camera_msgs/realsense2_camera_msgs/msg/detail/metadata__traits.hpp
[2.478s] -- Up-to-date: /home/alpaka-admin/my_alpaka_urdf_ws/install/realsense2_camera_msgs/include/realsense2_camera_msgs/realsense2_camera_msgs/msg/detail/imu_info__builder.hpp
[2.478s] -- Up-to-date: /home/alpaka-admin/my_alpaka_urdf_ws/install/realsense2_camera_msgs/include/realsense2_camera_msgs/realsense2_camera_msgs/msg/detail/extrinsics__traits.hpp
[2.478s] -- Up-to-date: /home/alpaka-admin/my_alpaka_urdf_ws/install/realsense2_camera_msgs/include/realsense2_camera_msgs/realsense2_camera_msgs/msg/detail/metadata__type_support.hpp
[2.478s] -- Up-to-date: /home/alpaka-admin/my_alpaka_urdf_ws/install/realsense2_camera_msgs/include/realsense2_camera_msgs/realsense2_camera_msgs/msg/detail/imu_info__type_support.hpp
[2.478s] -- Up-to-date: /home/alpaka-admin/my_alpaka_urdf_ws/install/realsense2_camera_msgs/include/realsense2_camera_msgs/realsense2_camera_msgs/msg/detail/imu_info__struct.hpp
[2.485s] -- Up-to-date: /home/alpaka-admin/my_alpaka_urdf_ws/install/realsense2_camera_msgs/include/realsense2_camera_msgs/realsense2_camera_msgs/msg/rosidl_generator_cpp__visibility_control.hpp
[2.485s] -- Up-to-date: /home/alpaka-admin/my_alpaka_urdf_ws/install/realsense2_camera_msgs/include/realsense2_camera_msgs/realsense2_camera_msgs
[2.486s] -- Up-to-date: /home/alpaka-admin/my_alpaka_urdf_ws/install/realsense2_camera_msgs/include/realsense2_camera_msgs/realsense2_camera_msgs/srv
[2.486s] -- Up-to-date: /home/alpaka-admin/my_alpaka_urdf_ws/install/realsense2_camera_msgs/include/realsense2_camera_msgs/realsense2_camera_msgs/srv/detail
[2.486s] -- Up-to-date: /home/alpaka-admin/my_alpaka_urdf_ws/install/realsense2_camera_msgs/include/realsense2_camera_msgs/realsense2_camera_msgs/srv/detail/device_info__rosidl_typesupport_fastrtps_cpp.hpp
[2.486s] -- Up-to-date: /home/alpaka-admin/my_alpaka_urdf_ws/install/realsense2_camera_msgs/include/realsense2_camera_msgs/realsense2_camera_msgs/srv/detail/dds_fastrtps
[2.486s] -- Up-to-date: /home/alpaka-admin/my_alpaka_urdf_ws/install/realsense2_camera_msgs/include/realsense2_camera_msgs/realsense2_camera_msgs/msg
[2.487s] -- Up-to-date: /home/alpaka-admin/my_alpaka_urdf_ws/install/realsense2_camera_msgs/include/realsense2_camera_msgs/realsense2_camera_msgs/msg/rosidl_typesupport_fastrtps_cpp__visibility_control.h
[2.487s] -- Up-to-date: /home/alpaka-admin/my_alpaka_urdf_ws/install/realsense2_camera_msgs/include/realsense2_camera_msgs/realsense2_camera_msgs/msg/detail
[2.490s] -- Up-to-date: /home/alpaka-admin/my_alpaka_urdf_ws/install/realsense2_camera_msgs/include/realsense2_camera_msgs/realsense2_camera_msgs/msg/detail/extrinsics__rosidl_typesupport_fastrtps_cpp.hpp
[2.490s] -- Up-to-date: /home/alpaka-admin/my_alpaka_urdf_ws/install/realsense2_camera_msgs/include/realsense2_camera_msgs/realsense2_camera_msgs/msg/detail/imu_info__rosidl_typesupport_fastrtps_cpp.hpp
[2.491s] -- Up-to-date: /home/alpaka-admin/my_alpaka_urdf_ws/install/realsense2_camera_msgs/include/realsense2_camera_msgs/realsense2_camera_msgs/msg/detail/rgbd__rosidl_typesupport_fastrtps_cpp.hpp
[2.491s] -- Up-to-date: /home/alpaka-admin/my_alpaka_urdf_ws/install/realsense2_camera_msgs/include/realsense2_camera_msgs/realsense2_camera_msgs/msg/detail/metadata__rosidl_typesupport_fastrtps_cpp.hpp
[2.491s] -- Up-to-date: /home/alpaka-admin/my_alpaka_urdf_ws/install/realsense2_camera_msgs/include/realsense2_camera_msgs/realsense2_camera_msgs/msg/detail/dds_fastrtps
[2.495s] -- Up-to-date: /home/alpaka-admin/my_alpaka_urdf_ws/install/realsense2_camera_msgs/lib/librealsense2_camera_msgs__rosidl_typesupport_fastrtps_cpp.so
[2.496s] -- Up-to-date: /home/alpaka-admin/my_alpaka_urdf_ws/install/realsense2_camera_msgs/include/realsense2_camera_msgs/realsense2_camera_msgs
[2.496s] -- Up-to-date: /home/alpaka-admin/my_alpaka_urdf_ws/install/realsense2_camera_msgs/include/realsense2_camera_msgs/realsense2_camera_msgs/srv
[2.496s] -- Up-to-date: /home/alpaka-admin/my_alpaka_urdf_ws/install/realsense2_camera_msgs/include/realsense2_camera_msgs/realsense2_camera_msgs/srv/detail
[2.497s] -- Up-to-date: /home/alpaka-admin/my_alpaka_urdf_ws/install/realsense2_camera_msgs/include/realsense2_camera_msgs/realsense2_camera_msgs/srv/detail/device_info__rosidl_typesupport_introspection_cpp.hpp
[2.497s] -- Up-to-date: /home/alpaka-admin/my_alpaka_urdf_ws/install/realsense2_camera_msgs/include/realsense2_camera_msgs/realsense2_camera_msgs/srv/detail/device_info__type_support.cpp
[2.497s] -- Up-to-date: /home/alpaka-admin/my_alpaka_urdf_ws/install/realsense2_camera_msgs/include/realsense2_camera_msgs/realsense2_camera_msgs/msg
[2.497s] -- Up-to-date: /home/alpaka-admin/my_alpaka_urdf_ws/install/realsense2_camera_msgs/include/realsense2_camera_msgs/realsense2_camera_msgs/msg/detail
[2.497s] -- Up-to-date: /home/alpaka-admin/my_alpaka_urdf_ws/install/realsense2_camera_msgs/include/realsense2_camera_msgs/realsense2_camera_msgs/msg/detail/extrinsics__type_support.cpp
[2.498s] -- Up-to-date: /home/alpaka-admin/my_alpaka_urdf_ws/install/realsense2_camera_msgs/include/realsense2_camera_msgs/realsense2_camera_msgs/msg/detail/metadata__type_support.cpp
[2.498s] -- Up-to-date: /home/alpaka-admin/my_alpaka_urdf_ws/install/realsense2_camera_msgs/include/realsense2_camera_msgs/realsense2_camera_msgs/msg/detail/rgbd__type_support.cpp
[2.498s] -- Up-to-date: /home/alpaka-admin/my_alpaka_urdf_ws/install/realsense2_camera_msgs/include/realsense2_camera_msgs/realsense2_camera_msgs/msg/detail/imu_info__type_support.cpp
[2.498s] -- Up-to-date: /home/alpaka-admin/my_alpaka_urdf_ws/install/realsense2_camera_msgs/include/realsense2_camera_msgs/realsense2_camera_msgs/msg/detail/metadata__rosidl_typesupport_introspection_cpp.hpp
[2.498s] -- Up-to-date: /home/alpaka-admin/my_alpaka_urdf_ws/install/realsense2_camera_msgs/include/realsense2_camera_msgs/realsense2_camera_msgs/msg/detail/rgbd__rosidl_typesupport_introspection_cpp.hpp
[2.510s] -- Up-to-date: /home/alpaka-admin/my_alpaka_urdf_ws/install/realsense2_camera_msgs/include/realsense2_camera_msgs/realsense2_camera_msgs/msg/detail/imu_info__rosidl_typesupport_introspection_cpp.hpp
[2.511s] -- Up-to-date: /home/alpaka-admin/my_alpaka_urdf_ws/install/realsense2_camera_msgs/include/realsense2_camera_msgs/realsense2_camera_msgs/msg/detail/extrinsics__rosidl_typesupport_introspection_cpp.hpp
[2.511s] -- Up-to-date: /home/alpaka-admin/my_alpaka_urdf_ws/install/realsense2_camera_msgs/lib/librealsense2_camera_msgs__rosidl_typesupport_introspection_cpp.so
[2.511s] -- Up-to-date: /home/alpaka-admin/my_alpaka_urdf_ws/install/realsense2_camera_msgs/lib/librealsense2_camera_msgs__rosidl_typesupport_cpp.so
[2.511s] -- Up-to-date: /home/alpaka-admin/my_alpaka_urdf_ws/install/realsense2_camera_msgs/share/realsense2_camera_msgs/environment/pythonpath.sh
[2.511s] -- Up-to-date: /home/alpaka-admin/my_alpaka_urdf_ws/install/realsense2_camera_msgs/share/realsense2_camera_msgs/environment/pythonpath.dsv
[2.512s] -- Up-to-date: /home/alpaka-admin/my_alpaka_urdf_ws/install/realsense2_camera_msgs/local/lib/python3.10/dist-packages/realsense2_camera_msgs-4.55.1-py3.10.egg-info
[2.512s] -- Installing: /home/alpaka-admin/my_alpaka_urdf_ws/install/realsense2_camera_msgs/local/lib/python3.10/dist-packages/realsense2_camera_msgs-4.55.1-py3.10.egg-info/PKG-INFO
[2.512s] -- Installing: /home/alpaka-admin/my_alpaka_urdf_ws/install/realsense2_camera_msgs/local/lib/python3.10/dist-packages/realsense2_camera_msgs-4.55.1-py3.10.egg-info/SOURCES.txt
[2.512s] -- Installing: /home/alpaka-admin/my_alpaka_urdf_ws/install/realsense2_camera_msgs/local/lib/python3.10/dist-packages/realsense2_camera_msgs-4.55.1-py3.10.egg-info/top_level.txt
[2.512s] -- Installing: /home/alpaka-admin/my_alpaka_urdf_ws/install/realsense2_camera_msgs/local/lib/python3.10/dist-packages/realsense2_camera_msgs-4.55.1-py3.10.egg-info/dependency_links.txt
[2.513s] -- Up-to-date: /home/alpaka-admin/my_alpaka_urdf_ws/install/realsense2_camera_msgs/local/lib/python3.10/dist-packages/realsense2_camera_msgs
[2.513s] -- Up-to-date: /home/alpaka-admin/my_alpaka_urdf_ws/install/realsense2_camera_msgs/local/lib/python3.10/dist-packages/realsense2_camera_msgs/_realsense2_camera_msgs_s.ep.rosidl_typesupport_introspection_c.c
[2.513s] -- Up-to-date: /home/alpaka-admin/my_alpaka_urdf_ws/install/realsense2_camera_msgs/local/lib/python3.10/dist-packages/realsense2_camera_msgs/srv
[2.513s] -- Up-to-date: /home/alpaka-admin/my_alpaka_urdf_ws/install/realsense2_camera_msgs/local/lib/python3.10/dist-packages/realsense2_camera_msgs/srv/_device_info_s.c
[2.513s] -- Up-to-date: /home/alpaka-admin/my_alpaka_urdf_ws/install/realsense2_camera_msgs/local/lib/python3.10/dist-packages/realsense2_camera_msgs/srv/__init__.py
[2.514s] -- Up-to-date: /home/alpaka-admin/my_alpaka_urdf_ws/install/realsense2_camera_msgs/local/lib/python3.10/dist-packages/realsense2_camera_msgs/srv/_device_info.py
[2.514s] -- Up-to-date: /home/alpaka-admin/my_alpaka_urdf_ws/install/realsense2_camera_msgs/local/lib/python3.10/dist-packages/realsense2_camera_msgs/_realsense2_camera_msgs_s.ep.rosidl_typesupport_fastrtps_c.c
[2.514s] -- Up-to-date: /home/alpaka-admin/my_alpaka_urdf_ws/install/realsense2_camera_msgs/local/lib/python3.10/dist-packages/realsense2_camera_msgs/realsense2_camera_msgs_s__rosidl_typesupport_fastrtps_c.cpython-310-x86_64-linux-gnu.so
[2.518s] -- Up-to-date: /home/alpaka-admin/my_alpaka_urdf_ws/install/realsense2_camera_msgs/local/lib/python3.10/dist-packages/realsense2_camera_msgs/librealsense2_camera_msgs__rosidl_generator_py.so
[2.519s] -- Up-to-date: /home/alpaka-admin/my_alpaka_urdf_ws/install/realsense2_camera_msgs/local/lib/python3.10/dist-packages/realsense2_camera_msgs/realsense2_camera_msgs_s__rosidl_typesupport_introspection_c.cpython-310-x86_64-linux-gnu.so
[2.519s] -- Up-to-date: /home/alpaka-admin/my_alpaka_urdf_ws/install/realsense2_camera_msgs/local/lib/python3.10/dist-packages/realsense2_camera_msgs/realsense2_camera_msgs_s__rosidl_typesupport_c.cpython-310-x86_64-linux-gnu.so
[2.519s] -- Up-to-date: /home/alpaka-admin/my_alpaka_urdf_ws/install/realsense2_camera_msgs/local/lib/python3.10/dist-packages/realsense2_camera_msgs/msg
[2.520s] -- Up-to-date: /home/alpaka-admin/my_alpaka_urdf_ws/install/realsense2_camera_msgs/local/lib/python3.10/dist-packages/realsense2_camera_msgs/msg/_rgbd.py
[2.520s] -- Up-to-date: /home/alpaka-admin/my_alpaka_urdf_ws/install/realsense2_camera_msgs/local/lib/python3.10/dist-packages/realsense2_camera_msgs/msg/_extrinsics_s.c
[2.520s] -- Up-to-date: /home/alpaka-admin/my_alpaka_urdf_ws/install/realsense2_camera_msgs/local/lib/python3.10/dist-packages/realsense2_camera_msgs/msg/_rgbd_s.c
[2.520s] -- Up-to-date: /home/alpaka-admin/my_alpaka_urdf_ws/install/realsense2_camera_msgs/local/lib/python3.10/dist-packages/realsense2_camera_msgs/msg/_imu_info_s.c
[2.521s] -- Up-to-date: /home/alpaka-admin/my_alpaka_urdf_ws/install/realsense2_camera_msgs/local/lib/python3.10/dist-packages/realsense2_camera_msgs/msg/_metadata.py
[2.521s] -- Up-to-date: /home/alpaka-admin/my_alpaka_urdf_ws/install/realsense2_camera_msgs/local/lib/python3.10/dist-packages/realsense2_camera_msgs/msg/_extrinsics.py
[2.522s] -- Up-to-date: /home/alpaka-admin/my_alpaka_urdf_ws/install/realsense2_camera_msgs/local/lib/python3.10/dist-packages/realsense2_camera_msgs/msg/_imu_info.py
[2.522s] -- Up-to-date: /home/alpaka-admin/my_alpaka_urdf_ws/install/realsense2_camera_msgs/local/lib/python3.10/dist-packages/realsense2_camera_msgs/msg/_metadata_s.c
[2.522s] -- Up-to-date: /home/alpaka-admin/my_alpaka_urdf_ws/install/realsense2_camera_msgs/local/lib/python3.10/dist-packages/realsense2_camera_msgs/msg/__init__.py
[2.522s] -- Up-to-date: /home/alpaka-admin/my_alpaka_urdf_ws/install/realsense2_camera_msgs/local/lib/python3.10/dist-packages/realsense2_camera_msgs/_realsense2_camera_msgs_s.ep.rosidl_typesupport_c.c
[2.522s] -- Up-to-date: /home/alpaka-admin/my_alpaka_urdf_ws/install/realsense2_camera_msgs/local/lib/python3.10/dist-packages/realsense2_camera_msgs/__init__.py
[2.533s] Listing '/home/alpaka-admin/my_alpaka_urdf_ws/install/realsense2_camera_msgs/local/lib/python3.10/dist-packages/realsense2_camera_msgs'...
[2.534s] Listing '/home/alpaka-admin/my_alpaka_urdf_ws/install/realsense2_camera_msgs/local/lib/python3.10/dist-packages/realsense2_camera_msgs/msg'...
[2.534s] Listing '/home/alpaka-admin/my_alpaka_urdf_ws/install/realsense2_camera_msgs/local/lib/python3.10/dist-packages/realsense2_camera_msgs/srv'...
[2.555s] -- Up-to-date: /home/alpaka-admin/my_alpaka_urdf_ws/install/realsense2_camera_msgs/local/lib/python3.10/dist-packages/realsense2_camera_msgs/realsense2_camera_msgs_s__rosidl_typesupport_fastrtps_c.cpython-310-x86_64-linux-gnu.so
[2.556s] -- Up-to-date: /home/alpaka-admin/my_alpaka_urdf_ws/install/realsense2_camera_msgs/local/lib/python3.10/dist-packages/realsense2_camera_msgs/realsense2_camera_msgs_s__rosidl_typesupport_introspection_c.cpython-310-x86_64-linux-gnu.so
[2.558s] -- Up-to-date: /home/alpaka-admin/my_alpaka_urdf_ws/install/realsense2_camera_msgs/local/lib/python3.10/dist-packages/realsense2_camera_msgs/realsense2_camera_msgs_s__rosidl_typesupport_c.cpython-310-x86_64-linux-gnu.so
[2.560s] -- Up-to-date: /home/alpaka-admin/my_alpaka_urdf_ws/install/realsense2_camera_msgs/lib/librealsense2_camera_msgs__rosidl_generator_py.so
[2.561s] -- Up-to-date: /home/alpaka-admin/my_alpaka_urdf_ws/install/realsense2_camera_msgs/share/realsense2_camera_msgs/msg/IMUInfo.idl
[2.562s] -- Up-to-date: /home/alpaka-admin/my_alpaka_urdf_ws/install/realsense2_camera_msgs/share/realsense2_camera_msgs/msg/Extrinsics.idl
[2.563s] -- Up-to-date: /home/alpaka-admin/my_alpaka_urdf_ws/install/realsense2_camera_msgs/share/realsense2_camera_msgs/msg/Metadata.idl
[2.564s] -- Up-to-date: /home/alpaka-admin/my_alpaka_urdf_ws/install/realsense2_camera_msgs/share/realsense2_camera_msgs/msg/RGBD.idl
[2.565s] -- Up-to-date: /home/alpaka-admin/my_alpaka_urdf_ws/install/realsense2_camera_msgs/share/realsense2_camera_msgs/srv/DeviceInfo.idl
[2.565s] -- Up-to-date: /home/alpaka-admin/my_alpaka_urdf_ws/install/realsense2_camera_msgs/share/realsense2_camera_msgs/msg/IMUInfo.msg
[2.566s] -- Up-to-date: /home/alpaka-admin/my_alpaka_urdf_ws/install/realsense2_camera_msgs/share/realsense2_camera_msgs/msg/Extrinsics.msg
[2.566s] -- Up-to-date: /home/alpaka-admin/my_alpaka_urdf_ws/install/realsense2_camera_msgs/share/realsense2_camera_msgs/msg/Metadata.msg
[2.567s] -- Up-to-date: /home/alpaka-admin/my_alpaka_urdf_ws/install/realsense2_camera_msgs/share/realsense2_camera_msgs/msg/RGBD.msg
[2.568s] -- Up-to-date: /home/alpaka-admin/my_alpaka_urdf_ws/install/realsense2_camera_msgs/share/realsense2_camera_msgs/srv/DeviceInfo.srv
[2.568s] -- Up-to-date: /home/alpaka-admin/my_alpaka_urdf_ws/install/realsense2_camera_msgs/share/realsense2_camera_msgs/srv/DeviceInfo_Request.msg
[2.569s] -- Up-to-date: /home/alpaka-admin/my_alpaka_urdf_ws/install/realsense2_camera_msgs/share/realsense2_camera_msgs/srv/DeviceInfo_Response.msg
[2.570s] -- Up-to-date: /home/alpaka-admin/my_alpaka_urdf_ws/install/realsense2_camera_msgs/share/ament_index/resource_index/package_run_dependencies/realsense2_camera_msgs
[2.571s] -- Up-to-date: /home/alpaka-admin/my_alpaka_urdf_ws/install/realsense2_camera_msgs/share/ament_index/resource_index/parent_prefix_path/realsense2_camera_msgs
[2.571s] -- Up-to-date: /home/alpaka-admin/my_alpaka_urdf_ws/install/realsense2_camera_msgs/share/realsense2_camera_msgs/environment/ament_prefix_path.sh
[2.572s] -- Up-to-date: /home/alpaka-admin/my_alpaka_urdf_ws/install/realsense2_camera_msgs/share/realsense2_camera_msgs/environment/ament_prefix_path.dsv
[2.572s] -- Up-to-date: /home/alpaka-admin/my_alpaka_urdf_ws/install/realsense2_camera_msgs/share/realsense2_camera_msgs/environment/path.sh
[2.575s] -- Up-to-date: /home/alpaka-admin/my_alpaka_urdf_ws/install/realsense2_camera_msgs/share/realsense2_camera_msgs/environment/path.dsv
[2.576s] -- Up-to-date: /home/alpaka-admin/my_alpaka_urdf_ws/install/realsense2_camera_msgs/share/realsense2_camera_msgs/local_setup.bash
[2.576s] -- Up-to-date: /home/alpaka-admin/my_alpaka_urdf_ws/install/realsense2_camera_msgs/share/realsense2_camera_msgs/local_setup.sh
[2.576s] -- Up-to-date: /home/alpaka-admin/my_alpaka_urdf_ws/install/realsense2_camera_msgs/share/realsense2_camera_msgs/local_setup.zsh
[2.576s] -- Up-to-date: /home/alpaka-admin/my_alpaka_urdf_ws/install/realsense2_camera_msgs/share/realsense2_camera_msgs/local_setup.dsv
[2.578s] -- Installing: /home/alpaka-admin/my_alpaka_urdf_ws/install/realsense2_camera_msgs/share/realsense2_camera_msgs/package.dsv
[2.578s] -- Up-to-date: /home/alpaka-admin/my_alpaka_urdf_ws/install/realsense2_camera_msgs/share/ament_index/resource_index/packages/realsense2_camera_msgs
[2.579s] -- Up-to-date: /home/alpaka-admin/my_alpaka_urdf_ws/install/realsense2_camera_msgs/share/realsense2_camera_msgs/cmake/export_realsense2_camera_msgs__rosidl_generator_cExport.cmake
[2.581s] -- Up-to-date: /home/alpaka-admin/my_alpaka_urdf_ws/install/realsense2_camera_msgs/share/realsense2_camera_msgs/cmake/export_realsense2_camera_msgs__rosidl_generator_cExport-noconfig.cmake
[2.581s] -- Up-to-date: /home/alpaka-admin/my_alpaka_urdf_ws/install/realsense2_camera_msgs/share/realsense2_camera_msgs/cmake/export_realsense2_camera_msgs__rosidl_typesupport_fastrtps_cExport.cmake
[2.582s] -- Up-to-date: /home/alpaka-admin/my_alpaka_urdf_ws/install/realsense2_camera_msgs/share/realsense2_camera_msgs/cmake/export_realsense2_camera_msgs__rosidl_typesupport_fastrtps_cExport-noconfig.cmake
[2.583s] -- Up-to-date: /home/alpaka-admin/my_alpaka_urdf_ws/install/realsense2_camera_msgs/share/realsense2_camera_msgs/cmake/realsense2_camera_msgs__rosidl_typesupport_introspection_cExport.cmake
[2.584s] -- Up-to-date: /home/alpaka-admin/my_alpaka_urdf_ws/install/realsense2_camera_msgs/share/realsense2_camera_msgs/cmake/realsense2_camera_msgs__rosidl_typesupport_introspection_cExport-noconfig.cmake
[2.585s] -- Up-to-date: /home/alpaka-admin/my_alpaka_urdf_ws/install/realsense2_camera_msgs/share/realsense2_camera_msgs/cmake/realsense2_camera_msgs__rosidl_typesupport_cExport.cmake
[2.586s] -- Up-to-date: /home/alpaka-admin/my_alpaka_urdf_ws/install/realsense2_camera_msgs/share/realsense2_camera_msgs/cmake/realsense2_camera_msgs__rosidl_typesupport_cExport-noconfig.cmake
[2.587s] -- Up-to-date: /home/alpaka-admin/my_alpaka_urdf_ws/install/realsense2_camera_msgs/share/realsense2_camera_msgs/cmake/export_realsense2_camera_msgs__rosidl_generator_cppExport.cmake
[2.588s] -- Up-to-date: /home/alpaka-admin/my_alpaka_urdf_ws/install/realsense2_camera_msgs/share/realsense2_camera_msgs/cmake/export_realsense2_camera_msgs__rosidl_typesupport_fastrtps_cppExport.cmake
[2.589s] -- Up-to-date: /home/alpaka-admin/my_alpaka_urdf_ws/install/realsense2_camera_msgs/share/realsense2_camera_msgs/cmake/export_realsense2_camera_msgs__rosidl_typesupport_fastrtps_cppExport-noconfig.cmake
[2.590s] -- Up-to-date: /home/alpaka-admin/my_alpaka_urdf_ws/install/realsense2_camera_msgs/share/realsense2_camera_msgs/cmake/realsense2_camera_msgs__rosidl_typesupport_introspection_cppExport.cmake
[2.591s] -- Up-to-date: /home/alpaka-admin/my_alpaka_urdf_ws/install/realsense2_camera_msgs/share/realsense2_camera_msgs/cmake/realsense2_camera_msgs__rosidl_typesupport_introspection_cppExport-noconfig.cmake
[2.592s] -- Up-to-date: /home/alpaka-admin/my_alpaka_urdf_ws/install/realsense2_camera_msgs/share/realsense2_camera_msgs/cmake/realsense2_camera_msgs__rosidl_typesupport_cppExport.cmake
[2.593s] -- Up-to-date: /home/alpaka-admin/my_alpaka_urdf_ws/install/realsense2_camera_msgs/share/realsense2_camera_msgs/cmake/realsense2_camera_msgs__rosidl_typesupport_cppExport-noconfig.cmake
[2.594s] -- Up-to-date: /home/alpaka-admin/my_alpaka_urdf_ws/install/realsense2_camera_msgs/share/realsense2_camera_msgs/cmake/export_realsense2_camera_msgs__rosidl_generator_pyExport.cmake
[2.595s] -- Up-to-date: /home/alpaka-admin/my_alpaka_urdf_ws/install/realsense2_camera_msgs/share/realsense2_camera_msgs/cmake/export_realsense2_camera_msgs__rosidl_generator_pyExport-noconfig.cmake
[2.596s] -- Up-to-date: /home/alpaka-admin/my_alpaka_urdf_ws/install/realsense2_camera_msgs/share/realsense2_camera_msgs/cmake/rosidl_cmake-extras.cmake
[2.597s] -- Up-to-date: /home/alpaka-admin/my_alpaka_urdf_ws/install/realsense2_camera_msgs/share/realsense2_camera_msgs/cmake/ament_cmake_export_dependencies-extras.cmake
[2.597s] -- Up-to-date: /home/alpaka-admin/my_alpaka_urdf_ws/install/realsense2_camera_msgs/share/realsense2_camera_msgs/cmake/ament_cmake_export_include_directories-extras.cmake
[2.598s] -- Up-to-date: /home/alpaka-admin/my_alpaka_urdf_ws/install/realsense2_camera_msgs/share/realsense2_camera_msgs/cmake/ament_cmake_export_libraries-extras.cmake
[2.599s] -- Up-to-date: /home/alpaka-admin/my_alpaka_urdf_ws/install/realsense2_camera_msgs/share/realsense2_camera_msgs/cmake/ament_cmake_export_targets-extras.cmake
[2.599s] -- Up-to-date: /home/alpaka-admin/my_alpaka_urdf_ws/install/realsense2_camera_msgs/share/realsense2_camera_msgs/cmake/rosidl_cmake_export_typesupport_targets-extras.cmake
[2.600s] -- Up-to-date: /home/alpaka-admin/my_alpaka_urdf_ws/install/realsense2_camera_msgs/share/realsense2_camera_msgs/cmake/rosidl_cmake_export_typesupport_libraries-extras.cmake
[2.600s] -- Up-to-date: /home/alpaka-admin/my_alpaka_urdf_ws/install/realsense2_camera_msgs/share/realsense2_camera_msgs/cmake/realsense2_camera_msgsConfig.cmake
[2.601s] -- Up-to-date: /home/alpaka-admin/my_alpaka_urdf_ws/install/realsense2_camera_msgs/share/realsense2_camera_msgs/cmake/realsense2_camera_msgsConfig-version.cmake
[2.602s] -- Up-to-date: /home/alpaka-admin/my_alpaka_urdf_ws/install/realsense2_camera_msgs/share/realsense2_camera_msgs/package.xml
[2.611s] Invoked command in '/home/alpaka-admin/my_alpaka_urdf_ws/build/realsense2_camera_msgs' returned '0': CMAKE_PREFIX_PATH=${CMAKE_PREFIX_PATH}:/home/alpaka-admin/my_alpaka_urdf_ws/install/ml_model:/opt/ros/humble ROS_DOMAIN_ID=81 /usr/bin/cmake --install /home/alpaka-admin/my_alpaka_urdf_ws/build/realsense2_camera_msgs
