[0.267s] Invoking command in '/home/alpaka-admin/my_alpaka_urdf_ws/build/bringup': CMAKE_PREFIX_PATH=/opt/ros/humble ROS_DOMAIN_ID=6${ROS_DOMAIN_ID} /usr/bin/cmake --build /home/alpaka-admin/my_alpaka_urdf_ws/build/bringup -- -j8 -l8
[1.059s] Invoked command in '/home/alpaka-admin/my_alpaka_urdf_ws/build/bringup' returned '0': CMAKE_PREFIX_PATH=/opt/ros/humble ROS_DOMAIN_ID=6${ROS_DOMAIN_ID} /usr/bin/cmake --build /home/alpaka-admin/my_alpaka_urdf_ws/build/bringup -- -j8 -l8
[1.061s] Invoking command in '/home/alpaka-admin/my_alpaka_urdf_ws/build/bringup': CMAKE_PREFIX_PATH=/opt/ros/humble ROS_DOMAIN_ID=6${ROS_DOMAIN_ID} /usr/bin/cmake --install /home/alpaka-admin/my_alpaka_urdf_ws/build/bringup
[1.078s] -- Install configuration: ""
[1.080s] -- Up-to-date: /home/alpaka-admin/my_alpaka_urdf_ws/install/bringup/share/bringup/launch
[1.080s] -- Up-to-date: /home/alpaka-admin/my_alpaka_urdf_ws/install/bringup/share/bringup/launch/ur.launch.py
[1.080s] -- Up-to-date: /home/alpaka-admin/my_alpaka_urdf_ws/install/bringup/share/bringup/launch/moveit.launch.py
[1.080s] -- Up-to-date: /home/alpaka-admin/my_alpaka_urdf_ws/install/bringup/share/bringup/launch/alpaka.launch.py
[1.081s] -- Up-to-date: /home/alpaka-admin/my_alpaka_urdf_ws/install/bringup/share/ament_index/resource_index/package_run_dependencies/bringup
[1.081s] -- Up-to-date: /home/alpaka-admin/my_alpaka_urdf_ws/install/bringup/share/ament_index/resource_index/parent_prefix_path/bringup
[1.081s] -- Up-to-date: /home/alpaka-admin/my_alpaka_urdf_ws/install/bringup/share/bringup/environment/ament_prefix_path.sh
[1.081s] -- Up-to-date: /home/alpaka-admin/my_alpaka_urdf_ws/install/bringup/share/bringup/environment/ament_prefix_path.dsv
[1.082s] -- Up-to-date: /home/alpaka-admin/my_alpaka_urdf_ws/install/bringup/share/bringup/environment/path.sh
[1.082s] -- Up-to-date: /home/alpaka-admin/my_alpaka_urdf_ws/install/bringup/share/bringup/environment/path.dsv
[1.083s] -- Up-to-date: /home/alpaka-admin/my_alpaka_urdf_ws/install/bringup/share/bringup/local_setup.bash
[1.083s] -- Up-to-date: /home/alpaka-admin/my_alpaka_urdf_ws/install/bringup/share/bringup/local_setup.sh
[1.084s] -- Up-to-date: /home/alpaka-admin/my_alpaka_urdf_ws/install/bringup/share/bringup/local_setup.zsh
[1.087s] -- Up-to-date: /home/alpaka-admin/my_alpaka_urdf_ws/install/bringup/share/bringup/local_setup.dsv
[1.091s] -- Installing: /home/alpaka-admin/my_alpaka_urdf_ws/install/bringup/share/bringup/package.dsv
[1.091s] -- Up-to-date: /home/alpaka-admin/my_alpaka_urdf_ws/install/bringup/share/ament_index/resource_index/packages/bringup
[1.092s] -- Up-to-date: /home/alpaka-admin/my_alpaka_urdf_ws/install/bringup/share/bringup/cmake/bringupConfig.cmake
[1.092s] -- Up-to-date: /home/alpaka-admin/my_alpaka_urdf_ws/install/bringup/share/bringup/cmake/bringupConfig-version.cmake
[1.092s] -- Up-to-date: /home/alpaka-admin/my_alpaka_urdf_ws/install/bringup/share/bringup/package.xml
[1.093s] Invoked command in '/home/alpaka-admin/my_alpaka_urdf_ws/build/bringup' returned '0': CMAKE_PREFIX_PATH=/opt/ros/humble ROS_DOMAIN_ID=6${ROS_DOMAIN_ID} /usr/bin/cmake --install /home/alpaka-admin/my_alpaka_urdf_ws/build/bringup
