[0.492s] DEBUG:colcon:Command line arguments: ['/usr/bin/colcon', 'build', '--packages-select', 'ml_model']
[0.492s] DEBUG:colcon:Parsed command line arguments: Namespace(log_base=None, log_level=None, verb_name='build', build_base='build', install_base='install', merge_install=False, symlink_install=False, test_result_base=None, continue_on_error=False, executor='parallel', parallel_workers=8, event_handlers=None, ignore_user_meta=False, metas=['./colcon.meta'], base_paths=['.'], packages_ignore=None, packages_ignore_regex=None, paths=None, packages_up_to=None, packages_up_to_regex=None, packages_above=None, packages_above_and_dependencies=None, packages_above_depth=None, packages_select_by_dep=None, packages_skip_by_dep=None, packages_skip_up_to=None, packages_select_build_failed=False, packages_skip_build_finished=False, packages_select_test_failures=False, packages_skip_test_passed=False, packages_select=['ml_model'], packages_skip=None, packages_select_regex=None, packages_skip_regex=None, packages_start=None, packages_end=None, allow_overriding=[], bazel_args=None, bazel_task=None, cmake_args=None, cmake_target=None, cmake_target_skip_unavailable=False, cmake_clean_cache=False, cmake_clean_first=False, cmake_force_configure=False, meson_args=[], ament_cmake_args=None, catkin_cmake_args=None, catkin_skip_building_tests=False, mixin_files=None, mixin=None, verb_parser=<colcon_alias.argument_parser.alias.AliasArgumentDecorator object at 0x72ed324da770>, verb_extension=<colcon_core.verb.build.BuildVerb object at 0x72ed324d98d0>, main=<bound method BuildVerb.main of <colcon_core.verb.build.BuildVerb object at 0x72ed324d98d0>>, mixin_verb=('build',))
[0.859s] Level 1:colcon.colcon_core.package_discovery:discover_packages(colcon_meta) check parameters
[0.859s] Level 1:colcon.colcon_core.package_discovery:discover_packages(recursive) check parameters
[0.859s] Level 1:colcon.colcon_core.package_discovery:discover_packages(ignore) check parameters
[0.859s] Level 1:colcon.colcon_core.package_discovery:discover_packages(path) check parameters
[0.859s] Level 1:colcon.colcon_core.package_discovery:discover_packages(colcon_meta) discover
[0.859s] Level 1:colcon.colcon_core.package_discovery:discover_packages(recursive) discover
[0.860s] INFO:colcon.colcon_core.package_discovery:Crawling recursively for packages in '/home/alpaka-admin/ros2_ws/src/ml_model'
[0.860s] Level 1:colcon.colcon_core.package_identification:_identify(.) by extensions ['ignore', 'ignore_ament_install']
[0.860s] Level 1:colcon.colcon_core.package_identification:_identify(.) by extension 'ignore'
[0.860s] Level 1:colcon.colcon_core.package_identification:_identify(.) by extension 'ignore_ament_install'
[0.860s] Level 1:colcon.colcon_core.package_identification:_identify(.) by extensions ['colcon_pkg']
[0.860s] Level 1:colcon.colcon_core.package_identification:_identify(.) by extension 'colcon_pkg'
[0.860s] Level 1:colcon.colcon_core.package_identification:_identify(.) by extensions ['colcon_meta']
[0.860s] Level 1:colcon.colcon_core.package_identification:_identify(.) by extension 'colcon_meta'
[0.860s] Level 1:colcon.colcon_core.package_identification:_identify(.) by extensions ['ros']
[0.860s] Level 1:colcon.colcon_core.package_identification:_identify(.) by extension 'ros'
[0.868s] DEBUG:colcon.colcon_core.package_identification:Package '.' with type 'ros.ament_python' and name 'ml_model'
[0.868s] Level 1:colcon.colcon_core.package_discovery:discover_packages(recursive) using defaults
[0.868s] Level 1:colcon.colcon_core.package_discovery:discover_packages(ignore) discover
[0.868s] Level 1:colcon.colcon_core.package_discovery:discover_packages(ignore) using defaults
[0.868s] Level 1:colcon.colcon_core.package_discovery:discover_packages(path) discover
[0.868s] Level 1:colcon.colcon_core.package_discovery:discover_packages(path) using defaults
[0.895s] Level 1:colcon.colcon_core.package_discovery:discover_packages(prefix_path) check parameters
[0.895s] Level 1:colcon.colcon_core.package_discovery:discover_packages(prefix_path) discover
[0.898s] DEBUG:colcon.colcon_installed_package_information.package_discovery:Found 5 installed packages in /home/alpaka-admin/ros2_ws/install
[0.901s] DEBUG:colcon.colcon_installed_package_information.package_discovery:Found 450 installed packages in /opt/ros/humble
[0.906s] Level 1:colcon.colcon_core.package_discovery:discover_packages(prefix_path) using defaults
[1.032s] Level 5:colcon.colcon_core.verb:set package 'ml_model' build argument 'bazel_args' from command line to 'None'
[1.032s] Level 5:colcon.colcon_core.verb:set package 'ml_model' build argument 'bazel_task' from command line to 'None'
[1.032s] Level 5:colcon.colcon_core.verb:set package 'ml_model' build argument 'cmake_args' from command line to 'None'
[1.032s] Level 5:colcon.colcon_core.verb:set package 'ml_model' build argument 'cmake_target' from command line to 'None'
[1.032s] Level 5:colcon.colcon_core.verb:set package 'ml_model' build argument 'cmake_target_skip_unavailable' from command line to 'False'
[1.032s] Level 5:colcon.colcon_core.verb:set package 'ml_model' build argument 'cmake_clean_cache' from command line to 'False'
[1.032s] Level 5:colcon.colcon_core.verb:set package 'ml_model' build argument 'cmake_clean_first' from command line to 'False'
[1.032s] Level 5:colcon.colcon_core.verb:set package 'ml_model' build argument 'cmake_force_configure' from command line to 'False'
[1.032s] Level 5:colcon.colcon_core.verb:set package 'ml_model' build argument 'meson_args' from command line to '[]'
[1.032s] Level 5:colcon.colcon_core.verb:set package 'ml_model' build argument 'ament_cmake_args' from command line to 'None'
[1.032s] Level 5:colcon.colcon_core.verb:set package 'ml_model' build argument 'catkin_cmake_args' from command line to 'None'
[1.032s] Level 5:colcon.colcon_core.verb:set package 'ml_model' build argument 'catkin_skip_building_tests' from command line to 'False'
[1.033s] DEBUG:colcon.colcon_core.verb:Building package 'ml_model' with the following arguments: {'ament_cmake_args': None, 'bazel_args': None, 'bazel_task': None, 'build_base': '/home/alpaka-admin/ros2_ws/src/ml_model/build/ml_model', 'catkin_cmake_args': None, 'catkin_skip_building_tests': False, 'cmake_args': None, 'cmake_clean_cache': False, 'cmake_clean_first': False, 'cmake_force_configure': False, 'cmake_target': None, 'cmake_target_skip_unavailable': False, 'install_base': '/home/alpaka-admin/ros2_ws/src/ml_model/install/ml_model', 'merge_install': False, 'meson_args': [], 'path': '/home/alpaka-admin/ros2_ws/src/ml_model', 'symlink_install': False, 'test_result_base': None}
[1.033s] INFO:colcon.colcon_core.executor:Executing jobs using 'parallel' executor
[1.035s] DEBUG:colcon.colcon_parallel_executor.executor.parallel:run_until_complete
[1.035s] INFO:colcon.colcon_ros.task.ament_python.build:Building ROS package in '/home/alpaka-admin/ros2_ws/src/ml_model' with build type 'ament_python'
[1.035s] Level 1:colcon.colcon_core.shell:create_environment_hook('ml_model', 'ament_prefix_path')
[1.040s] INFO:colcon.colcon_core.plugin_system:Skipping extension 'colcon_core.shell.bat': Not used on non-Windows systems
[1.040s] INFO:colcon.colcon_core.shell:Creating environment hook '/home/alpaka-admin/ros2_ws/src/ml_model/install/ml_model/share/ml_model/hook/ament_prefix_path.ps1'
[1.041s] INFO:colcon.colcon_core.shell:Creating environment descriptor '/home/alpaka-admin/ros2_ws/src/ml_model/install/ml_model/share/ml_model/hook/ament_prefix_path.dsv'
[1.042s] INFO:colcon.colcon_core.shell:Creating environment hook '/home/alpaka-admin/ros2_ws/src/ml_model/install/ml_model/share/ml_model/hook/ament_prefix_path.sh'
[1.043s] DEBUG:colcon.colcon_ros_domain_id_coordinator.shell.ros_domain_id:Allocated ROS_DOMAIN_ID=215 for '/home/alpaka-admin/ros2_ws/src/ml_model/build/ml_model'
[1.043s] INFO:colcon.colcon_core.shell:Skip shell extension 'ros_domain_id' for command environment: 
[1.043s] INFO:colcon.colcon_core.shell:Skip shell extension 'powershell' for command environment: Not usable outside of PowerShell
[1.043s] DEBUG:colcon.colcon_core.shell:Skip shell extension 'dsv' for command environment
[1.572s] INFO:colcon.colcon_core.task.python.build:Building Python package in '/home/alpaka-admin/ros2_ws/src/ml_model'
[1.573s] DEBUG:colcon.colcon_ros_domain_id_coordinator.shell.ros_domain_id:Allocated ROS_DOMAIN_ID=215 for '/home/alpaka-admin/ros2_ws/src/ml_model/build/ml_model'
[1.573s] INFO:colcon.colcon_core.shell:Skip shell extension 'ros_domain_id' for command environment: 
[1.573s] INFO:colcon.colcon_core.shell:Skip shell extension 'powershell' for command environment: Not usable outside of PowerShell
[1.573s] DEBUG:colcon.colcon_core.shell:Skip shell extension 'dsv' for command environment
[2.295s] DEBUG:colcon.colcon_core.event_handler.log_command:Invoking command in '/home/alpaka-admin/ros2_ws/src/ml_model': PYTHONPATH=/home/alpaka-admin/ros2_ws/src/ml_model/build/ml_model/prefix_override:/usr/lib/python3/dist-packages/colcon_core/task/python/colcon_distutils_commands:/home/alpaka-admin/ros2_ws/src/ml_model/install/ml_model/lib/python3.10/site-packages:${PYTHONPATH} /usr/bin/python3 -W ignore:setup.py install is deprecated -W ignore:easy_install command is deprecated setup.py egg_info --egg-base build/ml_model build --build-base /home/alpaka-admin/ros2_ws/src/ml_model/build/ml_model/build install --record /home/alpaka-admin/ros2_ws/src/ml_model/build/ml_model/install.log --single-version-externally-managed install_data
[2.859s] DEBUG:colcon.colcon_core.event_handler.log_command:Invoked command in '/home/alpaka-admin/ros2_ws/src/ml_model' returned '0': PYTHONPATH=/home/alpaka-admin/ros2_ws/src/ml_model/build/ml_model/prefix_override:/usr/lib/python3/dist-packages/colcon_core/task/python/colcon_distutils_commands:/home/alpaka-admin/ros2_ws/src/ml_model/install/ml_model/lib/python3.10/site-packages:${PYTHONPATH} /usr/bin/python3 -W ignore:setup.py install is deprecated -W ignore:easy_install command is deprecated setup.py egg_info --egg-base build/ml_model build --build-base /home/alpaka-admin/ros2_ws/src/ml_model/build/ml_model/build install --record /home/alpaka-admin/ros2_ws/src/ml_model/build/ml_model/install.log --single-version-externally-managed install_data
[2.867s] Level 1:colcon.colcon_core.environment:checking '/home/alpaka-admin/ros2_ws/src/ml_model/install/ml_model' for CMake module files
[2.868s] Level 1:colcon.colcon_core.environment:checking '/home/alpaka-admin/ros2_ws/src/ml_model/install/ml_model' for CMake config files
[2.871s] Level 1:colcon.colcon_core.environment:checking '/home/alpaka-admin/ros2_ws/src/ml_model/install/ml_model/lib'
[2.872s] Level 1:colcon.colcon_core.environment:checking '/home/alpaka-admin/ros2_ws/src/ml_model/install/ml_model/bin'
[2.872s] Level 1:colcon.colcon_core.environment:checking '/home/alpaka-admin/ros2_ws/src/ml_model/install/ml_model/lib/pkgconfig/ml_model.pc'
[2.873s] Level 1:colcon.colcon_core.environment:checking '/home/alpaka-admin/ros2_ws/src/ml_model/install/ml_model/lib/python3.10/site-packages'
[2.873s] Level 1:colcon.colcon_core.shell:create_environment_hook('ml_model', 'pythonpath')
[2.875s] INFO:colcon.colcon_core.shell:Creating environment hook '/home/alpaka-admin/ros2_ws/src/ml_model/install/ml_model/share/ml_model/hook/pythonpath.ps1'
[2.875s] INFO:colcon.colcon_core.shell:Creating environment descriptor '/home/alpaka-admin/ros2_ws/src/ml_model/install/ml_model/share/ml_model/hook/pythonpath.dsv'
[2.877s] INFO:colcon.colcon_core.shell:Creating environment hook '/home/alpaka-admin/ros2_ws/src/ml_model/install/ml_model/share/ml_model/hook/pythonpath.sh'
[2.879s] Level 1:colcon.colcon_core.environment:checking '/home/alpaka-admin/ros2_ws/src/ml_model/install/ml_model/bin'
[2.880s] Level 1:colcon.colcon_core.environment:create_environment_scripts_only(ml_model)
[2.881s] INFO:colcon.colcon_core.shell:Creating package script '/home/alpaka-admin/ros2_ws/src/ml_model/install/ml_model/share/ml_model/package.ps1'
[2.886s] INFO:colcon.colcon_core.shell:Creating package descriptor '/home/alpaka-admin/ros2_ws/src/ml_model/install/ml_model/share/ml_model/package.dsv'
[2.889s] INFO:colcon.colcon_core.shell:Creating package script '/home/alpaka-admin/ros2_ws/src/ml_model/install/ml_model/share/ml_model/package.sh'
[2.892s] INFO:colcon.colcon_core.shell:Creating package script '/home/alpaka-admin/ros2_ws/src/ml_model/install/ml_model/share/ml_model/package.bash'
[2.895s] INFO:colcon.colcon_core.shell:Creating package script '/home/alpaka-admin/ros2_ws/src/ml_model/install/ml_model/share/ml_model/package.zsh'
[2.898s] Level 1:colcon.colcon_core.environment:create_file_with_runtime_dependencies(/home/alpaka-admin/ros2_ws/src/ml_model/install/ml_model/share/colcon-core/packages/ml_model)
[2.899s] DEBUG:colcon.colcon_parallel_executor.executor.parallel:closing loop
[2.900s] DEBUG:colcon.colcon_ros_domain_id_coordinator.shell.ros_domain_id:Released ROS_DOMAIN_ID=215 for '/home/alpaka-admin/ros2_ws/src/ml_model/build/ml_model'
[2.901s] DEBUG:colcon.colcon_parallel_executor.executor.parallel:loop closed
[2.902s] DEBUG:colcon.colcon_parallel_executor.executor.parallel:run_until_complete finished with '0'
[2.902s] DEBUG:colcon.colcon_core.event_reactor:joining thread
[2.916s] INFO:colcon.colcon_core.plugin_system:Skipping extension 'colcon_notification.desktop_notification.terminal_notifier': Not used on non-Darwin systems
[2.916s] INFO:colcon.colcon_core.plugin_system:Skipping extension 'colcon_notification.desktop_notification.win32': Not used on non-Windows systems
[2.916s] INFO:colcon.colcon_notification.desktop_notification:Sending desktop notification using 'notify2'
[2.975s] DEBUG:colcon.colcon_core.event_reactor:joined thread
[2.977s] INFO:colcon.colcon_core.shell:Creating prefix script '/home/alpaka-admin/ros2_ws/src/ml_model/install/local_setup.ps1'
[2.981s] INFO:colcon.colcon_core.shell:Creating prefix util module '/home/alpaka-admin/ros2_ws/src/ml_model/install/_local_setup_util_ps1.py'
[2.985s] INFO:colcon.colcon_core.shell:Creating prefix chain script '/home/alpaka-admin/ros2_ws/src/ml_model/install/setup.ps1'
[2.989s] INFO:colcon.colcon_core.shell:Creating prefix script '/home/alpaka-admin/ros2_ws/src/ml_model/install/local_setup.sh'
[2.991s] INFO:colcon.colcon_core.shell:Creating prefix util module '/home/alpaka-admin/ros2_ws/src/ml_model/install/_local_setup_util_sh.py'
[2.994s] INFO:colcon.colcon_core.shell:Creating prefix chain script '/home/alpaka-admin/ros2_ws/src/ml_model/install/setup.sh'
[2.999s] INFO:colcon.colcon_core.shell:Creating prefix script '/home/alpaka-admin/ros2_ws/src/ml_model/install/local_setup.bash'
[3.001s] INFO:colcon.colcon_core.shell:Creating prefix chain script '/home/alpaka-admin/ros2_ws/src/ml_model/install/setup.bash'
[3.005s] INFO:colcon.colcon_core.shell:Creating prefix script '/home/alpaka-admin/ros2_ws/src/ml_model/install/local_setup.zsh'
[3.007s] INFO:colcon.colcon_core.shell:Creating prefix chain script '/home/alpaka-admin/ros2_ws/src/ml_model/install/setup.zsh'
[3.011s] INFO:colcon.colcon_core.shell:Creating '/home/alpaka-admin/ros2_ws/src/ml_model/install/spawn_shell.bash'
