[0.070s] Invoking command in '/home/alpaka-admin/my_alpaka_urdf_ws/build/alpaka_welding_cobot_moveit': CMAKE_PREFIX_PATH=${CMAKE_PREFIX_PATH}:/home/alpaka-admin/my_alpaka_urdf_ws/install/ml_model:/opt/ros/humble ROS_DOMAIN_ID=219 /usr/bin/cmake --build /home/alpaka-admin/my_alpaka_urdf_ws/build/alpaka_welding_cobot_moveit -- -j8 -l8
[0.132s] -- Found ament_cmake: 1.3.11 (/opt/ros/humble/share/ament_cmake/cmake)
[0.432s] -- Found rclcpp: 16.0.11 (/opt/ros/humble/share/rclcpp/cmake)
[0.484s] -- Found rosidl_generator_c: 3.1.6 (/opt/ros/humble/share/rosidl_generator_c/cmake)
[0.490s] -- Found rosidl_adapter: 3.1.6 (/opt/ros/humble/share/rosidl_adapter/cmake)
[0.501s] -- Found rosidl_generator_cpp: 3.1.6 (/opt/ros/humble/share/rosidl_generator_cpp/cmake)
[0.521s] -- Using all available rosidl_typesupport_c: rosidl_typesupport_fastrtps_c;rosidl_typesupport_introspection_c
[0.546s] -- Using all available rosidl_typesupport_cpp: rosidl_typesupport_fastrtps_cpp;rosidl_typesupport_introspection_cpp
[0.609s] -- Found rmw_implementation_cmake: 6.1.2 (/opt/ros/humble/share/rmw_implementation_cmake/cmake)
[0.612s] -- Found rmw_fastrtps_cpp: 6.2.7 (/opt/ros/humble/share/rmw_fastrtps_cpp/cmake)
[0.783s] -- Using RMW implementation 'rmw_fastrtps_cpp' as default
[0.869s] -- Found geometry_msgs: 4.2.4 (/opt/ros/humble/share/geometry_msgs/cmake)
[0.890s] -- Found moveit_ros_planning_interface: 2.5.8 (/opt/ros/humble/share/moveit_ros_planning_interface/cmake)
[0.909s] -- Found Boost: /usr/lib/x86_64-linux-gnu/cmake/Boost-1.74.0/BoostConfig.cmake (found version "1.74.0") found components: date_time filesystem program_options system thread 
[1.192s] -- Found Boost: /usr/lib/x86_64-linux-gnu/cmake/Boost-1.74.0/BoostConfig.cmake (found version "1.74.0") found components: chrono date_time filesystem iostreams program_options regex serialization system thread 
[1.244s] -- Found parameter_traits: 0.4.0 (/opt/ros/humble/share/parameter_traits/cmake)
[1.266s] -- Found rclcpp_lifecycle: 16.0.11 (/opt/ros/humble/share/rclcpp_lifecycle/cmake)
[1.321s] -- Found Boost: /usr/lib/x86_64-linux-gnu/cmake/Boost-1.74.0/BoostConfig.cmake (found version "1.74.0") found components: filesystem 
[1.377s] -- library: /usr/lib/x86_64-linux-gnu/libcurl.so
[1.438s] -- Ensuring Eigen3 include directory is part of orocos-kdl CMake target
[1.627s] -- Found Boost: /usr/lib/x86_64-linux-gnu/cmake/Boost-1.74.0/BoostConfig.cmake (found version "1.74.0") found components: system filesystem date_time program_options thread chrono 
[1.676s] -- Found Boost: /usr/lib/x86_64-linux-gnu/cmake/Boost-1.74.0/BoostConfig.cmake (found version "1.74.0") found components: thread system filesystem regex date_time program_options 
[1.711s] -- Found Boost: /usr/lib/x86_64-linux-gnu/cmake/Boost-1.74.0/BoostConfig.cmake (found version "1.74.0") found components: system filesystem date_time program_options thread 
[1.870s] -- Configuring done
[1.923s] -- Generating done
[1.935s] -- Build files have been written to: /home/alpaka-admin/my_alpaka_urdf_ws/build/alpaka_welding_cobot_moveit
[1.993s] [ 66%] [32mBuilding CXX object CMakeFiles/alpaka_welding_cobot_moveit.dir/src/ml_receiver_node.cpp.o[0m
[1.993s] [ 66%] [32mBuilding CXX object CMakeFiles/alpaka_welding_cobot_moveit.dir/src/ml_receiver_node_driver.cpp.o[0m
[2.016s] [01m[K/home/alpaka-admin/my_alpaka_urdf_ws/src/alpaka_welding_cobot_moveit/src/ml_receiver_node.cpp:1:10:[m[K [01;31m[Kfatal error: [m[Kcomesy_moveit_node_driver.hpp: No such file or directory
[2.017s]     1 | #include [01;31m[K<comesy_moveit_node_driver.hpp>[m[K
[2.017s]       |          [01;31m[K^~~~~~~~~~~~~~~~~~~~~~~~~~~~~~~[m[K
[2.017s] [01m[K/home/alpaka-admin/my_alpaka_urdf_ws/src/alpaka_welding_cobot_moveit/src/ml_receiver_node_driver.cpp:1:10:[m[K [01;31m[Kfatal error: [m[Kml_receiver_node_driver.hpp: No such file or directory
[2.017s]     1 | #include [01;31m[K<ml_receiver_node_driver.hpp>[m[K
[2.018s]       |          [01;31m[K^~~~~~~~~~~~~~~~~~~~~~~~~~~~~[m[K
[2.018s] compilation terminated.
[2.018s] compilation terminated.
[2.018s] gmake[2]: *** [CMakeFiles/alpaka_welding_cobot_moveit.dir/build.make:90: CMakeFiles/alpaka_welding_cobot_moveit.dir/src/ml_receiver_node_driver.cpp.o] Error 1
[2.018s] gmake[2]: *** Waiting for unfinished jobs....
[2.019s] gmake[2]: *** [CMakeFiles/alpaka_welding_cobot_moveit.dir/build.make:76: CMakeFiles/alpaka_welding_cobot_moveit.dir/src/ml_receiver_node.cpp.o] Error 1
[2.019s] gmake[1]: *** [CMakeFiles/Makefile2:137: CMakeFiles/alpaka_welding_cobot_moveit.dir/all] Error 2
[2.019s] gmake: *** [Makefile:146: all] Error 2
[2.021s] Invoked command in '/home/alpaka-admin/my_alpaka_urdf_ws/build/alpaka_welding_cobot_moveit' returned '2': CMAKE_PREFIX_PATH=${CMAKE_PREFIX_PATH}:/home/alpaka-admin/my_alpaka_urdf_ws/install/ml_model:/opt/ros/humble ROS_DOMAIN_ID=219 /usr/bin/cmake --build /home/alpaka-admin/my_alpaka_urdf_ws/build/alpaka_welding_cobot_moveit -- -j8 -l8
