In file included from [01m[K/opt/ros/humble/include/rclcpp/rclcpp/logging.hpp:24[m[K,
                 from [01m[K/opt/ros/humble/include/rclcpp/rclcpp/client.hpp:40[m[K,
                 from [01m[K/opt/ros/humble/include/rclcpp/rclcpp/callback_group.hpp:24[m[K,
                 from [01m[K/opt/ros/humble/include/rclcpp/rclcpp/any_executable.hpp:20[m[K,
                 from [01m[K/opt/ros/humble/include/rclcpp/rclcpp/memory_strategy.hpp:25[m[K,
                 from [01m[K/opt/ros/humble/include/rclcpp/rclcpp/memory_strategies.hpp:18[m[K,
                 from [01m[K/opt/ros/humble/include/rclcpp/rclcpp/executor_options.hpp:20[m[K,
                 from [01m[K/opt/ros/humble/include/rclcpp/rclcpp/executor.hpp:37[m[K,
                 from [01m[K/opt/ros/humble/include/rclcpp/rclcpp/executors/multi_threaded_executor.hpp:25[m[K,
                 from [01m[K/opt/ros/humble/include/rclcpp/rclcpp/executors.hpp:21[m[K,
                 from [01m[K/opt/ros/humble/include/rclcpp/rclcpp/rclcpp.hpp:155[m[K,
                 from [01m[K/home/alpaka-admin/my_alpaka_urdf_ws/src/alpaka_welding_cobot_moveit/include/ml_node_receiver_driver.hpp:5[m[K,
                 from [01m[K/home/alpaka-admin/my_alpaka_urdf_ws/src/alpaka_welding_cobot_moveit/src/ml_receiver_node_driver.cpp:1[m[K:
[01m[K/home/alpaka-admin/my_alpaka_urdf_ws/src/alpaka_welding_cobot_moveit/src/ml_receiver_node_driver.cpp:[m[K In member function ‘[01m[Kvoid MlReceiverMoveitNode::onPointReceiveCallback(geometry_msgs::msg::Point_<std::allocator<void> >::SharedPtr)[m[K’:
[01m[K/home/alpaka-admin/my_alpaka_urdf_ws/src/alpaka_welding_cobot_moveit/src/ml_receiver_node_driver.cpp:58:25:[m[K [01;31m[Kerror: [m[Kcannot convert ‘[01m[Kgeometry_msgs::msg::TransformStamped[m[K’ {aka ‘[01m[Kgeometry_msgs::msg::TransformStamped_<std::allocator<void> >[m[K’} to ‘[01m[Kconst char*[m[K’
   58 |     RCLCPP_INFO(LOGGER, [01;31m[Ktransform_tcp_tool0[m[K);
      |                         [01;31m[K^~~~~~~~~~~~~~~~~~~[m[K
      |                         [01;31m[K|[m[K
      |                         [01;31m[Kgeometry_msgs::msg::TransformStamped {aka geometry_msgs::msg::TransformStamped_<std::allocator<void> >}[m[K
In file included from [01m[K/opt/ros/humble/include/rmw/rmw/types.h:28[m[K,
                 from [01m[K/opt/ros/humble/include/rcl/rcl/types.h:20[m[K,
                 from [01m[K/opt/ros/humble/include/rcl/rcl/log_level.h:22[m[K,
                 from [01m[K/opt/ros/humble/include/rcl/rcl/arguments.h:21[m[K,
                 from [01m[K/opt/ros/humble/include/rcl/rcl/context.h:28[m[K,
                 from [01m[K/opt/ros/humble/include/rcl/rcl/guard_condition.h:26[m[K,
                 from [01m[K/opt/ros/humble/include/rclcpp/rclcpp/executor.hpp:30[m[K,
                 from [01m[K/opt/ros/humble/include/rclcpp/rclcpp/executors/multi_threaded_executor.hpp:25[m[K,
                 from [01m[K/opt/ros/humble/include/rclcpp/rclcpp/executors.hpp:21[m[K,
                 from [01m[K/opt/ros/humble/include/rclcpp/rclcpp/rclcpp.hpp:155[m[K,
                 from [01m[K/home/alpaka-admin/my_alpaka_urdf_ws/src/alpaka_welding_cobot_moveit/include/ml_node_receiver_driver.hpp:5[m[K,
                 from [01m[K/home/alpaka-admin/my_alpaka_urdf_ws/src/alpaka_welding_cobot_moveit/src/ml_receiver_node_driver.cpp:1[m[K:
[01m[K/opt/ros/humble/include/rcutils/rcutils/logging.h:479:16:[m[K [01;36m[Knote: [m[K  initializing argument 4 of ‘[01m[Kvoid rcutils_log(const rcutils_log_location_t*, int, const char*, const char*, ...)[m[K’
  479 |   [01;36m[Kconst char * format[m[K,
      |   [01;36m[K~~~~~~~~~~~~~^~~~~~[m[K
[01m[K/home/alpaka-admin/my_alpaka_urdf_ws/src/alpaka_welding_cobot_moveit/src/ml_receiver_node_driver.cpp:38:94:[m[K [01;35m[Kwarning: [m[Kunused parameter ‘[01m[Kmsg[m[K’ [[01;35m[K]8;;https://gcc.gnu.org/onlinedocs/gcc/Warning-Options.html#index-Wunused-parameter-Wunused-parameter]8;;[m[K]
   38 | void MlReceiverMoveitNode::onPointReceiveCallback([01;35m[Kconst geometry_msgs::msg::Point::SharedPtr msg[m[K){
      |                                                   [01;35m[K~~~~~~~~~~~~~~~~~~~~~~~~~~~~~~~~~~~~~~~~~~~^~~[m[K
gmake[2]: *** [CMakeFiles/alpaka_welding_cobot_moveit.dir/build.make:90: CMakeFiles/alpaka_welding_cobot_moveit.dir/src/ml_receiver_node_driver.cpp.o] Error 1
gmake[1]: *** [CMakeFiles/Makefile2:137: CMakeFiles/alpaka_welding_cobot_moveit.dir/all] Error 2
gmake: *** [Makefile:146: all] Error 2
