[0.104s] Invoking command in '/home/alpaka-admin/my_alpaka_urdf_ws/build/alpaka_chassis_description': CMAKE_PREFIX_PATH=/opt/ros/humble ROS_DOMAIN_ID=98 /usr/bin/cmake --build /home/alpaka-admin/my_alpaka_urdf_ws/build/alpaka_chassis_description -- -j8 -l8
[0.380s] Invoked command in '/home/alpaka-admin/my_alpaka_urdf_ws/build/alpaka_chassis_description' returned '0': CMAKE_PREFIX_PATH=/opt/ros/humble ROS_DOMAIN_ID=98 /usr/bin/cmake --build /home/alpaka-admin/my_alpaka_urdf_ws/build/alpaka_chassis_description -- -j8 -l8
[0.388s] Invoking command in '/home/alpaka-admin/my_alpaka_urdf_ws/build/alpaka_chassis_description': CMAKE_PREFIX_PATH=/opt/ros/humble ROS_DOMAIN_ID=98 /usr/bin/cmake --install /home/alpaka-admin/my_alpaka_urdf_ws/build/alpaka_chassis_description
[0.470s] -- Install configuration: ""
[0.470s] -- Up-to-date: /home/alpaka-admin/my_alpaka_urdf_ws/install/alpaka_chassis_description/share/alpaka_chassis_description/meshes
[0.471s] -- Up-to-date: /home/alpaka-admin/my_alpaka_urdf_ws/install/alpaka_chassis_description/share/alpaka_chassis_description/meshes/visual
[0.471s] -- Up-to-date: /home/alpaka-admin/my_alpaka_urdf_ws/install/alpaka_chassis_description/share/alpaka_chassis_description/meshes/visual/chassis_base_link.STL
[0.471s] -- Up-to-date: /home/alpaka-admin/my_alpaka_urdf_ws/install/alpaka_chassis_description/share/alpaka_chassis_description/meshes/visual/chassis_arm_link.STL
[0.471s] -- Up-to-date: /home/alpaka-admin/my_alpaka_urdf_ws/install/alpaka_chassis_description/share/alpaka_chassis_description/meshes/collision
[0.471s] -- Up-to-date: /home/alpaka-admin/my_alpaka_urdf_ws/install/alpaka_chassis_description/share/alpaka_chassis_description/meshes/collision/chassis_base_link_collision.STL
[0.472s] -- Up-to-date: /home/alpaka-admin/my_alpaka_urdf_ws/install/alpaka_chassis_description/share/alpaka_chassis_description/meshes/collision/chassis_arm_link_collision.STL
[0.472s] -- Up-to-date: /home/alpaka-admin/my_alpaka_urdf_ws/install/alpaka_chassis_description/share/alpaka_chassis_description/urdf
[0.473s] -- Up-to-date: /home/alpaka-admin/my_alpaka_urdf_ws/install/alpaka_chassis_description/share/alpaka_chassis_description/urdf/chassis_macro.xacro
[0.474s] -- Up-to-date: /home/alpaka-admin/my_alpaka_urdf_ws/install/alpaka_chassis_description/share/alpaka_chassis_description/urdf/chassis.urdf.xacro
[0.474s] -- Up-to-date: /home/alpaka-admin/my_alpaka_urdf_ws/install/alpaka_chassis_description/share/alpaka_chassis_description/launch
[0.475s] -- Up-to-date: /home/alpaka-admin/my_alpaka_urdf_ws/install/alpaka_chassis_description/share/alpaka_chassis_description/launch/view_chassis.launch.py
[0.475s] -- Up-to-date: /home/alpaka-admin/my_alpaka_urdf_ws/install/alpaka_chassis_description/share/alpaka_chassis_description/rviz
[0.475s] -- Up-to-date: /home/alpaka-admin/my_alpaka_urdf_ws/install/alpaka_chassis_description/share/alpaka_chassis_description/rviz/view_chassis.rviz
[0.476s] -- Up-to-date: /home/alpaka-admin/my_alpaka_urdf_ws/install/alpaka_chassis_description/share/ament_index/resource_index/package_run_dependencies/alpaka_chassis_description
[0.477s] -- Up-to-date: /home/alpaka-admin/my_alpaka_urdf_ws/install/alpaka_chassis_description/share/ament_index/resource_index/parent_prefix_path/alpaka_chassis_description
[0.477s] -- Up-to-date: /home/alpaka-admin/my_alpaka_urdf_ws/install/alpaka_chassis_description/share/alpaka_chassis_description/environment/ament_prefix_path.sh
[0.477s] -- Up-to-date: /home/alpaka-admin/my_alpaka_urdf_ws/install/alpaka_chassis_description/share/alpaka_chassis_description/environment/ament_prefix_path.dsv
[0.483s] -- Up-to-date: /home/alpaka-admin/my_alpaka_urdf_ws/install/alpaka_chassis_description/share/alpaka_chassis_description/environment/path.sh
[0.486s] -- Up-to-date: /home/alpaka-admin/my_alpaka_urdf_ws/install/alpaka_chassis_description/share/alpaka_chassis_description/environment/path.dsv
[0.487s] -- Up-to-date: /home/alpaka-admin/my_alpaka_urdf_ws/install/alpaka_chassis_description/share/alpaka_chassis_description/local_setup.bash
[0.487s] -- Up-to-date: /home/alpaka-admin/my_alpaka_urdf_ws/install/alpaka_chassis_description/share/alpaka_chassis_description/local_setup.sh
[0.503s] -- Up-to-date: /home/alpaka-admin/my_alpaka_urdf_ws/install/alpaka_chassis_description/share/alpaka_chassis_description/local_setup.zsh
[0.504s] -- Up-to-date: /home/alpaka-admin/my_alpaka_urdf_ws/install/alpaka_chassis_description/share/alpaka_chassis_description/local_setup.dsv
[0.505s] -- Installing: /home/alpaka-admin/my_alpaka_urdf_ws/install/alpaka_chassis_description/share/alpaka_chassis_description/package.dsv
[0.505s] -- Up-to-date: /home/alpaka-admin/my_alpaka_urdf_ws/install/alpaka_chassis_description/share/ament_index/resource_index/packages/alpaka_chassis_description
[0.505s] -- Up-to-date: /home/alpaka-admin/my_alpaka_urdf_ws/install/alpaka_chassis_description/share/alpaka_chassis_description/cmake/alpaka_chassis_descriptionConfig.cmake
[0.507s] -- Up-to-date: /home/alpaka-admin/my_alpaka_urdf_ws/install/alpaka_chassis_description/share/alpaka_chassis_description/cmake/alpaka_chassis_descriptionConfig-version.cmake
[0.508s] -- Up-to-date: /home/alpaka-admin/my_alpaka_urdf_ws/install/alpaka_chassis_description/share/alpaka_chassis_description/package.xml
[0.640s] Invoked command in '/home/alpaka-admin/my_alpaka_urdf_ws/build/alpaka_chassis_description' returned '0': CMAKE_PREFIX_PATH=/opt/ros/humble ROS_DOMAIN_ID=98 /usr/bin/cmake --install /home/alpaka-admin/my_alpaka_urdf_ws/build/alpaka_chassis_description
