-- Install configuration: ""
-- Up-to-date: /home/alpaka-admin/my_alpaka_urdf_ws/install/alpaka_welding_cobot_description/share/alpaka_welding_cobot_description/urdf
-- Up-to-date: /home/alpaka-admin/my_alpaka_urdf_ws/install/alpaka_welding_cobot_description/share/alpaka_welding_cobot_description/urdf/welding_cobot.urdf.xacro
-- Up-to-date: /home/alpaka-admin/my_alpaka_urdf_ws/install/alpaka_welding_cobot_description/share/alpaka_welding_cobot_description/urdf/welding_cobot.urdf~
-- Up-to-date: /home/alpaka-admin/my_alpaka_urdf_ws/install/alpaka_welding_cobot_description/share/alpaka_welding_cobot_description/launch
-- Up-to-date: /home/alpaka-admin/my_alpaka_urdf_ws/install/alpaka_welding_cobot_description/share/alpaka_welding_cobot_description/launch/view_welding_cobot.launch.py
-- Up-to-date: /home/alpaka-admin/my_alpaka_urdf_ws/install/alpaka_welding_cobot_description/share/alpaka_welding_cobot_description/rviz
-- Up-to-date: /home/alpaka-admin/my_alpaka_urdf_ws/install/alpaka_welding_cobot_description/share/alpaka_welding_cobot_description/rviz/view_welding_cobot.rviz
-- Up-to-date: /home/alpaka-admin/my_alpaka_urdf_ws/install/alpaka_welding_cobot_description/share/ament_index/resource_index/package_run_dependencies/alpaka_welding_cobot_description
-- Up-to-date: /home/alpaka-admin/my_alpaka_urdf_ws/install/alpaka_welding_cobot_description/share/ament_index/resource_index/parent_prefix_path/alpaka_welding_cobot_description
-- Up-to-date: /home/alpaka-admin/my_alpaka_urdf_ws/install/alpaka_welding_cobot_description/share/alpaka_welding_cobot_description/environment/ament_prefix_path.sh
-- Up-to-date: /home/alpaka-admin/my_alpaka_urdf_ws/install/alpaka_welding_cobot_description/share/alpaka_welding_cobot_description/environment/ament_prefix_path.dsv
-- Up-to-date: /home/alpaka-admin/my_alpaka_urdf_ws/install/alpaka_welding_cobot_description/share/alpaka_welding_cobot_description/environment/path.sh
-- Up-to-date: /home/alpaka-admin/my_alpaka_urdf_ws/install/alpaka_welding_cobot_description/share/alpaka_welding_cobot_description/environment/path.dsv
-- Up-to-date: /home/alpaka-admin/my_alpaka_urdf_ws/install/alpaka_welding_cobot_description/share/alpaka_welding_cobot_description/local_setup.bash
-- Up-to-date: /home/alpaka-admin/my_alpaka_urdf_ws/install/alpaka_welding_cobot_description/share/alpaka_welding_cobot_description/local_setup.sh
-- Up-to-date: /home/alpaka-admin/my_alpaka_urdf_ws/install/alpaka_welding_cobot_description/share/alpaka_welding_cobot_description/local_setup.zsh
-- Up-to-date: /home/alpaka-admin/my_alpaka_urdf_ws/install/alpaka_welding_cobot_description/share/alpaka_welding_cobot_description/local_setup.dsv
-- Installing: /home/alpaka-admin/my_alpaka_urdf_ws/install/alpaka_welding_cobot_description/share/alpaka_welding_cobot_description/package.dsv
-- Up-to-date: /home/alpaka-admin/my_alpaka_urdf_ws/install/alpaka_welding_cobot_description/share/ament_index/resource_index/packages/alpaka_welding_cobot_description
-- Up-to-date: /home/alpaka-admin/my_alpaka_urdf_ws/install/alpaka_welding_cobot_description/share/alpaka_welding_cobot_description/cmake/alpaka_welding_cobot_descriptionConfig.cmake
-- Up-to-date: /home/alpaka-admin/my_alpaka_urdf_ws/install/alpaka_welding_cobot_description/share/alpaka_welding_cobot_description/cmake/alpaka_welding_cobot_descriptionConfig-version.cmake
-- Up-to-date: /home/alpaka-admin/my_alpaka_urdf_ws/install/alpaka_welding_cobot_description/share/alpaka_welding_cobot_description/package.xml
