[1.461s] Invoking command in '/home/alpaka-admin/my_alpaka_urdf_ws/src/ml_model': PYTHONPATH=/home/alpaka-admin/my_alpaka_urdf_ws/build/ml_model/prefix_override:/usr/lib/python3/dist-packages/colcon_core/task/python/colcon_distutils_commands:/home/alpaka-admin/my_alpaka_urdf_ws/install/ml_model/lib/python3.10/site-packages:${PYTHONPATH} ROS_DOMAIN_ID=22 /usr/bin/python3 -W ignore:setup.py install is deprecated -W ignore:easy_install command is deprecated setup.py egg_info --egg-base ../../build/ml_model build --build-base /home/alpaka-admin/my_alpaka_urdf_ws/build/ml_model/build install --record /home/alpaka-admin/my_alpaka_urdf_ws/build/ml_model/install.log --single-version-externally-managed install_data
[1.943s] running egg_info
[1.944s] writing ../../build/ml_model/ml_model.egg-info/PKG-INFO
[1.945s] writing dependency_links to ../../build/ml_model/ml_model.egg-info/dependency_links.txt
[1.945s] writing entry points to ../../build/ml_model/ml_model.egg-info/entry_points.txt
[1.945s] writing requirements to ../../build/ml_model/ml_model.egg-info/requires.txt
[1.945s] writing top-level names to ../../build/ml_model/ml_model.egg-info/top_level.txt
[1.948s] reading manifest file '../../build/ml_model/ml_model.egg-info/SOURCES.txt'
[1.949s] adding license file 'LICENSE'
[1.950s] writing manifest file '../../build/ml_model/ml_model.egg-info/SOURCES.txt'
[1.950s] running build
[1.950s] running build_py
[1.950s] running install
[1.951s] running install_lib
[1.953s] running install_data
[1.953s] running install_egg_info
[1.956s] removing '/home/alpaka-admin/my_alpaka_urdf_ws/install/ml_model/lib/python3.10/site-packages/ml_model-0.0.0-py3.10.egg-info' (and everything under it)
[1.956s] Copying ../../build/ml_model/ml_model.egg-info to /home/alpaka-admin/my_alpaka_urdf_ws/install/ml_model/lib/python3.10/site-packages/ml_model-0.0.0-py3.10.egg-info
[1.958s] running install_scripts
[1.990s] Installing ml_model_node script to /home/alpaka-admin/my_alpaka_urdf_ws/install/ml_model/lib/ml_model
[1.991s] writing list of installed files to '/home/alpaka-admin/my_alpaka_urdf_ws/build/ml_model/install.log'
