[0.106s] Invoking command in '/home/alpaka-admin/my_alpaka_urdf_ws/build/alpaka_welding_cobot_moveit_config': CMAKE_PREFIX_PATH=/opt/ros/humble ROS_DOMAIN_ID=80 /usr/bin/cmake --build /home/alpaka-admin/my_alpaka_urdf_ws/build/alpaka_welding_cobot_moveit_config -- -j8 -l8
[0.531s] Invoked command in '/home/alpaka-admin/my_alpaka_urdf_ws/build/alpaka_welding_cobot_moveit_config' returned '0': CMAKE_PREFIX_PATH=/opt/ros/humble ROS_DOMAIN_ID=80 /usr/bin/cmake --build /home/alpaka-admin/my_alpaka_urdf_ws/build/alpaka_welding_cobot_moveit_config -- -j8 -l8
[0.537s] Invoking command in '/home/alpaka-admin/my_alpaka_urdf_ws/build/alpaka_welding_cobot_moveit_config': CMAKE_PREFIX_PATH=/opt/ros/humble ROS_DOMAIN_ID=80 /usr/bin/cmake --install /home/alpaka-admin/my_alpaka_urdf_ws/build/alpaka_welding_cobot_moveit_config
[0.668s] -- Install configuration: ""
[0.669s] -- Up-to-date: /home/alpaka-admin/my_alpaka_urdf_ws/install/alpaka_welding_cobot_moveit_config/share/alpaka_welding_cobot_moveit_config/config
[0.669s] -- Up-to-date: /home/alpaka-admin/my_alpaka_urdf_ws/install/alpaka_welding_cobot_moveit_config/share/alpaka_welding_cobot_moveit_config/config/ompl_planning.yaml
[0.673s] -- Up-to-date: /home/alpaka-admin/my_alpaka_urdf_ws/install/alpaka_welding_cobot_moveit_config/share/alpaka_welding_cobot_moveit_config/config/joint_limits.yaml
[0.676s] -- Up-to-date: /home/alpaka-admin/my_alpaka_urdf_ws/install/alpaka_welding_cobot_moveit_config/share/alpaka_welding_cobot_moveit_config/config/pilz_cartesian_limits.yaml
[0.676s] -- Up-to-date: /home/alpaka-admin/my_alpaka_urdf_ws/install/alpaka_welding_cobot_moveit_config/share/alpaka_welding_cobot_moveit_config/config/controllers.yaml
[0.676s] -- Up-to-date: /home/alpaka-admin/my_alpaka_urdf_ws/install/alpaka_welding_cobot_moveit_config/share/alpaka_welding_cobot_moveit_config/config/ur_servo.yaml
[0.677s] -- Up-to-date: /home/alpaka-admin/my_alpaka_urdf_ws/install/alpaka_welding_cobot_moveit_config/share/alpaka_welding_cobot_moveit_config/config/kinematics.yaml
[0.677s] -- Up-to-date: /home/alpaka-admin/my_alpaka_urdf_ws/install/alpaka_welding_cobot_moveit_config/share/alpaka_welding_cobot_moveit_config/config/pilz_industrial_motion_planner_planning.yaml
[0.677s] -- Up-to-date: /home/alpaka-admin/my_alpaka_urdf_ws/install/alpaka_welding_cobot_moveit_config/share/alpaka_welding_cobot_moveit_config/srdf
[0.680s] -- Up-to-date: /home/alpaka-admin/my_alpaka_urdf_ws/install/alpaka_welding_cobot_moveit_config/share/alpaka_welding_cobot_moveit_config/srdf/ur.srdf.xacro
[0.681s] -- Up-to-date: /home/alpaka-admin/my_alpaka_urdf_ws/install/alpaka_welding_cobot_moveit_config/share/alpaka_welding_cobot_moveit_config/rviz
[0.681s] -- Up-to-date: /home/alpaka-admin/my_alpaka_urdf_ws/install/alpaka_welding_cobot_moveit_config/share/alpaka_welding_cobot_moveit_config/rviz/view_robot.rviz
[0.681s] -- Up-to-date: /home/alpaka-admin/my_alpaka_urdf_ws/install/alpaka_welding_cobot_moveit_config/share/ament_index/resource_index/package_run_dependencies/alpaka_welding_cobot_moveit_config
[0.683s] -- Up-to-date: /home/alpaka-admin/my_alpaka_urdf_ws/install/alpaka_welding_cobot_moveit_config/share/ament_index/resource_index/parent_prefix_path/alpaka_welding_cobot_moveit_config
[0.683s] -- Up-to-date: /home/alpaka-admin/my_alpaka_urdf_ws/install/alpaka_welding_cobot_moveit_config/share/alpaka_welding_cobot_moveit_config/environment/ament_prefix_path.sh
[0.684s] -- Up-to-date: /home/alpaka-admin/my_alpaka_urdf_ws/install/alpaka_welding_cobot_moveit_config/share/alpaka_welding_cobot_moveit_config/environment/ament_prefix_path.dsv
[0.686s] -- Up-to-date: /home/alpaka-admin/my_alpaka_urdf_ws/install/alpaka_welding_cobot_moveit_config/share/alpaka_welding_cobot_moveit_config/environment/path.sh
[0.687s] -- Up-to-date: /home/alpaka-admin/my_alpaka_urdf_ws/install/alpaka_welding_cobot_moveit_config/share/alpaka_welding_cobot_moveit_config/environment/path.dsv
[0.688s] -- Up-to-date: /home/alpaka-admin/my_alpaka_urdf_ws/install/alpaka_welding_cobot_moveit_config/share/alpaka_welding_cobot_moveit_config/local_setup.bash
[0.692s] -- Up-to-date: /home/alpaka-admin/my_alpaka_urdf_ws/install/alpaka_welding_cobot_moveit_config/share/alpaka_welding_cobot_moveit_config/local_setup.sh
[0.693s] -- Up-to-date: /home/alpaka-admin/my_alpaka_urdf_ws/install/alpaka_welding_cobot_moveit_config/share/alpaka_welding_cobot_moveit_config/local_setup.zsh
[0.695s] -- Up-to-date: /home/alpaka-admin/my_alpaka_urdf_ws/install/alpaka_welding_cobot_moveit_config/share/alpaka_welding_cobot_moveit_config/local_setup.dsv
[0.696s] -- Installing: /home/alpaka-admin/my_alpaka_urdf_ws/install/alpaka_welding_cobot_moveit_config/share/alpaka_welding_cobot_moveit_config/package.dsv
[0.696s] -- Up-to-date: /home/alpaka-admin/my_alpaka_urdf_ws/install/alpaka_welding_cobot_moveit_config/share/ament_index/resource_index/packages/alpaka_welding_cobot_moveit_config
[0.697s] -- Up-to-date: /home/alpaka-admin/my_alpaka_urdf_ws/install/alpaka_welding_cobot_moveit_config/share/alpaka_welding_cobot_moveit_config/cmake/alpaka_welding_cobot_moveit_configConfig.cmake
[0.699s] -- Up-to-date: /home/alpaka-admin/my_alpaka_urdf_ws/install/alpaka_welding_cobot_moveit_config/share/alpaka_welding_cobot_moveit_config/cmake/alpaka_welding_cobot_moveit_configConfig-version.cmake
[0.699s] -- Up-to-date: /home/alpaka-admin/my_alpaka_urdf_ws/install/alpaka_welding_cobot_moveit_config/share/alpaka_welding_cobot_moveit_config/package.xml
[0.835s] Invoked command in '/home/alpaka-admin/my_alpaka_urdf_ws/build/alpaka_welding_cobot_moveit_config' returned '0': CMAKE_PREFIX_PATH=/opt/ros/humble ROS_DOMAIN_ID=80 /usr/bin/cmake --install /home/alpaka-admin/my_alpaka_urdf_ws/build/alpaka_welding_cobot_moveit_config
