[0.078s] Invoking command in '/home/alpaka-admin/my_alpaka_urdf_ws/build/alpaka_welding_cobot_moveit_config': CMAKE_PREFIX_PATH=${CMAKE_PREFIX_PATH}:/home/alpaka-admin/my_alpaka_urdf_ws/install/ml_model:/opt/ros/humble ROS_DOMAIN_ID=36 /usr/bin/cmake --build /home/alpaka-admin/my_alpaka_urdf_ws/build/alpaka_welding_cobot_moveit_config -- -j8 -l8
[0.256s] Invoked command in '/home/alpaka-admin/my_alpaka_urdf_ws/build/alpaka_welding_cobot_moveit_config' returned '0': CMAKE_PREFIX_PATH=${CMAKE_PREFIX_PATH}:/home/alpaka-admin/my_alpaka_urdf_ws/install/ml_model:/opt/ros/humble ROS_DOMAIN_ID=36 /usr/bin/cmake --build /home/alpaka-admin/my_alpaka_urdf_ws/build/alpaka_welding_cobot_moveit_config -- -j8 -l8
[0.258s] Invoking command in '/home/alpaka-admin/my_alpaka_urdf_ws/build/alpaka_welding_cobot_moveit_config': CMAKE_PREFIX_PATH=${CMAKE_PREFIX_PATH}:/home/alpaka-admin/my_alpaka_urdf_ws/install/ml_model:/opt/ros/humble ROS_DOMAIN_ID=36 /usr/bin/cmake --install /home/alpaka-admin/my_alpaka_urdf_ws/build/alpaka_welding_cobot_moveit_config
[0.274s] -- Install configuration: ""
[0.274s] -- Up-to-date: /home/alpaka-admin/my_alpaka_urdf_ws/install/alpaka_welding_cobot_moveit_config/share/alpaka_welding_cobot_moveit_config/config
[0.275s] -- Up-to-date: /home/alpaka-admin/my_alpaka_urdf_ws/install/alpaka_welding_cobot_moveit_config/share/alpaka_welding_cobot_moveit_config/config/ompl_planning.yaml
[0.275s] -- Up-to-date: /home/alpaka-admin/my_alpaka_urdf_ws/install/alpaka_welding_cobot_moveit_config/share/alpaka_welding_cobot_moveit_config/config/joint_limits.yaml
[0.275s] -- Up-to-date: /home/alpaka-admin/my_alpaka_urdf_ws/install/alpaka_welding_cobot_moveit_config/share/alpaka_welding_cobot_moveit_config/config/pilz_cartesian_limits.yaml
[0.275s] -- Up-to-date: /home/alpaka-admin/my_alpaka_urdf_ws/install/alpaka_welding_cobot_moveit_config/share/alpaka_welding_cobot_moveit_config/config/controllers.yaml
[0.276s] -- Up-to-date: /home/alpaka-admin/my_alpaka_urdf_ws/install/alpaka_welding_cobot_moveit_config/share/alpaka_welding_cobot_moveit_config/config/ur_servo.yaml
[0.276s] -- Up-to-date: /home/alpaka-admin/my_alpaka_urdf_ws/install/alpaka_welding_cobot_moveit_config/share/alpaka_welding_cobot_moveit_config/config/kinematics.yaml
[0.276s] -- Up-to-date: /home/alpaka-admin/my_alpaka_urdf_ws/install/alpaka_welding_cobot_moveit_config/share/alpaka_welding_cobot_moveit_config/config/pilz_industrial_motion_planner_planning.yaml
[0.277s] -- Up-to-date: /home/alpaka-admin/my_alpaka_urdf_ws/install/alpaka_welding_cobot_moveit_config/share/alpaka_welding_cobot_moveit_config/srdf
[0.277s] -- Up-to-date: /home/alpaka-admin/my_alpaka_urdf_ws/install/alpaka_welding_cobot_moveit_config/share/alpaka_welding_cobot_moveit_config/srdf/ur.srdf.xacro
[0.277s] -- Up-to-date: /home/alpaka-admin/my_alpaka_urdf_ws/install/alpaka_welding_cobot_moveit_config/share/alpaka_welding_cobot_moveit_config/rviz
[0.277s] -- Up-to-date: /home/alpaka-admin/my_alpaka_urdf_ws/install/alpaka_welding_cobot_moveit_config/share/alpaka_welding_cobot_moveit_config/rviz/view_robot.rviz
[0.277s] -- Up-to-date: /home/alpaka-admin/my_alpaka_urdf_ws/install/alpaka_welding_cobot_moveit_config/share/ament_index/resource_index/package_run_dependencies/alpaka_welding_cobot_moveit_config
[0.277s] -- Up-to-date: /home/alpaka-admin/my_alpaka_urdf_ws/install/alpaka_welding_cobot_moveit_config/share/ament_index/resource_index/parent_prefix_path/alpaka_welding_cobot_moveit_config
[0.278s] -- Up-to-date: /home/alpaka-admin/my_alpaka_urdf_ws/install/alpaka_welding_cobot_moveit_config/share/alpaka_welding_cobot_moveit_config/environment/ament_prefix_path.sh
[0.278s] -- Up-to-date: /home/alpaka-admin/my_alpaka_urdf_ws/install/alpaka_welding_cobot_moveit_config/share/alpaka_welding_cobot_moveit_config/environment/ament_prefix_path.dsv
[0.278s] -- Up-to-date: /home/alpaka-admin/my_alpaka_urdf_ws/install/alpaka_welding_cobot_moveit_config/share/alpaka_welding_cobot_moveit_config/environment/path.sh
[0.278s] -- Up-to-date: /home/alpaka-admin/my_alpaka_urdf_ws/install/alpaka_welding_cobot_moveit_config/share/alpaka_welding_cobot_moveit_config/environment/path.dsv
[0.278s] -- Up-to-date: /home/alpaka-admin/my_alpaka_urdf_ws/install/alpaka_welding_cobot_moveit_config/share/alpaka_welding_cobot_moveit_config/local_setup.bash
[0.279s] -- Up-to-date: /home/alpaka-admin/my_alpaka_urdf_ws/install/alpaka_welding_cobot_moveit_config/share/alpaka_welding_cobot_moveit_config/local_setup.sh
[0.279s] -- Up-to-date: /home/alpaka-admin/my_alpaka_urdf_ws/install/alpaka_welding_cobot_moveit_config/share/alpaka_welding_cobot_moveit_config/local_setup.zsh
[0.279s] -- Up-to-date: /home/alpaka-admin/my_alpaka_urdf_ws/install/alpaka_welding_cobot_moveit_config/share/alpaka_welding_cobot_moveit_config/local_setup.dsv
[0.279s] -- Installing: /home/alpaka-admin/my_alpaka_urdf_ws/install/alpaka_welding_cobot_moveit_config/share/alpaka_welding_cobot_moveit_config/package.dsv
[0.280s] -- Up-to-date: /home/alpaka-admin/my_alpaka_urdf_ws/install/alpaka_welding_cobot_moveit_config/share/ament_index/resource_index/packages/alpaka_welding_cobot_moveit_config
[0.280s] -- Up-to-date: /home/alpaka-admin/my_alpaka_urdf_ws/install/alpaka_welding_cobot_moveit_config/share/alpaka_welding_cobot_moveit_config/cmake/alpaka_welding_cobot_moveit_configConfig.cmake
[0.280s] -- Up-to-date: /home/alpaka-admin/my_alpaka_urdf_ws/install/alpaka_welding_cobot_moveit_config/share/alpaka_welding_cobot_moveit_config/cmake/alpaka_welding_cobot_moveit_configConfig-version.cmake
[0.280s] -- Up-to-date: /home/alpaka-admin/my_alpaka_urdf_ws/install/alpaka_welding_cobot_moveit_config/share/alpaka_welding_cobot_moveit_config/package.xml
[0.422s] Invoked command in '/home/alpaka-admin/my_alpaka_urdf_ws/build/alpaka_welding_cobot_moveit_config' returned '0': CMAKE_PREFIX_PATH=${CMAKE_PREFIX_PATH}:/home/alpaka-admin/my_alpaka_urdf_ws/install/ml_model:/opt/ros/humble ROS_DOMAIN_ID=36 /usr/bin/cmake --install /home/alpaka-admin/my_alpaka_urdf_ws/build/alpaka_welding_cobot_moveit_config
