[0.177s] Invoking command in '/home/alpaka-admin/my_alpaka_urdf_ws/build/alpaka_welding_cobot_description': CMAKE_PREFIX_PATH=${CMAKE_PREFIX_PATH}:/home/alpaka-admin/my_alpaka_urdf_ws/install/ml_model:/opt/ros/humble ROS_DOMAIN_ID=232 /usr/bin/cmake --build /home/alpaka-admin/my_alpaka_urdf_ws/build/alpaka_welding_cobot_description -- -j8 -l8
[0.365s] Invoked command in '/home/alpaka-admin/my_alpaka_urdf_ws/build/alpaka_welding_cobot_description' returned '0': CMAKE_PREFIX_PATH=${CMAKE_PREFIX_PATH}:/home/alpaka-admin/my_alpaka_urdf_ws/install/ml_model:/opt/ros/humble ROS_DOMAIN_ID=232 /usr/bin/cmake --build /home/alpaka-admin/my_alpaka_urdf_ws/build/alpaka_welding_cobot_description -- -j8 -l8
[0.376s] Invoking command in '/home/alpaka-admin/my_alpaka_urdf_ws/build/alpaka_welding_cobot_description': CMAKE_PREFIX_PATH=${CMAKE_PREFIX_PATH}:/home/alpaka-admin/my_alpaka_urdf_ws/install/ml_model:/opt/ros/humble ROS_DOMAIN_ID=232 /usr/bin/cmake --install /home/alpaka-admin/my_alpaka_urdf_ws/build/alpaka_welding_cobot_description
[0.502s] -- Install configuration: ""
[0.502s] -- Up-to-date: /home/alpaka-admin/my_alpaka_urdf_ws/install/alpaka_welding_cobot_description/share/alpaka_welding_cobot_description/urdf
[0.502s] -- Up-to-date: /home/alpaka-admin/my_alpaka_urdf_ws/install/alpaka_welding_cobot_description/share/alpaka_welding_cobot_description/urdf/welding_cobot.urdf.xacro
[0.503s] -- Up-to-date: /home/alpaka-admin/my_alpaka_urdf_ws/install/alpaka_welding_cobot_description/share/alpaka_welding_cobot_description/urdf/welding_cobot.urdf~
[0.506s] -- Up-to-date: /home/alpaka-admin/my_alpaka_urdf_ws/install/alpaka_welding_cobot_description/share/alpaka_welding_cobot_description/launch
[0.506s] -- Up-to-date: /home/alpaka-admin/my_alpaka_urdf_ws/install/alpaka_welding_cobot_description/share/alpaka_welding_cobot_description/launch/view_welding_cobot.launch.py
[0.506s] -- Up-to-date: /home/alpaka-admin/my_alpaka_urdf_ws/install/alpaka_welding_cobot_description/share/alpaka_welding_cobot_description/rviz
[0.508s] -- Up-to-date: /home/alpaka-admin/my_alpaka_urdf_ws/install/alpaka_welding_cobot_description/share/alpaka_welding_cobot_description/rviz/view_welding_cobot.rviz
[0.508s] -- Up-to-date: /home/alpaka-admin/my_alpaka_urdf_ws/install/alpaka_welding_cobot_description/share/ament_index/resource_index/package_run_dependencies/alpaka_welding_cobot_description
[0.508s] -- Up-to-date: /home/alpaka-admin/my_alpaka_urdf_ws/install/alpaka_welding_cobot_description/share/ament_index/resource_index/parent_prefix_path/alpaka_welding_cobot_description
[0.512s] -- Up-to-date: /home/alpaka-admin/my_alpaka_urdf_ws/install/alpaka_welding_cobot_description/share/alpaka_welding_cobot_description/environment/ament_prefix_path.sh
[0.513s] -- Up-to-date: /home/alpaka-admin/my_alpaka_urdf_ws/install/alpaka_welding_cobot_description/share/alpaka_welding_cobot_description/environment/ament_prefix_path.dsv
[0.514s] -- Up-to-date: /home/alpaka-admin/my_alpaka_urdf_ws/install/alpaka_welding_cobot_description/share/alpaka_welding_cobot_description/environment/path.sh
[0.514s] -- Up-to-date: /home/alpaka-admin/my_alpaka_urdf_ws/install/alpaka_welding_cobot_description/share/alpaka_welding_cobot_description/environment/path.dsv
[0.517s] -- Up-to-date: /home/alpaka-admin/my_alpaka_urdf_ws/install/alpaka_welding_cobot_description/share/alpaka_welding_cobot_description/local_setup.bash
[0.518s] -- Up-to-date: /home/alpaka-admin/my_alpaka_urdf_ws/install/alpaka_welding_cobot_description/share/alpaka_welding_cobot_description/local_setup.sh
[0.525s] -- Up-to-date: /home/alpaka-admin/my_alpaka_urdf_ws/install/alpaka_welding_cobot_description/share/alpaka_welding_cobot_description/local_setup.zsh
[0.525s] -- Up-to-date: /home/alpaka-admin/my_alpaka_urdf_ws/install/alpaka_welding_cobot_description/share/alpaka_welding_cobot_description/local_setup.dsv
[0.526s] -- Installing: /home/alpaka-admin/my_alpaka_urdf_ws/install/alpaka_welding_cobot_description/share/alpaka_welding_cobot_description/package.dsv
[0.526s] -- Up-to-date: /home/alpaka-admin/my_alpaka_urdf_ws/install/alpaka_welding_cobot_description/share/ament_index/resource_index/packages/alpaka_welding_cobot_description
[0.526s] -- Up-to-date: /home/alpaka-admin/my_alpaka_urdf_ws/install/alpaka_welding_cobot_description/share/alpaka_welding_cobot_description/cmake/alpaka_welding_cobot_descriptionConfig.cmake
[0.532s] -- Up-to-date: /home/alpaka-admin/my_alpaka_urdf_ws/install/alpaka_welding_cobot_description/share/alpaka_welding_cobot_description/cmake/alpaka_welding_cobot_descriptionConfig-version.cmake
[0.533s] -- Up-to-date: /home/alpaka-admin/my_alpaka_urdf_ws/install/alpaka_welding_cobot_description/share/alpaka_welding_cobot_description/package.xml
[0.669s] Invoked command in '/home/alpaka-admin/my_alpaka_urdf_ws/build/alpaka_welding_cobot_description' returned '0': CMAKE_PREFIX_PATH=${CMAKE_PREFIX_PATH}:/home/alpaka-admin/my_alpaka_urdf_ws/install/ml_model:/opt/ros/humble ROS_DOMAIN_ID=232 /usr/bin/cmake --install /home/alpaka-admin/my_alpaka_urdf_ws/build/alpaka_welding_cobot_description
