[0.128s] Invoking command in '/home/alpaka-admin/my_alpaka_urdf_ws/build/alpaka_welding_gun_description': CMAKE_PREFIX_PATH=/opt/ros/humble /usr/bin/cmake --build /home/alpaka-admin/my_alpaka_urdf_ws/build/alpaka_welding_gun_description -- -j8 -l8
[0.498s] Invoked command in '/home/alpaka-admin/my_alpaka_urdf_ws/build/alpaka_welding_gun_description' returned '0': CMAKE_PREFIX_PATH=/opt/ros/humble ROS_DOMAIN_ID=6 /usr/bin/cmake --build /home/alpaka-admin/my_alpaka_urdf_ws/build/alpaka_welding_gun_description -- -j8 -l8
[0.503s] Invoking command in '/home/alpaka-admin/my_alpaka_urdf_ws/build/alpaka_welding_gun_description': CMAKE_PREFIX_PATH=/opt/ros/humble ROS_DOMAIN_ID=6 /usr/bin/cmake --install /home/alpaka-admin/my_alpaka_urdf_ws/build/alpaka_welding_gun_description
[0.642s] -- Install configuration: ""
[0.642s] -- Up-to-date: /home/alpaka-admin/my_alpaka_urdf_ws/install/alpaka_welding_gun_description/share/alpaka_welding_gun_description/meshes
[0.643s] -- Up-to-date: /home/alpaka-admin/my_alpaka_urdf_ws/install/alpaka_welding_gun_description/share/alpaka_welding_gun_description/meshes/visual
[0.643s] -- Up-to-date: /home/alpaka-admin/my_alpaka_urdf_ws/install/alpaka_welding_gun_description/share/alpaka_welding_gun_description/meshes/visual/welding_gun_tourch_link.STL
[0.643s] -- Up-to-date: /home/alpaka-admin/my_alpaka_urdf_ws/install/alpaka_welding_gun_description/share/alpaka_welding_gun_description/meshes/visual/welding_gun_clamp_link.STL
[0.643s] -- Up-to-date: /home/alpaka-admin/my_alpaka_urdf_ws/install/alpaka_welding_gun_description/share/alpaka_welding_gun_description/meshes/visual/welding_gun_mount_link.STL
[0.646s] -- Up-to-date: /home/alpaka-admin/my_alpaka_urdf_ws/install/alpaka_welding_gun_description/share/alpaka_welding_gun_description/meshes/collision
[0.647s] -- Up-to-date: /home/alpaka-admin/my_alpaka_urdf_ws/install/alpaka_welding_gun_description/share/alpaka_welding_gun_description/meshes/collision/welding_gun_tourch_link_collision.STL
[0.648s] -- Up-to-date: /home/alpaka-admin/my_alpaka_urdf_ws/install/alpaka_welding_gun_description/share/alpaka_welding_gun_description/meshes/collision/welding_gun_clamp_link_collision.STL
[0.648s] -- Up-to-date: /home/alpaka-admin/my_alpaka_urdf_ws/install/alpaka_welding_gun_description/share/alpaka_welding_gun_description/meshes/collision/welding_gun_mount_link_collision.STL
[0.648s] -- Up-to-date: /home/alpaka-admin/my_alpaka_urdf_ws/install/alpaka_welding_gun_description/share/alpaka_welding_gun_description/urdf
[0.650s] -- Up-to-date: /home/alpaka-admin/my_alpaka_urdf_ws/install/alpaka_welding_gun_description/share/alpaka_welding_gun_description/urdf/welding_gun.urdf.xacro
[0.652s] -- Up-to-date: /home/alpaka-admin/my_alpaka_urdf_ws/install/alpaka_welding_gun_description/share/alpaka_welding_gun_description/urdf/welding_gun_macro.xacro
[0.652s] -- Up-to-date: /home/alpaka-admin/my_alpaka_urdf_ws/install/alpaka_welding_gun_description/share/alpaka_welding_gun_description/launch
[0.653s] -- Up-to-date: /home/alpaka-admin/my_alpaka_urdf_ws/install/alpaka_welding_gun_description/share/alpaka_welding_gun_description/launch/view_welding_gun.launch.py
[0.653s] -- Up-to-date: /home/alpaka-admin/my_alpaka_urdf_ws/install/alpaka_welding_gun_description/share/alpaka_welding_gun_description/rviz
[0.653s] -- Up-to-date: /home/alpaka-admin/my_alpaka_urdf_ws/install/alpaka_welding_gun_description/share/alpaka_welding_gun_description/rviz/view_welding_gun.rviz
[0.653s] -- Up-to-date: /home/alpaka-admin/my_alpaka_urdf_ws/install/alpaka_welding_gun_description/share/ament_index/resource_index/package_run_dependencies/alpaka_welding_gun_description
[0.653s] -- Up-to-date: /home/alpaka-admin/my_alpaka_urdf_ws/install/alpaka_welding_gun_description/share/ament_index/resource_index/parent_prefix_path/alpaka_welding_gun_description
[0.653s] -- Up-to-date: /home/alpaka-admin/my_alpaka_urdf_ws/install/alpaka_welding_gun_description/share/alpaka_welding_gun_description/environment/ament_prefix_path.sh
[0.671s] -- Up-to-date: /home/alpaka-admin/my_alpaka_urdf_ws/install/alpaka_welding_gun_description/share/alpaka_welding_gun_description/environment/ament_prefix_path.dsv
[0.672s] -- Up-to-date: /home/alpaka-admin/my_alpaka_urdf_ws/install/alpaka_welding_gun_description/share/alpaka_welding_gun_description/environment/path.sh
[0.672s] -- Up-to-date: /home/alpaka-admin/my_alpaka_urdf_ws/install/alpaka_welding_gun_description/share/alpaka_welding_gun_description/environment/path.dsv
[0.672s] -- Up-to-date: /home/alpaka-admin/my_alpaka_urdf_ws/install/alpaka_welding_gun_description/share/alpaka_welding_gun_description/local_setup.bash
[0.672s] -- Up-to-date: /home/alpaka-admin/my_alpaka_urdf_ws/install/alpaka_welding_gun_description/share/alpaka_welding_gun_description/local_setup.sh
[0.672s] -- Up-to-date: /home/alpaka-admin/my_alpaka_urdf_ws/install/alpaka_welding_gun_description/share/alpaka_welding_gun_description/local_setup.zsh
[0.673s] -- Up-to-date: /home/alpaka-admin/my_alpaka_urdf_ws/install/alpaka_welding_gun_description/share/alpaka_welding_gun_description/local_setup.dsv
[0.673s] -- Installing: /home/alpaka-admin/my_alpaka_urdf_ws/install/alpaka_welding_gun_description/share/alpaka_welding_gun_description/package.dsv
[0.673s] -- Up-to-date: /home/alpaka-admin/my_alpaka_urdf_ws/install/alpaka_welding_gun_description/share/ament_index/resource_index/packages/alpaka_welding_gun_description
[0.673s] -- Up-to-date: /home/alpaka-admin/my_alpaka_urdf_ws/install/alpaka_welding_gun_description/share/alpaka_welding_gun_description/cmake/alpaka_welding_gun_descriptionConfig.cmake
[0.673s] -- Up-to-date: /home/alpaka-admin/my_alpaka_urdf_ws/install/alpaka_welding_gun_description/share/alpaka_welding_gun_description/cmake/alpaka_welding_gun_descriptionConfig-version.cmake
[0.674s] -- Up-to-date: /home/alpaka-admin/my_alpaka_urdf_ws/install/alpaka_welding_gun_description/share/alpaka_welding_gun_description/package.xml
[0.753s] Invoked command in '/home/alpaka-admin/my_alpaka_urdf_ws/build/alpaka_welding_gun_description' returned '0': CMAKE_PREFIX_PATH=/opt/ros/humble ROS_DOMAIN_ID=6 /usr/bin/cmake --install /home/alpaka-admin/my_alpaka_urdf_ws/build/alpaka_welding_gun_description
