[1.384s] Invoking command in '/home/alpaka-admin/my_alpaka_urdf_ws/src/ml_model': PYTHONPATH=/home/alpaka-admin/my_alpaka_urdf_ws/build/ml_model/prefix_override:/usr/lib/python3/dist-packages/colcon_core/task/python/colcon_distutils_commands:/home/alpaka-admin/my_alpaka_urdf_ws/install/ml_model/lib/python3.10/site-packages:${PYTHONPATH} /usr/bin/python3 -W ignore:setup.py install is deprecated -W ignore:easy_install command is deprecated setup.py egg_info --egg-base ../../build/ml_model build --build-base /home/alpaka-admin/my_alpaka_urdf_ws/build/ml_model/build install --record /home/alpaka-admin/my_alpaka_urdf_ws/build/ml_model/install.log --single-version-externally-managed install_data
[1.855s] running egg_info
[1.855s] creating ../../build/ml_model/ml_model.egg-info
[1.856s] writing ../../build/ml_model/ml_model.egg-info/PKG-INFO
[1.856s] writing dependency_links to ../../build/ml_model/ml_model.egg-info/dependency_links.txt
[1.857s] writing entry points to ../../build/ml_model/ml_model.egg-info/entry_points.txt
[1.857s] writing requirements to ../../build/ml_model/ml_model.egg-info/requires.txt
[1.857s] writing top-level names to ../../build/ml_model/ml_model.egg-info/top_level.txt
[1.857s] writing manifest file '../../build/ml_model/ml_model.egg-info/SOURCES.txt'
[1.860s] reading manifest file '../../build/ml_model/ml_model.egg-info/SOURCES.txt'
[1.860s] adding license file 'LICENSE'
[1.861s] writing manifest file '../../build/ml_model/ml_model.egg-info/SOURCES.txt'
[1.862s] running build
[1.862s] running build_py
[1.862s] creating /home/alpaka-admin/my_alpaka_urdf_ws/build/ml_model/build
[1.862s] creating /home/alpaka-admin/my_alpaka_urdf_ws/build/ml_model/build/lib
[1.863s] creating /home/alpaka-admin/my_alpaka_urdf_ws/build/ml_model/build/lib/ml_model
[1.863s] copying ml_model/__init__.py -> /home/alpaka-admin/my_alpaka_urdf_ws/build/ml_model/build/lib/ml_model
[1.863s] copying ml_model/model.py -> /home/alpaka-admin/my_alpaka_urdf_ws/build/ml_model/build/lib/ml_model
[1.863s] running install
[1.864s] running install_lib
[1.865s] creating /home/alpaka-admin/my_alpaka_urdf_ws/install/ml_model/lib/python3.10/site-packages/ml_model
[1.865s] copying /home/alpaka-admin/my_alpaka_urdf_ws/build/ml_model/build/lib/ml_model/__init__.py -> /home/alpaka-admin/my_alpaka_urdf_ws/install/ml_model/lib/python3.10/site-packages/ml_model
[1.866s] copying /home/alpaka-admin/my_alpaka_urdf_ws/build/ml_model/build/lib/ml_model/model.py -> /home/alpaka-admin/my_alpaka_urdf_ws/install/ml_model/lib/python3.10/site-packages/ml_model
[1.866s] byte-compiling /home/alpaka-admin/my_alpaka_urdf_ws/install/ml_model/lib/python3.10/site-packages/ml_model/__init__.py to __init__.cpython-310.pyc
[1.867s] byte-compiling /home/alpaka-admin/my_alpaka_urdf_ws/install/ml_model/lib/python3.10/site-packages/ml_model/model.py to model.cpython-310.pyc
[1.868s] running install_data
[1.869s] creating /home/alpaka-admin/my_alpaka_urdf_ws/install/ml_model/share/ament_index
[1.869s] creating /home/alpaka-admin/my_alpaka_urdf_ws/install/ml_model/share/ament_index/resource_index
[1.869s] creating /home/alpaka-admin/my_alpaka_urdf_ws/install/ml_model/share/ament_index/resource_index/packages
[1.869s] copying resource/ml_model -> /home/alpaka-admin/my_alpaka_urdf_ws/install/ml_model/share/ament_index/resource_index/packages
[1.870s] copying package.xml -> /home/alpaka-admin/my_alpaka_urdf_ws/install/ml_model/share/ml_model
[1.870s] running install_egg_info
[1.873s] Copying ../../build/ml_model/ml_model.egg-info to /home/alpaka-admin/my_alpaka_urdf_ws/install/ml_model/lib/python3.10/site-packages/ml_model-0.0.0-py3.10.egg-info
[1.874s] running install_scripts
[1.904s] Installing model script to /home/alpaka-admin/my_alpaka_urdf_ws/install/ml_model/lib/ml_model
[1.905s] writing list of installed files to '/home/alpaka-admin/my_alpaka_urdf_ws/build/ml_model/install.log'
[1.939s] Invoked command in '/home/alpaka-admin/my_alpaka_urdf_ws/src/ml_model' returned '0': PYTHONPATH=/home/alpaka-admin/my_alpaka_urdf_ws/build/ml_model/prefix_override:/usr/lib/python3/dist-packages/colcon_core/task/python/colcon_distutils_commands:/home/alpaka-admin/my_alpaka_urdf_ws/install/ml_model/lib/python3.10/site-packages:${PYTHONPATH} /usr/bin/python3 -W ignore:setup.py install is deprecated -W ignore:easy_install command is deprecated setup.py egg_info --egg-base ../../build/ml_model build --build-base /home/alpaka-admin/my_alpaka_urdf_ws/build/ml_model/build install --record /home/alpaka-admin/my_alpaka_urdf_ws/build/ml_model/install.log --single-version-externally-managed install_data
