[0.072s] Invoking command in '/home/alpaka-admin/my_alpaka_urdf_ws/build/alpaka_welding_cobot_setup': CMAKE_PREFIX_PATH=${CMAKE_PREFIX_PATH}:/home/alpaka-admin/my_alpaka_urdf_ws/install/ml_model:/opt/ros/humble ROS_DOMAIN_ID=6 /usr/bin/cmake --build /home/alpaka-admin/my_alpaka_urdf_ws/build/alpaka_welding_cobot_setup -- -j8 -l8
[0.191s] Invoked command in '/home/alpaka-admin/my_alpaka_urdf_ws/build/alpaka_welding_cobot_setup' returned '0': CMAKE_PREFIX_PATH=${CMAKE_PREFIX_PATH}:/home/alpaka-admin/my_alpaka_urdf_ws/install/ml_model:/opt/ros/humble ROS_DOMAIN_ID=6 /usr/bin/cmake --build /home/alpaka-admin/my_alpaka_urdf_ws/build/alpaka_welding_cobot_setup -- -j8 -l8
[0.195s] Invoking command in '/home/alpaka-admin/my_alpaka_urdf_ws/build/alpaka_welding_cobot_setup': CMAKE_PREFIX_PATH=${CMAKE_PREFIX_PATH}:/home/alpaka-admin/my_alpaka_urdf_ws/install/ml_model:/opt/ros/humble ROS_DOMAIN_ID=6 /usr/bin/cmake --install /home/alpaka-admin/my_alpaka_urdf_ws/build/alpaka_welding_cobot_setup
[0.264s] -- Install configuration: ""
[0.264s] -- Up-to-date: /home/alpaka-admin/my_alpaka_urdf_ws/install/alpaka_welding_cobot_setup/share/alpaka_welding_cobot_setup/launch
[0.264s] -- Up-to-date: /home/alpaka-admin/my_alpaka_urdf_ws/install/alpaka_welding_cobot_setup/share/alpaka_welding_cobot_setup/launch/ur_control.launch.py
[0.265s] -- Up-to-date: /home/alpaka-admin/my_alpaka_urdf_ws/install/alpaka_welding_cobot_setup/share/alpaka_welding_cobot_setup/config
[0.265s] -- Up-to-date: /home/alpaka-admin/my_alpaka_urdf_ws/install/alpaka_welding_cobot_setup/share/alpaka_welding_cobot_setup/config/ur_controllers.yaml
[0.265s] -- Up-to-date: /home/alpaka-admin/my_alpaka_urdf_ws/install/alpaka_welding_cobot_setup/share/alpaka_welding_cobot_setup/config/ur16e
[0.266s] -- Up-to-date: /home/alpaka-admin/my_alpaka_urdf_ws/install/alpaka_welding_cobot_setup/share/alpaka_welding_cobot_setup/config/ur16e/physical_parameters.yaml
[0.266s] -- Up-to-date: /home/alpaka-admin/my_alpaka_urdf_ws/install/alpaka_welding_cobot_setup/share/alpaka_welding_cobot_setup/config/ur16e/joint_limits.yaml
[0.266s] -- Up-to-date: /home/alpaka-admin/my_alpaka_urdf_ws/install/alpaka_welding_cobot_setup/share/alpaka_welding_cobot_setup/config/ur16e/visual_parameters.yaml
[0.266s] -- Up-to-date: /home/alpaka-admin/my_alpaka_urdf_ws/install/alpaka_welding_cobot_setup/share/alpaka_welding_cobot_setup/config/ur16e/default_kinematics.yaml
[0.267s] -- Up-to-date: /home/alpaka-admin/my_alpaka_urdf_ws/install/alpaka_welding_cobot_setup/share/alpaka_welding_cobot_setup/config/ur3_update_rate.yaml
[0.267s] -- Up-to-date: /home/alpaka-admin/my_alpaka_urdf_ws/install/alpaka_welding_cobot_setup/share/alpaka_welding_cobot_setup/config/ur30_update_rate.yaml
[0.267s] -- Up-to-date: /home/alpaka-admin/my_alpaka_urdf_ws/install/alpaka_welding_cobot_setup/share/alpaka_welding_cobot_setup/config/ur5e_update_rate.yaml
[0.268s] -- Up-to-date: /home/alpaka-admin/my_alpaka_urdf_ws/install/alpaka_welding_cobot_setup/share/alpaka_welding_cobot_setup/config/ur10_update_rate.yaml
[0.268s] -- Up-to-date: /home/alpaka-admin/my_alpaka_urdf_ws/install/alpaka_welding_cobot_setup/share/alpaka_welding_cobot_setup/config/ur3
[0.268s] -- Up-to-date: /home/alpaka-admin/my_alpaka_urdf_ws/install/alpaka_welding_cobot_setup/share/alpaka_welding_cobot_setup/config/ur3/physical_parameters.yaml
[0.268s] -- Up-to-date: /home/alpaka-admin/my_alpaka_urdf_ws/install/alpaka_welding_cobot_setup/share/alpaka_welding_cobot_setup/config/ur3/joint_limits.yaml
[0.269s] -- Up-to-date: /home/alpaka-admin/my_alpaka_urdf_ws/install/alpaka_welding_cobot_setup/share/alpaka_welding_cobot_setup/config/ur3/visual_parameters.yaml
[0.269s] -- Up-to-date: /home/alpaka-admin/my_alpaka_urdf_ws/install/alpaka_welding_cobot_setup/share/alpaka_welding_cobot_setup/config/ur3/default_kinematics.yaml
[0.269s] -- Up-to-date: /home/alpaka-admin/my_alpaka_urdf_ws/install/alpaka_welding_cobot_setup/share/alpaka_welding_cobot_setup/config/ur20_update_rate.yaml
[0.269s] -- Up-to-date: /home/alpaka-admin/my_alpaka_urdf_ws/install/alpaka_welding_cobot_setup/share/alpaka_welding_cobot_setup/config/ur10e_update_rate.yaml
[0.270s] -- Up-to-date: /home/alpaka-admin/my_alpaka_urdf_ws/install/alpaka_welding_cobot_setup/share/alpaka_welding_cobot_setup/config/ur30
[0.270s] -- Up-to-date: /home/alpaka-admin/my_alpaka_urdf_ws/install/alpaka_welding_cobot_setup/share/alpaka_welding_cobot_setup/config/ur30/physical_parameters.yaml
[0.270s] -- Up-to-date: /home/alpaka-admin/my_alpaka_urdf_ws/install/alpaka_welding_cobot_setup/share/alpaka_welding_cobot_setup/config/ur30/joint_limits.yaml
[0.270s] -- Up-to-date: /home/alpaka-admin/my_alpaka_urdf_ws/install/alpaka_welding_cobot_setup/share/alpaka_welding_cobot_setup/config/ur30/visual_parameters.yaml
[0.271s] -- Up-to-date: /home/alpaka-admin/my_alpaka_urdf_ws/install/alpaka_welding_cobot_setup/share/alpaka_welding_cobot_setup/config/ur30/default_kinematics.yaml
[0.271s] -- Up-to-date: /home/alpaka-admin/my_alpaka_urdf_ws/install/alpaka_welding_cobot_setup/share/alpaka_welding_cobot_setup/config/ur3e
[0.271s] -- Up-to-date: /home/alpaka-admin/my_alpaka_urdf_ws/install/alpaka_welding_cobot_setup/share/alpaka_welding_cobot_setup/config/ur3e/physical_parameters.yaml
[0.272s] -- Up-to-date: /home/alpaka-admin/my_alpaka_urdf_ws/install/alpaka_welding_cobot_setup/share/alpaka_welding_cobot_setup/config/ur3e/joint_limits.yaml
[0.272s] -- Up-to-date: /home/alpaka-admin/my_alpaka_urdf_ws/install/alpaka_welding_cobot_setup/share/alpaka_welding_cobot_setup/config/ur3e/visual_parameters.yaml
[0.272s] -- Up-to-date: /home/alpaka-admin/my_alpaka_urdf_ws/install/alpaka_welding_cobot_setup/share/alpaka_welding_cobot_setup/config/ur3e/default_kinematics.yaml
[0.273s] -- Up-to-date: /home/alpaka-admin/my_alpaka_urdf_ws/install/alpaka_welding_cobot_setup/share/alpaka_welding_cobot_setup/config/ur10e
[0.273s] -- Up-to-date: /home/alpaka-admin/my_alpaka_urdf_ws/install/alpaka_welding_cobot_setup/share/alpaka_welding_cobot_setup/config/ur10e/physical_parameters.yaml
[0.273s] -- Up-to-date: /home/alpaka-admin/my_alpaka_urdf_ws/install/alpaka_welding_cobot_setup/share/alpaka_welding_cobot_setup/config/ur10e/joint_limits.yaml
[0.273s] -- Up-to-date: /home/alpaka-admin/my_alpaka_urdf_ws/install/alpaka_welding_cobot_setup/share/alpaka_welding_cobot_setup/config/ur10e/visual_parameters.yaml
[0.273s] -- Up-to-date: /home/alpaka-admin/my_alpaka_urdf_ws/install/alpaka_welding_cobot_setup/share/alpaka_welding_cobot_setup/config/ur10e/default_kinematics.yaml
[0.274s] -- Up-to-date: /home/alpaka-admin/my_alpaka_urdf_ws/install/alpaka_welding_cobot_setup/share/alpaka_welding_cobot_setup/config/ur16e_update_rate.yaml
[0.274s] -- Up-to-date: /home/alpaka-admin/my_alpaka_urdf_ws/install/alpaka_welding_cobot_setup/share/alpaka_welding_cobot_setup/config/test_velocity_goal_publishers_config.yaml
[0.274s] -- Up-to-date: /home/alpaka-admin/my_alpaka_urdf_ws/install/alpaka_welding_cobot_setup/share/alpaka_welding_cobot_setup/config/initial_positions.yaml
[0.274s] -- Up-to-date: /home/alpaka-admin/my_alpaka_urdf_ws/install/alpaka_welding_cobot_setup/share/alpaka_welding_cobot_setup/config/ur5_update_rate.yaml
[0.275s] -- Up-to-date: /home/alpaka-admin/my_alpaka_urdf_ws/install/alpaka_welding_cobot_setup/share/alpaka_welding_cobot_setup/config/ur5e
[0.275s] -- Up-to-date: /home/alpaka-admin/my_alpaka_urdf_ws/install/alpaka_welding_cobot_setup/share/alpaka_welding_cobot_setup/config/ur5e/physical_parameters.yaml
[0.275s] -- Up-to-date: /home/alpaka-admin/my_alpaka_urdf_ws/install/alpaka_welding_cobot_setup/share/alpaka_welding_cobot_setup/config/ur5e/joint_limits.yaml
[0.276s] -- Up-to-date: /home/alpaka-admin/my_alpaka_urdf_ws/install/alpaka_welding_cobot_setup/share/alpaka_welding_cobot_setup/config/ur5e/visual_parameters.yaml
[0.276s] -- Up-to-date: /home/alpaka-admin/my_alpaka_urdf_ws/install/alpaka_welding_cobot_setup/share/alpaka_welding_cobot_setup/config/ur5e/default_kinematics.yaml
[0.276s] -- Up-to-date: /home/alpaka-admin/my_alpaka_urdf_ws/install/alpaka_welding_cobot_setup/share/alpaka_welding_cobot_setup/config/ur20
[0.276s] -- Up-to-date: /home/alpaka-admin/my_alpaka_urdf_ws/install/alpaka_welding_cobot_setup/share/alpaka_welding_cobot_setup/config/ur20/physical_parameters.yaml
[0.276s] -- Up-to-date: /home/alpaka-admin/my_alpaka_urdf_ws/install/alpaka_welding_cobot_setup/share/alpaka_welding_cobot_setup/config/ur20/joint_limits.yaml
[0.276s] -- Up-to-date: /home/alpaka-admin/my_alpaka_urdf_ws/install/alpaka_welding_cobot_setup/share/alpaka_welding_cobot_setup/config/ur20/visual_parameters.yaml
[0.277s] -- Up-to-date: /home/alpaka-admin/my_alpaka_urdf_ws/install/alpaka_welding_cobot_setup/share/alpaka_welding_cobot_setup/config/ur20/default_kinematics.yaml
[0.277s] -- Up-to-date: /home/alpaka-admin/my_alpaka_urdf_ws/install/alpaka_welding_cobot_setup/share/alpaka_welding_cobot_setup/config/ur5
[0.277s] -- Up-to-date: /home/alpaka-admin/my_alpaka_urdf_ws/install/alpaka_welding_cobot_setup/share/alpaka_welding_cobot_setup/config/ur5/physical_parameters.yaml
[0.277s] -- Up-to-date: /home/alpaka-admin/my_alpaka_urdf_ws/install/alpaka_welding_cobot_setup/share/alpaka_welding_cobot_setup/config/ur5/joint_limits.yaml
[0.277s] -- Up-to-date: /home/alpaka-admin/my_alpaka_urdf_ws/install/alpaka_welding_cobot_setup/share/alpaka_welding_cobot_setup/config/ur5/visual_parameters.yaml
[0.277s] -- Up-to-date: /home/alpaka-admin/my_alpaka_urdf_ws/install/alpaka_welding_cobot_setup/share/alpaka_welding_cobot_setup/config/ur5/default_kinematics.yaml
[0.278s] -- Up-to-date: /home/alpaka-admin/my_alpaka_urdf_ws/install/alpaka_welding_cobot_setup/share/alpaka_welding_cobot_setup/config/ur3e_update_rate.yaml
[0.278s] -- Up-to-date: /home/alpaka-admin/my_alpaka_urdf_ws/install/alpaka_welding_cobot_setup/share/alpaka_welding_cobot_setup/config/test_goal_publishers_config.yaml
[0.278s] -- Up-to-date: /home/alpaka-admin/my_alpaka_urdf_ws/install/alpaka_welding_cobot_setup/share/alpaka_welding_cobot_setup/config/ur10
[0.278s] -- Up-to-date: /home/alpaka-admin/my_alpaka_urdf_ws/install/alpaka_welding_cobot_setup/share/alpaka_welding_cobot_setup/config/ur10/physical_parameters.yaml
[0.278s] -- Up-to-date: /home/alpaka-admin/my_alpaka_urdf_ws/install/alpaka_welding_cobot_setup/share/alpaka_welding_cobot_setup/config/ur10/joint_limits.yaml
[0.279s] -- Up-to-date: /home/alpaka-admin/my_alpaka_urdf_ws/install/alpaka_welding_cobot_setup/share/alpaka_welding_cobot_setup/config/ur10/visual_parameters.yaml
[0.279s] -- Up-to-date: /home/alpaka-admin/my_alpaka_urdf_ws/install/alpaka_welding_cobot_setup/share/alpaka_welding_cobot_setup/config/ur10/default_kinematics.yaml
[0.279s] -- Up-to-date: /home/alpaka-admin/my_alpaka_urdf_ws/install/alpaka_welding_cobot_setup/share/alpaka_welding_cobot_setup/resources
[0.279s] -- Up-to-date: /home/alpaka-admin/my_alpaka_urdf_ws/install/alpaka_welding_cobot_setup/share/alpaka_welding_cobot_setup/resources/rtde_input_recipe.txt
[0.279s] -- Up-to-date: /home/alpaka-admin/my_alpaka_urdf_ws/install/alpaka_welding_cobot_setup/share/alpaka_welding_cobot_setup/resources/external_control.urscript
[0.279s] -- Up-to-date: /home/alpaka-admin/my_alpaka_urdf_ws/install/alpaka_welding_cobot_setup/share/alpaka_welding_cobot_setup/resources/rtde_output_recipe.txt
[0.279s] -- Up-to-date: /home/alpaka-admin/my_alpaka_urdf_ws/install/alpaka_welding_cobot_setup/share/alpaka_welding_cobot_setup/rviz
[0.279s] -- Up-to-date: /home/alpaka-admin/my_alpaka_urdf_ws/install/alpaka_welding_cobot_setup/share/alpaka_welding_cobot_setup/rviz/view_robot.rviz
[0.280s] -- Up-to-date: /home/alpaka-admin/my_alpaka_urdf_ws/install/alpaka_welding_cobot_setup/share/ament_index/resource_index/package_run_dependencies/alpaka_welding_cobot_setup
[0.280s] -- Up-to-date: /home/alpaka-admin/my_alpaka_urdf_ws/install/alpaka_welding_cobot_setup/share/ament_index/resource_index/parent_prefix_path/alpaka_welding_cobot_setup
[0.280s] -- Up-to-date: /home/alpaka-admin/my_alpaka_urdf_ws/install/alpaka_welding_cobot_setup/share/alpaka_welding_cobot_setup/environment/ament_prefix_path.sh
[0.280s] -- Up-to-date: /home/alpaka-admin/my_alpaka_urdf_ws/install/alpaka_welding_cobot_setup/share/alpaka_welding_cobot_setup/environment/ament_prefix_path.dsv
[0.280s] -- Up-to-date: /home/alpaka-admin/my_alpaka_urdf_ws/install/alpaka_welding_cobot_setup/share/alpaka_welding_cobot_setup/environment/path.sh
[0.280s] -- Up-to-date: /home/alpaka-admin/my_alpaka_urdf_ws/install/alpaka_welding_cobot_setup/share/alpaka_welding_cobot_setup/environment/path.dsv
[0.280s] -- Up-to-date: /home/alpaka-admin/my_alpaka_urdf_ws/install/alpaka_welding_cobot_setup/share/alpaka_welding_cobot_setup/local_setup.bash
[0.281s] -- Up-to-date: /home/alpaka-admin/my_alpaka_urdf_ws/install/alpaka_welding_cobot_setup/share/alpaka_welding_cobot_setup/local_setup.sh
[0.281s] -- Up-to-date: /home/alpaka-admin/my_alpaka_urdf_ws/install/alpaka_welding_cobot_setup/share/alpaka_welding_cobot_setup/local_setup.zsh
[0.281s] -- Up-to-date: /home/alpaka-admin/my_alpaka_urdf_ws/install/alpaka_welding_cobot_setup/share/alpaka_welding_cobot_setup/local_setup.dsv
[0.281s] -- Installing: /home/alpaka-admin/my_alpaka_urdf_ws/install/alpaka_welding_cobot_setup/share/alpaka_welding_cobot_setup/package.dsv
[0.281s] -- Up-to-date: /home/alpaka-admin/my_alpaka_urdf_ws/install/alpaka_welding_cobot_setup/share/ament_index/resource_index/packages/alpaka_welding_cobot_setup
[0.281s] -- Up-to-date: /home/alpaka-admin/my_alpaka_urdf_ws/install/alpaka_welding_cobot_setup/share/alpaka_welding_cobot_setup/cmake/alpaka_welding_cobot_setupConfig.cmake
[0.281s] -- Up-to-date: /home/alpaka-admin/my_alpaka_urdf_ws/install/alpaka_welding_cobot_setup/share/alpaka_welding_cobot_setup/cmake/alpaka_welding_cobot_setupConfig-version.cmake
[0.281s] -- Up-to-date: /home/alpaka-admin/my_alpaka_urdf_ws/install/alpaka_welding_cobot_setup/share/alpaka_welding_cobot_setup/package.xml
[0.385s] Invoked command in '/home/alpaka-admin/my_alpaka_urdf_ws/build/alpaka_welding_cobot_setup' returned '0': CMAKE_PREFIX_PATH=${CMAKE_PREFIX_PATH}:/home/alpaka-admin/my_alpaka_urdf_ws/install/ml_model:/opt/ros/humble ROS_DOMAIN_ID=6 /usr/bin/cmake --install /home/alpaka-admin/my_alpaka_urdf_ws/build/alpaka_welding_cobot_setup
