[0.588s] DEBUG:colcon:Command line arguments: ['/usr/bin/colcon', 'build', '--packages-select', 'bringup', 'alpaka_welding_cobot_moveit', 'alpaka_welding_cobot_setup', 'alpaka_welding_cobot_moveit_config']
[0.588s] DEBUG:colcon:Parsed command line arguments: Namespace(log_base=None, log_level=None, verb_name='build', build_base='build', install_base='install', merge_install=False, symlink_install=False, test_result_base=None, continue_on_error=False, executor='parallel', parallel_workers=8, event_handlers=None, ignore_user_meta=False, metas=['./colcon.meta'], base_paths=['.'], packages_ignore=None, packages_ignore_regex=None, paths=None, packages_up_to=None, packages_up_to_regex=None, packages_above=None, packages_above_and_dependencies=None, packages_above_depth=None, packages_select_by_dep=None, packages_skip_by_dep=None, packages_skip_up_to=None, packages_select_build_failed=False, packages_skip_build_finished=False, packages_select_test_failures=False, packages_skip_test_passed=False, packages_select=['bringup', 'alpaka_welding_cobot_moveit', 'alpaka_welding_cobot_setup', 'alpaka_welding_cobot_moveit_config'], packages_skip=None, packages_select_regex=None, packages_skip_regex=None, packages_start=None, packages_end=None, allow_overriding=[], bazel_args=None, bazel_task=None, cmake_args=None, cmake_target=None, cmake_target_skip_unavailable=False, cmake_clean_cache=False, cmake_clean_first=False, cmake_force_configure=False, meson_args=[], ament_cmake_args=None, catkin_cmake_args=None, catkin_skip_building_tests=False, mixin_files=None, mixin=None, verb_parser=<colcon_alias.argument_parser.alias.AliasArgumentDecorator object at 0x7ea85f2b5fc0>, verb_extension=<colcon_core.verb.build.BuildVerb object at 0x7ea85f2b5120>, main=<bound method BuildVerb.main of <colcon_core.verb.build.BuildVerb object at 0x7ea85f2b5120>>, mixin_verb=('build',))
[1.256s] Level 1:colcon.colcon_core.package_discovery:discover_packages(colcon_meta) check parameters
[1.257s] Level 1:colcon.colcon_core.package_discovery:discover_packages(recursive) check parameters
[1.257s] Level 1:colcon.colcon_core.package_discovery:discover_packages(ignore) check parameters
[1.257s] Level 1:colcon.colcon_core.package_discovery:discover_packages(path) check parameters
[1.257s] Level 1:colcon.colcon_core.package_discovery:discover_packages(colcon_meta) discover
[1.257s] Level 1:colcon.colcon_core.package_discovery:discover_packages(recursive) discover
[1.257s] INFO:colcon.colcon_core.package_discovery:Crawling recursively for packages in '/home/alpaka-admin/my_alpaka_urdf_ws'
[1.257s] Level 1:colcon.colcon_core.package_identification:_identify(.) by extensions ['ignore', 'ignore_ament_install']
[1.258s] Level 1:colcon.colcon_core.package_identification:_identify(.) by extension 'ignore'
[1.258s] Level 1:colcon.colcon_core.package_identification:_identify(.) by extension 'ignore_ament_install'
[1.258s] Level 1:colcon.colcon_core.package_identification:_identify(.) by extensions ['colcon_pkg']
[1.258s] Level 1:colcon.colcon_core.package_identification:_identify(.) by extension 'colcon_pkg'
[1.258s] Level 1:colcon.colcon_core.package_identification:_identify(.) by extensions ['colcon_meta']
[1.258s] Level 1:colcon.colcon_core.package_identification:_identify(.) by extension 'colcon_meta'
[1.258s] Level 1:colcon.colcon_core.package_identification:_identify(.) by extensions ['ros']
[1.258s] Level 1:colcon.colcon_core.package_identification:_identify(.) by extension 'ros'
[1.264s] Level 1:colcon.colcon_core.package_identification:_identify(.) by extensions ['bazel', 'cmake', 'meson', 'python']
[1.264s] Level 1:colcon.colcon_core.package_identification:_identify(.) by extension 'bazel'
[1.264s] Level 1:colcon.colcon_core.package_identification:_identify(.) by extension 'cmake'
[1.264s] Level 1:colcon.colcon_core.package_identification:_identify(.) by extension 'meson'
[1.264s] Level 1:colcon.colcon_core.package_identification:_identify(.) by extension 'python'
[1.264s] Level 1:colcon.colcon_core.package_identification:_identify(.) by extensions ['python_setup_py']
[1.264s] Level 1:colcon.colcon_core.package_identification:_identify(.) by extension 'python_setup_py'
[1.265s] Level 1:colcon.colcon_core.package_identification:_identify(build) by extensions ['ignore', 'ignore_ament_install']
[1.265s] Level 1:colcon.colcon_core.package_identification:_identify(build) by extension 'ignore'
[1.265s] Level 1:colcon.colcon_core.package_identification:_identify(build) ignored
[1.265s] Level 1:colcon.colcon_core.package_identification:_identify(install) by extensions ['ignore', 'ignore_ament_install']
[1.266s] Level 1:colcon.colcon_core.package_identification:_identify(install) by extension 'ignore'
[1.266s] Level 1:colcon.colcon_core.package_identification:_identify(install) ignored
[1.266s] Level 1:colcon.colcon_core.package_identification:_identify(log) by extensions ['ignore', 'ignore_ament_install']
[1.266s] Level 1:colcon.colcon_core.package_identification:_identify(log) by extension 'ignore'
[1.266s] Level 1:colcon.colcon_core.package_identification:_identify(log) ignored
[1.266s] Level 1:colcon.colcon_core.package_identification:_identify(src) by extensions ['ignore', 'ignore_ament_install']
[1.267s] Level 1:colcon.colcon_core.package_identification:_identify(src) by extension 'ignore'
[1.267s] Level 1:colcon.colcon_core.package_identification:_identify(src) by extension 'ignore_ament_install'
[1.267s] Level 1:colcon.colcon_core.package_identification:_identify(src) by extensions ['colcon_pkg']
[1.267s] Level 1:colcon.colcon_core.package_identification:_identify(src) by extension 'colcon_pkg'
[1.267s] Level 1:colcon.colcon_core.package_identification:_identify(src) by extensions ['colcon_meta']
[1.267s] Level 1:colcon.colcon_core.package_identification:_identify(src) by extension 'colcon_meta'
[1.267s] Level 1:colcon.colcon_core.package_identification:_identify(src) by extensions ['ros']
[1.267s] Level 1:colcon.colcon_core.package_identification:_identify(src) by extension 'ros'
[1.267s] Level 1:colcon.colcon_core.package_identification:_identify(src) by extensions ['bazel', 'cmake', 'meson', 'python']
[1.268s] Level 1:colcon.colcon_core.package_identification:_identify(src) by extension 'bazel'
[1.268s] Level 1:colcon.colcon_core.package_identification:_identify(src) by extension 'cmake'
[1.268s] Level 1:colcon.colcon_core.package_identification:_identify(src) by extension 'meson'
[1.268s] Level 1:colcon.colcon_core.package_identification:_identify(src) by extension 'python'
[1.268s] Level 1:colcon.colcon_core.package_identification:_identify(src) by extensions ['python_setup_py']
[1.268s] Level 1:colcon.colcon_core.package_identification:_identify(src) by extension 'python_setup_py'
[1.268s] Level 1:colcon.colcon_core.package_identification:_identify(src/alpaka_chassis_description) by extensions ['ignore', 'ignore_ament_install']
[1.269s] Level 1:colcon.colcon_core.package_identification:_identify(src/alpaka_chassis_description) by extension 'ignore'
[1.269s] Level 1:colcon.colcon_core.package_identification:_identify(src/alpaka_chassis_description) by extension 'ignore_ament_install'
[1.269s] Level 1:colcon.colcon_core.package_identification:_identify(src/alpaka_chassis_description) by extensions ['colcon_pkg']
[1.269s] Level 1:colcon.colcon_core.package_identification:_identify(src/alpaka_chassis_description) by extension 'colcon_pkg'
[1.269s] Level 1:colcon.colcon_core.package_identification:_identify(src/alpaka_chassis_description) by extensions ['colcon_meta']
[1.269s] Level 1:colcon.colcon_core.package_identification:_identify(src/alpaka_chassis_description) by extension 'colcon_meta'
[1.269s] Level 1:colcon.colcon_core.package_identification:_identify(src/alpaka_chassis_description) by extensions ['ros']
[1.269s] Level 1:colcon.colcon_core.package_identification:_identify(src/alpaka_chassis_description) by extension 'ros'
[1.275s] DEBUG:colcon.colcon_core.package_identification:Package 'src/alpaka_chassis_description' with type 'ros.ament_cmake' and name 'alpaka_chassis_description'
[1.276s] Level 1:colcon.colcon_core.package_identification:_identify(src/alpaka_test_tcp_description) by extensions ['ignore', 'ignore_ament_install']
[1.276s] Level 1:colcon.colcon_core.package_identification:_identify(src/alpaka_test_tcp_description) by extension 'ignore'
[1.276s] Level 1:colcon.colcon_core.package_identification:_identify(src/alpaka_test_tcp_description) by extension 'ignore_ament_install'
[1.276s] Level 1:colcon.colcon_core.package_identification:_identify(src/alpaka_test_tcp_description) by extensions ['colcon_pkg']
[1.276s] Level 1:colcon.colcon_core.package_identification:_identify(src/alpaka_test_tcp_description) by extension 'colcon_pkg'
[1.276s] Level 1:colcon.colcon_core.package_identification:_identify(src/alpaka_test_tcp_description) by extensions ['colcon_meta']
[1.276s] Level 1:colcon.colcon_core.package_identification:_identify(src/alpaka_test_tcp_description) by extension 'colcon_meta'
[1.277s] Level 1:colcon.colcon_core.package_identification:_identify(src/alpaka_test_tcp_description) by extensions ['ros']
[1.277s] Level 1:colcon.colcon_core.package_identification:_identify(src/alpaka_test_tcp_description) by extension 'ros'
[1.279s] DEBUG:colcon.colcon_core.package_identification:Package 'src/alpaka_test_tcp_description' with type 'ros.ament_cmake' and name 'alpaka_test_tcp_description'
[1.279s] Level 1:colcon.colcon_core.package_identification:_identify(src/alpaka_welding_cobot_description) by extensions ['ignore', 'ignore_ament_install']
[1.279s] Level 1:colcon.colcon_core.package_identification:_identify(src/alpaka_welding_cobot_description) by extension 'ignore'
[1.279s] Level 1:colcon.colcon_core.package_identification:_identify(src/alpaka_welding_cobot_description) by extension 'ignore_ament_install'
[1.280s] Level 1:colcon.colcon_core.package_identification:_identify(src/alpaka_welding_cobot_description) by extensions ['colcon_pkg']
[1.280s] Level 1:colcon.colcon_core.package_identification:_identify(src/alpaka_welding_cobot_description) by extension 'colcon_pkg'
[1.280s] Level 1:colcon.colcon_core.package_identification:_identify(src/alpaka_welding_cobot_description) by extensions ['colcon_meta']
[1.280s] Level 1:colcon.colcon_core.package_identification:_identify(src/alpaka_welding_cobot_description) by extension 'colcon_meta'
[1.280s] Level 1:colcon.colcon_core.package_identification:_identify(src/alpaka_welding_cobot_description) by extensions ['ros']
[1.280s] Level 1:colcon.colcon_core.package_identification:_identify(src/alpaka_welding_cobot_description) by extension 'ros'
[1.282s] DEBUG:colcon.colcon_core.package_identification:Package 'src/alpaka_welding_cobot_description' with type 'ros.ament_cmake' and name 'alpaka_welding_cobot_description'
[1.282s] Level 1:colcon.colcon_core.package_identification:_identify(src/alpaka_welding_cobot_moveit) by extensions ['ignore', 'ignore_ament_install']
[1.282s] Level 1:colcon.colcon_core.package_identification:_identify(src/alpaka_welding_cobot_moveit) by extension 'ignore'
[1.283s] Level 1:colcon.colcon_core.package_identification:_identify(src/alpaka_welding_cobot_moveit) by extension 'ignore_ament_install'
[1.283s] Level 1:colcon.colcon_core.package_identification:_identify(src/alpaka_welding_cobot_moveit) by extensions ['colcon_pkg']
[1.283s] Level 1:colcon.colcon_core.package_identification:_identify(src/alpaka_welding_cobot_moveit) by extension 'colcon_pkg'
[1.283s] Level 1:colcon.colcon_core.package_identification:_identify(src/alpaka_welding_cobot_moveit) by extensions ['colcon_meta']
[1.283s] Level 1:colcon.colcon_core.package_identification:_identify(src/alpaka_welding_cobot_moveit) by extension 'colcon_meta'
[1.283s] Level 1:colcon.colcon_core.package_identification:_identify(src/alpaka_welding_cobot_moveit) by extensions ['ros']
[1.283s] Level 1:colcon.colcon_core.package_identification:_identify(src/alpaka_welding_cobot_moveit) by extension 'ros'
[1.285s] DEBUG:colcon.colcon_core.package_identification:Package 'src/alpaka_welding_cobot_moveit' with type 'ros.ament_cmake' and name 'alpaka_welding_cobot_moveit'
[1.286s] Level 1:colcon.colcon_core.package_identification:_identify(src/alpaka_welding_cobot_moveit_config) by extensions ['ignore', 'ignore_ament_install']
[1.286s] Level 1:colcon.colcon_core.package_identification:_identify(src/alpaka_welding_cobot_moveit_config) by extension 'ignore'
[1.286s] Level 1:colcon.colcon_core.package_identification:_identify(src/alpaka_welding_cobot_moveit_config) by extension 'ignore_ament_install'
[1.286s] Level 1:colcon.colcon_core.package_identification:_identify(src/alpaka_welding_cobot_moveit_config) by extensions ['colcon_pkg']
[1.286s] Level 1:colcon.colcon_core.package_identification:_identify(src/alpaka_welding_cobot_moveit_config) by extension 'colcon_pkg'
[1.286s] Level 1:colcon.colcon_core.package_identification:_identify(src/alpaka_welding_cobot_moveit_config) by extensions ['colcon_meta']
[1.286s] Level 1:colcon.colcon_core.package_identification:_identify(src/alpaka_welding_cobot_moveit_config) by extension 'colcon_meta'
[1.287s] Level 1:colcon.colcon_core.package_identification:_identify(src/alpaka_welding_cobot_moveit_config) by extensions ['ros']
[1.287s] Level 1:colcon.colcon_core.package_identification:_identify(src/alpaka_welding_cobot_moveit_config) by extension 'ros'
[1.288s] DEBUG:colcon.colcon_core.package_identification:Package 'src/alpaka_welding_cobot_moveit_config' with type 'ros.ament_cmake' and name 'alpaka_welding_cobot_moveit_config'
[1.288s] Level 1:colcon.colcon_core.package_identification:_identify(src/alpaka_welding_cobot_setup) by extensions ['ignore', 'ignore_ament_install']
[1.288s] Level 1:colcon.colcon_core.package_identification:_identify(src/alpaka_welding_cobot_setup) by extension 'ignore'
[1.288s] Level 1:colcon.colcon_core.package_identification:_identify(src/alpaka_welding_cobot_setup) by extension 'ignore_ament_install'
[1.288s] Level 1:colcon.colcon_core.package_identification:_identify(src/alpaka_welding_cobot_setup) by extensions ['colcon_pkg']
[1.288s] Level 1:colcon.colcon_core.package_identification:_identify(src/alpaka_welding_cobot_setup) by extension 'colcon_pkg'
[1.288s] Level 1:colcon.colcon_core.package_identification:_identify(src/alpaka_welding_cobot_setup) by extensions ['colcon_meta']
[1.288s] Level 1:colcon.colcon_core.package_identification:_identify(src/alpaka_welding_cobot_setup) by extension 'colcon_meta'
[1.289s] Level 1:colcon.colcon_core.package_identification:_identify(src/alpaka_welding_cobot_setup) by extensions ['ros']
[1.289s] Level 1:colcon.colcon_core.package_identification:_identify(src/alpaka_welding_cobot_setup) by extension 'ros'
[1.290s] DEBUG:colcon.colcon_core.package_identification:Package 'src/alpaka_welding_cobot_setup' with type 'ros.ament_cmake' and name 'alpaka_welding_cobot_setup'
[1.290s] Level 1:colcon.colcon_core.package_identification:_identify(src/alpaka_welding_gun_description) by extensions ['ignore', 'ignore_ament_install']
[1.290s] Level 1:colcon.colcon_core.package_identification:_identify(src/alpaka_welding_gun_description) by extension 'ignore'
[1.290s] Level 1:colcon.colcon_core.package_identification:_identify(src/alpaka_welding_gun_description) by extension 'ignore_ament_install'
[1.290s] Level 1:colcon.colcon_core.package_identification:_identify(src/alpaka_welding_gun_description) by extensions ['colcon_pkg']
[1.290s] Level 1:colcon.colcon_core.package_identification:_identify(src/alpaka_welding_gun_description) by extension 'colcon_pkg'
[1.290s] Level 1:colcon.colcon_core.package_identification:_identify(src/alpaka_welding_gun_description) by extensions ['colcon_meta']
[1.290s] Level 1:colcon.colcon_core.package_identification:_identify(src/alpaka_welding_gun_description) by extension 'colcon_meta'
[1.291s] Level 1:colcon.colcon_core.package_identification:_identify(src/alpaka_welding_gun_description) by extensions ['ros']
[1.291s] Level 1:colcon.colcon_core.package_identification:_identify(src/alpaka_welding_gun_description) by extension 'ros'
[1.292s] DEBUG:colcon.colcon_core.package_identification:Package 'src/alpaka_welding_gun_description' with type 'ros.ament_cmake' and name 'alpaka_welding_gun_description'
[1.292s] Level 1:colcon.colcon_core.package_identification:_identify(src/bringup) by extensions ['ignore', 'ignore_ament_install']
[1.292s] Level 1:colcon.colcon_core.package_identification:_identify(src/bringup) by extension 'ignore'
[1.292s] Level 1:colcon.colcon_core.package_identification:_identify(src/bringup) by extension 'ignore_ament_install'
[1.292s] Level 1:colcon.colcon_core.package_identification:_identify(src/bringup) by extensions ['colcon_pkg']
[1.293s] Level 1:colcon.colcon_core.package_identification:_identify(src/bringup) by extension 'colcon_pkg'
[1.293s] Level 1:colcon.colcon_core.package_identification:_identify(src/bringup) by extensions ['colcon_meta']
[1.293s] Level 1:colcon.colcon_core.package_identification:_identify(src/bringup) by extension 'colcon_meta'
[1.293s] Level 1:colcon.colcon_core.package_identification:_identify(src/bringup) by extensions ['ros']
[1.293s] Level 1:colcon.colcon_core.package_identification:_identify(src/bringup) by extension 'ros'
[1.294s] DEBUG:colcon.colcon_core.package_identification:Package 'src/bringup' with type 'ros.ament_cmake' and name 'bringup'
[1.294s] Level 1:colcon.colcon_core.package_identification:_identify(src/ml_model) by extensions ['ignore', 'ignore_ament_install']
[1.294s] Level 1:colcon.colcon_core.package_identification:_identify(src/ml_model) by extension 'ignore'
[1.294s] Level 1:colcon.colcon_core.package_identification:_identify(src/ml_model) by extension 'ignore_ament_install'
[1.295s] Level 1:colcon.colcon_core.package_identification:_identify(src/ml_model) by extensions ['colcon_pkg']
[1.295s] Level 1:colcon.colcon_core.package_identification:_identify(src/ml_model) by extension 'colcon_pkg'
[1.295s] Level 1:colcon.colcon_core.package_identification:_identify(src/ml_model) by extensions ['colcon_meta']
[1.295s] Level 1:colcon.colcon_core.package_identification:_identify(src/ml_model) by extension 'colcon_meta'
[1.295s] Level 1:colcon.colcon_core.package_identification:_identify(src/ml_model) by extensions ['ros']
[1.295s] Level 1:colcon.colcon_core.package_identification:_identify(src/ml_model) by extension 'ros'
[1.296s] DEBUG:colcon.colcon_core.package_identification:Package 'src/ml_model' with type 'ros.ament_python' and name 'ml_model'
[1.296s] Level 1:colcon.colcon_core.package_identification:_identify(src/realsense-ros) by extensions ['ignore', 'ignore_ament_install']
[1.297s] Level 1:colcon.colcon_core.package_identification:_identify(src/realsense-ros) by extension 'ignore'
[1.297s] Level 1:colcon.colcon_core.package_identification:_identify(src/realsense-ros) by extension 'ignore_ament_install'
[1.297s] Level 1:colcon.colcon_core.package_identification:_identify(src/realsense-ros) by extensions ['colcon_pkg']
[1.297s] Level 1:colcon.colcon_core.package_identification:_identify(src/realsense-ros) by extension 'colcon_pkg'
[1.297s] Level 1:colcon.colcon_core.package_identification:_identify(src/realsense-ros) by extensions ['colcon_meta']
[1.297s] Level 1:colcon.colcon_core.package_identification:_identify(src/realsense-ros) by extension 'colcon_meta'
[1.297s] Level 1:colcon.colcon_core.package_identification:_identify(src/realsense-ros) by extensions ['ros']
[1.297s] Level 1:colcon.colcon_core.package_identification:_identify(src/realsense-ros) by extension 'ros'
[1.298s] Level 1:colcon.colcon_core.package_identification:_identify(src/realsense-ros) by extensions ['bazel', 'cmake', 'meson', 'python']
[1.298s] Level 1:colcon.colcon_core.package_identification:_identify(src/realsense-ros) by extension 'bazel'
[1.298s] Level 1:colcon.colcon_core.package_identification:_identify(src/realsense-ros) by extension 'cmake'
[1.298s] Level 1:colcon.colcon_core.package_identification:_identify(src/realsense-ros) by extension 'meson'
[1.298s] Level 1:colcon.colcon_core.package_identification:_identify(src/realsense-ros) by extension 'python'
[1.298s] Level 1:colcon.colcon_core.package_identification:_identify(src/realsense-ros) by extensions ['python_setup_py']
[1.298s] Level 1:colcon.colcon_core.package_identification:_identify(src/realsense-ros) by extension 'python_setup_py'
[1.299s] Level 1:colcon.colcon_core.package_identification:_identify(src/realsense-ros/realsense2_camera) by extensions ['ignore', 'ignore_ament_install']
[1.299s] Level 1:colcon.colcon_core.package_identification:_identify(src/realsense-ros/realsense2_camera) by extension 'ignore'
[1.299s] Level 1:colcon.colcon_core.package_identification:_identify(src/realsense-ros/realsense2_camera) by extension 'ignore_ament_install'
[1.299s] Level 1:colcon.colcon_core.package_identification:_identify(src/realsense-ros/realsense2_camera) by extensions ['colcon_pkg']
[1.299s] Level 1:colcon.colcon_core.package_identification:_identify(src/realsense-ros/realsense2_camera) by extension 'colcon_pkg'
[1.299s] Level 1:colcon.colcon_core.package_identification:_identify(src/realsense-ros/realsense2_camera) by extensions ['colcon_meta']
[1.299s] Level 1:colcon.colcon_core.package_identification:_identify(src/realsense-ros/realsense2_camera) by extension 'colcon_meta'
[1.300s] Level 1:colcon.colcon_core.package_identification:_identify(src/realsense-ros/realsense2_camera) by extensions ['ros']
[1.300s] Level 1:colcon.colcon_core.package_identification:_identify(src/realsense-ros/realsense2_camera) by extension 'ros'
[1.313s] DEBUG:colcon.colcon_core.package_identification:Package 'src/realsense-ros/realsense2_camera' with type 'ros.ament_cmake' and name 'realsense2_camera'
[1.314s] Level 1:colcon.colcon_core.package_identification:_identify(src/realsense-ros/realsense2_camera_msgs) by extensions ['ignore', 'ignore_ament_install']
[1.314s] Level 1:colcon.colcon_core.package_identification:_identify(src/realsense-ros/realsense2_camera_msgs) by extension 'ignore'
[1.314s] Level 1:colcon.colcon_core.package_identification:_identify(src/realsense-ros/realsense2_camera_msgs) by extension 'ignore_ament_install'
[1.314s] Level 1:colcon.colcon_core.package_identification:_identify(src/realsense-ros/realsense2_camera_msgs) by extensions ['colcon_pkg']
[1.314s] Level 1:colcon.colcon_core.package_identification:_identify(src/realsense-ros/realsense2_camera_msgs) by extension 'colcon_pkg'
[1.314s] Level 1:colcon.colcon_core.package_identification:_identify(src/realsense-ros/realsense2_camera_msgs) by extensions ['colcon_meta']
[1.314s] Level 1:colcon.colcon_core.package_identification:_identify(src/realsense-ros/realsense2_camera_msgs) by extension 'colcon_meta'
[1.314s] Level 1:colcon.colcon_core.package_identification:_identify(src/realsense-ros/realsense2_camera_msgs) by extensions ['ros']
[1.314s] Level 1:colcon.colcon_core.package_identification:_identify(src/realsense-ros/realsense2_camera_msgs) by extension 'ros'
[1.316s] DEBUG:colcon.colcon_core.package_identification:Package 'src/realsense-ros/realsense2_camera_msgs' with type 'ros.ament_cmake' and name 'realsense2_camera_msgs'
[1.317s] Level 1:colcon.colcon_core.package_identification:_identify(src/realsense-ros/scripts) by extensions ['ignore', 'ignore_ament_install']
[1.317s] Level 1:colcon.colcon_core.package_identification:_identify(src/realsense-ros/scripts) by extension 'ignore'
[1.317s] Level 1:colcon.colcon_core.package_identification:_identify(src/realsense-ros/scripts) by extension 'ignore_ament_install'
[1.317s] Level 1:colcon.colcon_core.package_identification:_identify(src/realsense-ros/scripts) by extensions ['colcon_pkg']
[1.317s] Level 1:colcon.colcon_core.package_identification:_identify(src/realsense-ros/scripts) by extension 'colcon_pkg'
[1.317s] Level 1:colcon.colcon_core.package_identification:_identify(src/realsense-ros/scripts) by extensions ['colcon_meta']
[1.317s] Level 1:colcon.colcon_core.package_identification:_identify(src/realsense-ros/scripts) by extension 'colcon_meta'
[1.318s] Level 1:colcon.colcon_core.package_identification:_identify(src/realsense-ros/scripts) by extensions ['ros']
[1.318s] Level 1:colcon.colcon_core.package_identification:_identify(src/realsense-ros/scripts) by extension 'ros'
[1.318s] Level 1:colcon.colcon_core.package_identification:_identify(src/realsense-ros/scripts) by extensions ['bazel', 'cmake', 'meson', 'python']
[1.318s] Level 1:colcon.colcon_core.package_identification:_identify(src/realsense-ros/scripts) by extension 'bazel'
[1.318s] Level 1:colcon.colcon_core.package_identification:_identify(src/realsense-ros/scripts) by extension 'cmake'
[1.318s] Level 1:colcon.colcon_core.package_identification:_identify(src/realsense-ros/scripts) by extension 'meson'
[1.318s] Level 1:colcon.colcon_core.package_identification:_identify(src/realsense-ros/scripts) by extension 'python'
[1.318s] Level 1:colcon.colcon_core.package_identification:_identify(src/realsense-ros/scripts) by extensions ['python_setup_py']
[1.318s] Level 1:colcon.colcon_core.package_identification:_identify(src/realsense-ros/scripts) by extension 'python_setup_py'
[1.319s] Level 1:colcon.colcon_core.package_identification:_identify(src/realsense2_description) by extensions ['ignore', 'ignore_ament_install']
[1.319s] Level 1:colcon.colcon_core.package_identification:_identify(src/realsense2_description) by extension 'ignore'
[1.319s] Level 1:colcon.colcon_core.package_identification:_identify(src/realsense2_description) by extension 'ignore_ament_install'
[1.319s] Level 1:colcon.colcon_core.package_identification:_identify(src/realsense2_description) by extensions ['colcon_pkg']
[1.319s] Level 1:colcon.colcon_core.package_identification:_identify(src/realsense2_description) by extension 'colcon_pkg'
[1.319s] Level 1:colcon.colcon_core.package_identification:_identify(src/realsense2_description) by extensions ['colcon_meta']
[1.319s] Level 1:colcon.colcon_core.package_identification:_identify(src/realsense2_description) by extension 'colcon_meta'
[1.319s] Level 1:colcon.colcon_core.package_identification:_identify(src/realsense2_description) by extensions ['ros']
[1.320s] Level 1:colcon.colcon_core.package_identification:_identify(src/realsense2_description) by extension 'ros'
[1.321s] DEBUG:colcon.colcon_core.package_identification:Package 'src/realsense2_description' with type 'ros.ament_cmake' and name 'realsense2_description'
[1.322s] Level 1:colcon.colcon_core.package_discovery:discover_packages(recursive) using defaults
[1.322s] Level 1:colcon.colcon_core.package_discovery:discover_packages(ignore) discover
[1.322s] Level 1:colcon.colcon_core.package_discovery:discover_packages(ignore) using defaults
[1.322s] Level 1:colcon.colcon_core.package_discovery:discover_packages(path) discover
[1.322s] Level 1:colcon.colcon_core.package_discovery:discover_packages(path) using defaults
[1.374s] INFO:colcon.colcon_core.package_selection:Skipping not selected package 'alpaka_chassis_description' in 'src/alpaka_chassis_description'
[1.374s] INFO:colcon.colcon_core.package_selection:Skipping not selected package 'alpaka_test_tcp_description' in 'src/alpaka_test_tcp_description'
[1.374s] INFO:colcon.colcon_core.package_selection:Skipping not selected package 'alpaka_welding_cobot_description' in 'src/alpaka_welding_cobot_description'
[1.374s] INFO:colcon.colcon_core.package_selection:Skipping not selected package 'alpaka_welding_gun_description' in 'src/alpaka_welding_gun_description'
[1.374s] INFO:colcon.colcon_core.package_selection:Skipping not selected package 'ml_model' in 'src/ml_model'
[1.374s] INFO:colcon.colcon_core.package_selection:Skipping not selected package 'realsense2_camera_msgs' in 'src/realsense-ros/realsense2_camera_msgs'
[1.374s] INFO:colcon.colcon_core.package_selection:Skipping not selected package 'realsense2_camera' in 'src/realsense-ros/realsense2_camera'
[1.374s] INFO:colcon.colcon_core.package_selection:Skipping not selected package 'realsense2_description' in 'src/realsense2_description'
[1.375s] Level 1:colcon.colcon_core.package_discovery:discover_packages(prefix_path) check parameters
[1.375s] Level 1:colcon.colcon_core.package_discovery:discover_packages(prefix_path) discover
[1.384s] DEBUG:colcon.colcon_installed_package_information.package_discovery:Found 12 installed packages in /home/alpaka-admin/my_alpaka_urdf_ws/install
[1.391s] DEBUG:colcon.colcon_installed_package_information.package_discovery:Found 472 installed packages in /opt/ros/humble
[1.401s] Level 1:colcon.colcon_core.package_discovery:discover_packages(prefix_path) using defaults
[1.563s] Level 5:colcon.colcon_core.verb:set package 'alpaka_welding_cobot_moveit' build argument 'bazel_args' from command line to 'None'
[1.564s] Level 5:colcon.colcon_core.verb:set package 'alpaka_welding_cobot_moveit' build argument 'bazel_task' from command line to 'None'
[1.564s] Level 5:colcon.colcon_core.verb:set package 'alpaka_welding_cobot_moveit' build argument 'cmake_args' from command line to 'None'
[1.564s] Level 5:colcon.colcon_core.verb:set package 'alpaka_welding_cobot_moveit' build argument 'cmake_target' from command line to 'None'
[1.564s] Level 5:colcon.colcon_core.verb:set package 'alpaka_welding_cobot_moveit' build argument 'cmake_target_skip_unavailable' from command line to 'False'
[1.564s] Level 5:colcon.colcon_core.verb:set package 'alpaka_welding_cobot_moveit' build argument 'cmake_clean_cache' from command line to 'False'
[1.564s] Level 5:colcon.colcon_core.verb:set package 'alpaka_welding_cobot_moveit' build argument 'cmake_clean_first' from command line to 'False'
[1.564s] Level 5:colcon.colcon_core.verb:set package 'alpaka_welding_cobot_moveit' build argument 'cmake_force_configure' from command line to 'False'
[1.564s] Level 5:colcon.colcon_core.verb:set package 'alpaka_welding_cobot_moveit' build argument 'meson_args' from command line to '[]'
[1.564s] Level 5:colcon.colcon_core.verb:set package 'alpaka_welding_cobot_moveit' build argument 'ament_cmake_args' from command line to 'None'
[1.564s] Level 5:colcon.colcon_core.verb:set package 'alpaka_welding_cobot_moveit' build argument 'catkin_cmake_args' from command line to 'None'
[1.564s] Level 5:colcon.colcon_core.verb:set package 'alpaka_welding_cobot_moveit' build argument 'catkin_skip_building_tests' from command line to 'False'
[1.564s] DEBUG:colcon.colcon_core.verb:Building package 'alpaka_welding_cobot_moveit' with the following arguments: {'ament_cmake_args': None, 'bazel_args': None, 'bazel_task': None, 'build_base': '/home/alpaka-admin/my_alpaka_urdf_ws/build/alpaka_welding_cobot_moveit', 'catkin_cmake_args': None, 'catkin_skip_building_tests': False, 'cmake_args': None, 'cmake_clean_cache': False, 'cmake_clean_first': False, 'cmake_force_configure': False, 'cmake_target': None, 'cmake_target_skip_unavailable': False, 'install_base': '/home/alpaka-admin/my_alpaka_urdf_ws/install/alpaka_welding_cobot_moveit', 'merge_install': False, 'meson_args': [], 'path': '/home/alpaka-admin/my_alpaka_urdf_ws/src/alpaka_welding_cobot_moveit', 'symlink_install': False, 'test_result_base': None}
[1.589s] Level 5:colcon.colcon_core.verb:set package 'alpaka_welding_cobot_moveit_config' build argument 'bazel_args' from command line to 'None'
[1.589s] Level 5:colcon.colcon_core.verb:set package 'alpaka_welding_cobot_moveit_config' build argument 'bazel_task' from command line to 'None'
[1.589s] Level 5:colcon.colcon_core.verb:set package 'alpaka_welding_cobot_moveit_config' build argument 'cmake_args' from command line to 'None'
[1.589s] Level 5:colcon.colcon_core.verb:set package 'alpaka_welding_cobot_moveit_config' build argument 'cmake_target' from command line to 'None'
[1.589s] Level 5:colcon.colcon_core.verb:set package 'alpaka_welding_cobot_moveit_config' build argument 'cmake_target_skip_unavailable' from command line to 'False'
[1.589s] Level 5:colcon.colcon_core.verb:set package 'alpaka_welding_cobot_moveit_config' build argument 'cmake_clean_cache' from command line to 'False'
[1.589s] Level 5:colcon.colcon_core.verb:set package 'alpaka_welding_cobot_moveit_config' build argument 'cmake_clean_first' from command line to 'False'
[1.590s] Level 5:colcon.colcon_core.verb:set package 'alpaka_welding_cobot_moveit_config' build argument 'cmake_force_configure' from command line to 'False'
[1.590s] Level 5:colcon.colcon_core.verb:set package 'alpaka_welding_cobot_moveit_config' build argument 'meson_args' from command line to '[]'
[1.590s] Level 5:colcon.colcon_core.verb:set package 'alpaka_welding_cobot_moveit_config' build argument 'ament_cmake_args' from command line to 'None'
[1.590s] Level 5:colcon.colcon_core.verb:set package 'alpaka_welding_cobot_moveit_config' build argument 'catkin_cmake_args' from command line to 'None'
[1.590s] Level 5:colcon.colcon_core.verb:set package 'alpaka_welding_cobot_moveit_config' build argument 'catkin_skip_building_tests' from command line to 'False'
[1.590s] DEBUG:colcon.colcon_core.verb:Building package 'alpaka_welding_cobot_moveit_config' with the following arguments: {'ament_cmake_args': None, 'bazel_args': None, 'bazel_task': None, 'build_base': '/home/alpaka-admin/my_alpaka_urdf_ws/build/alpaka_welding_cobot_moveit_config', 'catkin_cmake_args': None, 'catkin_skip_building_tests': False, 'cmake_args': None, 'cmake_clean_cache': False, 'cmake_clean_first': False, 'cmake_force_configure': False, 'cmake_target': None, 'cmake_target_skip_unavailable': False, 'install_base': '/home/alpaka-admin/my_alpaka_urdf_ws/install/alpaka_welding_cobot_moveit_config', 'merge_install': False, 'meson_args': [], 'path': '/home/alpaka-admin/my_alpaka_urdf_ws/src/alpaka_welding_cobot_moveit_config', 'symlink_install': False, 'test_result_base': None}
[1.626s] Level 5:colcon.colcon_core.verb:set package 'alpaka_welding_cobot_setup' build argument 'bazel_args' from command line to 'None'
[1.626s] Level 5:colcon.colcon_core.verb:set package 'alpaka_welding_cobot_setup' build argument 'bazel_task' from command line to 'None'
[1.626s] Level 5:colcon.colcon_core.verb:set package 'alpaka_welding_cobot_setup' build argument 'cmake_args' from command line to 'None'
[1.626s] Level 5:colcon.colcon_core.verb:set package 'alpaka_welding_cobot_setup' build argument 'cmake_target' from command line to 'None'
[1.626s] Level 5:colcon.colcon_core.verb:set package 'alpaka_welding_cobot_setup' build argument 'cmake_target_skip_unavailable' from command line to 'False'
[1.626s] Level 5:colcon.colcon_core.verb:set package 'alpaka_welding_cobot_setup' build argument 'cmake_clean_cache' from command line to 'False'
[1.626s] Level 5:colcon.colcon_core.verb:set package 'alpaka_welding_cobot_setup' build argument 'cmake_clean_first' from command line to 'False'
[1.627s] Level 5:colcon.colcon_core.verb:set package 'alpaka_welding_cobot_setup' build argument 'cmake_force_configure' from command line to 'False'
[1.627s] Level 5:colcon.colcon_core.verb:set package 'alpaka_welding_cobot_setup' build argument 'meson_args' from command line to '[]'
[1.627s] Level 5:colcon.colcon_core.verb:set package 'alpaka_welding_cobot_setup' build argument 'ament_cmake_args' from command line to 'None'
[1.627s] Level 5:colcon.colcon_core.verb:set package 'alpaka_welding_cobot_setup' build argument 'catkin_cmake_args' from command line to 'None'
[1.627s] Level 5:colcon.colcon_core.verb:set package 'alpaka_welding_cobot_setup' build argument 'catkin_skip_building_tests' from command line to 'False'
[1.627s] DEBUG:colcon.colcon_core.verb:Building package 'alpaka_welding_cobot_setup' with the following arguments: {'ament_cmake_args': None, 'bazel_args': None, 'bazel_task': None, 'build_base': '/home/alpaka-admin/my_alpaka_urdf_ws/build/alpaka_welding_cobot_setup', 'catkin_cmake_args': None, 'catkin_skip_building_tests': False, 'cmake_args': None, 'cmake_clean_cache': False, 'cmake_clean_first': False, 'cmake_force_configure': False, 'cmake_target': None, 'cmake_target_skip_unavailable': False, 'install_base': '/home/alpaka-admin/my_alpaka_urdf_ws/install/alpaka_welding_cobot_setup', 'merge_install': False, 'meson_args': [], 'path': '/home/alpaka-admin/my_alpaka_urdf_ws/src/alpaka_welding_cobot_setup', 'symlink_install': False, 'test_result_base': None}
[1.654s] Level 5:colcon.colcon_core.verb:set package 'bringup' build argument 'bazel_args' from command line to 'None'
[1.654s] Level 5:colcon.colcon_core.verb:set package 'bringup' build argument 'bazel_task' from command line to 'None'
[1.654s] Level 5:colcon.colcon_core.verb:set package 'bringup' build argument 'cmake_args' from command line to 'None'
[1.655s] Level 5:colcon.colcon_core.verb:set package 'bringup' build argument 'cmake_target' from command line to 'None'
[1.655s] Level 5:colcon.colcon_core.verb:set package 'bringup' build argument 'cmake_target_skip_unavailable' from command line to 'False'
[1.655s] Level 5:colcon.colcon_core.verb:set package 'bringup' build argument 'cmake_clean_cache' from command line to 'False'
[1.655s] Level 5:colcon.colcon_core.verb:set package 'bringup' build argument 'cmake_clean_first' from command line to 'False'
[1.655s] Level 5:colcon.colcon_core.verb:set package 'bringup' build argument 'cmake_force_configure' from command line to 'False'
[1.655s] Level 5:colcon.colcon_core.verb:set package 'bringup' build argument 'meson_args' from command line to '[]'
[1.655s] Level 5:colcon.colcon_core.verb:set package 'bringup' build argument 'ament_cmake_args' from command line to 'None'
[1.655s] Level 5:colcon.colcon_core.verb:set package 'bringup' build argument 'catkin_cmake_args' from command line to 'None'
[1.655s] Level 5:colcon.colcon_core.verb:set package 'bringup' build argument 'catkin_skip_building_tests' from command line to 'False'
[1.655s] DEBUG:colcon.colcon_core.verb:Building package 'bringup' with the following arguments: {'ament_cmake_args': None, 'bazel_args': None, 'bazel_task': None, 'build_base': '/home/alpaka-admin/my_alpaka_urdf_ws/build/bringup', 'catkin_cmake_args': None, 'catkin_skip_building_tests': False, 'cmake_args': None, 'cmake_clean_cache': False, 'cmake_clean_first': False, 'cmake_force_configure': False, 'cmake_target': None, 'cmake_target_skip_unavailable': False, 'install_base': '/home/alpaka-admin/my_alpaka_urdf_ws/install/bringup', 'merge_install': False, 'meson_args': [], 'path': '/home/alpaka-admin/my_alpaka_urdf_ws/src/bringup', 'symlink_install': False, 'test_result_base': None}
[1.655s] INFO:colcon.colcon_core.executor:Executing jobs using 'parallel' executor
[1.658s] DEBUG:colcon.colcon_parallel_executor.executor.parallel:run_until_complete
[1.659s] INFO:colcon.colcon_ros.task.ament_cmake.build:Building ROS package in '/home/alpaka-admin/my_alpaka_urdf_ws/src/alpaka_welding_cobot_moveit' with build type 'ament_cmake'
[1.660s] INFO:colcon.colcon_cmake.task.cmake.build:Building CMake package in '/home/alpaka-admin/my_alpaka_urdf_ws/src/alpaka_welding_cobot_moveit'
[1.675s] INFO:colcon.colcon_core.plugin_system:Skipping extension 'colcon_core.shell.bat': Not used on non-Windows systems
[1.676s] DEBUG:colcon.colcon_ros_domain_id_coordinator.shell.ros_domain_id:Allocated ROS_DOMAIN_ID=18 for '/home/alpaka-admin/my_alpaka_urdf_ws/build/alpaka_welding_cobot_moveit'
[1.676s] INFO:colcon.colcon_core.shell:Skip shell extension 'ros_domain_id' for command environment: 
[1.676s] INFO:colcon.colcon_core.shell:Skip shell extension 'powershell' for command environment: Not usable outside of PowerShell
[1.676s] DEBUG:colcon.colcon_core.shell:Skip shell extension 'dsv' for command environment
[1.687s] INFO:colcon.colcon_ros.task.ament_cmake.build:Building ROS package in '/home/alpaka-admin/my_alpaka_urdf_ws/src/alpaka_welding_cobot_moveit_config' with build type 'ament_cmake'
[1.688s] INFO:colcon.colcon_cmake.task.cmake.build:Building CMake package in '/home/alpaka-admin/my_alpaka_urdf_ws/src/alpaka_welding_cobot_moveit_config'
[1.688s] DEBUG:colcon.colcon_ros_domain_id_coordinator.shell.ros_domain_id:Allocated ROS_DOMAIN_ID=12 for '/home/alpaka-admin/my_alpaka_urdf_ws/build/alpaka_welding_cobot_moveit_config'
[1.688s] INFO:colcon.colcon_core.shell:Skip shell extension 'ros_domain_id' for command environment: 
[1.688s] INFO:colcon.colcon_core.shell:Skip shell extension 'powershell' for command environment: Not usable outside of PowerShell
[1.688s] DEBUG:colcon.colcon_core.shell:Skip shell extension 'dsv' for command environment
[1.701s] INFO:colcon.colcon_ros.task.ament_cmake.build:Building ROS package in '/home/alpaka-admin/my_alpaka_urdf_ws/src/alpaka_welding_cobot_setup' with build type 'ament_cmake'
[1.702s] INFO:colcon.colcon_cmake.task.cmake.build:Building CMake package in '/home/alpaka-admin/my_alpaka_urdf_ws/src/alpaka_welding_cobot_setup'
[1.702s] DEBUG:colcon.colcon_ros_domain_id_coordinator.shell.ros_domain_id:Allocated ROS_DOMAIN_ID=52 for '/home/alpaka-admin/my_alpaka_urdf_ws/build/alpaka_welding_cobot_setup'
[1.703s] INFO:colcon.colcon_core.shell:Skip shell extension 'ros_domain_id' for command environment: 
[1.703s] INFO:colcon.colcon_core.shell:Skip shell extension 'powershell' for command environment: Not usable outside of PowerShell
[1.703s] DEBUG:colcon.colcon_core.shell:Skip shell extension 'dsv' for command environment
[1.713s] INFO:colcon.colcon_ros.task.ament_cmake.build:Building ROS package in '/home/alpaka-admin/my_alpaka_urdf_ws/src/bringup' with build type 'ament_cmake'
[1.713s] INFO:colcon.colcon_cmake.task.cmake.build:Building CMake package in '/home/alpaka-admin/my_alpaka_urdf_ws/src/bringup'
[1.714s] DEBUG:colcon.colcon_ros_domain_id_coordinator.shell.ros_domain_id:Allocated ROS_DOMAIN_ID=20 for '/home/alpaka-admin/my_alpaka_urdf_ws/build/bringup'
[1.714s] INFO:colcon.colcon_core.shell:Skip shell extension 'ros_domain_id' for command environment: 
[1.714s] INFO:colcon.colcon_core.shell:Skip shell extension 'powershell' for command environment: Not usable outside of PowerShell
[1.714s] DEBUG:colcon.colcon_core.shell:Skip shell extension 'dsv' for command environment
[1.739s] DEBUG:colcon.colcon_core.event_handler.log_command:Invoking command in '/home/alpaka-admin/my_alpaka_urdf_ws/build/alpaka_welding_cobot_moveit': CMAKE_PREFIX_PATH=${CMAKE_PREFIX_PATH}:/home/alpaka-admin/my_alpaka_urdf_ws/install/ml_model:/opt/ros/humble ROS_DOMAIN_ID=18 /usr/bin/cmake --build /home/alpaka-admin/my_alpaka_urdf_ws/build/alpaka_welding_cobot_moveit -- -j8 -l8
[1.749s] DEBUG:colcon.colcon_core.event_handler.log_command:Invoking command in '/home/alpaka-admin/my_alpaka_urdf_ws/build/alpaka_welding_cobot_moveit_config': CMAKE_PREFIX_PATH=${CMAKE_PREFIX_PATH}:/home/alpaka-admin/my_alpaka_urdf_ws/install/ml_model:/opt/ros/humble ROS_DOMAIN_ID=12 /usr/bin/cmake --build /home/alpaka-admin/my_alpaka_urdf_ws/build/alpaka_welding_cobot_moveit_config -- -j8 -l8
[1.757s] DEBUG:colcon.colcon_core.event_handler.log_command:Invoking command in '/home/alpaka-admin/my_alpaka_urdf_ws/build/alpaka_welding_cobot_setup': CMAKE_PREFIX_PATH=${CMAKE_PREFIX_PATH}:/home/alpaka-admin/my_alpaka_urdf_ws/install/ml_model:/opt/ros/humble ROS_DOMAIN_ID=52 /usr/bin/cmake --build /home/alpaka-admin/my_alpaka_urdf_ws/build/alpaka_welding_cobot_setup -- -j8 -l8
[1.765s] DEBUG:colcon.colcon_core.event_handler.log_command:Invoking command in '/home/alpaka-admin/my_alpaka_urdf_ws/build/bringup': CMAKE_PREFIX_PATH=${CMAKE_PREFIX_PATH}:/home/alpaka-admin/my_alpaka_urdf_ws/install/ml_model:/opt/ros/humble /usr/bin/cmake --build /home/alpaka-admin/my_alpaka_urdf_ws/build/bringup -- -j8 -l8
[1.852s] DEBUG:colcon.colcon_core.event_handler.log_command:Invoked command in '/home/alpaka-admin/my_alpaka_urdf_ws/build/alpaka_welding_cobot_setup' returned '0': CMAKE_PREFIX_PATH=${CMAKE_PREFIX_PATH}:/home/alpaka-admin/my_alpaka_urdf_ws/install/ml_model:/opt/ros/humble ROS_DOMAIN_ID=52 /usr/bin/cmake --build /home/alpaka-admin/my_alpaka_urdf_ws/build/alpaka_welding_cobot_setup -- -j8 -l8
[1.869s] DEBUG:colcon.colcon_core.event_handler.log_command:Invoking command in '/home/alpaka-admin/my_alpaka_urdf_ws/build/alpaka_welding_cobot_setup': CMAKE_PREFIX_PATH=${CMAKE_PREFIX_PATH}:/home/alpaka-admin/my_alpaka_urdf_ws/install/ml_model:/opt/ros/humble ROS_DOMAIN_ID=52 /usr/bin/cmake --install /home/alpaka-admin/my_alpaka_urdf_ws/build/alpaka_welding_cobot_setup
[1.873s] DEBUG:colcon.colcon_core.event_handler.log_command:Invoked command in '/home/alpaka-admin/my_alpaka_urdf_ws/build/bringup' returned '0': CMAKE_PREFIX_PATH=${CMAKE_PREFIX_PATH}:/home/alpaka-admin/my_alpaka_urdf_ws/install/ml_model:/opt/ros/humble /usr/bin/cmake --build /home/alpaka-admin/my_alpaka_urdf_ws/build/bringup -- -j8 -l8
[1.877s] DEBUG:colcon.colcon_core.event_handler.log_command:Invoking command in '/home/alpaka-admin/my_alpaka_urdf_ws/build/bringup': CMAKE_PREFIX_PATH=${CMAKE_PREFIX_PATH}:/home/alpaka-admin/my_alpaka_urdf_ws/install/ml_model:/opt/ros/humble /usr/bin/cmake --install /home/alpaka-admin/my_alpaka_urdf_ws/build/bringup
[1.878s] DEBUG:colcon.colcon_core.event_handler.log_command:Invoked command in '/home/alpaka-admin/my_alpaka_urdf_ws/build/alpaka_welding_cobot_moveit_config' returned '0': CMAKE_PREFIX_PATH=${CMAKE_PREFIX_PATH}:/home/alpaka-admin/my_alpaka_urdf_ws/install/ml_model:/opt/ros/humble ROS_DOMAIN_ID=12 /usr/bin/cmake --build /home/alpaka-admin/my_alpaka_urdf_ws/build/alpaka_welding_cobot_moveit_config -- -j8 -l8
[1.884s] DEBUG:colcon.colcon_core.event_handler.log_command:Invoking command in '/home/alpaka-admin/my_alpaka_urdf_ws/build/alpaka_welding_cobot_moveit_config': CMAKE_PREFIX_PATH=${CMAKE_PREFIX_PATH}:/home/alpaka-admin/my_alpaka_urdf_ws/install/ml_model:/opt/ros/humble ROS_DOMAIN_ID=12 /usr/bin/cmake --install /home/alpaka-admin/my_alpaka_urdf_ws/build/alpaka_welding_cobot_moveit_config
[1.902s] DEBUG:colcon.colcon_core.event_handler.log_command:Invoked command in '/home/alpaka-admin/my_alpaka_urdf_ws/build/alpaka_welding_cobot_moveit' returned '0': CMAKE_PREFIX_PATH=${CMAKE_PREFIX_PATH}:/home/alpaka-admin/my_alpaka_urdf_ws/install/ml_model:/opt/ros/humble ROS_DOMAIN_ID=18 /usr/bin/cmake --build /home/alpaka-admin/my_alpaka_urdf_ws/build/alpaka_welding_cobot_moveit -- -j8 -l8
[1.905s] Level 1:colcon.colcon_core.environment:create_environment_scripts_only(bringup)
[1.922s] DEBUG:colcon.colcon_core.event_handler.log_command:Invoking command in '/home/alpaka-admin/my_alpaka_urdf_ws/build/alpaka_welding_cobot_moveit': CMAKE_PREFIX_PATH=${CMAKE_PREFIX_PATH}:/home/alpaka-admin/my_alpaka_urdf_ws/install/ml_model:/opt/ros/humble ROS_DOMAIN_ID=18 /usr/bin/cmake --install /home/alpaka-admin/my_alpaka_urdf_ws/build/alpaka_welding_cobot_moveit
[1.929s] DEBUG:colcon.colcon_core.event_handler.log_command:Invoked command in '/home/alpaka-admin/my_alpaka_urdf_ws/build/bringup' returned '0': CMAKE_PREFIX_PATH=${CMAKE_PREFIX_PATH}:/home/alpaka-admin/my_alpaka_urdf_ws/install/ml_model:/opt/ros/humble /usr/bin/cmake --install /home/alpaka-admin/my_alpaka_urdf_ws/build/bringup
[1.935s] Level 1:colcon.colcon_core.environment:checking '/home/alpaka-admin/my_alpaka_urdf_ws/install/bringup' for CMake module files
[1.937s] Level 1:colcon.colcon_core.environment:checking '/home/alpaka-admin/my_alpaka_urdf_ws/install/bringup' for CMake config files
[1.938s] Level 1:colcon.colcon_core.shell:create_environment_hook('bringup', 'cmake_prefix_path')
[1.938s] INFO:colcon.colcon_core.shell:Creating environment hook '/home/alpaka-admin/my_alpaka_urdf_ws/install/bringup/share/bringup/hook/cmake_prefix_path.ps1'
[1.940s] INFO:colcon.colcon_core.shell:Creating environment descriptor '/home/alpaka-admin/my_alpaka_urdf_ws/install/bringup/share/bringup/hook/cmake_prefix_path.dsv'
[1.942s] INFO:colcon.colcon_core.shell:Creating environment hook '/home/alpaka-admin/my_alpaka_urdf_ws/install/bringup/share/bringup/hook/cmake_prefix_path.sh'
[1.943s] Level 1:colcon.colcon_core.environment:checking '/home/alpaka-admin/my_alpaka_urdf_ws/install/bringup/bin'
[1.944s] Level 1:colcon.colcon_core.environment:checking '/home/alpaka-admin/my_alpaka_urdf_ws/install/bringup/lib/pkgconfig/bringup.pc'
[1.944s] Level 1:colcon.colcon_core.environment:checking '/home/alpaka-admin/my_alpaka_urdf_ws/install/bringup/lib/python3.10/site-packages'
[1.944s] Level 1:colcon.colcon_core.environment:checking '/home/alpaka-admin/my_alpaka_urdf_ws/install/bringup/bin'
[1.945s] INFO:colcon.colcon_core.shell:Creating package script '/home/alpaka-admin/my_alpaka_urdf_ws/install/bringup/share/bringup/package.ps1'
[1.947s] INFO:colcon.colcon_core.shell:Creating package descriptor '/home/alpaka-admin/my_alpaka_urdf_ws/install/bringup/share/bringup/package.dsv'
[1.948s] INFO:colcon.colcon_core.shell:Creating package script '/home/alpaka-admin/my_alpaka_urdf_ws/install/bringup/share/bringup/package.sh'
[1.949s] INFO:colcon.colcon_core.shell:Creating package script '/home/alpaka-admin/my_alpaka_urdf_ws/install/bringup/share/bringup/package.bash'
[1.952s] INFO:colcon.colcon_core.shell:Creating package script '/home/alpaka-admin/my_alpaka_urdf_ws/install/bringup/share/bringup/package.zsh'
[1.953s] Level 1:colcon.colcon_core.environment:create_file_with_runtime_dependencies(/home/alpaka-admin/my_alpaka_urdf_ws/install/bringup/share/colcon-core/packages/bringup)
[1.954s] Level 1:colcon.colcon_core.environment:create_environment_scripts_only(bringup)
[1.955s] Level 1:colcon.colcon_core.environment:checking '/home/alpaka-admin/my_alpaka_urdf_ws/install/bringup' for CMake module files
[1.956s] Level 1:colcon.colcon_core.environment:checking '/home/alpaka-admin/my_alpaka_urdf_ws/install/bringup' for CMake config files
[1.956s] Level 1:colcon.colcon_core.shell:create_environment_hook('bringup', 'cmake_prefix_path')
[1.957s] INFO:colcon.colcon_core.shell:Creating environment hook '/home/alpaka-admin/my_alpaka_urdf_ws/install/bringup/share/bringup/hook/cmake_prefix_path.ps1'
[1.958s] INFO:colcon.colcon_core.shell:Creating environment descriptor '/home/alpaka-admin/my_alpaka_urdf_ws/install/bringup/share/bringup/hook/cmake_prefix_path.dsv'
[1.958s] INFO:colcon.colcon_core.shell:Creating environment hook '/home/alpaka-admin/my_alpaka_urdf_ws/install/bringup/share/bringup/hook/cmake_prefix_path.sh'
[1.959s] Level 1:colcon.colcon_core.environment:checking '/home/alpaka-admin/my_alpaka_urdf_ws/install/bringup/bin'
[1.960s] Level 1:colcon.colcon_core.environment:checking '/home/alpaka-admin/my_alpaka_urdf_ws/install/bringup/lib/pkgconfig/bringup.pc'
[1.960s] Level 1:colcon.colcon_core.environment:checking '/home/alpaka-admin/my_alpaka_urdf_ws/install/bringup/lib/python3.10/site-packages'
[1.960s] Level 1:colcon.colcon_core.environment:checking '/home/alpaka-admin/my_alpaka_urdf_ws/install/bringup/bin'
[1.961s] INFO:colcon.colcon_core.shell:Creating package script '/home/alpaka-admin/my_alpaka_urdf_ws/install/bringup/share/bringup/package.ps1'
[1.962s] INFO:colcon.colcon_core.shell:Creating package descriptor '/home/alpaka-admin/my_alpaka_urdf_ws/install/bringup/share/bringup/package.dsv'
[1.963s] INFO:colcon.colcon_core.shell:Creating package script '/home/alpaka-admin/my_alpaka_urdf_ws/install/bringup/share/bringup/package.sh'
[1.963s] INFO:colcon.colcon_core.shell:Creating package script '/home/alpaka-admin/my_alpaka_urdf_ws/install/bringup/share/bringup/package.bash'
[1.964s] INFO:colcon.colcon_core.shell:Creating package script '/home/alpaka-admin/my_alpaka_urdf_ws/install/bringup/share/bringup/package.zsh'
[1.965s] Level 1:colcon.colcon_core.environment:create_file_with_runtime_dependencies(/home/alpaka-admin/my_alpaka_urdf_ws/install/bringup/share/colcon-core/packages/bringup)
[1.965s] DEBUG:colcon.colcon_ros_domain_id_coordinator.shell.ros_domain_id:Released ROS_DOMAIN_ID=20 for '/home/alpaka-admin/my_alpaka_urdf_ws/build/bringup'
[1.966s] Level 1:colcon.colcon_core.environment:create_environment_scripts_only(alpaka_welding_cobot_setup)
[1.966s] Level 1:colcon.colcon_core.environment:checking '/home/alpaka-admin/my_alpaka_urdf_ws/install/alpaka_welding_cobot_setup' for CMake module files
[1.969s] DEBUG:colcon.colcon_core.event_handler.log_command:Invoked command in '/home/alpaka-admin/my_alpaka_urdf_ws/build/alpaka_welding_cobot_setup' returned '0': CMAKE_PREFIX_PATH=${CMAKE_PREFIX_PATH}:/home/alpaka-admin/my_alpaka_urdf_ws/install/ml_model:/opt/ros/humble ROS_DOMAIN_ID=52 /usr/bin/cmake --install /home/alpaka-admin/my_alpaka_urdf_ws/build/alpaka_welding_cobot_setup
[1.969s] Level 1:colcon.colcon_core.environment:checking '/home/alpaka-admin/my_alpaka_urdf_ws/install/alpaka_welding_cobot_setup' for CMake config files
[1.970s] Level 1:colcon.colcon_core.shell:create_environment_hook('alpaka_welding_cobot_setup', 'cmake_prefix_path')
[1.971s] INFO:colcon.colcon_core.shell:Creating environment hook '/home/alpaka-admin/my_alpaka_urdf_ws/install/alpaka_welding_cobot_setup/share/alpaka_welding_cobot_setup/hook/cmake_prefix_path.ps1'
[1.971s] INFO:colcon.colcon_core.shell:Creating environment descriptor '/home/alpaka-admin/my_alpaka_urdf_ws/install/alpaka_welding_cobot_setup/share/alpaka_welding_cobot_setup/hook/cmake_prefix_path.dsv'
[1.972s] INFO:colcon.colcon_core.shell:Creating environment hook '/home/alpaka-admin/my_alpaka_urdf_ws/install/alpaka_welding_cobot_setup/share/alpaka_welding_cobot_setup/hook/cmake_prefix_path.sh'
[1.974s] Level 1:colcon.colcon_core.environment:checking '/home/alpaka-admin/my_alpaka_urdf_ws/install/alpaka_welding_cobot_setup/bin'
[1.974s] Level 1:colcon.colcon_core.environment:checking '/home/alpaka-admin/my_alpaka_urdf_ws/install/alpaka_welding_cobot_setup/lib/pkgconfig/alpaka_welding_cobot_setup.pc'
[1.975s] Level 1:colcon.colcon_core.environment:checking '/home/alpaka-admin/my_alpaka_urdf_ws/install/alpaka_welding_cobot_setup/lib/python3.10/site-packages'
[1.976s] Level 1:colcon.colcon_core.environment:checking '/home/alpaka-admin/my_alpaka_urdf_ws/install/alpaka_welding_cobot_setup/bin'
[1.977s] INFO:colcon.colcon_core.shell:Creating package script '/home/alpaka-admin/my_alpaka_urdf_ws/install/alpaka_welding_cobot_setup/share/alpaka_welding_cobot_setup/package.ps1'
[1.978s] INFO:colcon.colcon_core.shell:Creating package descriptor '/home/alpaka-admin/my_alpaka_urdf_ws/install/alpaka_welding_cobot_setup/share/alpaka_welding_cobot_setup/package.dsv'
[1.979s] INFO:colcon.colcon_core.shell:Creating package script '/home/alpaka-admin/my_alpaka_urdf_ws/install/alpaka_welding_cobot_setup/share/alpaka_welding_cobot_setup/package.sh'
[1.980s] INFO:colcon.colcon_core.shell:Creating package script '/home/alpaka-admin/my_alpaka_urdf_ws/install/alpaka_welding_cobot_setup/share/alpaka_welding_cobot_setup/package.bash'
[1.981s] INFO:colcon.colcon_core.shell:Creating package script '/home/alpaka-admin/my_alpaka_urdf_ws/install/alpaka_welding_cobot_setup/share/alpaka_welding_cobot_setup/package.zsh'
[1.982s] Level 1:colcon.colcon_core.environment:create_file_with_runtime_dependencies(/home/alpaka-admin/my_alpaka_urdf_ws/install/alpaka_welding_cobot_setup/share/colcon-core/packages/alpaka_welding_cobot_setup)
[1.984s] Level 1:colcon.colcon_core.environment:create_environment_scripts_only(alpaka_welding_cobot_setup)
[1.984s] Level 1:colcon.colcon_core.environment:checking '/home/alpaka-admin/my_alpaka_urdf_ws/install/alpaka_welding_cobot_setup' for CMake module files
[1.986s] Level 1:colcon.colcon_core.environment:checking '/home/alpaka-admin/my_alpaka_urdf_ws/install/alpaka_welding_cobot_setup' for CMake config files
[1.987s] Level 1:colcon.colcon_core.shell:create_environment_hook('alpaka_welding_cobot_setup', 'cmake_prefix_path')
[1.987s] INFO:colcon.colcon_core.shell:Creating environment hook '/home/alpaka-admin/my_alpaka_urdf_ws/install/alpaka_welding_cobot_setup/share/alpaka_welding_cobot_setup/hook/cmake_prefix_path.ps1'
[1.988s] INFO:colcon.colcon_core.shell:Creating environment descriptor '/home/alpaka-admin/my_alpaka_urdf_ws/install/alpaka_welding_cobot_setup/share/alpaka_welding_cobot_setup/hook/cmake_prefix_path.dsv'
[1.988s] INFO:colcon.colcon_core.shell:Creating environment hook '/home/alpaka-admin/my_alpaka_urdf_ws/install/alpaka_welding_cobot_setup/share/alpaka_welding_cobot_setup/hook/cmake_prefix_path.sh'
[1.990s] Level 1:colcon.colcon_core.environment:checking '/home/alpaka-admin/my_alpaka_urdf_ws/install/alpaka_welding_cobot_setup/bin'
[1.990s] Level 1:colcon.colcon_core.environment:checking '/home/alpaka-admin/my_alpaka_urdf_ws/install/alpaka_welding_cobot_setup/lib/pkgconfig/alpaka_welding_cobot_setup.pc'
[1.990s] Level 1:colcon.colcon_core.environment:checking '/home/alpaka-admin/my_alpaka_urdf_ws/install/alpaka_welding_cobot_setup/lib/python3.10/site-packages'
[1.990s] Level 1:colcon.colcon_core.environment:checking '/home/alpaka-admin/my_alpaka_urdf_ws/install/alpaka_welding_cobot_setup/bin'
[1.991s] INFO:colcon.colcon_core.shell:Creating package script '/home/alpaka-admin/my_alpaka_urdf_ws/install/alpaka_welding_cobot_setup/share/alpaka_welding_cobot_setup/package.ps1'
[1.992s] INFO:colcon.colcon_core.shell:Creating package descriptor '/home/alpaka-admin/my_alpaka_urdf_ws/install/alpaka_welding_cobot_setup/share/alpaka_welding_cobot_setup/package.dsv'
[1.994s] INFO:colcon.colcon_core.shell:Creating package script '/home/alpaka-admin/my_alpaka_urdf_ws/install/alpaka_welding_cobot_setup/share/alpaka_welding_cobot_setup/package.sh'
[1.995s] INFO:colcon.colcon_core.shell:Creating package script '/home/alpaka-admin/my_alpaka_urdf_ws/install/alpaka_welding_cobot_setup/share/alpaka_welding_cobot_setup/package.bash'
[1.996s] INFO:colcon.colcon_core.shell:Creating package script '/home/alpaka-admin/my_alpaka_urdf_ws/install/alpaka_welding_cobot_setup/share/alpaka_welding_cobot_setup/package.zsh'
[1.997s] Level 1:colcon.colcon_core.environment:create_file_with_runtime_dependencies(/home/alpaka-admin/my_alpaka_urdf_ws/install/alpaka_welding_cobot_setup/share/colcon-core/packages/alpaka_welding_cobot_setup)
[1.997s] DEBUG:colcon.colcon_ros_domain_id_coordinator.shell.ros_domain_id:Released ROS_DOMAIN_ID=52 for '/home/alpaka-admin/my_alpaka_urdf_ws/build/alpaka_welding_cobot_setup'
[1.998s] Level 1:colcon.colcon_core.environment:create_environment_scripts_only(alpaka_welding_cobot_moveit_config)
[1.999s] Level 1:colcon.colcon_core.environment:checking '/home/alpaka-admin/my_alpaka_urdf_ws/install/alpaka_welding_cobot_moveit_config' for CMake module files
[2.001s] DEBUG:colcon.colcon_core.event_handler.log_command:Invoked command in '/home/alpaka-admin/my_alpaka_urdf_ws/build/alpaka_welding_cobot_moveit_config' returned '0': CMAKE_PREFIX_PATH=${CMAKE_PREFIX_PATH}:/home/alpaka-admin/my_alpaka_urdf_ws/install/ml_model:/opt/ros/humble ROS_DOMAIN_ID=12 /usr/bin/cmake --install /home/alpaka-admin/my_alpaka_urdf_ws/build/alpaka_welding_cobot_moveit_config
[2.002s] Level 1:colcon.colcon_core.environment:checking '/home/alpaka-admin/my_alpaka_urdf_ws/install/alpaka_welding_cobot_moveit_config' for CMake config files
[2.002s] Level 1:colcon.colcon_core.shell:create_environment_hook('alpaka_welding_cobot_moveit_config', 'cmake_prefix_path')
[2.003s] INFO:colcon.colcon_core.shell:Creating environment hook '/home/alpaka-admin/my_alpaka_urdf_ws/install/alpaka_welding_cobot_moveit_config/share/alpaka_welding_cobot_moveit_config/hook/cmake_prefix_path.ps1'
[2.004s] INFO:colcon.colcon_core.shell:Creating environment descriptor '/home/alpaka-admin/my_alpaka_urdf_ws/install/alpaka_welding_cobot_moveit_config/share/alpaka_welding_cobot_moveit_config/hook/cmake_prefix_path.dsv'
[2.005s] INFO:colcon.colcon_core.shell:Creating environment hook '/home/alpaka-admin/my_alpaka_urdf_ws/install/alpaka_welding_cobot_moveit_config/share/alpaka_welding_cobot_moveit_config/hook/cmake_prefix_path.sh'
[2.006s] Level 1:colcon.colcon_core.environment:checking '/home/alpaka-admin/my_alpaka_urdf_ws/install/alpaka_welding_cobot_moveit_config/bin'
[2.006s] Level 1:colcon.colcon_core.environment:checking '/home/alpaka-admin/my_alpaka_urdf_ws/install/alpaka_welding_cobot_moveit_config/lib/pkgconfig/alpaka_welding_cobot_moveit_config.pc'
[2.007s] Level 1:colcon.colcon_core.environment:checking '/home/alpaka-admin/my_alpaka_urdf_ws/install/alpaka_welding_cobot_moveit_config/lib/python3.10/site-packages'
[2.007s] Level 1:colcon.colcon_core.environment:checking '/home/alpaka-admin/my_alpaka_urdf_ws/install/alpaka_welding_cobot_moveit_config/bin'
[2.008s] INFO:colcon.colcon_core.shell:Creating package script '/home/alpaka-admin/my_alpaka_urdf_ws/install/alpaka_welding_cobot_moveit_config/share/alpaka_welding_cobot_moveit_config/package.ps1'
[2.009s] INFO:colcon.colcon_core.shell:Creating package descriptor '/home/alpaka-admin/my_alpaka_urdf_ws/install/alpaka_welding_cobot_moveit_config/share/alpaka_welding_cobot_moveit_config/package.dsv'
[2.010s] INFO:colcon.colcon_core.shell:Creating package script '/home/alpaka-admin/my_alpaka_urdf_ws/install/alpaka_welding_cobot_moveit_config/share/alpaka_welding_cobot_moveit_config/package.sh'
[2.011s] INFO:colcon.colcon_core.shell:Creating package script '/home/alpaka-admin/my_alpaka_urdf_ws/install/alpaka_welding_cobot_moveit_config/share/alpaka_welding_cobot_moveit_config/package.bash'
[2.012s] INFO:colcon.colcon_core.shell:Creating package script '/home/alpaka-admin/my_alpaka_urdf_ws/install/alpaka_welding_cobot_moveit_config/share/alpaka_welding_cobot_moveit_config/package.zsh'
[2.012s] Level 1:colcon.colcon_core.environment:create_file_with_runtime_dependencies(/home/alpaka-admin/my_alpaka_urdf_ws/install/alpaka_welding_cobot_moveit_config/share/colcon-core/packages/alpaka_welding_cobot_moveit_config)
[2.014s] Level 1:colcon.colcon_core.environment:create_environment_scripts_only(alpaka_welding_cobot_moveit_config)
[2.015s] Level 1:colcon.colcon_core.environment:checking '/home/alpaka-admin/my_alpaka_urdf_ws/install/alpaka_welding_cobot_moveit_config' for CMake module files
[2.016s] Level 1:colcon.colcon_core.environment:checking '/home/alpaka-admin/my_alpaka_urdf_ws/install/alpaka_welding_cobot_moveit_config' for CMake config files
[2.017s] Level 1:colcon.colcon_core.shell:create_environment_hook('alpaka_welding_cobot_moveit_config', 'cmake_prefix_path')
[2.017s] INFO:colcon.colcon_core.shell:Creating environment hook '/home/alpaka-admin/my_alpaka_urdf_ws/install/alpaka_welding_cobot_moveit_config/share/alpaka_welding_cobot_moveit_config/hook/cmake_prefix_path.ps1'
[2.018s] INFO:colcon.colcon_core.shell:Creating environment descriptor '/home/alpaka-admin/my_alpaka_urdf_ws/install/alpaka_welding_cobot_moveit_config/share/alpaka_welding_cobot_moveit_config/hook/cmake_prefix_path.dsv'
[2.019s] INFO:colcon.colcon_core.shell:Creating environment hook '/home/alpaka-admin/my_alpaka_urdf_ws/install/alpaka_welding_cobot_moveit_config/share/alpaka_welding_cobot_moveit_config/hook/cmake_prefix_path.sh'
[2.021s] Level 1:colcon.colcon_core.environment:checking '/home/alpaka-admin/my_alpaka_urdf_ws/install/alpaka_welding_cobot_moveit_config/bin'
[2.021s] Level 1:colcon.colcon_core.environment:checking '/home/alpaka-admin/my_alpaka_urdf_ws/install/alpaka_welding_cobot_moveit_config/lib/pkgconfig/alpaka_welding_cobot_moveit_config.pc'
[2.022s] Level 1:colcon.colcon_core.environment:checking '/home/alpaka-admin/my_alpaka_urdf_ws/install/alpaka_welding_cobot_moveit_config/lib/python3.10/site-packages'
[2.022s] Level 1:colcon.colcon_core.environment:checking '/home/alpaka-admin/my_alpaka_urdf_ws/install/alpaka_welding_cobot_moveit_config/bin'
[2.023s] INFO:colcon.colcon_core.shell:Creating package script '/home/alpaka-admin/my_alpaka_urdf_ws/install/alpaka_welding_cobot_moveit_config/share/alpaka_welding_cobot_moveit_config/package.ps1'
[2.024s] INFO:colcon.colcon_core.shell:Creating package descriptor '/home/alpaka-admin/my_alpaka_urdf_ws/install/alpaka_welding_cobot_moveit_config/share/alpaka_welding_cobot_moveit_config/package.dsv'
[2.025s] INFO:colcon.colcon_core.shell:Creating package script '/home/alpaka-admin/my_alpaka_urdf_ws/install/alpaka_welding_cobot_moveit_config/share/alpaka_welding_cobot_moveit_config/package.sh'
[2.026s] INFO:colcon.colcon_core.shell:Creating package script '/home/alpaka-admin/my_alpaka_urdf_ws/install/alpaka_welding_cobot_moveit_config/share/alpaka_welding_cobot_moveit_config/package.bash'
[2.028s] INFO:colcon.colcon_core.shell:Creating package script '/home/alpaka-admin/my_alpaka_urdf_ws/install/alpaka_welding_cobot_moveit_config/share/alpaka_welding_cobot_moveit_config/package.zsh'
[2.029s] Level 1:colcon.colcon_core.environment:create_file_with_runtime_dependencies(/home/alpaka-admin/my_alpaka_urdf_ws/install/alpaka_welding_cobot_moveit_config/share/colcon-core/packages/alpaka_welding_cobot_moveit_config)
[2.030s] DEBUG:colcon.colcon_ros_domain_id_coordinator.shell.ros_domain_id:Released ROS_DOMAIN_ID=12 for '/home/alpaka-admin/my_alpaka_urdf_ws/build/alpaka_welding_cobot_moveit_config'
[2.031s] Level 1:colcon.colcon_core.environment:create_environment_scripts_only(alpaka_welding_cobot_moveit)
[2.031s] Level 1:colcon.colcon_core.environment:checking '/home/alpaka-admin/my_alpaka_urdf_ws/install/alpaka_welding_cobot_moveit' for CMake module files
[2.034s] DEBUG:colcon.colcon_core.event_handler.log_command:Invoked command in '/home/alpaka-admin/my_alpaka_urdf_ws/build/alpaka_welding_cobot_moveit' returned '0': CMAKE_PREFIX_PATH=${CMAKE_PREFIX_PATH}:/home/alpaka-admin/my_alpaka_urdf_ws/install/ml_model:/opt/ros/humble ROS_DOMAIN_ID=18 /usr/bin/cmake --install /home/alpaka-admin/my_alpaka_urdf_ws/build/alpaka_welding_cobot_moveit
[2.034s] Level 1:colcon.colcon_core.environment:checking '/home/alpaka-admin/my_alpaka_urdf_ws/install/alpaka_welding_cobot_moveit' for CMake config files
[2.035s] Level 1:colcon.colcon_core.shell:create_environment_hook('alpaka_welding_cobot_moveit', 'cmake_prefix_path')
[2.036s] INFO:colcon.colcon_core.shell:Creating environment hook '/home/alpaka-admin/my_alpaka_urdf_ws/install/alpaka_welding_cobot_moveit/share/alpaka_welding_cobot_moveit/hook/cmake_prefix_path.ps1'
[2.037s] INFO:colcon.colcon_core.shell:Creating environment descriptor '/home/alpaka-admin/my_alpaka_urdf_ws/install/alpaka_welding_cobot_moveit/share/alpaka_welding_cobot_moveit/hook/cmake_prefix_path.dsv'
[2.037s] INFO:colcon.colcon_core.shell:Creating environment hook '/home/alpaka-admin/my_alpaka_urdf_ws/install/alpaka_welding_cobot_moveit/share/alpaka_welding_cobot_moveit/hook/cmake_prefix_path.sh'
[2.039s] Level 1:colcon.colcon_core.environment:checking '/home/alpaka-admin/my_alpaka_urdf_ws/install/alpaka_welding_cobot_moveit/bin'
[2.039s] Level 1:colcon.colcon_core.environment:checking '/home/alpaka-admin/my_alpaka_urdf_ws/install/alpaka_welding_cobot_moveit/lib/pkgconfig/alpaka_welding_cobot_moveit.pc'
[2.039s] Level 1:colcon.colcon_core.environment:checking '/home/alpaka-admin/my_alpaka_urdf_ws/install/alpaka_welding_cobot_moveit/lib/python3.10/site-packages'
[2.040s] Level 1:colcon.colcon_core.environment:checking '/home/alpaka-admin/my_alpaka_urdf_ws/install/alpaka_welding_cobot_moveit/bin'
[2.041s] INFO:colcon.colcon_core.shell:Creating package script '/home/alpaka-admin/my_alpaka_urdf_ws/install/alpaka_welding_cobot_moveit/share/alpaka_welding_cobot_moveit/package.ps1'
[2.042s] INFO:colcon.colcon_core.shell:Creating package descriptor '/home/alpaka-admin/my_alpaka_urdf_ws/install/alpaka_welding_cobot_moveit/share/alpaka_welding_cobot_moveit/package.dsv'
[2.043s] INFO:colcon.colcon_core.shell:Creating package script '/home/alpaka-admin/my_alpaka_urdf_ws/install/alpaka_welding_cobot_moveit/share/alpaka_welding_cobot_moveit/package.sh'
[2.044s] INFO:colcon.colcon_core.shell:Creating package script '/home/alpaka-admin/my_alpaka_urdf_ws/install/alpaka_welding_cobot_moveit/share/alpaka_welding_cobot_moveit/package.bash'
[2.044s] INFO:colcon.colcon_core.shell:Creating package script '/home/alpaka-admin/my_alpaka_urdf_ws/install/alpaka_welding_cobot_moveit/share/alpaka_welding_cobot_moveit/package.zsh'
[2.045s] Level 1:colcon.colcon_core.environment:create_file_with_runtime_dependencies(/home/alpaka-admin/my_alpaka_urdf_ws/install/alpaka_welding_cobot_moveit/share/colcon-core/packages/alpaka_welding_cobot_moveit)
[2.046s] Level 1:colcon.colcon_core.environment:create_environment_scripts_only(alpaka_welding_cobot_moveit)
[2.046s] Level 1:colcon.colcon_core.environment:checking '/home/alpaka-admin/my_alpaka_urdf_ws/install/alpaka_welding_cobot_moveit' for CMake module files
[2.047s] Level 1:colcon.colcon_core.environment:checking '/home/alpaka-admin/my_alpaka_urdf_ws/install/alpaka_welding_cobot_moveit' for CMake config files
[2.047s] Level 1:colcon.colcon_core.shell:create_environment_hook('alpaka_welding_cobot_moveit', 'cmake_prefix_path')
[2.048s] INFO:colcon.colcon_core.shell:Creating environment hook '/home/alpaka-admin/my_alpaka_urdf_ws/install/alpaka_welding_cobot_moveit/share/alpaka_welding_cobot_moveit/hook/cmake_prefix_path.ps1'
[2.049s] INFO:colcon.colcon_core.shell:Creating environment descriptor '/home/alpaka-admin/my_alpaka_urdf_ws/install/alpaka_welding_cobot_moveit/share/alpaka_welding_cobot_moveit/hook/cmake_prefix_path.dsv'
[2.049s] INFO:colcon.colcon_core.shell:Creating environment hook '/home/alpaka-admin/my_alpaka_urdf_ws/install/alpaka_welding_cobot_moveit/share/alpaka_welding_cobot_moveit/hook/cmake_prefix_path.sh'
[2.050s] Level 1:colcon.colcon_core.environment:checking '/home/alpaka-admin/my_alpaka_urdf_ws/install/alpaka_welding_cobot_moveit/bin'
[2.050s] Level 1:colcon.colcon_core.environment:checking '/home/alpaka-admin/my_alpaka_urdf_ws/install/alpaka_welding_cobot_moveit/lib/pkgconfig/alpaka_welding_cobot_moveit.pc'
[2.051s] Level 1:colcon.colcon_core.environment:checking '/home/alpaka-admin/my_alpaka_urdf_ws/install/alpaka_welding_cobot_moveit/lib/python3.10/site-packages'
[2.051s] Level 1:colcon.colcon_core.environment:checking '/home/alpaka-admin/my_alpaka_urdf_ws/install/alpaka_welding_cobot_moveit/bin'
[2.052s] INFO:colcon.colcon_core.shell:Creating package script '/home/alpaka-admin/my_alpaka_urdf_ws/install/alpaka_welding_cobot_moveit/share/alpaka_welding_cobot_moveit/package.ps1'
[2.053s] INFO:colcon.colcon_core.shell:Creating package descriptor '/home/alpaka-admin/my_alpaka_urdf_ws/install/alpaka_welding_cobot_moveit/share/alpaka_welding_cobot_moveit/package.dsv'
[2.055s] INFO:colcon.colcon_core.shell:Creating package script '/home/alpaka-admin/my_alpaka_urdf_ws/install/alpaka_welding_cobot_moveit/share/alpaka_welding_cobot_moveit/package.sh'
[2.057s] INFO:colcon.colcon_core.shell:Creating package script '/home/alpaka-admin/my_alpaka_urdf_ws/install/alpaka_welding_cobot_moveit/share/alpaka_welding_cobot_moveit/package.bash'
[2.059s] INFO:colcon.colcon_core.shell:Creating package script '/home/alpaka-admin/my_alpaka_urdf_ws/install/alpaka_welding_cobot_moveit/share/alpaka_welding_cobot_moveit/package.zsh'
[2.061s] Level 1:colcon.colcon_core.environment:create_file_with_runtime_dependencies(/home/alpaka-admin/my_alpaka_urdf_ws/install/alpaka_welding_cobot_moveit/share/colcon-core/packages/alpaka_welding_cobot_moveit)
[2.062s] DEBUG:colcon.colcon_parallel_executor.executor.parallel:closing loop
[2.062s] DEBUG:colcon.colcon_ros_domain_id_coordinator.shell.ros_domain_id:Released ROS_DOMAIN_ID=18 for '/home/alpaka-admin/my_alpaka_urdf_ws/build/alpaka_welding_cobot_moveit'
[2.063s] DEBUG:colcon.colcon_parallel_executor.executor.parallel:loop closed
[2.063s] DEBUG:colcon.colcon_parallel_executor.executor.parallel:run_until_complete finished with '0'
[2.063s] DEBUG:colcon.colcon_core.event_reactor:joining thread
[2.080s] INFO:colcon.colcon_core.plugin_system:Skipping extension 'colcon_notification.desktop_notification.terminal_notifier': Not used on non-Darwin systems
[2.080s] INFO:colcon.colcon_core.plugin_system:Skipping extension 'colcon_notification.desktop_notification.win32': Not used on non-Windows systems
[2.080s] INFO:colcon.colcon_notification.desktop_notification:Sending desktop notification using 'notify2'
[2.107s] DEBUG:colcon.colcon_core.event_reactor:joined thread
[2.108s] INFO:colcon.colcon_core.shell:Creating prefix script '/home/alpaka-admin/my_alpaka_urdf_ws/install/local_setup.ps1'
[2.111s] INFO:colcon.colcon_core.shell:Creating prefix util module '/home/alpaka-admin/my_alpaka_urdf_ws/install/_local_setup_util_ps1.py'
[2.114s] INFO:colcon.colcon_core.shell:Creating prefix chain script '/home/alpaka-admin/my_alpaka_urdf_ws/install/setup.ps1'
[2.118s] INFO:colcon.colcon_core.shell:Creating prefix script '/home/alpaka-admin/my_alpaka_urdf_ws/install/local_setup.sh'
[2.119s] INFO:colcon.colcon_core.shell:Creating prefix util module '/home/alpaka-admin/my_alpaka_urdf_ws/install/_local_setup_util_sh.py'
[2.120s] INFO:colcon.colcon_core.shell:Creating prefix chain script '/home/alpaka-admin/my_alpaka_urdf_ws/install/setup.sh'
[2.125s] INFO:colcon.colcon_core.shell:Creating prefix script '/home/alpaka-admin/my_alpaka_urdf_ws/install/local_setup.bash'
[2.126s] INFO:colcon.colcon_core.shell:Creating prefix chain script '/home/alpaka-admin/my_alpaka_urdf_ws/install/setup.bash'
[2.131s] INFO:colcon.colcon_core.shell:Creating prefix script '/home/alpaka-admin/my_alpaka_urdf_ws/install/local_setup.zsh'
[2.134s] INFO:colcon.colcon_core.shell:Creating prefix chain script '/home/alpaka-admin/my_alpaka_urdf_ws/install/setup.zsh'
[2.138s] INFO:colcon.colcon_core.shell:Creating '/home/alpaka-admin/my_alpaka_urdf_ws/install/spawn_shell.bash'
