[0.080s] Invoking command in '/home/alpaka-admin/my_alpaka_urdf_ws/build/alpaka_welding_cobot_moveit': CMAKE_PREFIX_PATH=${CMAKE_PREFIX_PATH}:/home/alpaka-admin/my_alpaka_urdf_ws/install/ml_model:/opt/ros/humble ROS_DOMAIN_ID=216 /usr/bin/cmake --build /home/alpaka-admin/my_alpaka_urdf_ws/build/alpaka_welding_cobot_moveit -- -j8 -l8
[0.233s] [35m[1mConsolidate compiler generated dependencies of target alpaka_welding_cobot_moveit[0m
[0.298s] [ 33%] [32mBuilding CXX object CMakeFiles/alpaka_welding_cobot_moveit.dir/src/ml_receiver_node_driver.cpp.o[0m
[20.822s] [ 66%] [32m[1mLinking CXX executable alpaka_welding_cobot_moveit[0m
[21.890s] [100%] Built target alpaka_welding_cobot_moveit
[21.908s] Invoked command in '/home/alpaka-admin/my_alpaka_urdf_ws/build/alpaka_welding_cobot_moveit' returned '0': CMAKE_PREFIX_PATH=${CMAKE_PREFIX_PATH}:/home/alpaka-admin/my_alpaka_urdf_ws/install/ml_model:/opt/ros/humble ROS_DOMAIN_ID=216 /usr/bin/cmake --build /home/alpaka-admin/my_alpaka_urdf_ws/build/alpaka_welding_cobot_moveit -- -j8 -l8
[21.912s] Invoking command in '/home/alpaka-admin/my_alpaka_urdf_ws/build/alpaka_welding_cobot_moveit': CMAKE_PREFIX_PATH=${CMAKE_PREFIX_PATH}:/home/alpaka-admin/my_alpaka_urdf_ws/install/ml_model:/opt/ros/humble ROS_DOMAIN_ID=216 /usr/bin/cmake --install /home/alpaka-admin/my_alpaka_urdf_ws/build/alpaka_welding_cobot_moveit
[21.927s] -- Install configuration: ""
[21.927s] -- Up-to-date: /home/alpaka-admin/my_alpaka_urdf_ws/install/alpaka_welding_cobot_moveit/share/alpaka_welding_cobot_moveit/launch
[21.928s] -- Up-to-date: /home/alpaka-admin/my_alpaka_urdf_ws/install/alpaka_welding_cobot_moveit/share/alpaka_welding_cobot_moveit/launch/alpaka_welding_cobot_moveit.launch.py
[21.928s] -- Installing: /home/alpaka-admin/my_alpaka_urdf_ws/install/alpaka_welding_cobot_moveit/lib/alpaka_welding_cobot_moveit/alpaka_welding_cobot_moveit
[21.935s] -- Set runtime path of "/home/alpaka-admin/my_alpaka_urdf_ws/install/alpaka_welding_cobot_moveit/lib/alpaka_welding_cobot_moveit/alpaka_welding_cobot_moveit" to ""
[21.935s] -- Up-to-date: /home/alpaka-admin/my_alpaka_urdf_ws/install/alpaka_welding_cobot_moveit/share/ament_index/resource_index/package_run_dependencies/alpaka_welding_cobot_moveit
[21.935s] -- Up-to-date: /home/alpaka-admin/my_alpaka_urdf_ws/install/alpaka_welding_cobot_moveit/share/ament_index/resource_index/parent_prefix_path/alpaka_welding_cobot_moveit
[21.936s] -- Up-to-date: /home/alpaka-admin/my_alpaka_urdf_ws/install/alpaka_welding_cobot_moveit/share/alpaka_welding_cobot_moveit/environment/ament_prefix_path.sh
[21.936s] -- Up-to-date: /home/alpaka-admin/my_alpaka_urdf_ws/install/alpaka_welding_cobot_moveit/share/alpaka_welding_cobot_moveit/environment/ament_prefix_path.dsv
[21.937s] -- Up-to-date: /home/alpaka-admin/my_alpaka_urdf_ws/install/alpaka_welding_cobot_moveit/share/alpaka_welding_cobot_moveit/environment/path.sh
[21.937s] -- Up-to-date: /home/alpaka-admin/my_alpaka_urdf_ws/install/alpaka_welding_cobot_moveit/share/alpaka_welding_cobot_moveit/environment/path.dsv
[21.937s] -- Up-to-date: /home/alpaka-admin/my_alpaka_urdf_ws/install/alpaka_welding_cobot_moveit/share/alpaka_welding_cobot_moveit/local_setup.bash
[21.937s] -- Up-to-date: /home/alpaka-admin/my_alpaka_urdf_ws/install/alpaka_welding_cobot_moveit/share/alpaka_welding_cobot_moveit/local_setup.sh
[21.938s] -- Up-to-date: /home/alpaka-admin/my_alpaka_urdf_ws/install/alpaka_welding_cobot_moveit/share/alpaka_welding_cobot_moveit/local_setup.zsh
[21.938s] -- Up-to-date: /home/alpaka-admin/my_alpaka_urdf_ws/install/alpaka_welding_cobot_moveit/share/alpaka_welding_cobot_moveit/local_setup.dsv
[21.938s] -- Installing: /home/alpaka-admin/my_alpaka_urdf_ws/install/alpaka_welding_cobot_moveit/share/alpaka_welding_cobot_moveit/package.dsv
[21.938s] -- Up-to-date: /home/alpaka-admin/my_alpaka_urdf_ws/install/alpaka_welding_cobot_moveit/share/ament_index/resource_index/packages/alpaka_welding_cobot_moveit
[21.938s] -- Up-to-date: /home/alpaka-admin/my_alpaka_urdf_ws/install/alpaka_welding_cobot_moveit/share/alpaka_welding_cobot_moveit/cmake/alpaka_welding_cobot_moveitConfig.cmake
[21.939s] -- Up-to-date: /home/alpaka-admin/my_alpaka_urdf_ws/install/alpaka_welding_cobot_moveit/share/alpaka_welding_cobot_moveit/cmake/alpaka_welding_cobot_moveitConfig-version.cmake
[21.939s] -- Up-to-date: /home/alpaka-admin/my_alpaka_urdf_ws/install/alpaka_welding_cobot_moveit/share/alpaka_welding_cobot_moveit/package.xml
[21.943s] Invoked command in '/home/alpaka-admin/my_alpaka_urdf_ws/build/alpaka_welding_cobot_moveit' returned '0': CMAKE_PREFIX_PATH=${CMAKE_PREFIX_PATH}:/home/alpaka-admin/my_alpaka_urdf_ws/install/ml_model:/opt/ros/humble ROS_DOMAIN_ID=216 /usr/bin/cmake --install /home/alpaka-admin/my_alpaka_urdf_ws/build/alpaka_welding_cobot_moveit
