[0.065s] Invoking command in '/home/alpaka-admin/my_alpaka_urdf_ws/build/realsense2_camera': AMENT_PREFIX_PATH=/home/alpaka-admin/my_alpaka_urdf_ws/install/realsense2_camera_msgs:${AMENT_PREFIX_PATH} CMAKE_PREFIX_PATH=/home/alpaka-admin/my_alpaka_urdf_ws/install/realsense2_camera_msgs:/opt/ros/humble LD_LIBRARY_PATH=/home/alpaka-admin/my_alpaka_urdf_ws/install/realsense2_camera_msgs/lib:${LD_LIBRARY_PATH} PYTHONPATH=/home/alpaka-admin/my_alpaka_urdf_ws/install/realsense2_camera_msgs/local/lib/python3.10/dist-packages:${PYTHONPATH} ROS_DOMAIN_ID=91 /usr/bin/cmake --build /home/alpaka-admin/my_alpaka_urdf_ws/build/realsense2_camera -- -j8 -l8
[0.511s] [ 63%] Built target realsense2_camera
[0.627s] [ 72%] Built target gtest
[0.778s] [ 81%] Built target gtest_main
[0.902s] [ 90%] Built target realsense2_camera_node
[1.065s] [100%] Built target gtest_template
[1.135s] Invoked command in '/home/alpaka-admin/my_alpaka_urdf_ws/build/realsense2_camera' returned '0': AMENT_PREFIX_PATH=/home/alpaka-admin/my_alpaka_urdf_ws/install/realsense2_camera_msgs:${AMENT_PREFIX_PATH} CMAKE_PREFIX_PATH=/home/alpaka-admin/my_alpaka_urdf_ws/install/realsense2_camera_msgs:/opt/ros/humble LD_LIBRARY_PATH=/home/alpaka-admin/my_alpaka_urdf_ws/install/realsense2_camera_msgs/lib:${LD_LIBRARY_PATH} PYTHONPATH=/home/alpaka-admin/my_alpaka_urdf_ws/install/realsense2_camera_msgs/local/lib/python3.10/dist-packages:${PYTHONPATH} ROS_DOMAIN_ID=91 /usr/bin/cmake --build /home/alpaka-admin/my_alpaka_urdf_ws/build/realsense2_camera -- -j8 -l8
[1.140s] Invoking command in '/home/alpaka-admin/my_alpaka_urdf_ws/build/realsense2_camera': AMENT_PREFIX_PATH=/home/alpaka-admin/my_alpaka_urdf_ws/install/realsense2_camera_msgs:${AMENT_PREFIX_PATH} CMAKE_PREFIX_PATH=/home/alpaka-admin/my_alpaka_urdf_ws/install/realsense2_camera_msgs:/opt/ros/humble LD_LIBRARY_PATH=/home/alpaka-admin/my_alpaka_urdf_ws/install/realsense2_camera_msgs/lib:${LD_LIBRARY_PATH} PYTHONPATH=/home/alpaka-admin/my_alpaka_urdf_ws/install/realsense2_camera_msgs/local/lib/python3.10/dist-packages:${PYTHONPATH} ROS_DOMAIN_ID=91 /usr/bin/cmake --install /home/alpaka-admin/my_alpaka_urdf_ws/build/realsense2_camera
[1.187s] -- Install configuration: "Release"
[1.187s] -- Up-to-date: /home/alpaka-admin/my_alpaka_urdf_ws/install/realsense2_camera/lib/realsense2_camera/realsense2_camera_node
[1.188s] -- Up-to-date: /home/alpaka-admin/my_alpaka_urdf_ws/install/realsense2_camera/lib/librealsense2_camera.so
[1.188s] -- Up-to-date: /home/alpaka-admin/my_alpaka_urdf_ws/install/realsense2_camera/include
[1.188s] -- Up-to-date: /home/alpaka-admin/my_alpaka_urdf_ws/install/realsense2_camera/include/gl_window.h
[1.189s] -- Up-to-date: /home/alpaka-admin/my_alpaka_urdf_ws/install/realsense2_camera/include/image_publisher.h
[1.189s] -- Up-to-date: /home/alpaka-admin/my_alpaka_urdf_ws/install/realsense2_camera/include/ros_utils.h
[1.189s] -- Up-to-date: /home/alpaka-admin/my_alpaka_urdf_ws/install/realsense2_camera/include/named_filter.h
[1.189s] -- Up-to-date: /home/alpaka-admin/my_alpaka_urdf_ws/install/realsense2_camera/include/sensor_params.h
[1.189s] -- Up-to-date: /home/alpaka-admin/my_alpaka_urdf_ws/install/realsense2_camera/include/profile_manager.h
[1.190s] -- Up-to-date: /home/alpaka-admin/my_alpaka_urdf_ws/install/realsense2_camera/include/dynamic_params.h
[1.192s] -- Up-to-date: /home/alpaka-admin/my_alpaka_urdf_ws/install/realsense2_camera/include/ros_param_backend.h
[1.192s] -- Up-to-date: /home/alpaka-admin/my_alpaka_urdf_ws/install/realsense2_camera/include/ros_sensor.h
[1.193s] -- Up-to-date: /home/alpaka-admin/my_alpaka_urdf_ws/install/realsense2_camera/include/realsense_node_factory.h
[1.193s] -- Up-to-date: /home/alpaka-admin/my_alpaka_urdf_ws/install/realsense2_camera/include/base_realsense_node.h
[1.193s] -- Up-to-date: /home/alpaka-admin/my_alpaka_urdf_ws/install/realsense2_camera/include/constants.h
[1.193s] -- Up-to-date: /home/alpaka-admin/my_alpaka_urdf_ws/install/realsense2_camera/share/realsense2_camera/launch
[1.195s] -- Up-to-date: /home/alpaka-admin/my_alpaka_urdf_ws/install/realsense2_camera/share/realsense2_camera/launch/rs_launch.py
[1.196s] -- Up-to-date: /home/alpaka-admin/my_alpaka_urdf_ws/install/realsense2_camera/share/realsense2_camera/launch/rs_intra_process_demo_launch.py
[1.196s] -- Up-to-date: /home/alpaka-admin/my_alpaka_urdf_ws/install/realsense2_camera/share/realsense2_camera/launch/rs_multi_camera_launch.py
[1.196s] -- Up-to-date: /home/alpaka-admin/my_alpaka_urdf_ws/install/realsense2_camera/share/realsense2_camera/launch/default.rviz
[1.196s] -- Up-to-date: /home/alpaka-admin/my_alpaka_urdf_ws/install/realsense2_camera/share/realsense2_camera/examples
[1.197s] -- Up-to-date: /home/alpaka-admin/my_alpaka_urdf_ws/install/realsense2_camera/share/realsense2_camera/examples/pointcloud
[1.197s] -- Up-to-date: /home/alpaka-admin/my_alpaka_urdf_ws/install/realsense2_camera/share/realsense2_camera/examples/pointcloud/rviz
[1.209s] -- Up-to-date: /home/alpaka-admin/my_alpaka_urdf_ws/install/realsense2_camera/share/realsense2_camera/examples/pointcloud/rviz/urdf_pointcloud.rviz
[1.210s] -- Up-to-date: /home/alpaka-admin/my_alpaka_urdf_ws/install/realsense2_camera/share/realsense2_camera/examples/pointcloud/rviz/pointcloud.rviz
[1.210s] -- Up-to-date: /home/alpaka-admin/my_alpaka_urdf_ws/install/realsense2_camera/share/realsense2_camera/examples/pointcloud/README.md
[1.210s] -- Up-to-date: /home/alpaka-admin/my_alpaka_urdf_ws/install/realsense2_camera/share/realsense2_camera/examples/pointcloud/rs_d405_pointcloud_launch.py
[1.210s] -- Up-to-date: /home/alpaka-admin/my_alpaka_urdf_ws/install/realsense2_camera/share/realsense2_camera/examples/pointcloud/rs_d455_pointcloud_launch.py
[1.211s] -- Up-to-date: /home/alpaka-admin/my_alpaka_urdf_ws/install/realsense2_camera/share/realsense2_camera/examples/pointcloud/rs_pointcloud_launch.py
[1.211s] -- Up-to-date: /home/alpaka-admin/my_alpaka_urdf_ws/install/realsense2_camera/share/realsense2_camera/examples/dual_camera
[1.211s] -- Up-to-date: /home/alpaka-admin/my_alpaka_urdf_ws/install/realsense2_camera/share/realsense2_camera/examples/dual_camera/rviz
[1.212s] -- Up-to-date: /home/alpaka-admin/my_alpaka_urdf_ws/install/realsense2_camera/share/realsense2_camera/examples/dual_camera/rviz/dual_camera_pointcloud.rviz
[1.212s] -- Up-to-date: /home/alpaka-admin/my_alpaka_urdf_ws/install/realsense2_camera/share/realsense2_camera/examples/dual_camera/README.md
[1.216s] -- Up-to-date: /home/alpaka-admin/my_alpaka_urdf_ws/install/realsense2_camera/share/realsense2_camera/examples/dual_camera/rs_dual_camera_launch.py
[1.219s] -- Up-to-date: /home/alpaka-admin/my_alpaka_urdf_ws/install/realsense2_camera/share/realsense2_camera/examples/launch_from_rosbag
[1.220s] -- Up-to-date: /home/alpaka-admin/my_alpaka_urdf_ws/install/realsense2_camera/share/realsense2_camera/examples/launch_from_rosbag/rs_launch_from_rosbag.py
[1.220s] -- Up-to-date: /home/alpaka-admin/my_alpaka_urdf_ws/install/realsense2_camera/share/realsense2_camera/examples/launch_from_rosbag/README.md
[1.222s] -- Up-to-date: /home/alpaka-admin/my_alpaka_urdf_ws/install/realsense2_camera/share/realsense2_camera/examples/align_depth
[1.222s] -- Up-to-date: /home/alpaka-admin/my_alpaka_urdf_ws/install/realsense2_camera/share/realsense2_camera/examples/align_depth/README.md
[1.223s] -- Up-to-date: /home/alpaka-admin/my_alpaka_urdf_ws/install/realsense2_camera/share/realsense2_camera/examples/align_depth/rs_align_depth_launch.py
[1.228s] -- Up-to-date: /home/alpaka-admin/my_alpaka_urdf_ws/install/realsense2_camera/share/realsense2_camera/examples/launch_params_from_file
[1.228s] -- Up-to-date: /home/alpaka-admin/my_alpaka_urdf_ws/install/realsense2_camera/share/realsense2_camera/examples/launch_params_from_file/rs_launch_get_params_from_yaml.py
[1.228s] -- Up-to-date: /home/alpaka-admin/my_alpaka_urdf_ws/install/realsense2_camera/share/realsense2_camera/examples/launch_params_from_file/config
[1.228s] -- Up-to-date: /home/alpaka-admin/my_alpaka_urdf_ws/install/realsense2_camera/share/realsense2_camera/examples/launch_params_from_file/config/config.yaml
[1.229s] -- Up-to-date: /home/alpaka-admin/my_alpaka_urdf_ws/install/realsense2_camera/share/realsense2_camera/examples/launch_params_from_file/README.md
[1.229s] -- Up-to-date: /home/alpaka-admin/my_alpaka_urdf_ws/install/realsense2_camera/share/realsense2_camera/environment/library_path.sh
[1.229s] -- Up-to-date: /home/alpaka-admin/my_alpaka_urdf_ws/install/realsense2_camera/share/realsense2_camera/environment/library_path.dsv
[1.229s] -- Up-to-date: /home/alpaka-admin/my_alpaka_urdf_ws/install/realsense2_camera/share/ament_index/resource_index/package_run_dependencies/realsense2_camera
[1.229s] -- Up-to-date: /home/alpaka-admin/my_alpaka_urdf_ws/install/realsense2_camera/share/ament_index/resource_index/parent_prefix_path/realsense2_camera
[1.229s] -- Up-to-date: /home/alpaka-admin/my_alpaka_urdf_ws/install/realsense2_camera/share/realsense2_camera/environment/ament_prefix_path.sh
[1.230s] -- Up-to-date: /home/alpaka-admin/my_alpaka_urdf_ws/install/realsense2_camera/share/realsense2_camera/environment/ament_prefix_path.dsv
[1.230s] -- Up-to-date: /home/alpaka-admin/my_alpaka_urdf_ws/install/realsense2_camera/share/realsense2_camera/environment/path.sh
[1.230s] -- Up-to-date: /home/alpaka-admin/my_alpaka_urdf_ws/install/realsense2_camera/share/realsense2_camera/environment/path.dsv
[1.230s] -- Up-to-date: /home/alpaka-admin/my_alpaka_urdf_ws/install/realsense2_camera/share/realsense2_camera/local_setup.bash
[1.230s] -- Up-to-date: /home/alpaka-admin/my_alpaka_urdf_ws/install/realsense2_camera/share/realsense2_camera/local_setup.sh
[1.231s] -- Up-to-date: /home/alpaka-admin/my_alpaka_urdf_ws/install/realsense2_camera/share/realsense2_camera/local_setup.zsh
[1.236s] -- Up-to-date: /home/alpaka-admin/my_alpaka_urdf_ws/install/realsense2_camera/share/realsense2_camera/local_setup.dsv
[1.236s] -- Installing: /home/alpaka-admin/my_alpaka_urdf_ws/install/realsense2_camera/share/realsense2_camera/package.dsv
[1.236s] -- Up-to-date: /home/alpaka-admin/my_alpaka_urdf_ws/install/realsense2_camera/share/ament_index/resource_index/packages/realsense2_camera
[1.237s] -- Up-to-date: /home/alpaka-admin/my_alpaka_urdf_ws/install/realsense2_camera/share/ament_index/resource_index/rclcpp_components/realsense2_camera
[1.237s] -- Up-to-date: /home/alpaka-admin/my_alpaka_urdf_ws/install/realsense2_camera/share/realsense2_camera/cmake/ament_cmake_export_include_directories-extras.cmake
[1.238s] -- Up-to-date: /home/alpaka-admin/my_alpaka_urdf_ws/install/realsense2_camera/share/realsense2_camera/cmake/ament_cmake_export_libraries-extras.cmake
[1.238s] -- Up-to-date: /home/alpaka-admin/my_alpaka_urdf_ws/install/realsense2_camera/share/realsense2_camera/cmake/ament_cmake_export_dependencies-extras.cmake
[1.240s] -- Up-to-date: /home/alpaka-admin/my_alpaka_urdf_ws/install/realsense2_camera/share/realsense2_camera/cmake/realsense2_cameraConfig.cmake
[1.240s] -- Up-to-date: /home/alpaka-admin/my_alpaka_urdf_ws/install/realsense2_camera/share/realsense2_camera/cmake/realsense2_cameraConfig-version.cmake
[1.242s] -- Up-to-date: /home/alpaka-admin/my_alpaka_urdf_ws/install/realsense2_camera/share/realsense2_camera/package.xml
[1.245s] Invoked command in '/home/alpaka-admin/my_alpaka_urdf_ws/build/realsense2_camera' returned '0': AMENT_PREFIX_PATH=/home/alpaka-admin/my_alpaka_urdf_ws/install/realsense2_camera_msgs:${AMENT_PREFIX_PATH} CMAKE_PREFIX_PATH=/home/alpaka-admin/my_alpaka_urdf_ws/install/realsense2_camera_msgs:/opt/ros/humble LD_LIBRARY_PATH=/home/alpaka-admin/my_alpaka_urdf_ws/install/realsense2_camera_msgs/lib:${LD_LIBRARY_PATH} PYTHONPATH=/home/alpaka-admin/my_alpaka_urdf_ws/install/realsense2_camera_msgs/local/lib/python3.10/dist-packages:${PYTHONPATH} ROS_DOMAIN_ID=91 /usr/bin/cmake --install /home/alpaka-admin/my_alpaka_urdf_ws/build/realsense2_camera
