[0.030s] Invoking command in '/home/alpaka-admin/my_alpaka_urdf_ws/build/realsense2_camera': AMENT_PREFIX_PATH=/home/alpaka-admin/my_alpaka_urdf_ws/install/realsense2_camera_msgs:${AMENT_PREFIX_PATH} CMAKE_PREFIX_PATH=/home/alpaka-admin/my_alpaka_urdf_ws/install/realsense2_camera_msgs:/home/alpaka-admin/ws_moveit2/install/pilz_industrial_motion_planner_testutils:/home/alpaka-admin/ws_moveit2/install/moveit_runtime:/home/alpaka-admin/ws_moveit2/install/moveit2_tutorials:/home/alpaka-admin/ws_moveit2/install/moveit:/home/alpaka-admin/ws_moveit2/install/moveit_planners:/home/alpaka-admin/ws_moveit2/install/pilz_industrial_motion_planner:/home/alpaka-admin/ws_moveit2/install/moveit_visual_tools:/home/alpaka-admin/ws_moveit2/install/moveit_task_constructor_visualization:/home/alpaka-admin/ws_moveit2/install/moveit_task_constructor_demo:/home/alpaka-admin/ws_moveit2/install/moveit_task_constructor_capabilities:/home/alpaka-admin/ws_moveit2/install/moveit_task_constructor_core:/home/alpaka-admin/ws_moveit2/install/moveit_ros_control_interface:/home/alpaka-admin/ws_moveit2/install/moveit_plugins:/home/alpaka-admin/ws_moveit2/install/moveit_simple_controller_manager:/home/alpaka-admin/ws_moveit2/install/moveit_setup_assistant:/home/alpaka-admin/ws_moveit2/install/moveit_setup_srdf_plugins:/home/alpaka-admin/ws_moveit2/install/moveit_setup_core_plugins:/home/alpaka-admin/ws_moveit2/install/moveit_setup_controllers:/home/alpaka-admin/ws_moveit2/install/moveit_setup_app_plugins:/home/alpaka-admin/ws_moveit2/install/moveit_setup_framework:/home/alpaka-admin/ws_moveit2/install/moveit_servo:/home/alpaka-admin/ws_moveit2/install/moveit_ros:/home/alpaka-admin/ws_moveit2/install/moveit_ros_visualization:/home/alpaka-admin/ws_moveit2/install/moveit_hybrid_planning:/home/alpaka-admin/ws_moveit2/install/moveit_ros_planning_interface:/home/alpaka-admin/ws_moveit2/install/moveit_ros_benchmarks:/home/alpaka-admin/ws_moveit2/install/moveit_ros_warehouse:/home/alpaka-admin/ws_moveit2/install/moveit_ros_robot_interaction:/home/alpaka-admin/ws_moveit2/install/moveit_ros_perception:/home/alpaka-admin/ws_moveit2/install/moveit_resources_prbt_pg70_support:/home/alpaka-admin/ws_moveit2/install/moveit_resources_prbt_moveit_config:/home/alpaka-admin/ws_moveit2/install/moveit_ros_move_group:/home/alpaka-admin/ws_moveit2/install/moveit_planners_ompl:/home/alpaka-admin/ws_moveit2/install/moveit_ros_planning:/home/alpaka-admin/ws_moveit2/install/moveit_ros_occupancy_map_monitor:/home/alpaka-admin/ws_moveit2/install/moveit_resources_prbt_ikfast_manipulator_plugin:/home/alpaka-admin/ws_moveit2/install/moveit_planners_chomp:/home/alpaka-admin/ws_moveit2/install/moveit_kinematics:/home/alpaka-admin/ws_moveit2/install/moveit_chomp_optimizer_adapter:/home/alpaka-admin/ws_moveit2/install/chomp_motion_planner:/home/alpaka-admin/ws_moveit2/install/moveit_core:/home/alpaka-admin/ws_moveit2/install/srdfdom:/home/alpaka-admin/ws_moveit2/install/rviz_marker_tools:/home/alpaka-admin/ws_moveit2/install/rosparam_shortcuts:/home/alpaka-admin/ws_moveit2/install/moveit_task_constructor_msgs:/home/alpaka-admin/ws_moveit2/install/moveit_resources_prbt_support:/home/alpaka-admin/ws_moveit2/install/moveit_resources:/home/alpaka-admin/ws_moveit2/install/moveit_resources_pr2_description:/home/alpaka-admin/ws_moveit2/install/moveit_resources_panda_moveit_config:/home/alpaka-admin/ws_moveit2/install/moveit_resources_panda_description:/home/alpaka-admin/ws_moveit2/install/moveit_resources_fanuc_moveit_config:/home/alpaka-admin/ws_moveit2/install/moveit_resources_fanuc_description:/home/alpaka-admin/ws_moveit2/install/moveit_common:/home/alpaka-admin/ws_moveit2/install/moveit_configs_utils:/home/alpaka-admin/ws_moveit2/install/launch_param_builder:/opt/ros/humble LD_LIBRARY_PATH=/home/alpaka-admin/my_alpaka_urdf_ws/install/realsense2_camera_msgs/lib:${LD_LIBRARY_PATH} PYTHONPATH=/home/alpaka-admin/my_alpaka_urdf_ws/install/realsense2_camera_msgs/local/lib/python3.10/dist-packages:${PYTHONPATH} ROS_DOMAIN_ID=55 /usr/bin/cmake /home/alpaka-admin/my_alpaka_urdf_ws/src/realsense-ros/realsense2_camera -DCMAKE_INSTALL_PREFIX=/home/alpaka-admin/my_alpaka_urdf_ws/install/realsense2_camera
[0.114s] -- The C compiler identification is GNU 11.4.0
[0.188s] -- The CXX compiler identification is GNU 11.4.0
[0.199s] -- Detecting C compiler ABI info
[0.301s] -- Detecting C compiler ABI info - done
[0.308s] -- Check for working C compiler: /usr/bin/cc - skipped
[0.308s] -- Detecting C compile features
[0.309s] -- Detecting C compile features - done
[0.312s] -- Detecting CXX compiler ABI info
[0.424s] -- Detecting CXX compiler ABI info - done
[0.439s] -- Check for working CXX compiler: /usr/bin/c++ - skipped
[0.439s] -- Detecting CXX compile features
[0.440s] -- Detecting CXX compile features - done
[0.441s] -- Create Release Build.
[0.454s] -- Found ament_cmake: 1.3.11 (/opt/ros/humble/share/ament_cmake/cmake)
[0.661s] -- Found Python3: /usr/bin/python3 (found version "3.10.12") found components: Interpreter 
[0.915s] -- Found builtin_interfaces: 1.2.1 (/opt/ros/humble/share/builtin_interfaces/cmake)
[1.027s] -- Found rosidl_generator_c: 3.1.6 (/opt/ros/humble/share/rosidl_generator_c/cmake)
[1.048s] -- Found rosidl_adapter: 3.1.6 (/opt/ros/humble/share/rosidl_adapter/cmake)
[1.073s] -- Found rosidl_generator_cpp: 3.1.6 (/opt/ros/humble/share/rosidl_generator_cpp/cmake)
[1.103s] -- Using all available rosidl_typesupport_c: rosidl_typesupport_fastrtps_c;rosidl_typesupport_introspection_c
[1.149s] -- Using all available rosidl_typesupport_cpp: rosidl_typesupport_fastrtps_cpp;rosidl_typesupport_introspection_cpp
[1.191s] -- Found cv_bridge: 3.2.1 (/opt/ros/humble/share/cv_bridge/cmake)
[1.306s] -- Found image_transport: 3.1.10 (/opt/ros/humble/share/image_transport/cmake)
[1.443s] -- Found rmw_implementation_cmake: 6.1.2 (/opt/ros/humble/share/rmw_implementation_cmake/cmake)
[1.455s] -- Found rmw_fastrtps_cpp: 6.2.7 (/opt/ros/humble/share/rmw_fastrtps_cpp/cmake)
[1.635s] -- Found OpenSSL: /usr/lib/x86_64-linux-gnu/libcrypto.so (found version "3.0.2")  
[1.677s] -- Found FastRTPS: /opt/ros/humble/include  
[1.742s] -- Using RMW implementation 'rmw_fastrtps_cpp' as default
[1.774s] -- Looking for pthread.h
[1.878s] -- Looking for pthread.h - found
[1.878s] -- Performing Test CMAKE_HAVE_LIBC_PTHREAD
[2.003s] -- Performing Test CMAKE_HAVE_LIBC_PTHREAD - Success
[2.004s] -- Found Threads: TRUE  
[2.144s] -- Found rclcpp_components: 16.0.11 (/opt/ros/humble/share/rclcpp_components/cmake)
[2.169s] -- Found realsense2_camera_msgs: 4.55.1 (/home/alpaka-admin/my_alpaka_urdf_ws/install/realsense2_camera_msgs/share/realsense2_camera_msgs/cmake)
[2.196s] -- Found nav_msgs: 4.2.4 (/opt/ros/humble/share/nav_msgs/cmake)
[2.224s] -- Found tf2_ros: 0.25.12 (/opt/ros/humble/share/tf2_ros/cmake)
[2.347s] -- Found diagnostic_updater: 4.0.2 (/opt/ros/humble/share/diagnostic_updater/cmake)
[2.386s] -- Found OpenCV: /usr (found version "4.5.4") found components: core 
[2.394s] -- Build for ROS2 Humble
[2.426s] -- Found ament_cmake_gtest: 1.3.11 (/opt/ros/humble/share/ament_cmake_gtest/cmake)
[2.435s] -- Found gtest sources under '/opt/ros/humble/src/gtest_vendor': C++ tests using 'Google Test' will be built
[2.450s] -- Found ament_cmake_pytest: 1.3.11 (/opt/ros/humble/share/ament_cmake_pytest/cmake)
[5.954s] -- rs_device_info:
[5.954s] -- Device Name                   Serial Number       Firmware Version
[5.955s] Intel RealSense D435I         332522070514        5.16.0.1
[5.955s] 
[5.955s] -- D455 device found
[8.592s] -- Configuring done
[8.623s] -- Generating done
[8.631s] -- Build files have been written to: /home/alpaka-admin/my_alpaka_urdf_ws/build/realsense2_camera
[8.645s] Invoked command in '/home/alpaka-admin/my_alpaka_urdf_ws/build/realsense2_camera' returned '0': AMENT_PREFIX_PATH=/home/alpaka-admin/my_alpaka_urdf_ws/install/realsense2_camera_msgs:${AMENT_PREFIX_PATH} CMAKE_PREFIX_PATH=/home/alpaka-admin/my_alpaka_urdf_ws/install/realsense2_camera_msgs:/home/alpaka-admin/ws_moveit2/install/pilz_industrial_motion_planner_testutils:/home/alpaka-admin/ws_moveit2/install/moveit_runtime:/home/alpaka-admin/ws_moveit2/install/moveit2_tutorials:/home/alpaka-admin/ws_moveit2/install/moveit:/home/alpaka-admin/ws_moveit2/install/moveit_planners:/home/alpaka-admin/ws_moveit2/install/pilz_industrial_motion_planner:/home/alpaka-admin/ws_moveit2/install/moveit_visual_tools:/home/alpaka-admin/ws_moveit2/install/moveit_task_constructor_visualization:/home/alpaka-admin/ws_moveit2/install/moveit_task_constructor_demo:/home/alpaka-admin/ws_moveit2/install/moveit_task_constructor_capabilities:/home/alpaka-admin/ws_moveit2/install/moveit_task_constructor_core:/home/alpaka-admin/ws_moveit2/install/moveit_ros_control_interface:/home/alpaka-admin/ws_moveit2/install/moveit_plugins:/home/alpaka-admin/ws_moveit2/install/moveit_simple_controller_manager:/home/alpaka-admin/ws_moveit2/install/moveit_setup_assistant:/home/alpaka-admin/ws_moveit2/install/moveit_setup_srdf_plugins:/home/alpaka-admin/ws_moveit2/install/moveit_setup_core_plugins:/home/alpaka-admin/ws_moveit2/install/moveit_setup_controllers:/home/alpaka-admin/ws_moveit2/install/moveit_setup_app_plugins:/home/alpaka-admin/ws_moveit2/install/moveit_setup_framework:/home/alpaka-admin/ws_moveit2/install/moveit_servo:/home/alpaka-admin/ws_moveit2/install/moveit_ros:/home/alpaka-admin/ws_moveit2/install/moveit_ros_visualization:/home/alpaka-admin/ws_moveit2/install/moveit_hybrid_planning:/home/alpaka-admin/ws_moveit2/install/moveit_ros_planning_interface:/home/alpaka-admin/ws_moveit2/install/moveit_ros_benchmarks:/home/alpaka-admin/ws_moveit2/install/moveit_ros_warehouse:/home/alpaka-admin/ws_moveit2/install/moveit_ros_robot_interaction:/home/alpaka-admin/ws_moveit2/install/moveit_ros_perception:/home/alpaka-admin/ws_moveit2/install/moveit_resources_prbt_pg70_support:/home/alpaka-admin/ws_moveit2/install/moveit_resources_prbt_moveit_config:/home/alpaka-admin/ws_moveit2/install/moveit_ros_move_group:/home/alpaka-admin/ws_moveit2/install/moveit_planners_ompl:/home/alpaka-admin/ws_moveit2/install/moveit_ros_planning:/home/alpaka-admin/ws_moveit2/install/moveit_ros_occupancy_map_monitor:/home/alpaka-admin/ws_moveit2/install/moveit_resources_prbt_ikfast_manipulator_plugin:/home/alpaka-admin/ws_moveit2/install/moveit_planners_chomp:/home/alpaka-admin/ws_moveit2/install/moveit_kinematics:/home/alpaka-admin/ws_moveit2/install/moveit_chomp_optimizer_adapter:/home/alpaka-admin/ws_moveit2/install/chomp_motion_planner:/home/alpaka-admin/ws_moveit2/install/moveit_core:/home/alpaka-admin/ws_moveit2/install/srdfdom:/home/alpaka-admin/ws_moveit2/install/rviz_marker_tools:/home/alpaka-admin/ws_moveit2/install/rosparam_shortcuts:/home/alpaka-admin/ws_moveit2/install/moveit_task_constructor_msgs:/home/alpaka-admin/ws_moveit2/install/moveit_resources_prbt_support:/home/alpaka-admin/ws_moveit2/install/moveit_resources:/home/alpaka-admin/ws_moveit2/install/moveit_resources_pr2_description:/home/alpaka-admin/ws_moveit2/install/moveit_resources_panda_moveit_config:/home/alpaka-admin/ws_moveit2/install/moveit_resources_panda_description:/home/alpaka-admin/ws_moveit2/install/moveit_resources_fanuc_moveit_config:/home/alpaka-admin/ws_moveit2/install/moveit_resources_fanuc_description:/home/alpaka-admin/ws_moveit2/install/moveit_common:/home/alpaka-admin/ws_moveit2/install/moveit_configs_utils:/home/alpaka-admin/ws_moveit2/install/launch_param_builder:/opt/ros/humble LD_LIBRARY_PATH=/home/alpaka-admin/my_alpaka_urdf_ws/install/realsense2_camera_msgs/lib:${LD_LIBRARY_PATH} PYTHONPATH=/home/alpaka-admin/my_alpaka_urdf_ws/install/realsense2_camera_msgs/local/lib/python3.10/dist-packages:${PYTHONPATH} ROS_DOMAIN_ID=55 /usr/bin/cmake /home/alpaka-admin/my_alpaka_urdf_ws/src/realsense-ros/realsense2_camera -DCMAKE_INSTALL_PREFIX=/home/alpaka-admin/my_alpaka_urdf_ws/install/realsense2_camera
[8.646s] Invoking command in '/home/alpaka-admin/my_alpaka_urdf_ws/build/realsense2_camera': AMENT_PREFIX_PATH=/home/alpaka-admin/my_alpaka_urdf_ws/install/realsense2_camera_msgs:${AMENT_PREFIX_PATH} CMAKE_PREFIX_PATH=/home/alpaka-admin/my_alpaka_urdf_ws/install/realsense2_camera_msgs:/home/alpaka-admin/ws_moveit2/install/pilz_industrial_motion_planner_testutils:/home/alpaka-admin/ws_moveit2/install/moveit_runtime:/home/alpaka-admin/ws_moveit2/install/moveit2_tutorials:/home/alpaka-admin/ws_moveit2/install/moveit:/home/alpaka-admin/ws_moveit2/install/moveit_planners:/home/alpaka-admin/ws_moveit2/install/pilz_industrial_motion_planner:/home/alpaka-admin/ws_moveit2/install/moveit_visual_tools:/home/alpaka-admin/ws_moveit2/install/moveit_task_constructor_visualization:/home/alpaka-admin/ws_moveit2/install/moveit_task_constructor_demo:/home/alpaka-admin/ws_moveit2/install/moveit_task_constructor_capabilities:/home/alpaka-admin/ws_moveit2/install/moveit_task_constructor_core:/home/alpaka-admin/ws_moveit2/install/moveit_ros_control_interface:/home/alpaka-admin/ws_moveit2/install/moveit_plugins:/home/alpaka-admin/ws_moveit2/install/moveit_simple_controller_manager:/home/alpaka-admin/ws_moveit2/install/moveit_setup_assistant:/home/alpaka-admin/ws_moveit2/install/moveit_setup_srdf_plugins:/home/alpaka-admin/ws_moveit2/install/moveit_setup_core_plugins:/home/alpaka-admin/ws_moveit2/install/moveit_setup_controllers:/home/alpaka-admin/ws_moveit2/install/moveit_setup_app_plugins:/home/alpaka-admin/ws_moveit2/install/moveit_setup_framework:/home/alpaka-admin/ws_moveit2/install/moveit_servo:/home/alpaka-admin/ws_moveit2/install/moveit_ros:/home/alpaka-admin/ws_moveit2/install/moveit_ros_visualization:/home/alpaka-admin/ws_moveit2/install/moveit_hybrid_planning:/home/alpaka-admin/ws_moveit2/install/moveit_ros_planning_interface:/home/alpaka-admin/ws_moveit2/install/moveit_ros_benchmarks:/home/alpaka-admin/ws_moveit2/install/moveit_ros_warehouse:/home/alpaka-admin/ws_moveit2/install/moveit_ros_robot_interaction:/home/alpaka-admin/ws_moveit2/install/moveit_ros_perception:/home/alpaka-admin/ws_moveit2/install/moveit_resources_prbt_pg70_support:/home/alpaka-admin/ws_moveit2/install/moveit_resources_prbt_moveit_config:/home/alpaka-admin/ws_moveit2/install/moveit_ros_move_group:/home/alpaka-admin/ws_moveit2/install/moveit_planners_ompl:/home/alpaka-admin/ws_moveit2/install/moveit_ros_planning:/home/alpaka-admin/ws_moveit2/install/moveit_ros_occupancy_map_monitor:/home/alpaka-admin/ws_moveit2/install/moveit_resources_prbt_ikfast_manipulator_plugin:/home/alpaka-admin/ws_moveit2/install/moveit_planners_chomp:/home/alpaka-admin/ws_moveit2/install/moveit_kinematics:/home/alpaka-admin/ws_moveit2/install/moveit_chomp_optimizer_adapter:/home/alpaka-admin/ws_moveit2/install/chomp_motion_planner:/home/alpaka-admin/ws_moveit2/install/moveit_core:/home/alpaka-admin/ws_moveit2/install/srdfdom:/home/alpaka-admin/ws_moveit2/install/rviz_marker_tools:/home/alpaka-admin/ws_moveit2/install/rosparam_shortcuts:/home/alpaka-admin/ws_moveit2/install/moveit_task_constructor_msgs:/home/alpaka-admin/ws_moveit2/install/moveit_resources_prbt_support:/home/alpaka-admin/ws_moveit2/install/moveit_resources:/home/alpaka-admin/ws_moveit2/install/moveit_resources_pr2_description:/home/alpaka-admin/ws_moveit2/install/moveit_resources_panda_moveit_config:/home/alpaka-admin/ws_moveit2/install/moveit_resources_panda_description:/home/alpaka-admin/ws_moveit2/install/moveit_resources_fanuc_moveit_config:/home/alpaka-admin/ws_moveit2/install/moveit_resources_fanuc_description:/home/alpaka-admin/ws_moveit2/install/moveit_common:/home/alpaka-admin/ws_moveit2/install/moveit_configs_utils:/home/alpaka-admin/ws_moveit2/install/launch_param_builder:/opt/ros/humble LD_LIBRARY_PATH=/home/alpaka-admin/my_alpaka_urdf_ws/install/realsense2_camera_msgs/lib:${LD_LIBRARY_PATH} PYTHONPATH=/home/alpaka-admin/my_alpaka_urdf_ws/install/realsense2_camera_msgs/local/lib/python3.10/dist-packages:${PYTHONPATH} ROS_DOMAIN_ID=55 /usr/bin/cmake --build /home/alpaka-admin/my_alpaka_urdf_ws/build/realsense2_camera -- -j8 -l8
[8.734s] [  4%] [32mBuilding CXX object gtest/CMakeFiles/gtest_main.dir/src/gtest_main.cc.o[0m
[8.734s] [  9%] [32mBuilding CXX object CMakeFiles/realsense2_camera_node.dir/rclcpp_components/node_main_realsense2_camera_node.cpp.o[0m
[8.746s] [ 13%] [32mBuilding CXX object CMakeFiles/realsense2_camera.dir/src/rs_node_setup.cpp.o[0m
[8.747s] [ 18%] [32mBuilding CXX object CMakeFiles/realsense2_camera.dir/src/realsense_node_factory.cpp.o[0m
[8.748s] [ 22%] [32mBuilding CXX object gtest/CMakeFiles/gtest.dir/src/gtest-all.cc.o[0m
[8.751s] [ 27%] [32mBuilding CXX object CMakeFiles/realsense2_camera.dir/src/parameters.cpp.o[0m
[8.754s] [ 36%] [32mBuilding CXX object CMakeFiles/realsense2_camera.dir/src/base_realsense_node.cpp.o[0m
[8.754s] [ 36%] [32mBuilding CXX object CMakeFiles/realsense2_camera.dir/src/ros_sensor.cpp.o[0m
[10.009s] [ 40%] [32m[1mLinking CXX static library libgtest_main.a[0m
[10.159s] [ 40%] Built target gtest_main
[10.199s] [ 45%] [32mBuilding CXX object CMakeFiles/realsense2_camera.dir/src/ros_utils.cpp.o[0m
[15.309s] [ 50%] [32m[1mLinking CXX executable realsense2_camera_node[0m
[15.600s] [ 50%] Built target realsense2_camera_node
[15.623s] [ 54%] [32mBuilding CXX object CMakeFiles/realsense2_camera.dir/src/dynamic_params.cpp.o[0m
[16.837s] [ 59%] [32mBuilding CXX object CMakeFiles/realsense2_camera.dir/src/sensor_params.cpp.o[0m
[20.650s] [ 63%] [32mBuilding CXX object CMakeFiles/realsense2_camera.dir/src/named_filter.cpp.o[0m
[21.485s] [ 68%] [32m[1mLinking CXX static library libgtest.a[0m
[21.585s] [ 68%] Built target gtest
[21.610s] [ 72%] [32mBuilding CXX object CMakeFiles/realsense2_camera.dir/src/profile_manager.cpp.o[0m
[22.516s] [ 77%] [32mBuilding CXX object CMakeFiles/realsense2_camera.dir/src/image_publisher.cpp.o[0m
[25.272s] [ 81%] [32mBuilding CXX object CMakeFiles/gtest_template.dir/test/gtest_template.cpp.o[0m
[25.873s] [ 86%] [32mBuilding CXX object CMakeFiles/realsense2_camera.dir/src/tfs.cpp.o[0m
[26.580s] [ 90%] [32m[1mLinking CXX executable gtest_template[0m
[26.787s] [ 90%] Built target gtest_template
[26.814s] [ 95%] [32mBuilding CXX object CMakeFiles/realsense2_camera.dir/src/ros_param_backend.cpp.o[0m
[35.628s] [100%] [32m[1mLinking CXX shared library librealsense2_camera.so[0m
[36.045s] [100%] Built target realsense2_camera
[36.061s] Invoked command in '/home/alpaka-admin/my_alpaka_urdf_ws/build/realsense2_camera' returned '0': AMENT_PREFIX_PATH=/home/alpaka-admin/my_alpaka_urdf_ws/install/realsense2_camera_msgs:${AMENT_PREFIX_PATH} CMAKE_PREFIX_PATH=/home/alpaka-admin/my_alpaka_urdf_ws/install/realsense2_camera_msgs:/home/alpaka-admin/ws_moveit2/install/pilz_industrial_motion_planner_testutils:/home/alpaka-admin/ws_moveit2/install/moveit_runtime:/home/alpaka-admin/ws_moveit2/install/moveit2_tutorials:/home/alpaka-admin/ws_moveit2/install/moveit:/home/alpaka-admin/ws_moveit2/install/moveit_planners:/home/alpaka-admin/ws_moveit2/install/pilz_industrial_motion_planner:/home/alpaka-admin/ws_moveit2/install/moveit_visual_tools:/home/alpaka-admin/ws_moveit2/install/moveit_task_constructor_visualization:/home/alpaka-admin/ws_moveit2/install/moveit_task_constructor_demo:/home/alpaka-admin/ws_moveit2/install/moveit_task_constructor_capabilities:/home/alpaka-admin/ws_moveit2/install/moveit_task_constructor_core:/home/alpaka-admin/ws_moveit2/install/moveit_ros_control_interface:/home/alpaka-admin/ws_moveit2/install/moveit_plugins:/home/alpaka-admin/ws_moveit2/install/moveit_simple_controller_manager:/home/alpaka-admin/ws_moveit2/install/moveit_setup_assistant:/home/alpaka-admin/ws_moveit2/install/moveit_setup_srdf_plugins:/home/alpaka-admin/ws_moveit2/install/moveit_setup_core_plugins:/home/alpaka-admin/ws_moveit2/install/moveit_setup_controllers:/home/alpaka-admin/ws_moveit2/install/moveit_setup_app_plugins:/home/alpaka-admin/ws_moveit2/install/moveit_setup_framework:/home/alpaka-admin/ws_moveit2/install/moveit_servo:/home/alpaka-admin/ws_moveit2/install/moveit_ros:/home/alpaka-admin/ws_moveit2/install/moveit_ros_visualization:/home/alpaka-admin/ws_moveit2/install/moveit_hybrid_planning:/home/alpaka-admin/ws_moveit2/install/moveit_ros_planning_interface:/home/alpaka-admin/ws_moveit2/install/moveit_ros_benchmarks:/home/alpaka-admin/ws_moveit2/install/moveit_ros_warehouse:/home/alpaka-admin/ws_moveit2/install/moveit_ros_robot_interaction:/home/alpaka-admin/ws_moveit2/install/moveit_ros_perception:/home/alpaka-admin/ws_moveit2/install/moveit_resources_prbt_pg70_support:/home/alpaka-admin/ws_moveit2/install/moveit_resources_prbt_moveit_config:/home/alpaka-admin/ws_moveit2/install/moveit_ros_move_group:/home/alpaka-admin/ws_moveit2/install/moveit_planners_ompl:/home/alpaka-admin/ws_moveit2/install/moveit_ros_planning:/home/alpaka-admin/ws_moveit2/install/moveit_ros_occupancy_map_monitor:/home/alpaka-admin/ws_moveit2/install/moveit_resources_prbt_ikfast_manipulator_plugin:/home/alpaka-admin/ws_moveit2/install/moveit_planners_chomp:/home/alpaka-admin/ws_moveit2/install/moveit_kinematics:/home/alpaka-admin/ws_moveit2/install/moveit_chomp_optimizer_adapter:/home/alpaka-admin/ws_moveit2/install/chomp_motion_planner:/home/alpaka-admin/ws_moveit2/install/moveit_core:/home/alpaka-admin/ws_moveit2/install/srdfdom:/home/alpaka-admin/ws_moveit2/install/rviz_marker_tools:/home/alpaka-admin/ws_moveit2/install/rosparam_shortcuts:/home/alpaka-admin/ws_moveit2/install/moveit_task_constructor_msgs:/home/alpaka-admin/ws_moveit2/install/moveit_resources_prbt_support:/home/alpaka-admin/ws_moveit2/install/moveit_resources:/home/alpaka-admin/ws_moveit2/install/moveit_resources_pr2_description:/home/alpaka-admin/ws_moveit2/install/moveit_resources_panda_moveit_config:/home/alpaka-admin/ws_moveit2/install/moveit_resources_panda_description:/home/alpaka-admin/ws_moveit2/install/moveit_resources_fanuc_moveit_config:/home/alpaka-admin/ws_moveit2/install/moveit_resources_fanuc_description:/home/alpaka-admin/ws_moveit2/install/moveit_common:/home/alpaka-admin/ws_moveit2/install/moveit_configs_utils:/home/alpaka-admin/ws_moveit2/install/launch_param_builder:/opt/ros/humble LD_LIBRARY_PATH=/home/alpaka-admin/my_alpaka_urdf_ws/install/realsense2_camera_msgs/lib:${LD_LIBRARY_PATH} PYTHONPATH=/home/alpaka-admin/my_alpaka_urdf_ws/install/realsense2_camera_msgs/local/lib/python3.10/dist-packages:${PYTHONPATH} ROS_DOMAIN_ID=55 /usr/bin/cmake --build /home/alpaka-admin/my_alpaka_urdf_ws/build/realsense2_camera -- -j8 -l8
[36.062s] Invoking command in '/home/alpaka-admin/my_alpaka_urdf_ws/build/realsense2_camera': AMENT_PREFIX_PATH=/home/alpaka-admin/my_alpaka_urdf_ws/install/realsense2_camera_msgs:${AMENT_PREFIX_PATH} CMAKE_PREFIX_PATH=/home/alpaka-admin/my_alpaka_urdf_ws/install/realsense2_camera_msgs:/home/alpaka-admin/ws_moveit2/install/pilz_industrial_motion_planner_testutils:/home/alpaka-admin/ws_moveit2/install/moveit_runtime:/home/alpaka-admin/ws_moveit2/install/moveit2_tutorials:/home/alpaka-admin/ws_moveit2/install/moveit:/home/alpaka-admin/ws_moveit2/install/moveit_planners:/home/alpaka-admin/ws_moveit2/install/pilz_industrial_motion_planner:/home/alpaka-admin/ws_moveit2/install/moveit_visual_tools:/home/alpaka-admin/ws_moveit2/install/moveit_task_constructor_visualization:/home/alpaka-admin/ws_moveit2/install/moveit_task_constructor_demo:/home/alpaka-admin/ws_moveit2/install/moveit_task_constructor_capabilities:/home/alpaka-admin/ws_moveit2/install/moveit_task_constructor_core:/home/alpaka-admin/ws_moveit2/install/moveit_ros_control_interface:/home/alpaka-admin/ws_moveit2/install/moveit_plugins:/home/alpaka-admin/ws_moveit2/install/moveit_simple_controller_manager:/home/alpaka-admin/ws_moveit2/install/moveit_setup_assistant:/home/alpaka-admin/ws_moveit2/install/moveit_setup_srdf_plugins:/home/alpaka-admin/ws_moveit2/install/moveit_setup_core_plugins:/home/alpaka-admin/ws_moveit2/install/moveit_setup_controllers:/home/alpaka-admin/ws_moveit2/install/moveit_setup_app_plugins:/home/alpaka-admin/ws_moveit2/install/moveit_setup_framework:/home/alpaka-admin/ws_moveit2/install/moveit_servo:/home/alpaka-admin/ws_moveit2/install/moveit_ros:/home/alpaka-admin/ws_moveit2/install/moveit_ros_visualization:/home/alpaka-admin/ws_moveit2/install/moveit_hybrid_planning:/home/alpaka-admin/ws_moveit2/install/moveit_ros_planning_interface:/home/alpaka-admin/ws_moveit2/install/moveit_ros_benchmarks:/home/alpaka-admin/ws_moveit2/install/moveit_ros_warehouse:/home/alpaka-admin/ws_moveit2/install/moveit_ros_robot_interaction:/home/alpaka-admin/ws_moveit2/install/moveit_ros_perception:/home/alpaka-admin/ws_moveit2/install/moveit_resources_prbt_pg70_support:/home/alpaka-admin/ws_moveit2/install/moveit_resources_prbt_moveit_config:/home/alpaka-admin/ws_moveit2/install/moveit_ros_move_group:/home/alpaka-admin/ws_moveit2/install/moveit_planners_ompl:/home/alpaka-admin/ws_moveit2/install/moveit_ros_planning:/home/alpaka-admin/ws_moveit2/install/moveit_ros_occupancy_map_monitor:/home/alpaka-admin/ws_moveit2/install/moveit_resources_prbt_ikfast_manipulator_plugin:/home/alpaka-admin/ws_moveit2/install/moveit_planners_chomp:/home/alpaka-admin/ws_moveit2/install/moveit_kinematics:/home/alpaka-admin/ws_moveit2/install/moveit_chomp_optimizer_adapter:/home/alpaka-admin/ws_moveit2/install/chomp_motion_planner:/home/alpaka-admin/ws_moveit2/install/moveit_core:/home/alpaka-admin/ws_moveit2/install/srdfdom:/home/alpaka-admin/ws_moveit2/install/rviz_marker_tools:/home/alpaka-admin/ws_moveit2/install/rosparam_shortcuts:/home/alpaka-admin/ws_moveit2/install/moveit_task_constructor_msgs:/home/alpaka-admin/ws_moveit2/install/moveit_resources_prbt_support:/home/alpaka-admin/ws_moveit2/install/moveit_resources:/home/alpaka-admin/ws_moveit2/install/moveit_resources_pr2_description:/home/alpaka-admin/ws_moveit2/install/moveit_resources_panda_moveit_config:/home/alpaka-admin/ws_moveit2/install/moveit_resources_panda_description:/home/alpaka-admin/ws_moveit2/install/moveit_resources_fanuc_moveit_config:/home/alpaka-admin/ws_moveit2/install/moveit_resources_fanuc_description:/home/alpaka-admin/ws_moveit2/install/moveit_common:/home/alpaka-admin/ws_moveit2/install/moveit_configs_utils:/home/alpaka-admin/ws_moveit2/install/launch_param_builder:/opt/ros/humble LD_LIBRARY_PATH=/home/alpaka-admin/my_alpaka_urdf_ws/install/realsense2_camera_msgs/lib:${LD_LIBRARY_PATH} PYTHONPATH=/home/alpaka-admin/my_alpaka_urdf_ws/install/realsense2_camera_msgs/local/lib/python3.10/dist-packages:${PYTHONPATH} ROS_DOMAIN_ID=55 /usr/bin/cmake --install /home/alpaka-admin/my_alpaka_urdf_ws/build/realsense2_camera
[36.075s] -- Install configuration: "Release"
[36.075s] -- Installing: /home/alpaka-admin/my_alpaka_urdf_ws/install/realsense2_camera/lib/realsense2_camera/realsense2_camera_node
[36.076s] -- Set runtime path of "/home/alpaka-admin/my_alpaka_urdf_ws/install/realsense2_camera/lib/realsense2_camera/realsense2_camera_node" to ""
[36.076s] -- Installing: /home/alpaka-admin/my_alpaka_urdf_ws/install/realsense2_camera/lib/librealsense2_camera.so
[36.078s] -- Set runtime path of "/home/alpaka-admin/my_alpaka_urdf_ws/install/realsense2_camera/lib/librealsense2_camera.so" to ""
[36.078s] -- Installing: /home/alpaka-admin/my_alpaka_urdf_ws/install/realsense2_camera/include
[36.079s] -- Installing: /home/alpaka-admin/my_alpaka_urdf_ws/install/realsense2_camera/include/image_publisher.h
[36.079s] -- Installing: /home/alpaka-admin/my_alpaka_urdf_ws/install/realsense2_camera/include/sensor_params.h
[36.079s] -- Installing: /home/alpaka-admin/my_alpaka_urdf_ws/install/realsense2_camera/include/base_realsense_node.h
[36.079s] -- Installing: /home/alpaka-admin/my_alpaka_urdf_ws/install/realsense2_camera/include/named_filter.h
[36.079s] -- Installing: /home/alpaka-admin/my_alpaka_urdf_ws/install/realsense2_camera/include/ros_param_backend.h
[36.079s] -- Installing: /home/alpaka-admin/my_alpaka_urdf_ws/install/realsense2_camera/include/dynamic_params.h
[36.079s] -- Installing: /home/alpaka-admin/my_alpaka_urdf_ws/install/realsense2_camera/include/ros_sensor.h
[36.079s] -- Installing: /home/alpaka-admin/my_alpaka_urdf_ws/install/realsense2_camera/include/constants.h
[36.080s] -- Installing: /home/alpaka-admin/my_alpaka_urdf_ws/install/realsense2_camera/include/realsense_node_factory.h
[36.080s] -- Installing: /home/alpaka-admin/my_alpaka_urdf_ws/install/realsense2_camera/include/ros_utils.h
[36.080s] -- Installing: /home/alpaka-admin/my_alpaka_urdf_ws/install/realsense2_camera/include/profile_manager.h
[36.080s] -- Installing: /home/alpaka-admin/my_alpaka_urdf_ws/install/realsense2_camera/include/gl_window.h
[36.080s] -- Installing: /home/alpaka-admin/my_alpaka_urdf_ws/install/realsense2_camera/share/realsense2_camera/launch
[36.080s] -- Installing: /home/alpaka-admin/my_alpaka_urdf_ws/install/realsense2_camera/share/realsense2_camera/launch/default.rviz
[36.080s] -- Installing: /home/alpaka-admin/my_alpaka_urdf_ws/install/realsense2_camera/share/realsense2_camera/launch/rs_launch.py
[36.080s] -- Installing: /home/alpaka-admin/my_alpaka_urdf_ws/install/realsense2_camera/share/realsense2_camera/launch/rs_multi_camera_launch.py
[36.081s] -- Installing: /home/alpaka-admin/my_alpaka_urdf_ws/install/realsense2_camera/share/realsense2_camera/launch/rs_intra_process_demo_launch.py
[36.081s] -- Installing: /home/alpaka-admin/my_alpaka_urdf_ws/install/realsense2_camera/share/realsense2_camera/examples
[36.081s] -- Installing: /home/alpaka-admin/my_alpaka_urdf_ws/install/realsense2_camera/share/realsense2_camera/examples/launch_params_from_file
[36.081s] -- Installing: /home/alpaka-admin/my_alpaka_urdf_ws/install/realsense2_camera/share/realsense2_camera/examples/launch_params_from_file/rs_launch_get_params_from_yaml.py
[36.081s] -- Installing: /home/alpaka-admin/my_alpaka_urdf_ws/install/realsense2_camera/share/realsense2_camera/examples/launch_params_from_file/config
[36.081s] -- Installing: /home/alpaka-admin/my_alpaka_urdf_ws/install/realsense2_camera/share/realsense2_camera/examples/launch_params_from_file/config/config.yaml
[36.081s] -- Installing: /home/alpaka-admin/my_alpaka_urdf_ws/install/realsense2_camera/share/realsense2_camera/examples/launch_params_from_file/README.md
[36.081s] -- Installing: /home/alpaka-admin/my_alpaka_urdf_ws/install/realsense2_camera/share/realsense2_camera/examples/launch_from_rosbag
[36.082s] -- Installing: /home/alpaka-admin/my_alpaka_urdf_ws/install/realsense2_camera/share/realsense2_camera/examples/launch_from_rosbag/README.md
[36.082s] -- Installing: /home/alpaka-admin/my_alpaka_urdf_ws/install/realsense2_camera/share/realsense2_camera/examples/launch_from_rosbag/rs_launch_from_rosbag.py
[36.082s] -- Installing: /home/alpaka-admin/my_alpaka_urdf_ws/install/realsense2_camera/share/realsense2_camera/examples/dual_camera
[36.082s] -- Installing: /home/alpaka-admin/my_alpaka_urdf_ws/install/realsense2_camera/share/realsense2_camera/examples/dual_camera/rs_dual_camera_launch.py
[36.082s] -- Installing: /home/alpaka-admin/my_alpaka_urdf_ws/install/realsense2_camera/share/realsense2_camera/examples/dual_camera/README.md
[36.082s] -- Installing: /home/alpaka-admin/my_alpaka_urdf_ws/install/realsense2_camera/share/realsense2_camera/examples/dual_camera/rviz
[36.082s] -- Installing: /home/alpaka-admin/my_alpaka_urdf_ws/install/realsense2_camera/share/realsense2_camera/examples/dual_camera/rviz/dual_camera_pointcloud.rviz
[36.082s] -- Installing: /home/alpaka-admin/my_alpaka_urdf_ws/install/realsense2_camera/share/realsense2_camera/examples/pointcloud
[36.082s] -- Installing: /home/alpaka-admin/my_alpaka_urdf_ws/install/realsense2_camera/share/realsense2_camera/examples/pointcloud/rs_d455_pointcloud_launch.py
[36.083s] -- Installing: /home/alpaka-admin/my_alpaka_urdf_ws/install/realsense2_camera/share/realsense2_camera/examples/pointcloud/rs_d405_pointcloud_launch.py
[36.083s] -- Installing: /home/alpaka-admin/my_alpaka_urdf_ws/install/realsense2_camera/share/realsense2_camera/examples/pointcloud/README.md
[36.083s] -- Installing: /home/alpaka-admin/my_alpaka_urdf_ws/install/realsense2_camera/share/realsense2_camera/examples/pointcloud/rs_pointcloud_launch.py
[36.083s] -- Installing: /home/alpaka-admin/my_alpaka_urdf_ws/install/realsense2_camera/share/realsense2_camera/examples/pointcloud/rviz
[36.083s] -- Installing: /home/alpaka-admin/my_alpaka_urdf_ws/install/realsense2_camera/share/realsense2_camera/examples/pointcloud/rviz/pointcloud.rviz
[36.083s] -- Installing: /home/alpaka-admin/my_alpaka_urdf_ws/install/realsense2_camera/share/realsense2_camera/examples/pointcloud/rviz/urdf_pointcloud.rviz
[36.083s] -- Installing: /home/alpaka-admin/my_alpaka_urdf_ws/install/realsense2_camera/share/realsense2_camera/examples/align_depth
[36.083s] -- Installing: /home/alpaka-admin/my_alpaka_urdf_ws/install/realsense2_camera/share/realsense2_camera/examples/align_depth/rs_align_depth_launch.py
[36.083s] -- Installing: /home/alpaka-admin/my_alpaka_urdf_ws/install/realsense2_camera/share/realsense2_camera/examples/align_depth/README.md
[36.084s] -- Installing: /home/alpaka-admin/my_alpaka_urdf_ws/install/realsense2_camera/share/realsense2_camera/environment/library_path.sh
[36.084s] -- Installing: /home/alpaka-admin/my_alpaka_urdf_ws/install/realsense2_camera/share/realsense2_camera/environment/library_path.dsv
[36.084s] -- Installing: /home/alpaka-admin/my_alpaka_urdf_ws/install/realsense2_camera/share/ament_index/resource_index/package_run_dependencies/realsense2_camera
[36.084s] -- Installing: /home/alpaka-admin/my_alpaka_urdf_ws/install/realsense2_camera/share/ament_index/resource_index/parent_prefix_path/realsense2_camera
[36.085s] -- Installing: /home/alpaka-admin/my_alpaka_urdf_ws/install/realsense2_camera/share/realsense2_camera/environment/ament_prefix_path.sh
[36.085s] -- Installing: /home/alpaka-admin/my_alpaka_urdf_ws/install/realsense2_camera/share/realsense2_camera/environment/ament_prefix_path.dsv
[36.085s] -- Installing: /home/alpaka-admin/my_alpaka_urdf_ws/install/realsense2_camera/share/realsense2_camera/environment/path.sh
[36.085s] -- Installing: /home/alpaka-admin/my_alpaka_urdf_ws/install/realsense2_camera/share/realsense2_camera/environment/path.dsv
[36.085s] -- Installing: /home/alpaka-admin/my_alpaka_urdf_ws/install/realsense2_camera/share/realsense2_camera/local_setup.bash
[36.085s] -- Installing: /home/alpaka-admin/my_alpaka_urdf_ws/install/realsense2_camera/share/realsense2_camera/local_setup.sh
[36.086s] -- Installing: /home/alpaka-admin/my_alpaka_urdf_ws/install/realsense2_camera/share/realsense2_camera/local_setup.zsh
[36.086s] -- Installing: /home/alpaka-admin/my_alpaka_urdf_ws/install/realsense2_camera/share/realsense2_camera/local_setup.dsv
[36.086s] -- Installing: /home/alpaka-admin/my_alpaka_urdf_ws/install/realsense2_camera/share/realsense2_camera/package.dsv
[36.086s] -- Installing: /home/alpaka-admin/my_alpaka_urdf_ws/install/realsense2_camera/share/ament_index/resource_index/packages/realsense2_camera
[36.086s] -- Installing: /home/alpaka-admin/my_alpaka_urdf_ws/install/realsense2_camera/share/ament_index/resource_index/rclcpp_components/realsense2_camera
[36.087s] -- Installing: /home/alpaka-admin/my_alpaka_urdf_ws/install/realsense2_camera/share/realsense2_camera/cmake/ament_cmake_export_include_directories-extras.cmake
[36.087s] -- Installing: /home/alpaka-admin/my_alpaka_urdf_ws/install/realsense2_camera/share/realsense2_camera/cmake/ament_cmake_export_libraries-extras.cmake
[36.087s] -- Installing: /home/alpaka-admin/my_alpaka_urdf_ws/install/realsense2_camera/share/realsense2_camera/cmake/ament_cmake_export_dependencies-extras.cmake
[36.087s] -- Installing: /home/alpaka-admin/my_alpaka_urdf_ws/install/realsense2_camera/share/realsense2_camera/cmake/realsense2_cameraConfig.cmake
[36.087s] -- Installing: /home/alpaka-admin/my_alpaka_urdf_ws/install/realsense2_camera/share/realsense2_camera/cmake/realsense2_cameraConfig-version.cmake
[36.087s] -- Installing: /home/alpaka-admin/my_alpaka_urdf_ws/install/realsense2_camera/share/realsense2_camera/package.xml
[36.089s] Invoked command in '/home/alpaka-admin/my_alpaka_urdf_ws/build/realsense2_camera' returned '0': AMENT_PREFIX_PATH=/home/alpaka-admin/my_alpaka_urdf_ws/install/realsense2_camera_msgs:${AMENT_PREFIX_PATH} CMAKE_PREFIX_PATH=/home/alpaka-admin/my_alpaka_urdf_ws/install/realsense2_camera_msgs:/home/alpaka-admin/ws_moveit2/install/pilz_industrial_motion_planner_testutils:/home/alpaka-admin/ws_moveit2/install/moveit_runtime:/home/alpaka-admin/ws_moveit2/install/moveit2_tutorials:/home/alpaka-admin/ws_moveit2/install/moveit:/home/alpaka-admin/ws_moveit2/install/moveit_planners:/home/alpaka-admin/ws_moveit2/install/pilz_industrial_motion_planner:/home/alpaka-admin/ws_moveit2/install/moveit_visual_tools:/home/alpaka-admin/ws_moveit2/install/moveit_task_constructor_visualization:/home/alpaka-admin/ws_moveit2/install/moveit_task_constructor_demo:/home/alpaka-admin/ws_moveit2/install/moveit_task_constructor_capabilities:/home/alpaka-admin/ws_moveit2/install/moveit_task_constructor_core:/home/alpaka-admin/ws_moveit2/install/moveit_ros_control_interface:/home/alpaka-admin/ws_moveit2/install/moveit_plugins:/home/alpaka-admin/ws_moveit2/install/moveit_simple_controller_manager:/home/alpaka-admin/ws_moveit2/install/moveit_setup_assistant:/home/alpaka-admin/ws_moveit2/install/moveit_setup_srdf_plugins:/home/alpaka-admin/ws_moveit2/install/moveit_setup_core_plugins:/home/alpaka-admin/ws_moveit2/install/moveit_setup_controllers:/home/alpaka-admin/ws_moveit2/install/moveit_setup_app_plugins:/home/alpaka-admin/ws_moveit2/install/moveit_setup_framework:/home/alpaka-admin/ws_moveit2/install/moveit_servo:/home/alpaka-admin/ws_moveit2/install/moveit_ros:/home/alpaka-admin/ws_moveit2/install/moveit_ros_visualization:/home/alpaka-admin/ws_moveit2/install/moveit_hybrid_planning:/home/alpaka-admin/ws_moveit2/install/moveit_ros_planning_interface:/home/alpaka-admin/ws_moveit2/install/moveit_ros_benchmarks:/home/alpaka-admin/ws_moveit2/install/moveit_ros_warehouse:/home/alpaka-admin/ws_moveit2/install/moveit_ros_robot_interaction:/home/alpaka-admin/ws_moveit2/install/moveit_ros_perception:/home/alpaka-admin/ws_moveit2/install/moveit_resources_prbt_pg70_support:/home/alpaka-admin/ws_moveit2/install/moveit_resources_prbt_moveit_config:/home/alpaka-admin/ws_moveit2/install/moveit_ros_move_group:/home/alpaka-admin/ws_moveit2/install/moveit_planners_ompl:/home/alpaka-admin/ws_moveit2/install/moveit_ros_planning:/home/alpaka-admin/ws_moveit2/install/moveit_ros_occupancy_map_monitor:/home/alpaka-admin/ws_moveit2/install/moveit_resources_prbt_ikfast_manipulator_plugin:/home/alpaka-admin/ws_moveit2/install/moveit_planners_chomp:/home/alpaka-admin/ws_moveit2/install/moveit_kinematics:/home/alpaka-admin/ws_moveit2/install/moveit_chomp_optimizer_adapter:/home/alpaka-admin/ws_moveit2/install/chomp_motion_planner:/home/alpaka-admin/ws_moveit2/install/moveit_core:/home/alpaka-admin/ws_moveit2/install/srdfdom:/home/alpaka-admin/ws_moveit2/install/rviz_marker_tools:/home/alpaka-admin/ws_moveit2/install/rosparam_shortcuts:/home/alpaka-admin/ws_moveit2/install/moveit_task_constructor_msgs:/home/alpaka-admin/ws_moveit2/install/moveit_resources_prbt_support:/home/alpaka-admin/ws_moveit2/install/moveit_resources:/home/alpaka-admin/ws_moveit2/install/moveit_resources_pr2_description:/home/alpaka-admin/ws_moveit2/install/moveit_resources_panda_moveit_config:/home/alpaka-admin/ws_moveit2/install/moveit_resources_panda_description:/home/alpaka-admin/ws_moveit2/install/moveit_resources_fanuc_moveit_config:/home/alpaka-admin/ws_moveit2/install/moveit_resources_fanuc_description:/home/alpaka-admin/ws_moveit2/install/moveit_common:/home/alpaka-admin/ws_moveit2/install/moveit_configs_utils:/home/alpaka-admin/ws_moveit2/install/launch_param_builder:/opt/ros/humble LD_LIBRARY_PATH=/home/alpaka-admin/my_alpaka_urdf_ws/install/realsense2_camera_msgs/lib:${LD_LIBRARY_PATH} PYTHONPATH=/home/alpaka-admin/my_alpaka_urdf_ws/install/realsense2_camera_msgs/local/lib/python3.10/dist-packages:${PYTHONPATH} ROS_DOMAIN_ID=55 /usr/bin/cmake --install /home/alpaka-admin/my_alpaka_urdf_ws/build/realsense2_camera
