running egg_info
writing ../../build/ml_model/ml_model.egg-info/PKG-INFO
writing dependency_links to ../../build/ml_model/ml_model.egg-info/dependency_links.txt
writing entry points to ../../build/ml_model/ml_model.egg-info/entry_points.txt
writing requirements to ../../build/ml_model/ml_model.egg-info/requires.txt
writing top-level names to ../../build/ml_model/ml_model.egg-info/top_level.txt
reading manifest file '../../build/ml_model/ml_model.egg-info/SOURCES.txt'
adding license file 'LICENSE'
writing manifest file '../../build/ml_model/ml_model.egg-info/SOURCES.txt'
running build
running build_py
running install
running install_lib
running install_data
copying package.xml -> /home/alpaka-admin/my_alpaka_urdf_ws/install/ml_model/share/ml_model
creating /home/alpaka-admin/my_alpaka_urdf_ws/install/ml_model/share/ml_model/launch
copying launch/ml_model.launch.py -> /home/alpaka-admin/my_alpaka_urdf_ws/install/ml_model/share/ml_model/launch
running install_egg_info
removing '/home/alpaka-admin/my_alpaka_urdf_ws/install/ml_model/lib/python3.10/site-packages/ml_model-0.0.0-py3.10.egg-info' (and everything under it)
Copying ../../build/ml_model/ml_model.egg-info to /home/alpaka-admin/my_alpaka_urdf_ws/install/ml_model/lib/python3.10/site-packages/ml_model-0.0.0-py3.10.egg-info
running install_scripts
Installing ml_model_node script to /home/alpaka-admin/my_alpaka_urdf_ws/install/ml_model/lib/ml_model
writing list of installed files to '/home/alpaka-admin/my_alpaka_urdf_ws/build/ml_model/install.log'
