[0.081s] Invoking command in '/home/alpaka-admin/my_alpaka_urdf_ws/build/alpaka_welding_gun_description': CMAKE_PREFIX_PATH=${CMAKE_PREFIX_PATH}:/home/alpaka-admin/my_alpaka_urdf_ws/install/ml_model:/opt/ros/humble /usr/bin/cmake --build /home/alpaka-admin/my_alpaka_urdf_ws/build/alpaka_welding_gun_description -- -j8 -l8
[0.242s] Invoked command in '/home/alpaka-admin/my_alpaka_urdf_ws/build/alpaka_welding_gun_description' returned '0': CMAKE_PREFIX_PATH=${CMAKE_PREFIX_PATH}:/home/alpaka-admin/my_alpaka_urdf_ws/install/ml_model:/opt/ros/humble /usr/bin/cmake --build /home/alpaka-admin/my_alpaka_urdf_ws/build/alpaka_welding_gun_description -- -j8 -l8
[0.243s] Invoking command in '/home/alpaka-admin/my_alpaka_urdf_ws/build/alpaka_welding_gun_description': CMAKE_PREFIX_PATH=${CMAKE_PREFIX_PATH}:/home/alpaka-admin/my_alpaka_urdf_ws/install/ml_model:/opt/ros/humble /usr/bin/cmake --install /home/alpaka-admin/my_alpaka_urdf_ws/build/alpaka_welding_gun_description
[0.294s] -- Install configuration: ""
[0.294s] -- Up-to-date: /home/alpaka-admin/my_alpaka_urdf_ws/install/alpaka_welding_gun_description/share/alpaka_welding_gun_description/meshes
[0.295s] -- Up-to-date: /home/alpaka-admin/my_alpaka_urdf_ws/install/alpaka_welding_gun_description/share/alpaka_welding_gun_description/meshes/visual
[0.295s] -- Up-to-date: /home/alpaka-admin/my_alpaka_urdf_ws/install/alpaka_welding_gun_description/share/alpaka_welding_gun_description/meshes/visual/welding_gun_tourch_link.STL
[0.295s] -- Up-to-date: /home/alpaka-admin/my_alpaka_urdf_ws/install/alpaka_welding_gun_description/share/alpaka_welding_gun_description/meshes/visual/welding_gun_clamp_link.STL
[0.295s] -- Up-to-date: /home/alpaka-admin/my_alpaka_urdf_ws/install/alpaka_welding_gun_description/share/alpaka_welding_gun_description/meshes/visual/welding_gun_mount_link.STL
[0.296s] -- Up-to-date: /home/alpaka-admin/my_alpaka_urdf_ws/install/alpaka_welding_gun_description/share/alpaka_welding_gun_description/meshes/collision
[0.296s] -- Up-to-date: /home/alpaka-admin/my_alpaka_urdf_ws/install/alpaka_welding_gun_description/share/alpaka_welding_gun_description/meshes/collision/welding_gun_tourch_link_collision.STL
[0.296s] -- Up-to-date: /home/alpaka-admin/my_alpaka_urdf_ws/install/alpaka_welding_gun_description/share/alpaka_welding_gun_description/meshes/collision/welding_gun_clamp_link_collision.STL
[0.297s] -- Up-to-date: /home/alpaka-admin/my_alpaka_urdf_ws/install/alpaka_welding_gun_description/share/alpaka_welding_gun_description/meshes/collision/welding_gun_mount_link_collision.STL
[0.298s] -- Up-to-date: /home/alpaka-admin/my_alpaka_urdf_ws/install/alpaka_welding_gun_description/share/alpaka_welding_gun_description/urdf
[0.298s] -- Up-to-date: /home/alpaka-admin/my_alpaka_urdf_ws/install/alpaka_welding_gun_description/share/alpaka_welding_gun_description/urdf/welding_gun.urdf.xacro
[0.299s] -- Up-to-date: /home/alpaka-admin/my_alpaka_urdf_ws/install/alpaka_welding_gun_description/share/alpaka_welding_gun_description/urdf/welding_gun_macro.xacro
[0.299s] -- Up-to-date: /home/alpaka-admin/my_alpaka_urdf_ws/install/alpaka_welding_gun_description/share/alpaka_welding_gun_description/launch
[0.299s] -- Up-to-date: /home/alpaka-admin/my_alpaka_urdf_ws/install/alpaka_welding_gun_description/share/alpaka_welding_gun_description/launch/view_welding_gun.launch.py
[0.300s] -- Up-to-date: /home/alpaka-admin/my_alpaka_urdf_ws/install/alpaka_welding_gun_description/share/alpaka_welding_gun_description/rviz
[0.300s] -- Up-to-date: /home/alpaka-admin/my_alpaka_urdf_ws/install/alpaka_welding_gun_description/share/alpaka_welding_gun_description/rviz/view_welding_gun.rviz
[0.301s] -- Up-to-date: /home/alpaka-admin/my_alpaka_urdf_ws/install/alpaka_welding_gun_description/share/ament_index/resource_index/package_run_dependencies/alpaka_welding_gun_description
[0.301s] -- Up-to-date: /home/alpaka-admin/my_alpaka_urdf_ws/install/alpaka_welding_gun_description/share/ament_index/resource_index/parent_prefix_path/alpaka_welding_gun_description
[0.301s] -- Up-to-date: /home/alpaka-admin/my_alpaka_urdf_ws/install/alpaka_welding_gun_description/share/alpaka_welding_gun_description/environment/ament_prefix_path.sh
[0.302s] -- Up-to-date: /home/alpaka-admin/my_alpaka_urdf_ws/install/alpaka_welding_gun_description/share/alpaka_welding_gun_description/environment/ament_prefix_path.dsv
[0.302s] -- Up-to-date: /home/alpaka-admin/my_alpaka_urdf_ws/install/alpaka_welding_gun_description/share/alpaka_welding_gun_description/environment/path.sh
[0.302s] -- Up-to-date: /home/alpaka-admin/my_alpaka_urdf_ws/install/alpaka_welding_gun_description/share/alpaka_welding_gun_description/environment/path.dsv
[0.302s] -- Up-to-date: /home/alpaka-admin/my_alpaka_urdf_ws/install/alpaka_welding_gun_description/share/alpaka_welding_gun_description/local_setup.bash
[0.303s] -- Up-to-date: /home/alpaka-admin/my_alpaka_urdf_ws/install/alpaka_welding_gun_description/share/alpaka_welding_gun_description/local_setup.sh
[0.303s] -- Up-to-date: /home/alpaka-admin/my_alpaka_urdf_ws/install/alpaka_welding_gun_description/share/alpaka_welding_gun_description/local_setup.zsh
[0.333s] -- Up-to-date: /home/alpaka-admin/my_alpaka_urdf_ws/install/alpaka_welding_gun_description/share/alpaka_welding_gun_description/local_setup.dsv
[0.333s] -- Installing: /home/alpaka-admin/my_alpaka_urdf_ws/install/alpaka_welding_gun_description/share/alpaka_welding_gun_description/package.dsv
[0.334s] -- Up-to-date: /home/alpaka-admin/my_alpaka_urdf_ws/install/alpaka_welding_gun_description/share/ament_index/resource_index/packages/alpaka_welding_gun_description
[0.334s] -- Up-to-date: /home/alpaka-admin/my_alpaka_urdf_ws/install/alpaka_welding_gun_description/share/alpaka_welding_gun_description/cmake/alpaka_welding_gun_descriptionConfig.cmake
[0.334s] -- Up-to-date: /home/alpaka-admin/my_alpaka_urdf_ws/install/alpaka_welding_gun_description/share/alpaka_welding_gun_description/cmake/alpaka_welding_gun_descriptionConfig-version.cmake
[0.335s] -- Up-to-date: /home/alpaka-admin/my_alpaka_urdf_ws/install/alpaka_welding_gun_description/share/alpaka_welding_gun_description/package.xml
[0.482s] Invoked command in '/home/alpaka-admin/my_alpaka_urdf_ws/build/alpaka_welding_gun_description' returned '0': CMAKE_PREFIX_PATH=${CMAKE_PREFIX_PATH}:/home/alpaka-admin/my_alpaka_urdf_ws/install/ml_model:/opt/ros/humble ROS_DOMAIN_ID=57 /usr/bin/cmake --install /home/alpaka-admin/my_alpaka_urdf_ws/build/alpaka_welding_gun_description
