[2.711s] Invoking command in '/home/alpaka-admin/my_alpaka_urdf_ws/src/ml_model': PYTHONPATH=/home/alpaka-admin/my_alpaka_urdf_ws/build/ml_model/prefix_override:/usr/lib/python3/dist-packages/colcon_core/task/python/colcon_distutils_commands:/home/alpaka-admin/my_alpaka_urdf_ws/install/ml_model/lib/python3.10/site-packages:${PYTHONPATH} ROS_DOMAIN_ID=15 /usr/bin/python3 -W ignore:setup.py install is deprecated -W ignore:easy_install command is deprecated setup.py egg_info --egg-base ../../build/ml_model build --build-base /home/alpaka-admin/my_alpaka_urdf_ws/build/ml_model/build install --record /home/alpaka-admin/my_alpaka_urdf_ws/build/ml_model/install.log --single-version-externally-managed install_data
[3.624s] running egg_info
[3.628s] writing ../../build/ml_model/ml_model.egg-info/PKG-INFO
[3.629s] writing dependency_links to ../../build/ml_model/ml_model.egg-info/dependency_links.txt
[3.629s] writing entry points to ../../build/ml_model/ml_model.egg-info/entry_points.txt
[3.629s] writing requirements to ../../build/ml_model/ml_model.egg-info/requires.txt
[3.629s] writing top-level names to ../../build/ml_model/ml_model.egg-info/top_level.txt
[3.633s] reading manifest file '../../build/ml_model/ml_model.egg-info/SOURCES.txt'
[3.634s] adding license file 'LICENSE'
[3.639s] writing manifest file '../../build/ml_model/ml_model.egg-info/SOURCES.txt'
[3.640s] running build
[3.641s] running build_py
[3.642s] running install
[3.642s] running install_lib
[3.648s] running install_data
[3.649s] running install_egg_info
[3.654s] removing '/home/alpaka-admin/my_alpaka_urdf_ws/install/ml_model/lib/python3.10/site-packages/ml_model-0.0.0-py3.10.egg-info' (and everything under it)
[3.655s] Copying ../../build/ml_model/ml_model.egg-info to /home/alpaka-admin/my_alpaka_urdf_ws/install/ml_model/lib/python3.10/site-packages/ml_model-0.0.0-py3.10.egg-info
[3.657s] running install_scripts
[3.723s] Installing ml_model_node script to /home/alpaka-admin/my_alpaka_urdf_ws/install/ml_model/lib/ml_model
[3.724s] writing list of installed files to '/home/alpaka-admin/my_alpaka_urdf_ws/build/ml_model/install.log'
[3.823s] Invoked command in '/home/alpaka-admin/my_alpaka_urdf_ws/src/ml_model' returned '0': PYTHONPATH=/home/alpaka-admin/my_alpaka_urdf_ws/build/ml_model/prefix_override:/usr/lib/python3/dist-packages/colcon_core/task/python/colcon_distutils_commands:/home/alpaka-admin/my_alpaka_urdf_ws/install/ml_model/lib/python3.10/site-packages:${PYTHONPATH} ROS_DOMAIN_ID=15 /usr/bin/python3 -W ignore:setup.py install is deprecated -W ignore:easy_install command is deprecated setup.py egg_info --egg-base ../../build/ml_model build --build-base /home/alpaka-admin/my_alpaka_urdf_ws/build/ml_model/build install --record /home/alpaka-admin/my_alpaka_urdf_ws/build/ml_model/install.log --single-version-externally-managed install_data
