[0.321s] Invoking command in '/home/alpaka-admin/my_alpaka_urdf_ws/build/bringup': CMAKE_PREFIX_PATH=${CMAKE_PREFIX_PATH}:/home/alpaka-admin/my_alpaka_urdf_ws/install/ml_model:/opt/ros/humble ROS_DOMAIN_ID=20 /usr/bin/cmake --build /home/alpaka-admin/my_alpaka_urdf_ws/build/bringup -- -j8 -l8
[1.163s] Invoked command in '/home/alpaka-admin/my_alpaka_urdf_ws/build/bringup' returned '0': CMAKE_PREFIX_PATH=${CMAKE_PREFIX_PATH}:/home/alpaka-admin/my_alpaka_urdf_ws/install/ml_model:/opt/ros/humble ROS_DOMAIN_ID=20 /usr/bin/cmake --build /home/alpaka-admin/my_alpaka_urdf_ws/build/bringup -- -j8 -l8
[1.166s] Invoking command in '/home/alpaka-admin/my_alpaka_urdf_ws/build/bringup': CMAKE_PREFIX_PATH=${CMAKE_PREFIX_PATH}:/home/alpaka-admin/my_alpaka_urdf_ws/install/ml_model:/opt/ros/humble ROS_DOMAIN_ID=20 /usr/bin/cmake --install /home/alpaka-admin/my_alpaka_urdf_ws/build/bringup
[1.183s] -- Install configuration: ""
[1.184s] -- Up-to-date: /home/alpaka-admin/my_alpaka_urdf_ws/install/bringup/share/bringup/launch
[1.184s] -- Up-to-date: /home/alpaka-admin/my_alpaka_urdf_ws/install/bringup/share/bringup/launch/alpaka.launch.py
[1.185s] -- Up-to-date: /home/alpaka-admin/my_alpaka_urdf_ws/install/bringup/share/ament_index/resource_index/package_run_dependencies/bringup
[1.185s] -- Up-to-date: /home/alpaka-admin/my_alpaka_urdf_ws/install/bringup/share/ament_index/resource_index/parent_prefix_path/bringup
[1.185s] -- Up-to-date: /home/alpaka-admin/my_alpaka_urdf_ws/install/bringup/share/bringup/environment/ament_prefix_path.sh
[1.186s] -- Up-to-date: /home/alpaka-admin/my_alpaka_urdf_ws/install/bringup/share/bringup/environment/ament_prefix_path.dsv
[1.186s] -- Up-to-date: /home/alpaka-admin/my_alpaka_urdf_ws/install/bringup/share/bringup/environment/path.sh
[1.187s] -- Up-to-date: /home/alpaka-admin/my_alpaka_urdf_ws/install/bringup/share/bringup/environment/path.dsv
[1.187s] -- Up-to-date: /home/alpaka-admin/my_alpaka_urdf_ws/install/bringup/share/bringup/local_setup.bash
[1.187s] -- Up-to-date: /home/alpaka-admin/my_alpaka_urdf_ws/install/bringup/share/bringup/local_setup.sh
[1.187s] -- Up-to-date: /home/alpaka-admin/my_alpaka_urdf_ws/install/bringup/share/bringup/local_setup.zsh
[1.188s] -- Up-to-date: /home/alpaka-admin/my_alpaka_urdf_ws/install/bringup/share/bringup/local_setup.dsv
[1.188s] -- Installing: /home/alpaka-admin/my_alpaka_urdf_ws/install/bringup/share/bringup/package.dsv
[1.188s] -- Up-to-date: /home/alpaka-admin/my_alpaka_urdf_ws/install/bringup/share/ament_index/resource_index/packages/bringup
[1.189s] -- Up-to-date: /home/alpaka-admin/my_alpaka_urdf_ws/install/bringup/share/bringup/cmake/bringupConfig.cmake
[1.189s] -- Up-to-date: /home/alpaka-admin/my_alpaka_urdf_ws/install/bringup/share/bringup/cmake/bringupConfig-version.cmake
[1.189s] -- Up-to-date: /home/alpaka-admin/my_alpaka_urdf_ws/install/bringup/share/bringup/package.xml
[1.227s] Invoked command in '/home/alpaka-admin/my_alpaka_urdf_ws/build/bringup' returned '0': CMAKE_PREFIX_PATH=${CMAKE_PREFIX_PATH}:/home/alpaka-admin/my_alpaka_urdf_ws/install/ml_model:/opt/ros/humble ROS_DOMAIN_ID=20 /usr/bin/cmake --install /home/alpaka-admin/my_alpaka_urdf_ws/build/bringup
