running egg_info
creating build/ml_model/ml_model.egg-info
writing build/ml_model/ml_model.egg-info/PKG-INFO
writing dependency_links to build/ml_model/ml_model.egg-info/dependency_links.txt
writing entry points to build/ml_model/ml_model.egg-info/entry_points.txt
writing requirements to build/ml_model/ml_model.egg-info/requires.txt
writing top-level names to build/ml_model/ml_model.egg-info/top_level.txt
writing manifest file 'build/ml_model/ml_model.egg-info/SOURCES.txt'
reading manifest file 'build/ml_model/ml_model.egg-info/SOURCES.txt'
adding license file 'LICENSE'
writing manifest file 'build/ml_model/ml_model.egg-info/SOURCES.txt'
running build
running build_py
creating /home/alpaka-admin/ros2_ws/src/ml_model/build/ml_model/build
creating /home/alpaka-admin/ros2_ws/src/ml_model/build/ml_model/build/lib
creating /home/alpaka-admin/ros2_ws/src/ml_model/build/ml_model/build/lib/ml_model
copying ml_model/__init__.py -> /home/alpaka-admin/ros2_ws/src/ml_model/build/ml_model/build/lib/ml_model
copying ml_model/model.py -> /home/alpaka-admin/ros2_ws/src/ml_model/build/ml_model/build/lib/ml_model
running install
running install_lib
creating /home/alpaka-admin/ros2_ws/src/ml_model/install/ml_model/lib/python3.10/site-packages/ml_model
copying /home/alpaka-admin/ros2_ws/src/ml_model/build/ml_model/build/lib/ml_model/__init__.py -> /home/alpaka-admin/ros2_ws/src/ml_model/install/ml_model/lib/python3.10/site-packages/ml_model
copying /home/alpaka-admin/ros2_ws/src/ml_model/build/ml_model/build/lib/ml_model/model.py -> /home/alpaka-admin/ros2_ws/src/ml_model/install/ml_model/lib/python3.10/site-packages/ml_model
byte-compiling /home/alpaka-admin/ros2_ws/src/ml_model/install/ml_model/lib/python3.10/site-packages/ml_model/__init__.py to __init__.cpython-310.pyc
byte-compiling /home/alpaka-admin/ros2_ws/src/ml_model/install/ml_model/lib/python3.10/site-packages/ml_model/model.py to model.cpython-310.pyc
running install_data
creating /home/alpaka-admin/ros2_ws/src/ml_model/install/ml_model/share/ament_index
creating /home/alpaka-admin/ros2_ws/src/ml_model/install/ml_model/share/ament_index/resource_index
creating /home/alpaka-admin/ros2_ws/src/ml_model/install/ml_model/share/ament_index/resource_index/packages
copying resource/ml_model -> /home/alpaka-admin/ros2_ws/src/ml_model/install/ml_model/share/ament_index/resource_index/packages
copying package.xml -> /home/alpaka-admin/ros2_ws/src/ml_model/install/ml_model/share/ml_model
running install_egg_info
Copying build/ml_model/ml_model.egg-info to /home/alpaka-admin/ros2_ws/src/ml_model/install/ml_model/lib/python3.10/site-packages/ml_model-0.0.0-py3.10.egg-info
running install_scripts
Installing model script to /home/alpaka-admin/ros2_ws/src/ml_model/install/ml_model/lib/ml_model
writing list of installed files to '/home/alpaka-admin/ros2_ws/src/ml_model/build/ml_model/install.log'
