[0.065s] Invoking command in '/home/alpaka-admin/my_alpaka_urdf_ws/build/realsense2_camera_msgs': CMAKE_PREFIX_PATH=/opt/ros/humble ROS_DOMAIN_ID=89 /usr/bin/cmake --build /home/alpaka-admin/my_alpaka_urdf_ws/build/realsense2_camera_msgs -- -j8 -l8
[0.212s] [  1%] Built target realsense2_camera_msgs__cpp
[0.212s] [ 12%] Built target realsense2_camera_msgs__rosidl_generator_c
[0.219s] [ 12%] Built target ament_cmake_python_copy_realsense2_camera_msgs
[0.256s] [ 23%] Built target realsense2_camera_msgs__rosidl_typesupport_cpp
[0.261s] [ 34%] Built target realsense2_camera_msgs__rosidl_typesupport_introspection_cpp
[0.261s] [ 46%] Built target realsense2_camera_msgs__rosidl_typesupport_c
[0.263s] [ 57%] Built target realsense2_camera_msgs__rosidl_typesupport_fastrtps_cpp
[0.271s] [ 73%] Built target realsense2_camera_msgs__rosidl_typesupport_introspection_c
[0.271s] [ 79%] Built target realsense2_camera_msgs__rosidl_typesupport_fastrtps_c
[0.322s] [ 79%] Built target realsense2_camera_msgs
[0.334s] [ 80%] Built target realsense2_camera_msgs__py
[0.367s] [ 90%] Built target realsense2_camera_msgs__rosidl_generator_py
[0.402s] [ 93%] Built target realsense2_camera_msgs__rosidl_typesupport_c__pyext
[0.404s] [ 96%] Built target realsense2_camera_msgs__rosidl_typesupport_introspection_c__pyext
[0.405s] [100%] Built target realsense2_camera_msgs__rosidl_typesupport_fastrtps_c__pyext
[0.734s] running egg_info
[0.735s] writing realsense2_camera_msgs.egg-info/PKG-INFO
[0.736s] writing dependency_links to realsense2_camera_msgs.egg-info/dependency_links.txt
[0.736s] writing top-level names to realsense2_camera_msgs.egg-info/top_level.txt
[0.739s] reading manifest file 'realsense2_camera_msgs.egg-info/SOURCES.txt'
[0.740s] writing manifest file 'realsense2_camera_msgs.egg-info/SOURCES.txt'
[0.778s] [100%] Built target ament_cmake_python_build_realsense2_camera_msgs_egg
[0.992s] Invoked command in '/home/alpaka-admin/my_alpaka_urdf_ws/build/realsense2_camera_msgs' returned '0': CMAKE_PREFIX_PATH=/opt/ros/humble ROS_DOMAIN_ID=89 /usr/bin/cmake --build /home/alpaka-admin/my_alpaka_urdf_ws/build/realsense2_camera_msgs -- -j8 -l8
[0.995s] Invoking command in '/home/alpaka-admin/my_alpaka_urdf_ws/build/realsense2_camera_msgs': CMAKE_PREFIX_PATH=/opt/ros/humble ROS_DOMAIN_ID=89 /usr/bin/cmake --install /home/alpaka-admin/my_alpaka_urdf_ws/build/realsense2_camera_msgs
[1.011s] -- Install configuration: ""
[1.012s] -- Up-to-date: /home/alpaka-admin/my_alpaka_urdf_ws/install/realsense2_camera_msgs/share/ament_index/resource_index/rosidl_interfaces/realsense2_camera_msgs
[1.012s] -- Up-to-date: /home/alpaka-admin/my_alpaka_urdf_ws/install/realsense2_camera_msgs/include/realsense2_camera_msgs/realsense2_camera_msgs
[1.013s] -- Up-to-date: /home/alpaka-admin/my_alpaka_urdf_ws/install/realsense2_camera_msgs/include/realsense2_camera_msgs/realsense2_camera_msgs/srv
[1.013s] -- Up-to-date: /home/alpaka-admin/my_alpaka_urdf_ws/install/realsense2_camera_msgs/include/realsense2_camera_msgs/realsense2_camera_msgs/srv/detail
[1.013s] -- Up-to-date: /home/alpaka-admin/my_alpaka_urdf_ws/install/realsense2_camera_msgs/include/realsense2_camera_msgs/realsense2_camera_msgs/srv/detail/device_info__functions.c
[1.014s] -- Up-to-date: /home/alpaka-admin/my_alpaka_urdf_ws/install/realsense2_camera_msgs/include/realsense2_camera_msgs/realsense2_camera_msgs/srv/detail/device_info__type_support.h
[1.014s] -- Up-to-date: /home/alpaka-admin/my_alpaka_urdf_ws/install/realsense2_camera_msgs/include/realsense2_camera_msgs/realsense2_camera_msgs/srv/detail/device_info__functions.h
[1.014s] -- Up-to-date: /home/alpaka-admin/my_alpaka_urdf_ws/install/realsense2_camera_msgs/include/realsense2_camera_msgs/realsense2_camera_msgs/srv/detail/device_info__struct.h
[1.016s] -- Up-to-date: /home/alpaka-admin/my_alpaka_urdf_ws/install/realsense2_camera_msgs/include/realsense2_camera_msgs/realsense2_camera_msgs/srv/device_info.h
[1.016s] -- Up-to-date: /home/alpaka-admin/my_alpaka_urdf_ws/install/realsense2_camera_msgs/include/realsense2_camera_msgs/realsense2_camera_msgs/msg
[1.017s] -- Up-to-date: /home/alpaka-admin/my_alpaka_urdf_ws/install/realsense2_camera_msgs/include/realsense2_camera_msgs/realsense2_camera_msgs/msg/rosidl_generator_c__visibility_control.h
[1.017s] -- Up-to-date: /home/alpaka-admin/my_alpaka_urdf_ws/install/realsense2_camera_msgs/include/realsense2_camera_msgs/realsense2_camera_msgs/msg/rgbd.h
[1.017s] -- Up-to-date: /home/alpaka-admin/my_alpaka_urdf_ws/install/realsense2_camera_msgs/include/realsense2_camera_msgs/realsense2_camera_msgs/msg/metadata.h
[1.017s] -- Up-to-date: /home/alpaka-admin/my_alpaka_urdf_ws/install/realsense2_camera_msgs/include/realsense2_camera_msgs/realsense2_camera_msgs/msg/detail
[1.018s] -- Up-to-date: /home/alpaka-admin/my_alpaka_urdf_ws/install/realsense2_camera_msgs/include/realsense2_camera_msgs/realsense2_camera_msgs/msg/detail/imu_info__type_support.h
[1.018s] -- Up-to-date: /home/alpaka-admin/my_alpaka_urdf_ws/install/realsense2_camera_msgs/include/realsense2_camera_msgs/realsense2_camera_msgs/msg/detail/imu_info__functions.h
[1.018s] -- Up-to-date: /home/alpaka-admin/my_alpaka_urdf_ws/install/realsense2_camera_msgs/include/realsense2_camera_msgs/realsense2_camera_msgs/msg/detail/rgbd__type_support.h
[1.018s] -- Up-to-date: /home/alpaka-admin/my_alpaka_urdf_ws/install/realsense2_camera_msgs/include/realsense2_camera_msgs/realsense2_camera_msgs/msg/detail/metadata__struct.h
[1.019s] -- Up-to-date: /home/alpaka-admin/my_alpaka_urdf_ws/install/realsense2_camera_msgs/include/realsense2_camera_msgs/realsense2_camera_msgs/msg/detail/imu_info__struct.h
[1.019s] -- Up-to-date: /home/alpaka-admin/my_alpaka_urdf_ws/install/realsense2_camera_msgs/include/realsense2_camera_msgs/realsense2_camera_msgs/msg/detail/extrinsics__type_support.h
[1.019s] -- Up-to-date: /home/alpaka-admin/my_alpaka_urdf_ws/install/realsense2_camera_msgs/include/realsense2_camera_msgs/realsense2_camera_msgs/msg/detail/extrinsics__functions.c
[1.019s] -- Up-to-date: /home/alpaka-admin/my_alpaka_urdf_ws/install/realsense2_camera_msgs/include/realsense2_camera_msgs/realsense2_camera_msgs/msg/detail/metadata__type_support.h
[1.020s] -- Up-to-date: /home/alpaka-admin/my_alpaka_urdf_ws/install/realsense2_camera_msgs/include/realsense2_camera_msgs/realsense2_camera_msgs/msg/detail/metadata__functions.c
[1.021s] -- Up-to-date: /home/alpaka-admin/my_alpaka_urdf_ws/install/realsense2_camera_msgs/include/realsense2_camera_msgs/realsense2_camera_msgs/msg/detail/metadata__functions.h
[1.021s] -- Up-to-date: /home/alpaka-admin/my_alpaka_urdf_ws/install/realsense2_camera_msgs/include/realsense2_camera_msgs/realsense2_camera_msgs/msg/detail/extrinsics__struct.h
[1.022s] -- Up-to-date: /home/alpaka-admin/my_alpaka_urdf_ws/install/realsense2_camera_msgs/include/realsense2_camera_msgs/realsense2_camera_msgs/msg/detail/rgbd__struct.h
[1.022s] -- Up-to-date: /home/alpaka-admin/my_alpaka_urdf_ws/install/realsense2_camera_msgs/include/realsense2_camera_msgs/realsense2_camera_msgs/msg/detail/imu_info__functions.c
[1.023s] -- Up-to-date: /home/alpaka-admin/my_alpaka_urdf_ws/install/realsense2_camera_msgs/include/realsense2_camera_msgs/realsense2_camera_msgs/msg/detail/rgbd__functions.c
[1.024s] -- Up-to-date: /home/alpaka-admin/my_alpaka_urdf_ws/install/realsense2_camera_msgs/include/realsense2_camera_msgs/realsense2_camera_msgs/msg/detail/rgbd__functions.h
[1.024s] -- Up-to-date: /home/alpaka-admin/my_alpaka_urdf_ws/install/realsense2_camera_msgs/include/realsense2_camera_msgs/realsense2_camera_msgs/msg/detail/extrinsics__functions.h
[1.024s] -- Up-to-date: /home/alpaka-admin/my_alpaka_urdf_ws/install/realsense2_camera_msgs/include/realsense2_camera_msgs/realsense2_camera_msgs/msg/imu_info.h
[1.025s] -- Up-to-date: /home/alpaka-admin/my_alpaka_urdf_ws/install/realsense2_camera_msgs/include/realsense2_camera_msgs/realsense2_camera_msgs/msg/extrinsics.h
[1.025s] -- Up-to-date: /home/alpaka-admin/my_alpaka_urdf_ws/install/realsense2_camera_msgs/share/realsense2_camera_msgs/environment/library_path.sh
[1.025s] -- Up-to-date: /home/alpaka-admin/my_alpaka_urdf_ws/install/realsense2_camera_msgs/share/realsense2_camera_msgs/environment/library_path.dsv
[1.025s] -- Up-to-date: /home/alpaka-admin/my_alpaka_urdf_ws/install/realsense2_camera_msgs/lib/librealsense2_camera_msgs__rosidl_generator_c.so
[1.027s] -- Up-to-date: /home/alpaka-admin/my_alpaka_urdf_ws/install/realsense2_camera_msgs/include/realsense2_camera_msgs/realsense2_camera_msgs
[1.027s] -- Up-to-date: /home/alpaka-admin/my_alpaka_urdf_ws/install/realsense2_camera_msgs/include/realsense2_camera_msgs/realsense2_camera_msgs/srv
[1.027s] -- Up-to-date: /home/alpaka-admin/my_alpaka_urdf_ws/install/realsense2_camera_msgs/include/realsense2_camera_msgs/realsense2_camera_msgs/srv/detail
[1.027s] -- Up-to-date: /home/alpaka-admin/my_alpaka_urdf_ws/install/realsense2_camera_msgs/include/realsense2_camera_msgs/realsense2_camera_msgs/srv/detail/device_info__rosidl_typesupport_fastrtps_c.h
[1.028s] -- Up-to-date: /home/alpaka-admin/my_alpaka_urdf_ws/install/realsense2_camera_msgs/include/realsense2_camera_msgs/realsense2_camera_msgs/msg
[1.028s] -- Up-to-date: /home/alpaka-admin/my_alpaka_urdf_ws/install/realsense2_camera_msgs/include/realsense2_camera_msgs/realsense2_camera_msgs/msg/rosidl_typesupport_fastrtps_c__visibility_control.h
[1.028s] -- Up-to-date: /home/alpaka-admin/my_alpaka_urdf_ws/install/realsense2_camera_msgs/include/realsense2_camera_msgs/realsense2_camera_msgs/msg/detail
[1.028s] -- Up-to-date: /home/alpaka-admin/my_alpaka_urdf_ws/install/realsense2_camera_msgs/include/realsense2_camera_msgs/realsense2_camera_msgs/msg/detail/rgbd__rosidl_typesupport_fastrtps_c.h
[1.028s] -- Up-to-date: /home/alpaka-admin/my_alpaka_urdf_ws/install/realsense2_camera_msgs/include/realsense2_camera_msgs/realsense2_camera_msgs/msg/detail/metadata__rosidl_typesupport_fastrtps_c.h
[1.029s] -- Up-to-date: /home/alpaka-admin/my_alpaka_urdf_ws/install/realsense2_camera_msgs/include/realsense2_camera_msgs/realsense2_camera_msgs/msg/detail/extrinsics__rosidl_typesupport_fastrtps_c.h
[1.029s] -- Up-to-date: /home/alpaka-admin/my_alpaka_urdf_ws/install/realsense2_camera_msgs/include/realsense2_camera_msgs/realsense2_camera_msgs/msg/detail/imu_info__rosidl_typesupport_fastrtps_c.h
[1.029s] -- Up-to-date: /home/alpaka-admin/my_alpaka_urdf_ws/install/realsense2_camera_msgs/lib/librealsense2_camera_msgs__rosidl_typesupport_fastrtps_c.so
[1.031s] -- Up-to-date: /home/alpaka-admin/my_alpaka_urdf_ws/install/realsense2_camera_msgs/include/realsense2_camera_msgs/realsense2_camera_msgs
[1.031s] -- Up-to-date: /home/alpaka-admin/my_alpaka_urdf_ws/install/realsense2_camera_msgs/include/realsense2_camera_msgs/realsense2_camera_msgs/srv
[1.031s] -- Up-to-date: /home/alpaka-admin/my_alpaka_urdf_ws/install/realsense2_camera_msgs/include/realsense2_camera_msgs/realsense2_camera_msgs/srv/detail
[1.031s] -- Up-to-date: /home/alpaka-admin/my_alpaka_urdf_ws/install/realsense2_camera_msgs/include/realsense2_camera_msgs/realsense2_camera_msgs/srv/detail/device_info__rosidl_typesupport_introspection_c.h
[1.033s] -- Up-to-date: /home/alpaka-admin/my_alpaka_urdf_ws/install/realsense2_camera_msgs/include/realsense2_camera_msgs/realsense2_camera_msgs/srv/detail/device_info__type_support.c
[1.033s] -- Up-to-date: /home/alpaka-admin/my_alpaka_urdf_ws/install/realsense2_camera_msgs/include/realsense2_camera_msgs/realsense2_camera_msgs/msg
[1.034s] -- Up-to-date: /home/alpaka-admin/my_alpaka_urdf_ws/install/realsense2_camera_msgs/include/realsense2_camera_msgs/realsense2_camera_msgs/msg/detail
[1.034s] -- Up-to-date: /home/alpaka-admin/my_alpaka_urdf_ws/install/realsense2_camera_msgs/include/realsense2_camera_msgs/realsense2_camera_msgs/msg/detail/imu_info__type_support.c
[1.034s] -- Up-to-date: /home/alpaka-admin/my_alpaka_urdf_ws/install/realsense2_camera_msgs/include/realsense2_camera_msgs/realsense2_camera_msgs/msg/detail/metadata__type_support.c
[1.034s] -- Up-to-date: /home/alpaka-admin/my_alpaka_urdf_ws/install/realsense2_camera_msgs/include/realsense2_camera_msgs/realsense2_camera_msgs/msg/detail/extrinsics__rosidl_typesupport_introspection_c.h
[1.034s] -- Up-to-date: /home/alpaka-admin/my_alpaka_urdf_ws/install/realsense2_camera_msgs/include/realsense2_camera_msgs/realsense2_camera_msgs/msg/detail/imu_info__rosidl_typesupport_introspection_c.h
[1.034s] -- Up-to-date: /home/alpaka-admin/my_alpaka_urdf_ws/install/realsense2_camera_msgs/include/realsense2_camera_msgs/realsense2_camera_msgs/msg/detail/rgbd__type_support.c
[1.035s] -- Up-to-date: /home/alpaka-admin/my_alpaka_urdf_ws/install/realsense2_camera_msgs/include/realsense2_camera_msgs/realsense2_camera_msgs/msg/detail/extrinsics__type_support.c
[1.036s] -- Up-to-date: /home/alpaka-admin/my_alpaka_urdf_ws/install/realsense2_camera_msgs/include/realsense2_camera_msgs/realsense2_camera_msgs/msg/detail/rgbd__rosidl_typesupport_introspection_c.h
[1.036s] -- Up-to-date: /home/alpaka-admin/my_alpaka_urdf_ws/install/realsense2_camera_msgs/include/realsense2_camera_msgs/realsense2_camera_msgs/msg/detail/metadata__rosidl_typesupport_introspection_c.h
[1.036s] -- Up-to-date: /home/alpaka-admin/my_alpaka_urdf_ws/install/realsense2_camera_msgs/include/realsense2_camera_msgs/realsense2_camera_msgs/msg/rosidl_typesupport_introspection_c__visibility_control.h
[1.037s] -- Up-to-date: /home/alpaka-admin/my_alpaka_urdf_ws/install/realsense2_camera_msgs/lib/librealsense2_camera_msgs__rosidl_typesupport_introspection_c.so
[1.037s] -- Up-to-date: /home/alpaka-admin/my_alpaka_urdf_ws/install/realsense2_camera_msgs/lib/librealsense2_camera_msgs__rosidl_typesupport_c.so
[1.037s] -- Up-to-date: /home/alpaka-admin/my_alpaka_urdf_ws/install/realsense2_camera_msgs/include/realsense2_camera_msgs/realsense2_camera_msgs
[1.037s] -- Up-to-date: /home/alpaka-admin/my_alpaka_urdf_ws/install/realsense2_camera_msgs/include/realsense2_camera_msgs/realsense2_camera_msgs/srv
[1.037s] -- Up-to-date: /home/alpaka-admin/my_alpaka_urdf_ws/install/realsense2_camera_msgs/include/realsense2_camera_msgs/realsense2_camera_msgs/srv/detail
[1.038s] -- Up-to-date: /home/alpaka-admin/my_alpaka_urdf_ws/install/realsense2_camera_msgs/include/realsense2_camera_msgs/realsense2_camera_msgs/srv/detail/device_info__builder.hpp
[1.038s] -- Up-to-date: /home/alpaka-admin/my_alpaka_urdf_ws/install/realsense2_camera_msgs/include/realsense2_camera_msgs/realsense2_camera_msgs/srv/detail/device_info__traits.hpp
[1.038s] -- Up-to-date: /home/alpaka-admin/my_alpaka_urdf_ws/install/realsense2_camera_msgs/include/realsense2_camera_msgs/realsense2_camera_msgs/srv/detail/device_info__struct.hpp
[1.038s] -- Up-to-date: /home/alpaka-admin/my_alpaka_urdf_ws/install/realsense2_camera_msgs/include/realsense2_camera_msgs/realsense2_camera_msgs/srv/detail/device_info__type_support.hpp
[1.038s] -- Up-to-date: /home/alpaka-admin/my_alpaka_urdf_ws/install/realsense2_camera_msgs/include/realsense2_camera_msgs/realsense2_camera_msgs/srv/device_info.hpp
[1.039s] -- Up-to-date: /home/alpaka-admin/my_alpaka_urdf_ws/install/realsense2_camera_msgs/include/realsense2_camera_msgs/realsense2_camera_msgs/msg
[1.039s] -- Up-to-date: /home/alpaka-admin/my_alpaka_urdf_ws/install/realsense2_camera_msgs/include/realsense2_camera_msgs/realsense2_camera_msgs/msg/rgbd.hpp
[1.039s] -- Up-to-date: /home/alpaka-admin/my_alpaka_urdf_ws/install/realsense2_camera_msgs/include/realsense2_camera_msgs/realsense2_camera_msgs/msg/extrinsics.hpp
[1.039s] -- Up-to-date: /home/alpaka-admin/my_alpaka_urdf_ws/install/realsense2_camera_msgs/include/realsense2_camera_msgs/realsense2_camera_msgs/msg/metadata.hpp
[1.039s] -- Up-to-date: /home/alpaka-admin/my_alpaka_urdf_ws/install/realsense2_camera_msgs/include/realsense2_camera_msgs/realsense2_camera_msgs/msg/imu_info.hpp
[1.039s] -- Up-to-date: /home/alpaka-admin/my_alpaka_urdf_ws/install/realsense2_camera_msgs/include/realsense2_camera_msgs/realsense2_camera_msgs/msg/detail
[1.039s] -- Up-to-date: /home/alpaka-admin/my_alpaka_urdf_ws/install/realsense2_camera_msgs/include/realsense2_camera_msgs/realsense2_camera_msgs/msg/detail/imu_info__traits.hpp
[1.039s] -- Up-to-date: /home/alpaka-admin/my_alpaka_urdf_ws/install/realsense2_camera_msgs/include/realsense2_camera_msgs/realsense2_camera_msgs/msg/detail/rgbd__struct.hpp
[1.040s] -- Up-to-date: /home/alpaka-admin/my_alpaka_urdf_ws/install/realsense2_camera_msgs/include/realsense2_camera_msgs/realsense2_camera_msgs/msg/detail/extrinsics__builder.hpp
[1.040s] -- Up-to-date: /home/alpaka-admin/my_alpaka_urdf_ws/install/realsense2_camera_msgs/include/realsense2_camera_msgs/realsense2_camera_msgs/msg/detail/extrinsics__struct.hpp
[1.040s] -- Up-to-date: /home/alpaka-admin/my_alpaka_urdf_ws/install/realsense2_camera_msgs/include/realsense2_camera_msgs/realsense2_camera_msgs/msg/detail/metadata__struct.hpp
[1.040s] -- Up-to-date: /home/alpaka-admin/my_alpaka_urdf_ws/install/realsense2_camera_msgs/include/realsense2_camera_msgs/realsense2_camera_msgs/msg/detail/rgbd__builder.hpp
[1.040s] -- Up-to-date: /home/alpaka-admin/my_alpaka_urdf_ws/install/realsense2_camera_msgs/include/realsense2_camera_msgs/realsense2_camera_msgs/msg/detail/rgbd__traits.hpp
[1.040s] -- Up-to-date: /home/alpaka-admin/my_alpaka_urdf_ws/install/realsense2_camera_msgs/include/realsense2_camera_msgs/realsense2_camera_msgs/msg/detail/metadata__builder.hpp
[1.040s] -- Up-to-date: /home/alpaka-admin/my_alpaka_urdf_ws/install/realsense2_camera_msgs/include/realsense2_camera_msgs/realsense2_camera_msgs/msg/detail/extrinsics__type_support.hpp
[1.040s] -- Up-to-date: /home/alpaka-admin/my_alpaka_urdf_ws/install/realsense2_camera_msgs/include/realsense2_camera_msgs/realsense2_camera_msgs/msg/detail/rgbd__type_support.hpp
[1.041s] -- Up-to-date: /home/alpaka-admin/my_alpaka_urdf_ws/install/realsense2_camera_msgs/include/realsense2_camera_msgs/realsense2_camera_msgs/msg/detail/metadata__traits.hpp
[1.041s] -- Up-to-date: /home/alpaka-admin/my_alpaka_urdf_ws/install/realsense2_camera_msgs/include/realsense2_camera_msgs/realsense2_camera_msgs/msg/detail/imu_info__builder.hpp
[1.042s] -- Up-to-date: /home/alpaka-admin/my_alpaka_urdf_ws/install/realsense2_camera_msgs/include/realsense2_camera_msgs/realsense2_camera_msgs/msg/detail/extrinsics__traits.hpp
[1.042s] -- Up-to-date: /home/alpaka-admin/my_alpaka_urdf_ws/install/realsense2_camera_msgs/include/realsense2_camera_msgs/realsense2_camera_msgs/msg/detail/metadata__type_support.hpp
[1.042s] -- Up-to-date: /home/alpaka-admin/my_alpaka_urdf_ws/install/realsense2_camera_msgs/include/realsense2_camera_msgs/realsense2_camera_msgs/msg/detail/imu_info__type_support.hpp
[1.042s] -- Up-to-date: /home/alpaka-admin/my_alpaka_urdf_ws/install/realsense2_camera_msgs/include/realsense2_camera_msgs/realsense2_camera_msgs/msg/detail/imu_info__struct.hpp
[1.042s] -- Up-to-date: /home/alpaka-admin/my_alpaka_urdf_ws/install/realsense2_camera_msgs/include/realsense2_camera_msgs/realsense2_camera_msgs/msg/rosidl_generator_cpp__visibility_control.hpp
[1.043s] -- Up-to-date: /home/alpaka-admin/my_alpaka_urdf_ws/install/realsense2_camera_msgs/include/realsense2_camera_msgs/realsense2_camera_msgs
[1.043s] -- Up-to-date: /home/alpaka-admin/my_alpaka_urdf_ws/install/realsense2_camera_msgs/include/realsense2_camera_msgs/realsense2_camera_msgs/srv
[1.043s] -- Up-to-date: /home/alpaka-admin/my_alpaka_urdf_ws/install/realsense2_camera_msgs/include/realsense2_camera_msgs/realsense2_camera_msgs/srv/detail
[1.043s] -- Up-to-date: /home/alpaka-admin/my_alpaka_urdf_ws/install/realsense2_camera_msgs/include/realsense2_camera_msgs/realsense2_camera_msgs/srv/detail/device_info__rosidl_typesupport_fastrtps_cpp.hpp
[1.043s] -- Up-to-date: /home/alpaka-admin/my_alpaka_urdf_ws/install/realsense2_camera_msgs/include/realsense2_camera_msgs/realsense2_camera_msgs/srv/detail/dds_fastrtps
[1.043s] -- Up-to-date: /home/alpaka-admin/my_alpaka_urdf_ws/install/realsense2_camera_msgs/include/realsense2_camera_msgs/realsense2_camera_msgs/msg
[1.043s] -- Up-to-date: /home/alpaka-admin/my_alpaka_urdf_ws/install/realsense2_camera_msgs/include/realsense2_camera_msgs/realsense2_camera_msgs/msg/rosidl_typesupport_fastrtps_cpp__visibility_control.h
[1.043s] -- Up-to-date: /home/alpaka-admin/my_alpaka_urdf_ws/install/realsense2_camera_msgs/include/realsense2_camera_msgs/realsense2_camera_msgs/msg/detail
[1.044s] -- Up-to-date: /home/alpaka-admin/my_alpaka_urdf_ws/install/realsense2_camera_msgs/include/realsense2_camera_msgs/realsense2_camera_msgs/msg/detail/extrinsics__rosidl_typesupport_fastrtps_cpp.hpp
[1.044s] -- Up-to-date: /home/alpaka-admin/my_alpaka_urdf_ws/install/realsense2_camera_msgs/include/realsense2_camera_msgs/realsense2_camera_msgs/msg/detail/imu_info__rosidl_typesupport_fastrtps_cpp.hpp
[1.044s] -- Up-to-date: /home/alpaka-admin/my_alpaka_urdf_ws/install/realsense2_camera_msgs/include/realsense2_camera_msgs/realsense2_camera_msgs/msg/detail/rgbd__rosidl_typesupport_fastrtps_cpp.hpp
[1.044s] -- Up-to-date: /home/alpaka-admin/my_alpaka_urdf_ws/install/realsense2_camera_msgs/include/realsense2_camera_msgs/realsense2_camera_msgs/msg/detail/metadata__rosidl_typesupport_fastrtps_cpp.hpp
[1.045s] -- Up-to-date: /home/alpaka-admin/my_alpaka_urdf_ws/install/realsense2_camera_msgs/include/realsense2_camera_msgs/realsense2_camera_msgs/msg/detail/dds_fastrtps
[1.045s] -- Up-to-date: /home/alpaka-admin/my_alpaka_urdf_ws/install/realsense2_camera_msgs/lib/librealsense2_camera_msgs__rosidl_typesupport_fastrtps_cpp.so
[1.045s] -- Up-to-date: /home/alpaka-admin/my_alpaka_urdf_ws/install/realsense2_camera_msgs/include/realsense2_camera_msgs/realsense2_camera_msgs
[1.045s] -- Up-to-date: /home/alpaka-admin/my_alpaka_urdf_ws/install/realsense2_camera_msgs/include/realsense2_camera_msgs/realsense2_camera_msgs/srv
[1.045s] -- Up-to-date: /home/alpaka-admin/my_alpaka_urdf_ws/install/realsense2_camera_msgs/include/realsense2_camera_msgs/realsense2_camera_msgs/srv/detail
[1.047s] -- Up-to-date: /home/alpaka-admin/my_alpaka_urdf_ws/install/realsense2_camera_msgs/include/realsense2_camera_msgs/realsense2_camera_msgs/srv/detail/device_info__rosidl_typesupport_introspection_cpp.hpp
[1.049s] -- Up-to-date: /home/alpaka-admin/my_alpaka_urdf_ws/install/realsense2_camera_msgs/include/realsense2_camera_msgs/realsense2_camera_msgs/srv/detail/device_info__type_support.cpp
[1.049s] -- Up-to-date: /home/alpaka-admin/my_alpaka_urdf_ws/install/realsense2_camera_msgs/include/realsense2_camera_msgs/realsense2_camera_msgs/msg
[1.050s] -- Up-to-date: /home/alpaka-admin/my_alpaka_urdf_ws/install/realsense2_camera_msgs/include/realsense2_camera_msgs/realsense2_camera_msgs/msg/detail
[1.053s] -- Up-to-date: /home/alpaka-admin/my_alpaka_urdf_ws/install/realsense2_camera_msgs/include/realsense2_camera_msgs/realsense2_camera_msgs/msg/detail/extrinsics__type_support.cpp
[1.056s] -- Up-to-date: /home/alpaka-admin/my_alpaka_urdf_ws/install/realsense2_camera_msgs/include/realsense2_camera_msgs/realsense2_camera_msgs/msg/detail/metadata__type_support.cpp
[1.056s] -- Up-to-date: /home/alpaka-admin/my_alpaka_urdf_ws/install/realsense2_camera_msgs/include/realsense2_camera_msgs/realsense2_camera_msgs/msg/detail/rgbd__type_support.cpp
[1.056s] -- Up-to-date: /home/alpaka-admin/my_alpaka_urdf_ws/install/realsense2_camera_msgs/include/realsense2_camera_msgs/realsense2_camera_msgs/msg/detail/imu_info__type_support.cpp
[1.056s] -- Up-to-date: /home/alpaka-admin/my_alpaka_urdf_ws/install/realsense2_camera_msgs/include/realsense2_camera_msgs/realsense2_camera_msgs/msg/detail/metadata__rosidl_typesupport_introspection_cpp.hpp
[1.056s] -- Up-to-date: /home/alpaka-admin/my_alpaka_urdf_ws/install/realsense2_camera_msgs/include/realsense2_camera_msgs/realsense2_camera_msgs/msg/detail/rgbd__rosidl_typesupport_introspection_cpp.hpp
[1.056s] -- Up-to-date: /home/alpaka-admin/my_alpaka_urdf_ws/install/realsense2_camera_msgs/include/realsense2_camera_msgs/realsense2_camera_msgs/msg/detail/imu_info__rosidl_typesupport_introspection_cpp.hpp
[1.057s] -- Up-to-date: /home/alpaka-admin/my_alpaka_urdf_ws/install/realsense2_camera_msgs/include/realsense2_camera_msgs/realsense2_camera_msgs/msg/detail/extrinsics__rosidl_typesupport_introspection_cpp.hpp
[1.057s] -- Up-to-date: /home/alpaka-admin/my_alpaka_urdf_ws/install/realsense2_camera_msgs/lib/librealsense2_camera_msgs__rosidl_typesupport_introspection_cpp.so
[1.057s] -- Up-to-date: /home/alpaka-admin/my_alpaka_urdf_ws/install/realsense2_camera_msgs/lib/librealsense2_camera_msgs__rosidl_typesupport_cpp.so
[1.058s] -- Up-to-date: /home/alpaka-admin/my_alpaka_urdf_ws/install/realsense2_camera_msgs/share/realsense2_camera_msgs/environment/pythonpath.sh
[1.058s] -- Up-to-date: /home/alpaka-admin/my_alpaka_urdf_ws/install/realsense2_camera_msgs/share/realsense2_camera_msgs/environment/pythonpath.dsv
[1.058s] -- Up-to-date: /home/alpaka-admin/my_alpaka_urdf_ws/install/realsense2_camera_msgs/local/lib/python3.10/dist-packages/realsense2_camera_msgs-4.55.1-py3.10.egg-info
[1.058s] -- Installing: /home/alpaka-admin/my_alpaka_urdf_ws/install/realsense2_camera_msgs/local/lib/python3.10/dist-packages/realsense2_camera_msgs-4.55.1-py3.10.egg-info/PKG-INFO
[1.058s] -- Installing: /home/alpaka-admin/my_alpaka_urdf_ws/install/realsense2_camera_msgs/local/lib/python3.10/dist-packages/realsense2_camera_msgs-4.55.1-py3.10.egg-info/SOURCES.txt
[1.058s] -- Installing: /home/alpaka-admin/my_alpaka_urdf_ws/install/realsense2_camera_msgs/local/lib/python3.10/dist-packages/realsense2_camera_msgs-4.55.1-py3.10.egg-info/top_level.txt
[1.058s] -- Installing: /home/alpaka-admin/my_alpaka_urdf_ws/install/realsense2_camera_msgs/local/lib/python3.10/dist-packages/realsense2_camera_msgs-4.55.1-py3.10.egg-info/dependency_links.txt
[1.058s] -- Up-to-date: /home/alpaka-admin/my_alpaka_urdf_ws/install/realsense2_camera_msgs/local/lib/python3.10/dist-packages/realsense2_camera_msgs
[1.058s] -- Up-to-date: /home/alpaka-admin/my_alpaka_urdf_ws/install/realsense2_camera_msgs/local/lib/python3.10/dist-packages/realsense2_camera_msgs/_realsense2_camera_msgs_s.ep.rosidl_typesupport_introspection_c.c
[1.058s] -- Up-to-date: /home/alpaka-admin/my_alpaka_urdf_ws/install/realsense2_camera_msgs/local/lib/python3.10/dist-packages/realsense2_camera_msgs/srv
[1.059s] -- Up-to-date: /home/alpaka-admin/my_alpaka_urdf_ws/install/realsense2_camera_msgs/local/lib/python3.10/dist-packages/realsense2_camera_msgs/srv/_device_info_s.c
[1.059s] -- Up-to-date: /home/alpaka-admin/my_alpaka_urdf_ws/install/realsense2_camera_msgs/local/lib/python3.10/dist-packages/realsense2_camera_msgs/srv/__init__.py
[1.059s] -- Up-to-date: /home/alpaka-admin/my_alpaka_urdf_ws/install/realsense2_camera_msgs/local/lib/python3.10/dist-packages/realsense2_camera_msgs/srv/_device_info.py
[1.060s] -- Up-to-date: /home/alpaka-admin/my_alpaka_urdf_ws/install/realsense2_camera_msgs/local/lib/python3.10/dist-packages/realsense2_camera_msgs/_realsense2_camera_msgs_s.ep.rosidl_typesupport_fastrtps_c.c
[1.060s] -- Up-to-date: /home/alpaka-admin/my_alpaka_urdf_ws/install/realsense2_camera_msgs/local/lib/python3.10/dist-packages/realsense2_camera_msgs/realsense2_camera_msgs_s__rosidl_typesupport_fastrtps_c.cpython-310-x86_64-linux-gnu.so
[1.060s] -- Up-to-date: /home/alpaka-admin/my_alpaka_urdf_ws/install/realsense2_camera_msgs/local/lib/python3.10/dist-packages/realsense2_camera_msgs/librealsense2_camera_msgs__rosidl_generator_py.so
[1.060s] -- Up-to-date: /home/alpaka-admin/my_alpaka_urdf_ws/install/realsense2_camera_msgs/local/lib/python3.10/dist-packages/realsense2_camera_msgs/realsense2_camera_msgs_s__rosidl_typesupport_introspection_c.cpython-310-x86_64-linux-gnu.so
[1.060s] -- Up-to-date: /home/alpaka-admin/my_alpaka_urdf_ws/install/realsense2_camera_msgs/local/lib/python3.10/dist-packages/realsense2_camera_msgs/realsense2_camera_msgs_s__rosidl_typesupport_c.cpython-310-x86_64-linux-gnu.so
[1.060s] -- Up-to-date: /home/alpaka-admin/my_alpaka_urdf_ws/install/realsense2_camera_msgs/local/lib/python3.10/dist-packages/realsense2_camera_msgs/msg
[1.060s] -- Up-to-date: /home/alpaka-admin/my_alpaka_urdf_ws/install/realsense2_camera_msgs/local/lib/python3.10/dist-packages/realsense2_camera_msgs/msg/_rgbd.py
[1.060s] -- Up-to-date: /home/alpaka-admin/my_alpaka_urdf_ws/install/realsense2_camera_msgs/local/lib/python3.10/dist-packages/realsense2_camera_msgs/msg/_extrinsics_s.c
[1.061s] -- Up-to-date: /home/alpaka-admin/my_alpaka_urdf_ws/install/realsense2_camera_msgs/local/lib/python3.10/dist-packages/realsense2_camera_msgs/msg/_rgbd_s.c
[1.061s] -- Up-to-date: /home/alpaka-admin/my_alpaka_urdf_ws/install/realsense2_camera_msgs/local/lib/python3.10/dist-packages/realsense2_camera_msgs/msg/_imu_info_s.c
[1.061s] -- Up-to-date: /home/alpaka-admin/my_alpaka_urdf_ws/install/realsense2_camera_msgs/local/lib/python3.10/dist-packages/realsense2_camera_msgs/msg/_metadata.py
[1.061s] -- Up-to-date: /home/alpaka-admin/my_alpaka_urdf_ws/install/realsense2_camera_msgs/local/lib/python3.10/dist-packages/realsense2_camera_msgs/msg/_extrinsics.py
[1.061s] -- Up-to-date: /home/alpaka-admin/my_alpaka_urdf_ws/install/realsense2_camera_msgs/local/lib/python3.10/dist-packages/realsense2_camera_msgs/msg/_imu_info.py
[1.061s] -- Up-to-date: /home/alpaka-admin/my_alpaka_urdf_ws/install/realsense2_camera_msgs/local/lib/python3.10/dist-packages/realsense2_camera_msgs/msg/_metadata_s.c
[1.061s] -- Up-to-date: /home/alpaka-admin/my_alpaka_urdf_ws/install/realsense2_camera_msgs/local/lib/python3.10/dist-packages/realsense2_camera_msgs/msg/__init__.py
[1.061s] -- Up-to-date: /home/alpaka-admin/my_alpaka_urdf_ws/install/realsense2_camera_msgs/local/lib/python3.10/dist-packages/realsense2_camera_msgs/_realsense2_camera_msgs_s.ep.rosidl_typesupport_c.c
[1.062s] -- Up-to-date: /home/alpaka-admin/my_alpaka_urdf_ws/install/realsense2_camera_msgs/local/lib/python3.10/dist-packages/realsense2_camera_msgs/__init__.py
[1.089s] Listing '/home/alpaka-admin/my_alpaka_urdf_ws/install/realsense2_camera_msgs/local/lib/python3.10/dist-packages/realsense2_camera_msgs'...
[1.090s] Listing '/home/alpaka-admin/my_alpaka_urdf_ws/install/realsense2_camera_msgs/local/lib/python3.10/dist-packages/realsense2_camera_msgs/msg'...
[1.090s] Listing '/home/alpaka-admin/my_alpaka_urdf_ws/install/realsense2_camera_msgs/local/lib/python3.10/dist-packages/realsense2_camera_msgs/srv'...
[1.095s] -- Up-to-date: /home/alpaka-admin/my_alpaka_urdf_ws/install/realsense2_camera_msgs/local/lib/python3.10/dist-packages/realsense2_camera_msgs/realsense2_camera_msgs_s__rosidl_typesupport_fastrtps_c.cpython-310-x86_64-linux-gnu.so
[1.096s] -- Up-to-date: /home/alpaka-admin/my_alpaka_urdf_ws/install/realsense2_camera_msgs/local/lib/python3.10/dist-packages/realsense2_camera_msgs/realsense2_camera_msgs_s__rosidl_typesupport_introspection_c.cpython-310-x86_64-linux-gnu.so
[1.096s] -- Up-to-date: /home/alpaka-admin/my_alpaka_urdf_ws/install/realsense2_camera_msgs/local/lib/python3.10/dist-packages/realsense2_camera_msgs/realsense2_camera_msgs_s__rosidl_typesupport_c.cpython-310-x86_64-linux-gnu.so
[1.096s] -- Up-to-date: /home/alpaka-admin/my_alpaka_urdf_ws/install/realsense2_camera_msgs/lib/librealsense2_camera_msgs__rosidl_generator_py.so
[1.097s] -- Up-to-date: /home/alpaka-admin/my_alpaka_urdf_ws/install/realsense2_camera_msgs/share/realsense2_camera_msgs/msg/IMUInfo.idl
[1.097s] -- Up-to-date: /home/alpaka-admin/my_alpaka_urdf_ws/install/realsense2_camera_msgs/share/realsense2_camera_msgs/msg/Extrinsics.idl
[1.097s] -- Up-to-date: /home/alpaka-admin/my_alpaka_urdf_ws/install/realsense2_camera_msgs/share/realsense2_camera_msgs/msg/Metadata.idl
[1.097s] -- Up-to-date: /home/alpaka-admin/my_alpaka_urdf_ws/install/realsense2_camera_msgs/share/realsense2_camera_msgs/msg/RGBD.idl
[1.097s] -- Up-to-date: /home/alpaka-admin/my_alpaka_urdf_ws/install/realsense2_camera_msgs/share/realsense2_camera_msgs/srv/DeviceInfo.idl
[1.097s] -- Up-to-date: /home/alpaka-admin/my_alpaka_urdf_ws/install/realsense2_camera_msgs/share/realsense2_camera_msgs/msg/IMUInfo.msg
[1.098s] -- Up-to-date: /home/alpaka-admin/my_alpaka_urdf_ws/install/realsense2_camera_msgs/share/realsense2_camera_msgs/msg/Extrinsics.msg
[1.098s] -- Up-to-date: /home/alpaka-admin/my_alpaka_urdf_ws/install/realsense2_camera_msgs/share/realsense2_camera_msgs/msg/Metadata.msg
[1.098s] -- Up-to-date: /home/alpaka-admin/my_alpaka_urdf_ws/install/realsense2_camera_msgs/share/realsense2_camera_msgs/msg/RGBD.msg
[1.098s] -- Up-to-date: /home/alpaka-admin/my_alpaka_urdf_ws/install/realsense2_camera_msgs/share/realsense2_camera_msgs/srv/DeviceInfo.srv
[1.098s] -- Up-to-date: /home/alpaka-admin/my_alpaka_urdf_ws/install/realsense2_camera_msgs/share/realsense2_camera_msgs/srv/DeviceInfo_Request.msg
[1.098s] -- Up-to-date: /home/alpaka-admin/my_alpaka_urdf_ws/install/realsense2_camera_msgs/share/realsense2_camera_msgs/srv/DeviceInfo_Response.msg
[1.098s] -- Up-to-date: /home/alpaka-admin/my_alpaka_urdf_ws/install/realsense2_camera_msgs/share/ament_index/resource_index/package_run_dependencies/realsense2_camera_msgs
[1.098s] -- Up-to-date: /home/alpaka-admin/my_alpaka_urdf_ws/install/realsense2_camera_msgs/share/ament_index/resource_index/parent_prefix_path/realsense2_camera_msgs
[1.098s] -- Up-to-date: /home/alpaka-admin/my_alpaka_urdf_ws/install/realsense2_camera_msgs/share/realsense2_camera_msgs/environment/ament_prefix_path.sh
[1.099s] -- Up-to-date: /home/alpaka-admin/my_alpaka_urdf_ws/install/realsense2_camera_msgs/share/realsense2_camera_msgs/environment/ament_prefix_path.dsv
[1.099s] -- Up-to-date: /home/alpaka-admin/my_alpaka_urdf_ws/install/realsense2_camera_msgs/share/realsense2_camera_msgs/environment/path.sh
[1.099s] -- Up-to-date: /home/alpaka-admin/my_alpaka_urdf_ws/install/realsense2_camera_msgs/share/realsense2_camera_msgs/environment/path.dsv
[1.099s] -- Up-to-date: /home/alpaka-admin/my_alpaka_urdf_ws/install/realsense2_camera_msgs/share/realsense2_camera_msgs/local_setup.bash
[1.099s] -- Up-to-date: /home/alpaka-admin/my_alpaka_urdf_ws/install/realsense2_camera_msgs/share/realsense2_camera_msgs/local_setup.sh
[1.099s] -- Up-to-date: /home/alpaka-admin/my_alpaka_urdf_ws/install/realsense2_camera_msgs/share/realsense2_camera_msgs/local_setup.zsh
[1.099s] -- Up-to-date: /home/alpaka-admin/my_alpaka_urdf_ws/install/realsense2_camera_msgs/share/realsense2_camera_msgs/local_setup.dsv
[1.099s] -- Installing: /home/alpaka-admin/my_alpaka_urdf_ws/install/realsense2_camera_msgs/share/realsense2_camera_msgs/package.dsv
[1.099s] -- Up-to-date: /home/alpaka-admin/my_alpaka_urdf_ws/install/realsense2_camera_msgs/share/ament_index/resource_index/packages/realsense2_camera_msgs
[1.100s] -- Up-to-date: /home/alpaka-admin/my_alpaka_urdf_ws/install/realsense2_camera_msgs/share/realsense2_camera_msgs/cmake/export_realsense2_camera_msgs__rosidl_generator_cExport.cmake
[1.100s] -- Up-to-date: /home/alpaka-admin/my_alpaka_urdf_ws/install/realsense2_camera_msgs/share/realsense2_camera_msgs/cmake/export_realsense2_camera_msgs__rosidl_generator_cExport-noconfig.cmake
[1.100s] -- Up-to-date: /home/alpaka-admin/my_alpaka_urdf_ws/install/realsense2_camera_msgs/share/realsense2_camera_msgs/cmake/export_realsense2_camera_msgs__rosidl_typesupport_fastrtps_cExport.cmake
[1.100s] -- Up-to-date: /home/alpaka-admin/my_alpaka_urdf_ws/install/realsense2_camera_msgs/share/realsense2_camera_msgs/cmake/export_realsense2_camera_msgs__rosidl_typesupport_fastrtps_cExport-noconfig.cmake
[1.100s] -- Up-to-date: /home/alpaka-admin/my_alpaka_urdf_ws/install/realsense2_camera_msgs/share/realsense2_camera_msgs/cmake/realsense2_camera_msgs__rosidl_typesupport_introspection_cExport.cmake
[1.100s] -- Up-to-date: /home/alpaka-admin/my_alpaka_urdf_ws/install/realsense2_camera_msgs/share/realsense2_camera_msgs/cmake/realsense2_camera_msgs__rosidl_typesupport_introspection_cExport-noconfig.cmake
[1.100s] -- Up-to-date: /home/alpaka-admin/my_alpaka_urdf_ws/install/realsense2_camera_msgs/share/realsense2_camera_msgs/cmake/realsense2_camera_msgs__rosidl_typesupport_cExport.cmake
[1.100s] -- Up-to-date: /home/alpaka-admin/my_alpaka_urdf_ws/install/realsense2_camera_msgs/share/realsense2_camera_msgs/cmake/realsense2_camera_msgs__rosidl_typesupport_cExport-noconfig.cmake
[1.100s] -- Up-to-date: /home/alpaka-admin/my_alpaka_urdf_ws/install/realsense2_camera_msgs/share/realsense2_camera_msgs/cmake/export_realsense2_camera_msgs__rosidl_generator_cppExport.cmake
[1.100s] -- Up-to-date: /home/alpaka-admin/my_alpaka_urdf_ws/install/realsense2_camera_msgs/share/realsense2_camera_msgs/cmake/export_realsense2_camera_msgs__rosidl_typesupport_fastrtps_cppExport.cmake
[1.101s] -- Up-to-date: /home/alpaka-admin/my_alpaka_urdf_ws/install/realsense2_camera_msgs/share/realsense2_camera_msgs/cmake/export_realsense2_camera_msgs__rosidl_typesupport_fastrtps_cppExport-noconfig.cmake
[1.101s] -- Up-to-date: /home/alpaka-admin/my_alpaka_urdf_ws/install/realsense2_camera_msgs/share/realsense2_camera_msgs/cmake/realsense2_camera_msgs__rosidl_typesupport_introspection_cppExport.cmake
[1.101s] -- Up-to-date: /home/alpaka-admin/my_alpaka_urdf_ws/install/realsense2_camera_msgs/share/realsense2_camera_msgs/cmake/realsense2_camera_msgs__rosidl_typesupport_introspection_cppExport-noconfig.cmake
[1.101s] -- Up-to-date: /home/alpaka-admin/my_alpaka_urdf_ws/install/realsense2_camera_msgs/share/realsense2_camera_msgs/cmake/realsense2_camera_msgs__rosidl_typesupport_cppExport.cmake
[1.101s] -- Up-to-date: /home/alpaka-admin/my_alpaka_urdf_ws/install/realsense2_camera_msgs/share/realsense2_camera_msgs/cmake/realsense2_camera_msgs__rosidl_typesupport_cppExport-noconfig.cmake
[1.101s] -- Up-to-date: /home/alpaka-admin/my_alpaka_urdf_ws/install/realsense2_camera_msgs/share/realsense2_camera_msgs/cmake/export_realsense2_camera_msgs__rosidl_generator_pyExport.cmake
[1.101s] -- Up-to-date: /home/alpaka-admin/my_alpaka_urdf_ws/install/realsense2_camera_msgs/share/realsense2_camera_msgs/cmake/export_realsense2_camera_msgs__rosidl_generator_pyExport-noconfig.cmake
[1.102s] -- Up-to-date: /home/alpaka-admin/my_alpaka_urdf_ws/install/realsense2_camera_msgs/share/realsense2_camera_msgs/cmake/rosidl_cmake-extras.cmake
[1.102s] -- Up-to-date: /home/alpaka-admin/my_alpaka_urdf_ws/install/realsense2_camera_msgs/share/realsense2_camera_msgs/cmake/ament_cmake_export_dependencies-extras.cmake
[1.102s] -- Up-to-date: /home/alpaka-admin/my_alpaka_urdf_ws/install/realsense2_camera_msgs/share/realsense2_camera_msgs/cmake/ament_cmake_export_include_directories-extras.cmake
[1.102s] -- Up-to-date: /home/alpaka-admin/my_alpaka_urdf_ws/install/realsense2_camera_msgs/share/realsense2_camera_msgs/cmake/ament_cmake_export_libraries-extras.cmake
[1.102s] -- Up-to-date: /home/alpaka-admin/my_alpaka_urdf_ws/install/realsense2_camera_msgs/share/realsense2_camera_msgs/cmake/ament_cmake_export_targets-extras.cmake
[1.102s] -- Up-to-date: /home/alpaka-admin/my_alpaka_urdf_ws/install/realsense2_camera_msgs/share/realsense2_camera_msgs/cmake/rosidl_cmake_export_typesupport_targets-extras.cmake
[1.103s] -- Up-to-date: /home/alpaka-admin/my_alpaka_urdf_ws/install/realsense2_camera_msgs/share/realsense2_camera_msgs/cmake/rosidl_cmake_export_typesupport_libraries-extras.cmake
[1.103s] -- Up-to-date: /home/alpaka-admin/my_alpaka_urdf_ws/install/realsense2_camera_msgs/share/realsense2_camera_msgs/cmake/realsense2_camera_msgsConfig.cmake
[1.103s] -- Up-to-date: /home/alpaka-admin/my_alpaka_urdf_ws/install/realsense2_camera_msgs/share/realsense2_camera_msgs/cmake/realsense2_camera_msgsConfig-version.cmake
[1.103s] -- Up-to-date: /home/alpaka-admin/my_alpaka_urdf_ws/install/realsense2_camera_msgs/share/realsense2_camera_msgs/package.xml
[1.107s] Invoked command in '/home/alpaka-admin/my_alpaka_urdf_ws/build/realsense2_camera_msgs' returned '0': CMAKE_PREFIX_PATH=/opt/ros/humble ROS_DOMAIN_ID=89 /usr/bin/cmake --install /home/alpaka-admin/my_alpaka_urdf_ws/build/realsense2_camera_msgs
