[0.365s] Invoking command in '/home/alpaka-admin/my_alpaka_urdf_ws/build/bringup': CMAKE_PREFIX_PATH=/opt/ros/humble ROS_DOMAIN_ID=23 /usr/bin/cmake --build /home/alpaka-admin/my_alpaka_urdf_ws/build/bringup -- -j8 -l8
[1.331s] Invoked command in '/home/alpaka-admin/my_alpaka_urdf_ws/build/bringup' returned '0': CMAKE_PREFIX_PATH=/opt/ros/humble ROS_DOMAIN_ID=23 /usr/bin/cmake --build /home/alpaka-admin/my_alpaka_urdf_ws/build/bringup -- -j8 -l8
[1.336s] Invoking command in '/home/alpaka-admin/my_alpaka_urdf_ws/build/bringup': CMAKE_PREFIX_PATH=/opt/ros/humble ROS_DOMAIN_ID=23 /usr/bin/cmake --install /home/alpaka-admin/my_alpaka_urdf_ws/build/bringup
[1.355s] -- Install configuration: ""
[1.355s] -- Up-to-date: /home/alpaka-admin/my_alpaka_urdf_ws/install/bringup/share/bringup/launch
[1.355s] -- Up-to-date: /home/alpaka-admin/my_alpaka_urdf_ws/install/bringup/share/bringup/launch/ur.launch.py
[1.355s] -- Up-to-date: /home/alpaka-admin/my_alpaka_urdf_ws/install/bringup/share/bringup/launch/moveit.launch.py
[1.356s] -- Up-to-date: /home/alpaka-admin/my_alpaka_urdf_ws/install/bringup/share/bringup/launch/alpaka.launch.py
[1.356s] -- Up-to-date: /home/alpaka-admin/my_alpaka_urdf_ws/install/bringup/share/ament_index/resource_index/package_run_dependencies/bringup
[1.356s] -- Up-to-date: /home/alpaka-admin/my_alpaka_urdf_ws/install/bringup/share/ament_index/resource_index/parent_prefix_path/bringup
[1.356s] -- Up-to-date: /home/alpaka-admin/my_alpaka_urdf_ws/install/bringup/share/bringup/environment/ament_prefix_path.sh
[1.356s] -- Up-to-date: /home/alpaka-admin/my_alpaka_urdf_ws/install/bringup/share/bringup/environment/ament_prefix_path.dsv
[1.357s] -- Up-to-date: /home/alpaka-admin/my_alpaka_urdf_ws/install/bringup/share/bringup/environment/path.sh
[1.357s] -- Up-to-date: /home/alpaka-admin/my_alpaka_urdf_ws/install/bringup/share/bringup/environment/path.dsv
[1.357s] -- Up-to-date: /home/alpaka-admin/my_alpaka_urdf_ws/install/bringup/share/bringup/local_setup.bash
[1.357s] -- Up-to-date: /home/alpaka-admin/my_alpaka_urdf_ws/install/bringup/share/bringup/local_setup.sh
[1.359s] -- Up-to-date: /home/alpaka-admin/my_alpaka_urdf_ws/install/bringup/share/bringup/local_setup.zsh
[1.359s] -- Up-to-date: /home/alpaka-admin/my_alpaka_urdf_ws/install/bringup/share/bringup/local_setup.dsv
[1.359s] -- Installing: /home/alpaka-admin/my_alpaka_urdf_ws/install/bringup/share/bringup/package.dsv
[1.359s] -- Up-to-date: /home/alpaka-admin/my_alpaka_urdf_ws/install/bringup/share/ament_index/resource_index/packages/bringup
[1.360s] -- Up-to-date: /home/alpaka-admin/my_alpaka_urdf_ws/install/bringup/share/bringup/cmake/bringupConfig.cmake
[1.360s] -- Up-to-date: /home/alpaka-admin/my_alpaka_urdf_ws/install/bringup/share/bringup/cmake/bringupConfig-version.cmake
[1.360s] -- Up-to-date: /home/alpaka-admin/my_alpaka_urdf_ws/install/bringup/share/bringup/package.xml
[1.364s] Invoked command in '/home/alpaka-admin/my_alpaka_urdf_ws/build/bringup' returned '0': CMAKE_PREFIX_PATH=/opt/ros/humble ROS_DOMAIN_ID=23 /usr/bin/cmake --install /home/alpaka-admin/my_alpaka_urdf_ws/build/bringup
