[0.237s] Invoking command in '/home/alpaka-admin/my_alpaka_urdf_ws/build/realsense2_camera_msgs': CMAKE_PREFIX_PATH=/opt/ros/humble ROS_DOMAIN_ID=84 /usr/bin/cmake --build /home/alpaka-admin/my_alpaka_urdf_ws/build/realsense2_camera_msgs -- -j8 -l8
[0.433s] [  1%] Built target realsense2_camera_msgs__cpp
[0.545s] [  1%] Built target ament_cmake_python_copy_realsense2_camera_msgs
[0.772s] [ 12%] Built target realsense2_camera_msgs__rosidl_typesupport_introspection_cpp
[1.992s] running egg_info
[1.996s] writing realsense2_camera_msgs.egg-info/PKG-INFO
[2.001s] writing dependency_links to realsense2_camera_msgs.egg-info/dependency_links.txt
[2.001s] writing top-level names to realsense2_camera_msgs.egg-info/top_level.txt
[2.010s] reading manifest file 'realsense2_camera_msgs.egg-info/SOURCES.txt'
[2.016s] writing manifest file 'realsense2_camera_msgs.egg-info/SOURCES.txt'
[2.124s] [ 12%] Built target ament_cmake_python_build_realsense2_camera_msgs_egg
[2.217s] [ 23%] Built target realsense2_camera_msgs__rosidl_typesupport_fastrtps_cpp
[2.297s] [ 34%] Built target realsense2_camera_msgs__rosidl_typesupport_cpp
[2.400s] [ 46%] Built target realsense2_camera_msgs__rosidl_generator_c
[2.550s] [ 57%] Built target realsense2_camera_msgs__rosidl_typesupport_fastrtps_c
[2.704s] [ 68%] Built target realsense2_camera_msgs__rosidl_typesupport_c
[2.839s] [ 79%] Built target realsense2_camera_msgs__rosidl_typesupport_introspection_c
[2.942s] [ 79%] Built target realsense2_camera_msgs
[3.011s] [ 80%] Built target realsense2_camera_msgs__py
[3.079s] [ 90%] Built target realsense2_camera_msgs__rosidl_generator_py
[3.133s] [ 93%] Built target realsense2_camera_msgs__rosidl_typesupport_fastrtps_c__pyext
[3.231s] [ 96%] Built target realsense2_camera_msgs__rosidl_typesupport_c__pyext
[3.300s] [100%] Built target realsense2_camera_msgs__rosidl_typesupport_introspection_c__pyext
[3.337s] Invoked command in '/home/alpaka-admin/my_alpaka_urdf_ws/build/realsense2_camera_msgs' returned '0': CMAKE_PREFIX_PATH=/opt/ros/humble ROS_DOMAIN_ID=84 /usr/bin/cmake --build /home/alpaka-admin/my_alpaka_urdf_ws/build/realsense2_camera_msgs -- -j8 -l8
[3.339s] Invoking command in '/home/alpaka-admin/my_alpaka_urdf_ws/build/realsense2_camera_msgs': CMAKE_PREFIX_PATH=/opt/ros/humble ROS_DOMAIN_ID=84 /usr/bin/cmake --install /home/alpaka-admin/my_alpaka_urdf_ws/build/realsense2_camera_msgs
[3.373s] -- Install configuration: ""
[3.376s] -- Up-to-date: /home/alpaka-admin/my_alpaka_urdf_ws/install/realsense2_camera_msgs/share/ament_index/resource_index/rosidl_interfaces/realsense2_camera_msgs
[3.377s] -- Up-to-date: /home/alpaka-admin/my_alpaka_urdf_ws/install/realsense2_camera_msgs/include/realsense2_camera_msgs/realsense2_camera_msgs
[3.380s] -- Up-to-date: /home/alpaka-admin/my_alpaka_urdf_ws/install/realsense2_camera_msgs/include/realsense2_camera_msgs/realsense2_camera_msgs/srv
[3.380s] -- Up-to-date: /home/alpaka-admin/my_alpaka_urdf_ws/install/realsense2_camera_msgs/include/realsense2_camera_msgs/realsense2_camera_msgs/srv/detail
[3.381s] -- Up-to-date: /home/alpaka-admin/my_alpaka_urdf_ws/install/realsense2_camera_msgs/include/realsense2_camera_msgs/realsense2_camera_msgs/srv/detail/device_info__functions.c
[3.382s] -- Up-to-date: /home/alpaka-admin/my_alpaka_urdf_ws/install/realsense2_camera_msgs/include/realsense2_camera_msgs/realsense2_camera_msgs/srv/detail/device_info__type_support.h
[3.384s] -- Up-to-date: /home/alpaka-admin/my_alpaka_urdf_ws/install/realsense2_camera_msgs/include/realsense2_camera_msgs/realsense2_camera_msgs/srv/detail/device_info__functions.h
[3.385s] -- Up-to-date: /home/alpaka-admin/my_alpaka_urdf_ws/install/realsense2_camera_msgs/include/realsense2_camera_msgs/realsense2_camera_msgs/srv/detail/device_info__struct.h
[3.387s] -- Up-to-date: /home/alpaka-admin/my_alpaka_urdf_ws/install/realsense2_camera_msgs/include/realsense2_camera_msgs/realsense2_camera_msgs/srv/device_info.h
[3.387s] -- Up-to-date: /home/alpaka-admin/my_alpaka_urdf_ws/install/realsense2_camera_msgs/include/realsense2_camera_msgs/realsense2_camera_msgs/msg
[3.387s] -- Up-to-date: /home/alpaka-admin/my_alpaka_urdf_ws/install/realsense2_camera_msgs/include/realsense2_camera_msgs/realsense2_camera_msgs/msg/rosidl_generator_c__visibility_control.h
[3.388s] -- Up-to-date: /home/alpaka-admin/my_alpaka_urdf_ws/install/realsense2_camera_msgs/include/realsense2_camera_msgs/realsense2_camera_msgs/msg/rgbd.h
[3.388s] -- Up-to-date: /home/alpaka-admin/my_alpaka_urdf_ws/install/realsense2_camera_msgs/include/realsense2_camera_msgs/realsense2_camera_msgs/msg/metadata.h
[3.388s] -- Up-to-date: /home/alpaka-admin/my_alpaka_urdf_ws/install/realsense2_camera_msgs/include/realsense2_camera_msgs/realsense2_camera_msgs/msg/detail
[3.388s] -- Up-to-date: /home/alpaka-admin/my_alpaka_urdf_ws/install/realsense2_camera_msgs/include/realsense2_camera_msgs/realsense2_camera_msgs/msg/detail/imu_info__type_support.h
[3.388s] -- Up-to-date: /home/alpaka-admin/my_alpaka_urdf_ws/install/realsense2_camera_msgs/include/realsense2_camera_msgs/realsense2_camera_msgs/msg/detail/imu_info__functions.h
[3.390s] -- Up-to-date: /home/alpaka-admin/my_alpaka_urdf_ws/install/realsense2_camera_msgs/include/realsense2_camera_msgs/realsense2_camera_msgs/msg/detail/rgbd__type_support.h
[3.391s] -- Up-to-date: /home/alpaka-admin/my_alpaka_urdf_ws/install/realsense2_camera_msgs/include/realsense2_camera_msgs/realsense2_camera_msgs/msg/detail/metadata__struct.h
[3.391s] -- Up-to-date: /home/alpaka-admin/my_alpaka_urdf_ws/install/realsense2_camera_msgs/include/realsense2_camera_msgs/realsense2_camera_msgs/msg/detail/imu_info__struct.h
[3.392s] -- Up-to-date: /home/alpaka-admin/my_alpaka_urdf_ws/install/realsense2_camera_msgs/include/realsense2_camera_msgs/realsense2_camera_msgs/msg/detail/extrinsics__type_support.h
[3.392s] -- Up-to-date: /home/alpaka-admin/my_alpaka_urdf_ws/install/realsense2_camera_msgs/include/realsense2_camera_msgs/realsense2_camera_msgs/msg/detail/extrinsics__functions.c
[3.392s] -- Up-to-date: /home/alpaka-admin/my_alpaka_urdf_ws/install/realsense2_camera_msgs/include/realsense2_camera_msgs/realsense2_camera_msgs/msg/detail/metadata__type_support.h
[3.393s] -- Up-to-date: /home/alpaka-admin/my_alpaka_urdf_ws/install/realsense2_camera_msgs/include/realsense2_camera_msgs/realsense2_camera_msgs/msg/detail/metadata__functions.c
[3.393s] -- Up-to-date: /home/alpaka-admin/my_alpaka_urdf_ws/install/realsense2_camera_msgs/include/realsense2_camera_msgs/realsense2_camera_msgs/msg/detail/metadata__functions.h
[3.394s] -- Up-to-date: /home/alpaka-admin/my_alpaka_urdf_ws/install/realsense2_camera_msgs/include/realsense2_camera_msgs/realsense2_camera_msgs/msg/detail/extrinsics__struct.h
[3.394s] -- Up-to-date: /home/alpaka-admin/my_alpaka_urdf_ws/install/realsense2_camera_msgs/include/realsense2_camera_msgs/realsense2_camera_msgs/msg/detail/rgbd__struct.h
[3.394s] -- Up-to-date: /home/alpaka-admin/my_alpaka_urdf_ws/install/realsense2_camera_msgs/include/realsense2_camera_msgs/realsense2_camera_msgs/msg/detail/imu_info__functions.c
[3.394s] -- Up-to-date: /home/alpaka-admin/my_alpaka_urdf_ws/install/realsense2_camera_msgs/include/realsense2_camera_msgs/realsense2_camera_msgs/msg/detail/rgbd__functions.c
[3.395s] -- Up-to-date: /home/alpaka-admin/my_alpaka_urdf_ws/install/realsense2_camera_msgs/include/realsense2_camera_msgs/realsense2_camera_msgs/msg/detail/rgbd__functions.h
[3.396s] -- Up-to-date: /home/alpaka-admin/my_alpaka_urdf_ws/install/realsense2_camera_msgs/include/realsense2_camera_msgs/realsense2_camera_msgs/msg/detail/extrinsics__functions.h
[3.396s] -- Up-to-date: /home/alpaka-admin/my_alpaka_urdf_ws/install/realsense2_camera_msgs/include/realsense2_camera_msgs/realsense2_camera_msgs/msg/imu_info.h
[3.396s] -- Up-to-date: /home/alpaka-admin/my_alpaka_urdf_ws/install/realsense2_camera_msgs/include/realsense2_camera_msgs/realsense2_camera_msgs/msg/extrinsics.h
[3.397s] -- Up-to-date: /home/alpaka-admin/my_alpaka_urdf_ws/install/realsense2_camera_msgs/share/realsense2_camera_msgs/environment/library_path.sh
[3.397s] -- Up-to-date: /home/alpaka-admin/my_alpaka_urdf_ws/install/realsense2_camera_msgs/share/realsense2_camera_msgs/environment/library_path.dsv
[3.398s] -- Up-to-date: /home/alpaka-admin/my_alpaka_urdf_ws/install/realsense2_camera_msgs/lib/librealsense2_camera_msgs__rosidl_generator_c.so
[3.398s] -- Up-to-date: /home/alpaka-admin/my_alpaka_urdf_ws/install/realsense2_camera_msgs/include/realsense2_camera_msgs/realsense2_camera_msgs
[3.398s] -- Up-to-date: /home/alpaka-admin/my_alpaka_urdf_ws/install/realsense2_camera_msgs/include/realsense2_camera_msgs/realsense2_camera_msgs/srv
[3.399s] -- Up-to-date: /home/alpaka-admin/my_alpaka_urdf_ws/install/realsense2_camera_msgs/include/realsense2_camera_msgs/realsense2_camera_msgs/srv/detail
[3.399s] -- Up-to-date: /home/alpaka-admin/my_alpaka_urdf_ws/install/realsense2_camera_msgs/include/realsense2_camera_msgs/realsense2_camera_msgs/srv/detail/device_info__rosidl_typesupport_fastrtps_c.h
[3.400s] -- Up-to-date: /home/alpaka-admin/my_alpaka_urdf_ws/install/realsense2_camera_msgs/include/realsense2_camera_msgs/realsense2_camera_msgs/msg
[3.400s] -- Up-to-date: /home/alpaka-admin/my_alpaka_urdf_ws/install/realsense2_camera_msgs/include/realsense2_camera_msgs/realsense2_camera_msgs/msg/rosidl_typesupport_fastrtps_c__visibility_control.h
[3.400s] -- Up-to-date: /home/alpaka-admin/my_alpaka_urdf_ws/install/realsense2_camera_msgs/include/realsense2_camera_msgs/realsense2_camera_msgs/msg/detail
[3.400s] -- Up-to-date: /home/alpaka-admin/my_alpaka_urdf_ws/install/realsense2_camera_msgs/include/realsense2_camera_msgs/realsense2_camera_msgs/msg/detail/rgbd__rosidl_typesupport_fastrtps_c.h
[3.400s] -- Up-to-date: /home/alpaka-admin/my_alpaka_urdf_ws/install/realsense2_camera_msgs/include/realsense2_camera_msgs/realsense2_camera_msgs/msg/detail/metadata__rosidl_typesupport_fastrtps_c.h
[3.401s] -- Up-to-date: /home/alpaka-admin/my_alpaka_urdf_ws/install/realsense2_camera_msgs/include/realsense2_camera_msgs/realsense2_camera_msgs/msg/detail/extrinsics__rosidl_typesupport_fastrtps_c.h
[3.402s] -- Up-to-date: /home/alpaka-admin/my_alpaka_urdf_ws/install/realsense2_camera_msgs/include/realsense2_camera_msgs/realsense2_camera_msgs/msg/detail/imu_info__rosidl_typesupport_fastrtps_c.h
[3.402s] -- Up-to-date: /home/alpaka-admin/my_alpaka_urdf_ws/install/realsense2_camera_msgs/lib/librealsense2_camera_msgs__rosidl_typesupport_fastrtps_c.so
[3.403s] -- Up-to-date: /home/alpaka-admin/my_alpaka_urdf_ws/install/realsense2_camera_msgs/include/realsense2_camera_msgs/realsense2_camera_msgs
[3.403s] -- Up-to-date: /home/alpaka-admin/my_alpaka_urdf_ws/install/realsense2_camera_msgs/include/realsense2_camera_msgs/realsense2_camera_msgs/srv
[3.404s] -- Up-to-date: /home/alpaka-admin/my_alpaka_urdf_ws/install/realsense2_camera_msgs/include/realsense2_camera_msgs/realsense2_camera_msgs/srv/detail
[3.405s] -- Up-to-date: /home/alpaka-admin/my_alpaka_urdf_ws/install/realsense2_camera_msgs/include/realsense2_camera_msgs/realsense2_camera_msgs/srv/detail/device_info__rosidl_typesupport_introspection_c.h
[3.405s] -- Up-to-date: /home/alpaka-admin/my_alpaka_urdf_ws/install/realsense2_camera_msgs/include/realsense2_camera_msgs/realsense2_camera_msgs/srv/detail/device_info__type_support.c
[3.405s] -- Up-to-date: /home/alpaka-admin/my_alpaka_urdf_ws/install/realsense2_camera_msgs/include/realsense2_camera_msgs/realsense2_camera_msgs/msg
[3.406s] -- Up-to-date: /home/alpaka-admin/my_alpaka_urdf_ws/install/realsense2_camera_msgs/include/realsense2_camera_msgs/realsense2_camera_msgs/msg/detail
[3.406s] -- Up-to-date: /home/alpaka-admin/my_alpaka_urdf_ws/install/realsense2_camera_msgs/include/realsense2_camera_msgs/realsense2_camera_msgs/msg/detail/imu_info__type_support.c
[3.406s] -- Up-to-date: /home/alpaka-admin/my_alpaka_urdf_ws/install/realsense2_camera_msgs/include/realsense2_camera_msgs/realsense2_camera_msgs/msg/detail/metadata__type_support.c
[3.406s] -- Up-to-date: /home/alpaka-admin/my_alpaka_urdf_ws/install/realsense2_camera_msgs/include/realsense2_camera_msgs/realsense2_camera_msgs/msg/detail/extrinsics__rosidl_typesupport_introspection_c.h
[3.407s] -- Up-to-date: /home/alpaka-admin/my_alpaka_urdf_ws/install/realsense2_camera_msgs/include/realsense2_camera_msgs/realsense2_camera_msgs/msg/detail/imu_info__rosidl_typesupport_introspection_c.h
[3.407s] -- Up-to-date: /home/alpaka-admin/my_alpaka_urdf_ws/install/realsense2_camera_msgs/include/realsense2_camera_msgs/realsense2_camera_msgs/msg/detail/rgbd__type_support.c
[3.408s] -- Up-to-date: /home/alpaka-admin/my_alpaka_urdf_ws/install/realsense2_camera_msgs/include/realsense2_camera_msgs/realsense2_camera_msgs/msg/detail/extrinsics__type_support.c
[3.408s] -- Up-to-date: /home/alpaka-admin/my_alpaka_urdf_ws/install/realsense2_camera_msgs/include/realsense2_camera_msgs/realsense2_camera_msgs/msg/detail/rgbd__rosidl_typesupport_introspection_c.h
[3.408s] -- Up-to-date: /home/alpaka-admin/my_alpaka_urdf_ws/install/realsense2_camera_msgs/include/realsense2_camera_msgs/realsense2_camera_msgs/msg/detail/metadata__rosidl_typesupport_introspection_c.h
[3.408s] -- Up-to-date: /home/alpaka-admin/my_alpaka_urdf_ws/install/realsense2_camera_msgs/include/realsense2_camera_msgs/realsense2_camera_msgs/msg/rosidl_typesupport_introspection_c__visibility_control.h
[3.409s] -- Up-to-date: /home/alpaka-admin/my_alpaka_urdf_ws/install/realsense2_camera_msgs/lib/librealsense2_camera_msgs__rosidl_typesupport_introspection_c.so
[3.409s] -- Up-to-date: /home/alpaka-admin/my_alpaka_urdf_ws/install/realsense2_camera_msgs/lib/librealsense2_camera_msgs__rosidl_typesupport_c.so
[3.409s] -- Up-to-date: /home/alpaka-admin/my_alpaka_urdf_ws/install/realsense2_camera_msgs/include/realsense2_camera_msgs/realsense2_camera_msgs
[3.410s] -- Up-to-date: /home/alpaka-admin/my_alpaka_urdf_ws/install/realsense2_camera_msgs/include/realsense2_camera_msgs/realsense2_camera_msgs/srv
[3.410s] -- Up-to-date: /home/alpaka-admin/my_alpaka_urdf_ws/install/realsense2_camera_msgs/include/realsense2_camera_msgs/realsense2_camera_msgs/srv/detail
[3.410s] -- Up-to-date: /home/alpaka-admin/my_alpaka_urdf_ws/install/realsense2_camera_msgs/include/realsense2_camera_msgs/realsense2_camera_msgs/srv/detail/device_info__builder.hpp
[3.411s] -- Up-to-date: /home/alpaka-admin/my_alpaka_urdf_ws/install/realsense2_camera_msgs/include/realsense2_camera_msgs/realsense2_camera_msgs/srv/detail/device_info__traits.hpp
[3.411s] -- Up-to-date: /home/alpaka-admin/my_alpaka_urdf_ws/install/realsense2_camera_msgs/include/realsense2_camera_msgs/realsense2_camera_msgs/srv/detail/device_info__struct.hpp
[3.411s] -- Up-to-date: /home/alpaka-admin/my_alpaka_urdf_ws/install/realsense2_camera_msgs/include/realsense2_camera_msgs/realsense2_camera_msgs/srv/detail/device_info__type_support.hpp
[3.412s] -- Up-to-date: /home/alpaka-admin/my_alpaka_urdf_ws/install/realsense2_camera_msgs/include/realsense2_camera_msgs/realsense2_camera_msgs/srv/device_info.hpp
[3.412s] -- Up-to-date: /home/alpaka-admin/my_alpaka_urdf_ws/install/realsense2_camera_msgs/include/realsense2_camera_msgs/realsense2_camera_msgs/msg
[3.412s] -- Up-to-date: /home/alpaka-admin/my_alpaka_urdf_ws/install/realsense2_camera_msgs/include/realsense2_camera_msgs/realsense2_camera_msgs/msg/rgbd.hpp
[3.412s] -- Up-to-date: /home/alpaka-admin/my_alpaka_urdf_ws/install/realsense2_camera_msgs/include/realsense2_camera_msgs/realsense2_camera_msgs/msg/extrinsics.hpp
[3.412s] -- Up-to-date: /home/alpaka-admin/my_alpaka_urdf_ws/install/realsense2_camera_msgs/include/realsense2_camera_msgs/realsense2_camera_msgs/msg/metadata.hpp
[3.413s] -- Up-to-date: /home/alpaka-admin/my_alpaka_urdf_ws/install/realsense2_camera_msgs/include/realsense2_camera_msgs/realsense2_camera_msgs/msg/imu_info.hpp
[3.414s] -- Up-to-date: /home/alpaka-admin/my_alpaka_urdf_ws/install/realsense2_camera_msgs/include/realsense2_camera_msgs/realsense2_camera_msgs/msg/detail
[3.414s] -- Up-to-date: /home/alpaka-admin/my_alpaka_urdf_ws/install/realsense2_camera_msgs/include/realsense2_camera_msgs/realsense2_camera_msgs/msg/detail/imu_info__traits.hpp
[3.414s] -- Up-to-date: /home/alpaka-admin/my_alpaka_urdf_ws/install/realsense2_camera_msgs/include/realsense2_camera_msgs/realsense2_camera_msgs/msg/detail/rgbd__struct.hpp
[3.414s] -- Up-to-date: /home/alpaka-admin/my_alpaka_urdf_ws/install/realsense2_camera_msgs/include/realsense2_camera_msgs/realsense2_camera_msgs/msg/detail/extrinsics__builder.hpp
[3.415s] -- Up-to-date: /home/alpaka-admin/my_alpaka_urdf_ws/install/realsense2_camera_msgs/include/realsense2_camera_msgs/realsense2_camera_msgs/msg/detail/extrinsics__struct.hpp
[3.415s] -- Up-to-date: /home/alpaka-admin/my_alpaka_urdf_ws/install/realsense2_camera_msgs/include/realsense2_camera_msgs/realsense2_camera_msgs/msg/detail/metadata__struct.hpp
[3.416s] -- Up-to-date: /home/alpaka-admin/my_alpaka_urdf_ws/install/realsense2_camera_msgs/include/realsense2_camera_msgs/realsense2_camera_msgs/msg/detail/rgbd__builder.hpp
[3.417s] -- Up-to-date: /home/alpaka-admin/my_alpaka_urdf_ws/install/realsense2_camera_msgs/include/realsense2_camera_msgs/realsense2_camera_msgs/msg/detail/rgbd__traits.hpp
[3.417s] -- Up-to-date: /home/alpaka-admin/my_alpaka_urdf_ws/install/realsense2_camera_msgs/include/realsense2_camera_msgs/realsense2_camera_msgs/msg/detail/metadata__builder.hpp
[3.418s] -- Up-to-date: /home/alpaka-admin/my_alpaka_urdf_ws/install/realsense2_camera_msgs/include/realsense2_camera_msgs/realsense2_camera_msgs/msg/detail/extrinsics__type_support.hpp
[3.418s] -- Up-to-date: /home/alpaka-admin/my_alpaka_urdf_ws/install/realsense2_camera_msgs/include/realsense2_camera_msgs/realsense2_camera_msgs/msg/detail/rgbd__type_support.hpp
[3.419s] -- Up-to-date: /home/alpaka-admin/my_alpaka_urdf_ws/install/realsense2_camera_msgs/include/realsense2_camera_msgs/realsense2_camera_msgs/msg/detail/metadata__traits.hpp
[3.419s] -- Up-to-date: /home/alpaka-admin/my_alpaka_urdf_ws/install/realsense2_camera_msgs/include/realsense2_camera_msgs/realsense2_camera_msgs/msg/detail/imu_info__builder.hpp
[3.419s] -- Up-to-date: /home/alpaka-admin/my_alpaka_urdf_ws/install/realsense2_camera_msgs/include/realsense2_camera_msgs/realsense2_camera_msgs/msg/detail/extrinsics__traits.hpp
[3.419s] -- Up-to-date: /home/alpaka-admin/my_alpaka_urdf_ws/install/realsense2_camera_msgs/include/realsense2_camera_msgs/realsense2_camera_msgs/msg/detail/metadata__type_support.hpp
[3.420s] -- Up-to-date: /home/alpaka-admin/my_alpaka_urdf_ws/install/realsense2_camera_msgs/include/realsense2_camera_msgs/realsense2_camera_msgs/msg/detail/imu_info__type_support.hpp
[3.420s] -- Up-to-date: /home/alpaka-admin/my_alpaka_urdf_ws/install/realsense2_camera_msgs/include/realsense2_camera_msgs/realsense2_camera_msgs/msg/detail/imu_info__struct.hpp
[3.420s] -- Up-to-date: /home/alpaka-admin/my_alpaka_urdf_ws/install/realsense2_camera_msgs/include/realsense2_camera_msgs/realsense2_camera_msgs/msg/rosidl_generator_cpp__visibility_control.hpp
[3.420s] -- Up-to-date: /home/alpaka-admin/my_alpaka_urdf_ws/install/realsense2_camera_msgs/include/realsense2_camera_msgs/realsense2_camera_msgs
[3.420s] -- Up-to-date: /home/alpaka-admin/my_alpaka_urdf_ws/install/realsense2_camera_msgs/include/realsense2_camera_msgs/realsense2_camera_msgs/srv
[3.421s] -- Up-to-date: /home/alpaka-admin/my_alpaka_urdf_ws/install/realsense2_camera_msgs/include/realsense2_camera_msgs/realsense2_camera_msgs/srv/detail
[3.423s] -- Up-to-date: /home/alpaka-admin/my_alpaka_urdf_ws/install/realsense2_camera_msgs/include/realsense2_camera_msgs/realsense2_camera_msgs/srv/detail/device_info__rosidl_typesupport_fastrtps_cpp.hpp
[3.424s] -- Up-to-date: /home/alpaka-admin/my_alpaka_urdf_ws/install/realsense2_camera_msgs/include/realsense2_camera_msgs/realsense2_camera_msgs/srv/detail/dds_fastrtps
[3.424s] -- Up-to-date: /home/alpaka-admin/my_alpaka_urdf_ws/install/realsense2_camera_msgs/include/realsense2_camera_msgs/realsense2_camera_msgs/msg
[3.425s] -- Up-to-date: /home/alpaka-admin/my_alpaka_urdf_ws/install/realsense2_camera_msgs/include/realsense2_camera_msgs/realsense2_camera_msgs/msg/rosidl_typesupport_fastrtps_cpp__visibility_control.h
[3.425s] -- Up-to-date: /home/alpaka-admin/my_alpaka_urdf_ws/install/realsense2_camera_msgs/include/realsense2_camera_msgs/realsense2_camera_msgs/msg/detail
[3.425s] -- Up-to-date: /home/alpaka-admin/my_alpaka_urdf_ws/install/realsense2_camera_msgs/include/realsense2_camera_msgs/realsense2_camera_msgs/msg/detail/extrinsics__rosidl_typesupport_fastrtps_cpp.hpp
[3.425s] -- Up-to-date: /home/alpaka-admin/my_alpaka_urdf_ws/install/realsense2_camera_msgs/include/realsense2_camera_msgs/realsense2_camera_msgs/msg/detail/imu_info__rosidl_typesupport_fastrtps_cpp.hpp
[3.427s] -- Up-to-date: /home/alpaka-admin/my_alpaka_urdf_ws/install/realsense2_camera_msgs/include/realsense2_camera_msgs/realsense2_camera_msgs/msg/detail/rgbd__rosidl_typesupport_fastrtps_cpp.hpp
[3.429s] -- Up-to-date: /home/alpaka-admin/my_alpaka_urdf_ws/install/realsense2_camera_msgs/include/realsense2_camera_msgs/realsense2_camera_msgs/msg/detail/metadata__rosidl_typesupport_fastrtps_cpp.hpp
[3.430s] -- Up-to-date: /home/alpaka-admin/my_alpaka_urdf_ws/install/realsense2_camera_msgs/include/realsense2_camera_msgs/realsense2_camera_msgs/msg/detail/dds_fastrtps
[3.431s] -- Up-to-date: /home/alpaka-admin/my_alpaka_urdf_ws/install/realsense2_camera_msgs/lib/librealsense2_camera_msgs__rosidl_typesupport_fastrtps_cpp.so
[3.431s] -- Up-to-date: /home/alpaka-admin/my_alpaka_urdf_ws/install/realsense2_camera_msgs/include/realsense2_camera_msgs/realsense2_camera_msgs
[3.431s] -- Up-to-date: /home/alpaka-admin/my_alpaka_urdf_ws/install/realsense2_camera_msgs/include/realsense2_camera_msgs/realsense2_camera_msgs/srv
[3.432s] -- Up-to-date: /home/alpaka-admin/my_alpaka_urdf_ws/install/realsense2_camera_msgs/include/realsense2_camera_msgs/realsense2_camera_msgs/srv/detail
[3.432s] -- Up-to-date: /home/alpaka-admin/my_alpaka_urdf_ws/install/realsense2_camera_msgs/include/realsense2_camera_msgs/realsense2_camera_msgs/srv/detail/device_info__rosidl_typesupport_introspection_cpp.hpp
[3.432s] -- Up-to-date: /home/alpaka-admin/my_alpaka_urdf_ws/install/realsense2_camera_msgs/include/realsense2_camera_msgs/realsense2_camera_msgs/srv/detail/device_info__type_support.cpp
[3.432s] -- Up-to-date: /home/alpaka-admin/my_alpaka_urdf_ws/install/realsense2_camera_msgs/include/realsense2_camera_msgs/realsense2_camera_msgs/msg
[3.433s] -- Up-to-date: /home/alpaka-admin/my_alpaka_urdf_ws/install/realsense2_camera_msgs/include/realsense2_camera_msgs/realsense2_camera_msgs/msg/detail
[3.433s] -- Up-to-date: /home/alpaka-admin/my_alpaka_urdf_ws/install/realsense2_camera_msgs/include/realsense2_camera_msgs/realsense2_camera_msgs/msg/detail/extrinsics__type_support.cpp
[3.434s] -- Up-to-date: /home/alpaka-admin/my_alpaka_urdf_ws/install/realsense2_camera_msgs/include/realsense2_camera_msgs/realsense2_camera_msgs/msg/detail/metadata__type_support.cpp
[3.436s] -- Up-to-date: /home/alpaka-admin/my_alpaka_urdf_ws/install/realsense2_camera_msgs/include/realsense2_camera_msgs/realsense2_camera_msgs/msg/detail/rgbd__type_support.cpp
[3.436s] -- Up-to-date: /home/alpaka-admin/my_alpaka_urdf_ws/install/realsense2_camera_msgs/include/realsense2_camera_msgs/realsense2_camera_msgs/msg/detail/imu_info__type_support.cpp
[3.436s] -- Up-to-date: /home/alpaka-admin/my_alpaka_urdf_ws/install/realsense2_camera_msgs/include/realsense2_camera_msgs/realsense2_camera_msgs/msg/detail/metadata__rosidl_typesupport_introspection_cpp.hpp
[3.436s] -- Up-to-date: /home/alpaka-admin/my_alpaka_urdf_ws/install/realsense2_camera_msgs/include/realsense2_camera_msgs/realsense2_camera_msgs/msg/detail/rgbd__rosidl_typesupport_introspection_cpp.hpp
[3.437s] -- Up-to-date: /home/alpaka-admin/my_alpaka_urdf_ws/install/realsense2_camera_msgs/include/realsense2_camera_msgs/realsense2_camera_msgs/msg/detail/imu_info__rosidl_typesupport_introspection_cpp.hpp
[3.437s] -- Up-to-date: /home/alpaka-admin/my_alpaka_urdf_ws/install/realsense2_camera_msgs/include/realsense2_camera_msgs/realsense2_camera_msgs/msg/detail/extrinsics__rosidl_typesupport_introspection_cpp.hpp
[3.437s] -- Up-to-date: /home/alpaka-admin/my_alpaka_urdf_ws/install/realsense2_camera_msgs/lib/librealsense2_camera_msgs__rosidl_typesupport_introspection_cpp.so
[3.437s] -- Up-to-date: /home/alpaka-admin/my_alpaka_urdf_ws/install/realsense2_camera_msgs/lib/librealsense2_camera_msgs__rosidl_typesupport_cpp.so
[3.437s] -- Up-to-date: /home/alpaka-admin/my_alpaka_urdf_ws/install/realsense2_camera_msgs/share/realsense2_camera_msgs/environment/pythonpath.sh
[3.438s] -- Up-to-date: /home/alpaka-admin/my_alpaka_urdf_ws/install/realsense2_camera_msgs/share/realsense2_camera_msgs/environment/pythonpath.dsv
[3.438s] -- Up-to-date: /home/alpaka-admin/my_alpaka_urdf_ws/install/realsense2_camera_msgs/local/lib/python3.10/dist-packages/realsense2_camera_msgs-4.55.1-py3.10.egg-info
[3.438s] -- Installing: /home/alpaka-admin/my_alpaka_urdf_ws/install/realsense2_camera_msgs/local/lib/python3.10/dist-packages/realsense2_camera_msgs-4.55.1-py3.10.egg-info/PKG-INFO
[3.438s] -- Installing: /home/alpaka-admin/my_alpaka_urdf_ws/install/realsense2_camera_msgs/local/lib/python3.10/dist-packages/realsense2_camera_msgs-4.55.1-py3.10.egg-info/SOURCES.txt
[3.438s] -- Installing: /home/alpaka-admin/my_alpaka_urdf_ws/install/realsense2_camera_msgs/local/lib/python3.10/dist-packages/realsense2_camera_msgs-4.55.1-py3.10.egg-info/top_level.txt
[3.439s] -- Installing: /home/alpaka-admin/my_alpaka_urdf_ws/install/realsense2_camera_msgs/local/lib/python3.10/dist-packages/realsense2_camera_msgs-4.55.1-py3.10.egg-info/dependency_links.txt
[3.439s] -- Up-to-date: /home/alpaka-admin/my_alpaka_urdf_ws/install/realsense2_camera_msgs/local/lib/python3.10/dist-packages/realsense2_camera_msgs
[3.440s] -- Up-to-date: /home/alpaka-admin/my_alpaka_urdf_ws/install/realsense2_camera_msgs/local/lib/python3.10/dist-packages/realsense2_camera_msgs/_realsense2_camera_msgs_s.ep.rosidl_typesupport_introspection_c.c
[3.440s] -- Up-to-date: /home/alpaka-admin/my_alpaka_urdf_ws/install/realsense2_camera_msgs/local/lib/python3.10/dist-packages/realsense2_camera_msgs/srv
[3.441s] -- Up-to-date: /home/alpaka-admin/my_alpaka_urdf_ws/install/realsense2_camera_msgs/local/lib/python3.10/dist-packages/realsense2_camera_msgs/srv/_device_info_s.c
[3.441s] -- Up-to-date: /home/alpaka-admin/my_alpaka_urdf_ws/install/realsense2_camera_msgs/local/lib/python3.10/dist-packages/realsense2_camera_msgs/srv/__init__.py
[3.441s] -- Up-to-date: /home/alpaka-admin/my_alpaka_urdf_ws/install/realsense2_camera_msgs/local/lib/python3.10/dist-packages/realsense2_camera_msgs/srv/_device_info.py
[3.442s] -- Up-to-date: /home/alpaka-admin/my_alpaka_urdf_ws/install/realsense2_camera_msgs/local/lib/python3.10/dist-packages/realsense2_camera_msgs/_realsense2_camera_msgs_s.ep.rosidl_typesupport_fastrtps_c.c
[3.442s] -- Up-to-date: /home/alpaka-admin/my_alpaka_urdf_ws/install/realsense2_camera_msgs/local/lib/python3.10/dist-packages/realsense2_camera_msgs/realsense2_camera_msgs_s__rosidl_typesupport_fastrtps_c.cpython-310-x86_64-linux-gnu.so
[3.442s] -- Up-to-date: /home/alpaka-admin/my_alpaka_urdf_ws/install/realsense2_camera_msgs/local/lib/python3.10/dist-packages/realsense2_camera_msgs/librealsense2_camera_msgs__rosidl_generator_py.so
[3.442s] -- Up-to-date: /home/alpaka-admin/my_alpaka_urdf_ws/install/realsense2_camera_msgs/local/lib/python3.10/dist-packages/realsense2_camera_msgs/realsense2_camera_msgs_s__rosidl_typesupport_introspection_c.cpython-310-x86_64-linux-gnu.so
[3.443s] -- Up-to-date: /home/alpaka-admin/my_alpaka_urdf_ws/install/realsense2_camera_msgs/local/lib/python3.10/dist-packages/realsense2_camera_msgs/realsense2_camera_msgs_s__rosidl_typesupport_c.cpython-310-x86_64-linux-gnu.so
[3.443s] -- Up-to-date: /home/alpaka-admin/my_alpaka_urdf_ws/install/realsense2_camera_msgs/local/lib/python3.10/dist-packages/realsense2_camera_msgs/msg
[3.444s] -- Up-to-date: /home/alpaka-admin/my_alpaka_urdf_ws/install/realsense2_camera_msgs/local/lib/python3.10/dist-packages/realsense2_camera_msgs/msg/_rgbd.py
[3.444s] -- Up-to-date: /home/alpaka-admin/my_alpaka_urdf_ws/install/realsense2_camera_msgs/local/lib/python3.10/dist-packages/realsense2_camera_msgs/msg/_extrinsics_s.c
[3.444s] -- Up-to-date: /home/alpaka-admin/my_alpaka_urdf_ws/install/realsense2_camera_msgs/local/lib/python3.10/dist-packages/realsense2_camera_msgs/msg/_rgbd_s.c
[3.444s] -- Up-to-date: /home/alpaka-admin/my_alpaka_urdf_ws/install/realsense2_camera_msgs/local/lib/python3.10/dist-packages/realsense2_camera_msgs/msg/_imu_info_s.c
[3.444s] -- Up-to-date: /home/alpaka-admin/my_alpaka_urdf_ws/install/realsense2_camera_msgs/local/lib/python3.10/dist-packages/realsense2_camera_msgs/msg/_metadata.py
[3.445s] -- Up-to-date: /home/alpaka-admin/my_alpaka_urdf_ws/install/realsense2_camera_msgs/local/lib/python3.10/dist-packages/realsense2_camera_msgs/msg/_extrinsics.py
[3.446s] -- Up-to-date: /home/alpaka-admin/my_alpaka_urdf_ws/install/realsense2_camera_msgs/local/lib/python3.10/dist-packages/realsense2_camera_msgs/msg/_imu_info.py
[3.446s] -- Up-to-date: /home/alpaka-admin/my_alpaka_urdf_ws/install/realsense2_camera_msgs/local/lib/python3.10/dist-packages/realsense2_camera_msgs/msg/_metadata_s.c
[3.446s] -- Up-to-date: /home/alpaka-admin/my_alpaka_urdf_ws/install/realsense2_camera_msgs/local/lib/python3.10/dist-packages/realsense2_camera_msgs/msg/__init__.py
[3.446s] -- Up-to-date: /home/alpaka-admin/my_alpaka_urdf_ws/install/realsense2_camera_msgs/local/lib/python3.10/dist-packages/realsense2_camera_msgs/_realsense2_camera_msgs_s.ep.rosidl_typesupport_c.c
[3.447s] -- Up-to-date: /home/alpaka-admin/my_alpaka_urdf_ws/install/realsense2_camera_msgs/local/lib/python3.10/dist-packages/realsense2_camera_msgs/__init__.py
[3.639s] Listing '/home/alpaka-admin/my_alpaka_urdf_ws/install/realsense2_camera_msgs/local/lib/python3.10/dist-packages/realsense2_camera_msgs'...
[3.644s] Listing '/home/alpaka-admin/my_alpaka_urdf_ws/install/realsense2_camera_msgs/local/lib/python3.10/dist-packages/realsense2_camera_msgs/msg'...
[3.644s] Listing '/home/alpaka-admin/my_alpaka_urdf_ws/install/realsense2_camera_msgs/local/lib/python3.10/dist-packages/realsense2_camera_msgs/srv'...
[3.681s] -- Up-to-date: /home/alpaka-admin/my_alpaka_urdf_ws/install/realsense2_camera_msgs/local/lib/python3.10/dist-packages/realsense2_camera_msgs/realsense2_camera_msgs_s__rosidl_typesupport_fastrtps_c.cpython-310-x86_64-linux-gnu.so
[3.683s] -- Up-to-date: /home/alpaka-admin/my_alpaka_urdf_ws/install/realsense2_camera_msgs/local/lib/python3.10/dist-packages/realsense2_camera_msgs/realsense2_camera_msgs_s__rosidl_typesupport_introspection_c.cpython-310-x86_64-linux-gnu.so
[3.683s] -- Up-to-date: /home/alpaka-admin/my_alpaka_urdf_ws/install/realsense2_camera_msgs/local/lib/python3.10/dist-packages/realsense2_camera_msgs/realsense2_camera_msgs_s__rosidl_typesupport_c.cpython-310-x86_64-linux-gnu.so
[3.684s] -- Up-to-date: /home/alpaka-admin/my_alpaka_urdf_ws/install/realsense2_camera_msgs/lib/librealsense2_camera_msgs__rosidl_generator_py.so
[3.701s] -- Up-to-date: /home/alpaka-admin/my_alpaka_urdf_ws/install/realsense2_camera_msgs/share/realsense2_camera_msgs/msg/IMUInfo.idl
[3.703s] -- Up-to-date: /home/alpaka-admin/my_alpaka_urdf_ws/install/realsense2_camera_msgs/share/realsense2_camera_msgs/msg/Extrinsics.idl
[3.703s] -- Up-to-date: /home/alpaka-admin/my_alpaka_urdf_ws/install/realsense2_camera_msgs/share/realsense2_camera_msgs/msg/Metadata.idl
[3.706s] -- Up-to-date: /home/alpaka-admin/my_alpaka_urdf_ws/install/realsense2_camera_msgs/share/realsense2_camera_msgs/msg/RGBD.idl
[3.707s] -- Up-to-date: /home/alpaka-admin/my_alpaka_urdf_ws/install/realsense2_camera_msgs/share/realsense2_camera_msgs/srv/DeviceInfo.idl
[3.708s] -- Up-to-date: /home/alpaka-admin/my_alpaka_urdf_ws/install/realsense2_camera_msgs/share/realsense2_camera_msgs/msg/IMUInfo.msg
[3.708s] -- Up-to-date: /home/alpaka-admin/my_alpaka_urdf_ws/install/realsense2_camera_msgs/share/realsense2_camera_msgs/msg/Extrinsics.msg
[3.708s] -- Up-to-date: /home/alpaka-admin/my_alpaka_urdf_ws/install/realsense2_camera_msgs/share/realsense2_camera_msgs/msg/Metadata.msg
[3.711s] -- Up-to-date: /home/alpaka-admin/my_alpaka_urdf_ws/install/realsense2_camera_msgs/share/realsense2_camera_msgs/msg/RGBD.msg
[3.713s] -- Up-to-date: /home/alpaka-admin/my_alpaka_urdf_ws/install/realsense2_camera_msgs/share/realsense2_camera_msgs/srv/DeviceInfo.srv
[3.713s] -- Up-to-date: /home/alpaka-admin/my_alpaka_urdf_ws/install/realsense2_camera_msgs/share/realsense2_camera_msgs/srv/DeviceInfo_Request.msg
[3.714s] -- Up-to-date: /home/alpaka-admin/my_alpaka_urdf_ws/install/realsense2_camera_msgs/share/realsense2_camera_msgs/srv/DeviceInfo_Response.msg
[3.714s] -- Up-to-date: /home/alpaka-admin/my_alpaka_urdf_ws/install/realsense2_camera_msgs/share/ament_index/resource_index/package_run_dependencies/realsense2_camera_msgs
[3.714s] -- Up-to-date: /home/alpaka-admin/my_alpaka_urdf_ws/install/realsense2_camera_msgs/share/ament_index/resource_index/parent_prefix_path/realsense2_camera_msgs
[3.715s] -- Up-to-date: /home/alpaka-admin/my_alpaka_urdf_ws/install/realsense2_camera_msgs/share/realsense2_camera_msgs/environment/ament_prefix_path.sh
[3.715s] -- Up-to-date: /home/alpaka-admin/my_alpaka_urdf_ws/install/realsense2_camera_msgs/share/realsense2_camera_msgs/environment/ament_prefix_path.dsv
[3.716s] -- Up-to-date: /home/alpaka-admin/my_alpaka_urdf_ws/install/realsense2_camera_msgs/share/realsense2_camera_msgs/environment/path.sh
[3.716s] -- Up-to-date: /home/alpaka-admin/my_alpaka_urdf_ws/install/realsense2_camera_msgs/share/realsense2_camera_msgs/environment/path.dsv
[3.717s] -- Up-to-date: /home/alpaka-admin/my_alpaka_urdf_ws/install/realsense2_camera_msgs/share/realsense2_camera_msgs/local_setup.bash
[3.717s] -- Up-to-date: /home/alpaka-admin/my_alpaka_urdf_ws/install/realsense2_camera_msgs/share/realsense2_camera_msgs/local_setup.sh
[3.717s] -- Up-to-date: /home/alpaka-admin/my_alpaka_urdf_ws/install/realsense2_camera_msgs/share/realsense2_camera_msgs/local_setup.zsh
[3.719s] -- Up-to-date: /home/alpaka-admin/my_alpaka_urdf_ws/install/realsense2_camera_msgs/share/realsense2_camera_msgs/local_setup.dsv
[3.720s] -- Installing: /home/alpaka-admin/my_alpaka_urdf_ws/install/realsense2_camera_msgs/share/realsense2_camera_msgs/package.dsv
[3.722s] -- Up-to-date: /home/alpaka-admin/my_alpaka_urdf_ws/install/realsense2_camera_msgs/share/ament_index/resource_index/packages/realsense2_camera_msgs
[3.725s] -- Up-to-date: /home/alpaka-admin/my_alpaka_urdf_ws/install/realsense2_camera_msgs/share/realsense2_camera_msgs/cmake/export_realsense2_camera_msgs__rosidl_generator_cExport.cmake
[3.741s] -- Up-to-date: /home/alpaka-admin/my_alpaka_urdf_ws/install/realsense2_camera_msgs/share/realsense2_camera_msgs/cmake/export_realsense2_camera_msgs__rosidl_generator_cExport-noconfig.cmake
[3.742s] -- Up-to-date: /home/alpaka-admin/my_alpaka_urdf_ws/install/realsense2_camera_msgs/share/realsense2_camera_msgs/cmake/export_realsense2_camera_msgs__rosidl_typesupport_fastrtps_cExport.cmake
[3.745s] -- Up-to-date: /home/alpaka-admin/my_alpaka_urdf_ws/install/realsense2_camera_msgs/share/realsense2_camera_msgs/cmake/export_realsense2_camera_msgs__rosidl_typesupport_fastrtps_cExport-noconfig.cmake
[3.745s] -- Up-to-date: /home/alpaka-admin/my_alpaka_urdf_ws/install/realsense2_camera_msgs/share/realsense2_camera_msgs/cmake/realsense2_camera_msgs__rosidl_typesupport_introspection_cExport.cmake
[3.746s] -- Up-to-date: /home/alpaka-admin/my_alpaka_urdf_ws/install/realsense2_camera_msgs/share/realsense2_camera_msgs/cmake/realsense2_camera_msgs__rosidl_typesupport_introspection_cExport-noconfig.cmake
[3.746s] -- Up-to-date: /home/alpaka-admin/my_alpaka_urdf_ws/install/realsense2_camera_msgs/share/realsense2_camera_msgs/cmake/realsense2_camera_msgs__rosidl_typesupport_cExport.cmake
[3.746s] -- Up-to-date: /home/alpaka-admin/my_alpaka_urdf_ws/install/realsense2_camera_msgs/share/realsense2_camera_msgs/cmake/realsense2_camera_msgs__rosidl_typesupport_cExport-noconfig.cmake
[3.746s] -- Up-to-date: /home/alpaka-admin/my_alpaka_urdf_ws/install/realsense2_camera_msgs/share/realsense2_camera_msgs/cmake/export_realsense2_camera_msgs__rosidl_generator_cppExport.cmake
[3.747s] -- Up-to-date: /home/alpaka-admin/my_alpaka_urdf_ws/install/realsense2_camera_msgs/share/realsense2_camera_msgs/cmake/export_realsense2_camera_msgs__rosidl_typesupport_fastrtps_cppExport.cmake
[3.747s] -- Up-to-date: /home/alpaka-admin/my_alpaka_urdf_ws/install/realsense2_camera_msgs/share/realsense2_camera_msgs/cmake/export_realsense2_camera_msgs__rosidl_typesupport_fastrtps_cppExport-noconfig.cmake
[3.747s] -- Up-to-date: /home/alpaka-admin/my_alpaka_urdf_ws/install/realsense2_camera_msgs/share/realsense2_camera_msgs/cmake/realsense2_camera_msgs__rosidl_typesupport_introspection_cppExport.cmake
[3.747s] -- Up-to-date: /home/alpaka-admin/my_alpaka_urdf_ws/install/realsense2_camera_msgs/share/realsense2_camera_msgs/cmake/realsense2_camera_msgs__rosidl_typesupport_introspection_cppExport-noconfig.cmake
[3.747s] -- Up-to-date: /home/alpaka-admin/my_alpaka_urdf_ws/install/realsense2_camera_msgs/share/realsense2_camera_msgs/cmake/realsense2_camera_msgs__rosidl_typesupport_cppExport.cmake
[3.763s] -- Up-to-date: /home/alpaka-admin/my_alpaka_urdf_ws/install/realsense2_camera_msgs/share/realsense2_camera_msgs/cmake/realsense2_camera_msgs__rosidl_typesupport_cppExport-noconfig.cmake
[3.763s] -- Up-to-date: /home/alpaka-admin/my_alpaka_urdf_ws/install/realsense2_camera_msgs/share/realsense2_camera_msgs/cmake/export_realsense2_camera_msgs__rosidl_generator_pyExport.cmake
[3.764s] -- Up-to-date: /home/alpaka-admin/my_alpaka_urdf_ws/install/realsense2_camera_msgs/share/realsense2_camera_msgs/cmake/export_realsense2_camera_msgs__rosidl_generator_pyExport-noconfig.cmake
[3.764s] -- Up-to-date: /home/alpaka-admin/my_alpaka_urdf_ws/install/realsense2_camera_msgs/share/realsense2_camera_msgs/cmake/rosidl_cmake-extras.cmake
[3.765s] -- Up-to-date: /home/alpaka-admin/my_alpaka_urdf_ws/install/realsense2_camera_msgs/share/realsense2_camera_msgs/cmake/ament_cmake_export_dependencies-extras.cmake
[3.766s] -- Up-to-date: /home/alpaka-admin/my_alpaka_urdf_ws/install/realsense2_camera_msgs/share/realsense2_camera_msgs/cmake/ament_cmake_export_include_directories-extras.cmake
[3.767s] -- Up-to-date: /home/alpaka-admin/my_alpaka_urdf_ws/install/realsense2_camera_msgs/share/realsense2_camera_msgs/cmake/ament_cmake_export_libraries-extras.cmake
[3.768s] -- Up-to-date: /home/alpaka-admin/my_alpaka_urdf_ws/install/realsense2_camera_msgs/share/realsense2_camera_msgs/cmake/ament_cmake_export_targets-extras.cmake
[3.771s] -- Up-to-date: /home/alpaka-admin/my_alpaka_urdf_ws/install/realsense2_camera_msgs/share/realsense2_camera_msgs/cmake/rosidl_cmake_export_typesupport_targets-extras.cmake
[3.772s] -- Up-to-date: /home/alpaka-admin/my_alpaka_urdf_ws/install/realsense2_camera_msgs/share/realsense2_camera_msgs/cmake/rosidl_cmake_export_typesupport_libraries-extras.cmake
[3.774s] -- Up-to-date: /home/alpaka-admin/my_alpaka_urdf_ws/install/realsense2_camera_msgs/share/realsense2_camera_msgs/cmake/realsense2_camera_msgsConfig.cmake
[3.775s] -- Up-to-date: /home/alpaka-admin/my_alpaka_urdf_ws/install/realsense2_camera_msgs/share/realsense2_camera_msgs/cmake/realsense2_camera_msgsConfig-version.cmake
[3.778s] -- Up-to-date: /home/alpaka-admin/my_alpaka_urdf_ws/install/realsense2_camera_msgs/share/realsense2_camera_msgs/package.xml
[3.779s] Invoked command in '/home/alpaka-admin/my_alpaka_urdf_ws/build/realsense2_camera_msgs' returned '0': CMAKE_PREFIX_PATH=/opt/ros/humble ROS_DOMAIN_ID=84 /usr/bin/cmake --install /home/alpaka-admin/my_alpaka_urdf_ws/build/realsense2_camera_msgs
