[1.416s] Invoking command in '/home/alpaka-admin/my_alpaka_urdf_ws/src/ml_model': PYTHONPATH=/home/alpaka-admin/my_alpaka_urdf_ws/build/ml_model/prefix_override:/usr/lib/python3/dist-packages/colcon_core/task/python/colcon_distutils_commands:/home/alpaka-admin/my_alpaka_urdf_ws/install/ml_model/lib/python3.10/site-packages:${PYTHONPATH} ROS_DOMAIN_ID=35 /usr/bin/python3 -W ignore:setup.py install is deprecated -W ignore:easy_install command is deprecated setup.py egg_info --egg-base ../../build/ml_model build --build-base /home/alpaka-admin/my_alpaka_urdf_ws/build/ml_model/build install --record /home/alpaka-admin/my_alpaka_urdf_ws/build/ml_model/install.log --single-version-externally-managed install_data
[1.886s] running egg_info
[1.887s] writing ../../build/ml_model/ml_model.egg-info/PKG-INFO
[1.887s] writing dependency_links to ../../build/ml_model/ml_model.egg-info/dependency_links.txt
[1.887s] writing entry points to ../../build/ml_model/ml_model.egg-info/entry_points.txt
[1.888s] writing requirements to ../../build/ml_model/ml_model.egg-info/requires.txt
[1.888s] writing top-level names to ../../build/ml_model/ml_model.egg-info/top_level.txt
[1.891s] reading manifest file '../../build/ml_model/ml_model.egg-info/SOURCES.txt'
[1.891s] adding license file 'LICENSE'
[1.893s] writing manifest file '../../build/ml_model/ml_model.egg-info/SOURCES.txt'
[1.893s] running build
[1.893s] running build_py
[1.893s] copying ml_model/model.py -> /home/alpaka-admin/my_alpaka_urdf_ws/build/ml_model/build/lib/ml_model
[1.893s] running install
[1.894s] running install_lib
[1.895s] copying /home/alpaka-admin/my_alpaka_urdf_ws/build/ml_model/build/lib/ml_model/model.py -> /home/alpaka-admin/my_alpaka_urdf_ws/install/ml_model/lib/python3.10/site-packages/ml_model
[1.896s] byte-compiling /home/alpaka-admin/my_alpaka_urdf_ws/install/ml_model/lib/python3.10/site-packages/ml_model/model.py to model.cpython-310.pyc
[1.897s] running install_data
[1.898s] running install_egg_info
[1.900s] removing '/home/alpaka-admin/my_alpaka_urdf_ws/install/ml_model/lib/python3.10/site-packages/ml_model-0.0.0-py3.10.egg-info' (and everything under it)
[1.901s] Copying ../../build/ml_model/ml_model.egg-info to /home/alpaka-admin/my_alpaka_urdf_ws/install/ml_model/lib/python3.10/site-packages/ml_model-0.0.0-py3.10.egg-info
[1.902s] running install_scripts
[1.932s] Installing ml_model_node script to /home/alpaka-admin/my_alpaka_urdf_ws/install/ml_model/lib/ml_model
[1.932s] writing list of installed files to '/home/alpaka-admin/my_alpaka_urdf_ws/build/ml_model/install.log'
[1.969s] Invoked command in '/home/alpaka-admin/my_alpaka_urdf_ws/src/ml_model' returned '0': PYTHONPATH=/home/alpaka-admin/my_alpaka_urdf_ws/build/ml_model/prefix_override:/usr/lib/python3/dist-packages/colcon_core/task/python/colcon_distutils_commands:/home/alpaka-admin/my_alpaka_urdf_ws/install/ml_model/lib/python3.10/site-packages:${PYTHONPATH} ROS_DOMAIN_ID=35 /usr/bin/python3 -W ignore:setup.py install is deprecated -W ignore:easy_install command is deprecated setup.py egg_info --egg-base ../../build/ml_model build --build-base /home/alpaka-admin/my_alpaka_urdf_ws/build/ml_model/build install --record /home/alpaka-admin/my_alpaka_urdf_ws/build/ml_model/install.log --single-version-externally-managed install_data
