[0.237s] Invoking command in '/home/alpaka-admin/my_alpaka_urdf_ws/build/alpaka_welding_gun_description': CMAKE_PREFIX_PATH=${CMAKE_PREFIX_PATH}:/home/alpaka-admin/my_alpaka_urdf_ws/install/ml_model:/opt/ros/humble /usr/bin/cmake --build /home/alpaka-admin/my_alpaka_urdf_ws/build/alpaka_welding_gun_description -- -j8 -l8
[0.914s] Invoked command in '/home/alpaka-admin/my_alpaka_urdf_ws/build/alpaka_welding_gun_description' returned '0': CMAKE_PREFIX_PATH=${CMAKE_PREFIX_PATH}:/home/alpaka-admin/my_alpaka_urdf_ws/install/ml_model:/opt/ros/humble ROS_DOMAIN_ID=224 /usr/bin/cmake --build /home/alpaka-admin/my_alpaka_urdf_ws/build/alpaka_welding_gun_description -- -j8 -l8
[0.919s] Invoking command in '/home/alpaka-admin/my_alpaka_urdf_ws/build/alpaka_welding_gun_description': CMAKE_PREFIX_PATH=${CMAKE_PREFIX_PATH}:/home/alpaka-admin/my_alpaka_urdf_ws/install/ml_model:/opt/ros/humble ROS_DOMAIN_ID=224 /usr/bin/cmake --install /home/alpaka-admin/my_alpaka_urdf_ws/build/alpaka_welding_gun_description
[1.010s] -- Install configuration: ""
[1.010s] -- Up-to-date: /home/alpaka-admin/my_alpaka_urdf_ws/install/alpaka_welding_gun_description/share/alpaka_welding_gun_description/meshes
[1.010s] -- Up-to-date: /home/alpaka-admin/my_alpaka_urdf_ws/install/alpaka_welding_gun_description/share/alpaka_welding_gun_description/meshes/visual
[1.010s] -- Up-to-date: /home/alpaka-admin/my_alpaka_urdf_ws/install/alpaka_welding_gun_description/share/alpaka_welding_gun_description/meshes/visual/welding_gun_tourch_link.STL
[1.011s] -- Up-to-date: /home/alpaka-admin/my_alpaka_urdf_ws/install/alpaka_welding_gun_description/share/alpaka_welding_gun_description/meshes/visual/welding_gun_clamp_link.STL
[1.011s] -- Up-to-date: /home/alpaka-admin/my_alpaka_urdf_ws/install/alpaka_welding_gun_description/share/alpaka_welding_gun_description/meshes/visual/welding_gun_mount_link.STL
[1.011s] -- Up-to-date: /home/alpaka-admin/my_alpaka_urdf_ws/install/alpaka_welding_gun_description/share/alpaka_welding_gun_description/meshes/collision
[1.011s] -- Up-to-date: /home/alpaka-admin/my_alpaka_urdf_ws/install/alpaka_welding_gun_description/share/alpaka_welding_gun_description/meshes/collision/welding_gun_tourch_link_collision.STL
[1.011s] -- Up-to-date: /home/alpaka-admin/my_alpaka_urdf_ws/install/alpaka_welding_gun_description/share/alpaka_welding_gun_description/meshes/collision/welding_gun_clamp_link_collision.STL
[1.012s] -- Up-to-date: /home/alpaka-admin/my_alpaka_urdf_ws/install/alpaka_welding_gun_description/share/alpaka_welding_gun_description/meshes/collision/welding_gun_mount_link_collision.STL
[1.012s] -- Up-to-date: /home/alpaka-admin/my_alpaka_urdf_ws/install/alpaka_welding_gun_description/share/alpaka_welding_gun_description/urdf
[1.012s] -- Up-to-date: /home/alpaka-admin/my_alpaka_urdf_ws/install/alpaka_welding_gun_description/share/alpaka_welding_gun_description/urdf/welding_gun.urdf.xacro
[1.013s] -- Up-to-date: /home/alpaka-admin/my_alpaka_urdf_ws/install/alpaka_welding_gun_description/share/alpaka_welding_gun_description/urdf/welding_gun_macro.xacro
[1.013s] -- Up-to-date: /home/alpaka-admin/my_alpaka_urdf_ws/install/alpaka_welding_gun_description/share/alpaka_welding_gun_description/launch
[1.013s] -- Up-to-date: /home/alpaka-admin/my_alpaka_urdf_ws/install/alpaka_welding_gun_description/share/alpaka_welding_gun_description/launch/view_welding_gun.launch.py
[1.013s] -- Up-to-date: /home/alpaka-admin/my_alpaka_urdf_ws/install/alpaka_welding_gun_description/share/alpaka_welding_gun_description/rviz
[1.013s] -- Up-to-date: /home/alpaka-admin/my_alpaka_urdf_ws/install/alpaka_welding_gun_description/share/alpaka_welding_gun_description/rviz/view_welding_gun.rviz
[1.014s] -- Up-to-date: /home/alpaka-admin/my_alpaka_urdf_ws/install/alpaka_welding_gun_description/share/ament_index/resource_index/package_run_dependencies/alpaka_welding_gun_description
[1.014s] -- Up-to-date: /home/alpaka-admin/my_alpaka_urdf_ws/install/alpaka_welding_gun_description/share/ament_index/resource_index/parent_prefix_path/alpaka_welding_gun_description
[1.014s] -- Up-to-date: /home/alpaka-admin/my_alpaka_urdf_ws/install/alpaka_welding_gun_description/share/alpaka_welding_gun_description/environment/ament_prefix_path.sh
[1.015s] -- Up-to-date: /home/alpaka-admin/my_alpaka_urdf_ws/install/alpaka_welding_gun_description/share/alpaka_welding_gun_description/environment/ament_prefix_path.dsv
[1.015s] -- Up-to-date: /home/alpaka-admin/my_alpaka_urdf_ws/install/alpaka_welding_gun_description/share/alpaka_welding_gun_description/environment/path.sh
[1.015s] -- Up-to-date: /home/alpaka-admin/my_alpaka_urdf_ws/install/alpaka_welding_gun_description/share/alpaka_welding_gun_description/environment/path.dsv
[1.015s] -- Up-to-date: /home/alpaka-admin/my_alpaka_urdf_ws/install/alpaka_welding_gun_description/share/alpaka_welding_gun_description/local_setup.bash
[1.016s] -- Up-to-date: /home/alpaka-admin/my_alpaka_urdf_ws/install/alpaka_welding_gun_description/share/alpaka_welding_gun_description/local_setup.sh
[1.016s] -- Up-to-date: /home/alpaka-admin/my_alpaka_urdf_ws/install/alpaka_welding_gun_description/share/alpaka_welding_gun_description/local_setup.zsh
[1.016s] -- Up-to-date: /home/alpaka-admin/my_alpaka_urdf_ws/install/alpaka_welding_gun_description/share/alpaka_welding_gun_description/local_setup.dsv
[1.016s] -- Installing: /home/alpaka-admin/my_alpaka_urdf_ws/install/alpaka_welding_gun_description/share/alpaka_welding_gun_description/package.dsv
[1.017s] -- Up-to-date: /home/alpaka-admin/my_alpaka_urdf_ws/install/alpaka_welding_gun_description/share/ament_index/resource_index/packages/alpaka_welding_gun_description
[1.017s] -- Up-to-date: /home/alpaka-admin/my_alpaka_urdf_ws/install/alpaka_welding_gun_description/share/alpaka_welding_gun_description/cmake/alpaka_welding_gun_descriptionConfig.cmake
[1.017s] -- Up-to-date: /home/alpaka-admin/my_alpaka_urdf_ws/install/alpaka_welding_gun_description/share/alpaka_welding_gun_description/cmake/alpaka_welding_gun_descriptionConfig-version.cmake
[1.018s] -- Up-to-date: /home/alpaka-admin/my_alpaka_urdf_ws/install/alpaka_welding_gun_description/share/alpaka_welding_gun_description/package.xml
[2.165s] Invoked command in '/home/alpaka-admin/my_alpaka_urdf_ws/build/alpaka_welding_gun_description' returned '0': CMAKE_PREFIX_PATH=${CMAKE_PREFIX_PATH}:/home/alpaka-admin/my_alpaka_urdf_ws/install/ml_model:/opt/ros/humble ROS_DOMAIN_ID=224 /usr/bin/cmake --install /home/alpaka-admin/my_alpaka_urdf_ws/build/alpaka_welding_gun_description
