[0.187s] Invoking command in '/home/alpaka-admin/my_alpaka_urdf_ws/build/realsense2_description': CMAKE_PREFIX_PATH=${CMAKE_PREFIX_PATH}:/opt/ros/humble /usr/bin/cmake --build /home/alpaka-admin/my_alpaka_urdf_ws/build/realsense2_description -- -j8 -l8
[0.247s] Invoked command in '/home/alpaka-admin/my_alpaka_urdf_ws/build/realsense2_description' returned '0': CMAKE_PREFIX_PATH=${CMAKE_PREFIX_PATH}:/opt/ros/humble /usr/bin/cmake --build /home/alpaka-admin/my_alpaka_urdf_ws/build/realsense2_description -- -j8 -l8
[0.250s] Invoking command in '/home/alpaka-admin/my_alpaka_urdf_ws/build/realsense2_description': CMAKE_PREFIX_PATH=${CMAKE_PREFIX_PATH}:/opt/ros/humble /usr/bin/cmake --install /home/alpaka-admin/my_alpaka_urdf_ws/build/realsense2_description
[0.265s] -- Install configuration: ""
[0.265s] -- Up-to-date: /home/alpaka-admin/my_alpaka_urdf_ws/install/realsense2_description/share/realsense2_description/launch
[0.266s] -- Up-to-date: /home/alpaka-admin/my_alpaka_urdf_ws/install/realsense2_description/share/realsense2_description/launch/launch_utils.py
[0.266s] -- Up-to-date: /home/alpaka-admin/my_alpaka_urdf_ws/install/realsense2_description/share/realsense2_description/launch/view_model.launch.py
[0.267s] -- Up-to-date: /home/alpaka-admin/my_alpaka_urdf_ws/install/realsense2_description/share/realsense2_description/meshes
[0.267s] -- Up-to-date: /home/alpaka-admin/my_alpaka_urdf_ws/install/realsense2_description/share/realsense2_description/meshes/d405.stl
[0.267s] -- Up-to-date: /home/alpaka-admin/my_alpaka_urdf_ws/install/realsense2_description/share/realsense2_description/meshes/plug.stl
[0.267s] -- Up-to-date: /home/alpaka-admin/my_alpaka_urdf_ws/install/realsense2_description/share/realsense2_description/meshes/l515.dae
[0.267s] -- Up-to-date: /home/alpaka-admin/my_alpaka_urdf_ws/install/realsense2_description/share/realsense2_description/meshes/d435.dae
[0.268s] -- Up-to-date: /home/alpaka-admin/my_alpaka_urdf_ws/install/realsense2_description/share/realsense2_description/meshes/plug_collision.stl
[0.268s] -- Up-to-date: /home/alpaka-admin/my_alpaka_urdf_ws/install/realsense2_description/share/realsense2_description/meshes/d415.stl
[0.268s] -- Up-to-date: /home/alpaka-admin/my_alpaka_urdf_ws/install/realsense2_description/share/realsense2_description/meshes/d455.stl
[0.268s] -- Up-to-date: /home/alpaka-admin/my_alpaka_urdf_ws/install/realsense2_description/share/realsense2_description/rviz
[0.268s] -- Up-to-date: /home/alpaka-admin/my_alpaka_urdf_ws/install/realsense2_description/share/realsense2_description/rviz/urdf.rviz
[0.269s] -- Up-to-date: /home/alpaka-admin/my_alpaka_urdf_ws/install/realsense2_description/share/realsense2_description/urdf
[0.269s] -- Up-to-date: /home/alpaka-admin/my_alpaka_urdf_ws/install/realsense2_description/share/realsense2_description/urdf/_d435i.urdf.xacro
[0.269s] -- Up-to-date: /home/alpaka-admin/my_alpaka_urdf_ws/install/realsense2_description/share/realsense2_description/urdf/test_d415_camera.urdf.xacro
[0.269s] -- Up-to-date: /home/alpaka-admin/my_alpaka_urdf_ws/install/realsense2_description/share/realsense2_description/urdf/_d455.urdf.xacro
[0.269s] -- Up-to-date: /home/alpaka-admin/my_alpaka_urdf_ws/install/realsense2_description/share/realsense2_description/urdf/test_d405_camera.urdf.xacro
[0.270s] -- Up-to-date: /home/alpaka-admin/my_alpaka_urdf_ws/install/realsense2_description/share/realsense2_description/urdf/test_r410_camera.urdf.xacro
[0.270s] -- Up-to-date: /home/alpaka-admin/my_alpaka_urdf_ws/install/realsense2_description/share/realsense2_description/urdf/_d415.urdf.xacro
[0.270s] -- Up-to-date: /home/alpaka-admin/my_alpaka_urdf_ws/install/realsense2_description/share/realsense2_description/urdf/_materials.urdf.xacro
[0.270s] -- Up-to-date: /home/alpaka-admin/my_alpaka_urdf_ws/install/realsense2_description/share/realsense2_description/urdf/test_d435_multiple_cameras.urdf.xacro
[0.270s] -- Up-to-date: /home/alpaka-admin/my_alpaka_urdf_ws/install/realsense2_description/share/realsense2_description/urdf/_r430.urdf.xacro
[0.270s] -- Up-to-date: /home/alpaka-admin/my_alpaka_urdf_ws/install/realsense2_description/share/realsense2_description/urdf/test_d435i_camera.urdf.xacro
[0.270s] -- Up-to-date: /home/alpaka-admin/my_alpaka_urdf_ws/install/realsense2_description/share/realsense2_description/urdf/test_d435_camera.urdf.xacro
[0.270s] -- Up-to-date: /home/alpaka-admin/my_alpaka_urdf_ws/install/realsense2_description/share/realsense2_description/urdf/test_r430_camera.urdf.xacro
[0.271s] -- Up-to-date: /home/alpaka-admin/my_alpaka_urdf_ws/install/realsense2_description/share/realsense2_description/urdf/test_d455_camera.urdf.xacro
[0.271s] -- Up-to-date: /home/alpaka-admin/my_alpaka_urdf_ws/install/realsense2_description/share/realsense2_description/urdf/_d405.urdf.xacro
[0.271s] -- Up-to-date: /home/alpaka-admin/my_alpaka_urdf_ws/install/realsense2_description/share/realsense2_description/urdf/_usb_plug.urdf.xacro
[0.271s] -- Up-to-date: /home/alpaka-admin/my_alpaka_urdf_ws/install/realsense2_description/share/realsense2_description/urdf/_d435i_imu_modules.urdf.xacro
[0.271s] -- Up-to-date: /home/alpaka-admin/my_alpaka_urdf_ws/install/realsense2_description/share/realsense2_description/urdf/_d435.urdf.xacro
[0.272s] -- Up-to-date: /home/alpaka-admin/my_alpaka_urdf_ws/install/realsense2_description/share/realsense2_description/urdf/_r410.urdf.xacro
[0.272s] -- Up-to-date: /home/alpaka-admin/my_alpaka_urdf_ws/install/realsense2_description/share/ament_index/resource_index/package_run_dependencies/realsense2_description
[0.273s] -- Up-to-date: /home/alpaka-admin/my_alpaka_urdf_ws/install/realsense2_description/share/ament_index/resource_index/parent_prefix_path/realsense2_description
[0.275s] -- Up-to-date: /home/alpaka-admin/my_alpaka_urdf_ws/install/realsense2_description/share/realsense2_description/environment/ament_prefix_path.sh
[0.275s] -- Up-to-date: /home/alpaka-admin/my_alpaka_urdf_ws/install/realsense2_description/share/realsense2_description/environment/ament_prefix_path.dsv
[0.276s] -- Up-to-date: /home/alpaka-admin/my_alpaka_urdf_ws/install/realsense2_description/share/realsense2_description/environment/path.sh
[0.276s] -- Up-to-date: /home/alpaka-admin/my_alpaka_urdf_ws/install/realsense2_description/share/realsense2_description/environment/path.dsv
[0.277s] -- Up-to-date: /home/alpaka-admin/my_alpaka_urdf_ws/install/realsense2_description/share/realsense2_description/local_setup.bash
[0.277s] -- Up-to-date: /home/alpaka-admin/my_alpaka_urdf_ws/install/realsense2_description/share/realsense2_description/local_setup.sh
[0.277s] -- Up-to-date: /home/alpaka-admin/my_alpaka_urdf_ws/install/realsense2_description/share/realsense2_description/local_setup.zsh
[0.278s] -- Up-to-date: /home/alpaka-admin/my_alpaka_urdf_ws/install/realsense2_description/share/realsense2_description/local_setup.dsv
[0.278s] -- Installing: /home/alpaka-admin/my_alpaka_urdf_ws/install/realsense2_description/share/realsense2_description/package.dsv
[0.278s] -- Up-to-date: /home/alpaka-admin/my_alpaka_urdf_ws/install/realsense2_description/share/ament_index/resource_index/packages/realsense2_description
[0.278s] -- Up-to-date: /home/alpaka-admin/my_alpaka_urdf_ws/install/realsense2_description/share/realsense2_description/cmake/realsense2_descriptionConfig.cmake
[0.278s] -- Up-to-date: /home/alpaka-admin/my_alpaka_urdf_ws/install/realsense2_description/share/realsense2_description/cmake/realsense2_descriptionConfig-version.cmake
[0.279s] -- Up-to-date: /home/alpaka-admin/my_alpaka_urdf_ws/install/realsense2_description/share/realsense2_description/package.xml
[0.279s] Invoked command in '/home/alpaka-admin/my_alpaka_urdf_ws/build/realsense2_description' returned '0': CMAKE_PREFIX_PATH=${CMAKE_PREFIX_PATH}:/opt/ros/humble /usr/bin/cmake --install /home/alpaka-admin/my_alpaka_urdf_ws/build/realsense2_description
