[0.133s] Invoking command in '/home/alpaka-admin/my_alpaka_urdf_ws/build/alpaka_welding_cobot_setup': CMAKE_PREFIX_PATH=/opt/ros/humble ROS_DOMAIN_ID=49 /usr/bin/cmake --build /home/alpaka-admin/my_alpaka_urdf_ws/build/alpaka_welding_cobot_setup -- -j8 -l8
[0.678s] Invoked command in '/home/alpaka-admin/my_alpaka_urdf_ws/build/alpaka_welding_cobot_setup' returned '0': CMAKE_PREFIX_PATH=/opt/ros/humble ROS_DOMAIN_ID=49 /usr/bin/cmake --build /home/alpaka-admin/my_alpaka_urdf_ws/build/alpaka_welding_cobot_setup -- -j8 -l8
[0.679s] Invoking command in '/home/alpaka-admin/my_alpaka_urdf_ws/build/alpaka_welding_cobot_setup': CMAKE_PREFIX_PATH=/opt/ros/humble ROS_DOMAIN_ID=49 /usr/bin/cmake --install /home/alpaka-admin/my_alpaka_urdf_ws/build/alpaka_welding_cobot_setup
[0.749s] -- Install configuration: ""
[0.750s] -- Up-to-date: /home/alpaka-admin/my_alpaka_urdf_ws/install/alpaka_welding_cobot_setup/share/alpaka_welding_cobot_setup/launch
[0.750s] -- Up-to-date: /home/alpaka-admin/my_alpaka_urdf_ws/install/alpaka_welding_cobot_setup/share/alpaka_welding_cobot_setup/launch/ur_control.launch.py
[0.755s] -- Up-to-date: /home/alpaka-admin/my_alpaka_urdf_ws/install/alpaka_welding_cobot_setup/share/alpaka_welding_cobot_setup/config
[0.755s] -- Up-to-date: /home/alpaka-admin/my_alpaka_urdf_ws/install/alpaka_welding_cobot_setup/share/alpaka_welding_cobot_setup/config/ur_controllers.yaml
[0.755s] -- Up-to-date: /home/alpaka-admin/my_alpaka_urdf_ws/install/alpaka_welding_cobot_setup/share/alpaka_welding_cobot_setup/config/ur16e
[0.755s] -- Up-to-date: /home/alpaka-admin/my_alpaka_urdf_ws/install/alpaka_welding_cobot_setup/share/alpaka_welding_cobot_setup/config/ur16e/physical_parameters.yaml
[0.756s] -- Up-to-date: /home/alpaka-admin/my_alpaka_urdf_ws/install/alpaka_welding_cobot_setup/share/alpaka_welding_cobot_setup/config/ur16e/joint_limits.yaml
[0.756s] -- Up-to-date: /home/alpaka-admin/my_alpaka_urdf_ws/install/alpaka_welding_cobot_setup/share/alpaka_welding_cobot_setup/config/ur16e/visual_parameters.yaml
[0.756s] -- Up-to-date: /home/alpaka-admin/my_alpaka_urdf_ws/install/alpaka_welding_cobot_setup/share/alpaka_welding_cobot_setup/config/ur16e/default_kinematics.yaml
[0.756s] -- Up-to-date: /home/alpaka-admin/my_alpaka_urdf_ws/install/alpaka_welding_cobot_setup/share/alpaka_welding_cobot_setup/config/ur3_update_rate.yaml
[0.757s] -- Up-to-date: /home/alpaka-admin/my_alpaka_urdf_ws/install/alpaka_welding_cobot_setup/share/alpaka_welding_cobot_setup/config/ur30_update_rate.yaml
[0.757s] -- Up-to-date: /home/alpaka-admin/my_alpaka_urdf_ws/install/alpaka_welding_cobot_setup/share/alpaka_welding_cobot_setup/config/ur5e_update_rate.yaml
[0.757s] -- Up-to-date: /home/alpaka-admin/my_alpaka_urdf_ws/install/alpaka_welding_cobot_setup/share/alpaka_welding_cobot_setup/config/ur10_update_rate.yaml
[0.763s] -- Up-to-date: /home/alpaka-admin/my_alpaka_urdf_ws/install/alpaka_welding_cobot_setup/share/alpaka_welding_cobot_setup/config/ur3
[0.764s] -- Up-to-date: /home/alpaka-admin/my_alpaka_urdf_ws/install/alpaka_welding_cobot_setup/share/alpaka_welding_cobot_setup/config/ur3/physical_parameters.yaml
[0.764s] -- Up-to-date: /home/alpaka-admin/my_alpaka_urdf_ws/install/alpaka_welding_cobot_setup/share/alpaka_welding_cobot_setup/config/ur3/joint_limits.yaml
[0.764s] -- Up-to-date: /home/alpaka-admin/my_alpaka_urdf_ws/install/alpaka_welding_cobot_setup/share/alpaka_welding_cobot_setup/config/ur3/visual_parameters.yaml
[0.767s] -- Up-to-date: /home/alpaka-admin/my_alpaka_urdf_ws/install/alpaka_welding_cobot_setup/share/alpaka_welding_cobot_setup/config/ur3/default_kinematics.yaml
[0.767s] -- Up-to-date: /home/alpaka-admin/my_alpaka_urdf_ws/install/alpaka_welding_cobot_setup/share/alpaka_welding_cobot_setup/config/ur20_update_rate.yaml
[0.767s] -- Up-to-date: /home/alpaka-admin/my_alpaka_urdf_ws/install/alpaka_welding_cobot_setup/share/alpaka_welding_cobot_setup/config/ur10e_update_rate.yaml
[0.767s] -- Up-to-date: /home/alpaka-admin/my_alpaka_urdf_ws/install/alpaka_welding_cobot_setup/share/alpaka_welding_cobot_setup/config/ur30
[0.768s] -- Up-to-date: /home/alpaka-admin/my_alpaka_urdf_ws/install/alpaka_welding_cobot_setup/share/alpaka_welding_cobot_setup/config/ur30/physical_parameters.yaml
[0.768s] -- Up-to-date: /home/alpaka-admin/my_alpaka_urdf_ws/install/alpaka_welding_cobot_setup/share/alpaka_welding_cobot_setup/config/ur30/joint_limits.yaml
[0.768s] -- Up-to-date: /home/alpaka-admin/my_alpaka_urdf_ws/install/alpaka_welding_cobot_setup/share/alpaka_welding_cobot_setup/config/ur30/visual_parameters.yaml
[0.768s] -- Up-to-date: /home/alpaka-admin/my_alpaka_urdf_ws/install/alpaka_welding_cobot_setup/share/alpaka_welding_cobot_setup/config/ur30/default_kinematics.yaml
[0.768s] -- Up-to-date: /home/alpaka-admin/my_alpaka_urdf_ws/install/alpaka_welding_cobot_setup/share/alpaka_welding_cobot_setup/config/ur3e
[0.773s] -- Up-to-date: /home/alpaka-admin/my_alpaka_urdf_ws/install/alpaka_welding_cobot_setup/share/alpaka_welding_cobot_setup/config/ur3e/physical_parameters.yaml
[0.773s] -- Up-to-date: /home/alpaka-admin/my_alpaka_urdf_ws/install/alpaka_welding_cobot_setup/share/alpaka_welding_cobot_setup/config/ur3e/joint_limits.yaml
[0.774s] -- Up-to-date: /home/alpaka-admin/my_alpaka_urdf_ws/install/alpaka_welding_cobot_setup/share/alpaka_welding_cobot_setup/config/ur3e/visual_parameters.yaml
[0.774s] -- Up-to-date: /home/alpaka-admin/my_alpaka_urdf_ws/install/alpaka_welding_cobot_setup/share/alpaka_welding_cobot_setup/config/ur3e/default_kinematics.yaml
[0.774s] -- Up-to-date: /home/alpaka-admin/my_alpaka_urdf_ws/install/alpaka_welding_cobot_setup/share/alpaka_welding_cobot_setup/config/ur10e
[0.774s] -- Up-to-date: /home/alpaka-admin/my_alpaka_urdf_ws/install/alpaka_welding_cobot_setup/share/alpaka_welding_cobot_setup/config/ur10e/physical_parameters.yaml
[0.779s] -- Up-to-date: /home/alpaka-admin/my_alpaka_urdf_ws/install/alpaka_welding_cobot_setup/share/alpaka_welding_cobot_setup/config/ur10e/joint_limits.yaml
[0.784s] -- Up-to-date: /home/alpaka-admin/my_alpaka_urdf_ws/install/alpaka_welding_cobot_setup/share/alpaka_welding_cobot_setup/config/ur10e/visual_parameters.yaml
[0.784s] -- Up-to-date: /home/alpaka-admin/my_alpaka_urdf_ws/install/alpaka_welding_cobot_setup/share/alpaka_welding_cobot_setup/config/ur10e/default_kinematics.yaml
[0.784s] -- Up-to-date: /home/alpaka-admin/my_alpaka_urdf_ws/install/alpaka_welding_cobot_setup/share/alpaka_welding_cobot_setup/config/ur16e_update_rate.yaml
[0.785s] -- Up-to-date: /home/alpaka-admin/my_alpaka_urdf_ws/install/alpaka_welding_cobot_setup/share/alpaka_welding_cobot_setup/config/test_velocity_goal_publishers_config.yaml
[0.785s] -- Up-to-date: /home/alpaka-admin/my_alpaka_urdf_ws/install/alpaka_welding_cobot_setup/share/alpaka_welding_cobot_setup/config/initial_positions.yaml
[0.785s] -- Up-to-date: /home/alpaka-admin/my_alpaka_urdf_ws/install/alpaka_welding_cobot_setup/share/alpaka_welding_cobot_setup/config/ur5_update_rate.yaml
[0.785s] -- Up-to-date: /home/alpaka-admin/my_alpaka_urdf_ws/install/alpaka_welding_cobot_setup/share/alpaka_welding_cobot_setup/config/ur5e
[0.785s] -- Up-to-date: /home/alpaka-admin/my_alpaka_urdf_ws/install/alpaka_welding_cobot_setup/share/alpaka_welding_cobot_setup/config/ur5e/physical_parameters.yaml
[0.786s] -- Up-to-date: /home/alpaka-admin/my_alpaka_urdf_ws/install/alpaka_welding_cobot_setup/share/alpaka_welding_cobot_setup/config/ur5e/joint_limits.yaml
[0.786s] -- Up-to-date: /home/alpaka-admin/my_alpaka_urdf_ws/install/alpaka_welding_cobot_setup/share/alpaka_welding_cobot_setup/config/ur5e/visual_parameters.yaml
[0.786s] -- Up-to-date: /home/alpaka-admin/my_alpaka_urdf_ws/install/alpaka_welding_cobot_setup/share/alpaka_welding_cobot_setup/config/ur5e/default_kinematics.yaml
[0.786s] -- Up-to-date: /home/alpaka-admin/my_alpaka_urdf_ws/install/alpaka_welding_cobot_setup/share/alpaka_welding_cobot_setup/config/ur20
[0.787s] -- Up-to-date: /home/alpaka-admin/my_alpaka_urdf_ws/install/alpaka_welding_cobot_setup/share/alpaka_welding_cobot_setup/config/ur20/physical_parameters.yaml
[0.787s] -- Up-to-date: /home/alpaka-admin/my_alpaka_urdf_ws/install/alpaka_welding_cobot_setup/share/alpaka_welding_cobot_setup/config/ur20/joint_limits.yaml
[0.787s] -- Up-to-date: /home/alpaka-admin/my_alpaka_urdf_ws/install/alpaka_welding_cobot_setup/share/alpaka_welding_cobot_setup/config/ur20/visual_parameters.yaml
[0.787s] -- Up-to-date: /home/alpaka-admin/my_alpaka_urdf_ws/install/alpaka_welding_cobot_setup/share/alpaka_welding_cobot_setup/config/ur20/default_kinematics.yaml
[0.787s] -- Up-to-date: /home/alpaka-admin/my_alpaka_urdf_ws/install/alpaka_welding_cobot_setup/share/alpaka_welding_cobot_setup/config/ur5
[0.789s] -- Up-to-date: /home/alpaka-admin/my_alpaka_urdf_ws/install/alpaka_welding_cobot_setup/share/alpaka_welding_cobot_setup/config/ur5/physical_parameters.yaml
[0.789s] -- Up-to-date: /home/alpaka-admin/my_alpaka_urdf_ws/install/alpaka_welding_cobot_setup/share/alpaka_welding_cobot_setup/config/ur5/joint_limits.yaml
[0.789s] -- Up-to-date: /home/alpaka-admin/my_alpaka_urdf_ws/install/alpaka_welding_cobot_setup/share/alpaka_welding_cobot_setup/config/ur5/visual_parameters.yaml
[0.792s] -- Up-to-date: /home/alpaka-admin/my_alpaka_urdf_ws/install/alpaka_welding_cobot_setup/share/alpaka_welding_cobot_setup/config/ur5/default_kinematics.yaml
[0.792s] -- Up-to-date: /home/alpaka-admin/my_alpaka_urdf_ws/install/alpaka_welding_cobot_setup/share/alpaka_welding_cobot_setup/config/ur3e_update_rate.yaml
[0.793s] -- Up-to-date: /home/alpaka-admin/my_alpaka_urdf_ws/install/alpaka_welding_cobot_setup/share/alpaka_welding_cobot_setup/config/test_goal_publishers_config.yaml
[0.793s] -- Up-to-date: /home/alpaka-admin/my_alpaka_urdf_ws/install/alpaka_welding_cobot_setup/share/alpaka_welding_cobot_setup/config/ur10
[0.793s] -- Up-to-date: /home/alpaka-admin/my_alpaka_urdf_ws/install/alpaka_welding_cobot_setup/share/alpaka_welding_cobot_setup/config/ur10/physical_parameters.yaml
[0.793s] -- Up-to-date: /home/alpaka-admin/my_alpaka_urdf_ws/install/alpaka_welding_cobot_setup/share/alpaka_welding_cobot_setup/config/ur10/joint_limits.yaml
[0.793s] -- Up-to-date: /home/alpaka-admin/my_alpaka_urdf_ws/install/alpaka_welding_cobot_setup/share/alpaka_welding_cobot_setup/config/ur10/visual_parameters.yaml
[0.794s] -- Up-to-date: /home/alpaka-admin/my_alpaka_urdf_ws/install/alpaka_welding_cobot_setup/share/alpaka_welding_cobot_setup/config/ur10/default_kinematics.yaml
[0.794s] -- Up-to-date: /home/alpaka-admin/my_alpaka_urdf_ws/install/alpaka_welding_cobot_setup/share/alpaka_welding_cobot_setup/resources
[0.794s] -- Up-to-date: /home/alpaka-admin/my_alpaka_urdf_ws/install/alpaka_welding_cobot_setup/share/alpaka_welding_cobot_setup/resources/rtde_input_recipe.txt
[0.794s] -- Up-to-date: /home/alpaka-admin/my_alpaka_urdf_ws/install/alpaka_welding_cobot_setup/share/alpaka_welding_cobot_setup/resources/external_control.urscript
[0.794s] -- Up-to-date: /home/alpaka-admin/my_alpaka_urdf_ws/install/alpaka_welding_cobot_setup/share/alpaka_welding_cobot_setup/resources/rtde_output_recipe.txt
[0.794s] -- Up-to-date: /home/alpaka-admin/my_alpaka_urdf_ws/install/alpaka_welding_cobot_setup/share/alpaka_welding_cobot_setup/rviz
[0.795s] -- Up-to-date: /home/alpaka-admin/my_alpaka_urdf_ws/install/alpaka_welding_cobot_setup/share/alpaka_welding_cobot_setup/rviz/view_robot.rviz
[0.795s] -- Up-to-date: /home/alpaka-admin/my_alpaka_urdf_ws/install/alpaka_welding_cobot_setup/share/ament_index/resource_index/package_run_dependencies/alpaka_welding_cobot_setup
[0.795s] -- Up-to-date: /home/alpaka-admin/my_alpaka_urdf_ws/install/alpaka_welding_cobot_setup/share/ament_index/resource_index/parent_prefix_path/alpaka_welding_cobot_setup
[0.795s] -- Up-to-date: /home/alpaka-admin/my_alpaka_urdf_ws/install/alpaka_welding_cobot_setup/share/alpaka_welding_cobot_setup/environment/ament_prefix_path.sh
[0.795s] -- Up-to-date: /home/alpaka-admin/my_alpaka_urdf_ws/install/alpaka_welding_cobot_setup/share/alpaka_welding_cobot_setup/environment/ament_prefix_path.dsv
[0.798s] -- Up-to-date: /home/alpaka-admin/my_alpaka_urdf_ws/install/alpaka_welding_cobot_setup/share/alpaka_welding_cobot_setup/environment/path.sh
[0.798s] -- Up-to-date: /home/alpaka-admin/my_alpaka_urdf_ws/install/alpaka_welding_cobot_setup/share/alpaka_welding_cobot_setup/environment/path.dsv
[0.798s] -- Up-to-date: /home/alpaka-admin/my_alpaka_urdf_ws/install/alpaka_welding_cobot_setup/share/alpaka_welding_cobot_setup/local_setup.bash
[0.799s] -- Up-to-date: /home/alpaka-admin/my_alpaka_urdf_ws/install/alpaka_welding_cobot_setup/share/alpaka_welding_cobot_setup/local_setup.sh
[0.799s] -- Up-to-date: /home/alpaka-admin/my_alpaka_urdf_ws/install/alpaka_welding_cobot_setup/share/alpaka_welding_cobot_setup/local_setup.zsh
[0.804s] -- Up-to-date: /home/alpaka-admin/my_alpaka_urdf_ws/install/alpaka_welding_cobot_setup/share/alpaka_welding_cobot_setup/local_setup.dsv
[0.804s] -- Installing: /home/alpaka-admin/my_alpaka_urdf_ws/install/alpaka_welding_cobot_setup/share/alpaka_welding_cobot_setup/package.dsv
[0.807s] -- Up-to-date: /home/alpaka-admin/my_alpaka_urdf_ws/install/alpaka_welding_cobot_setup/share/ament_index/resource_index/packages/alpaka_welding_cobot_setup
[0.808s] -- Up-to-date: /home/alpaka-admin/my_alpaka_urdf_ws/install/alpaka_welding_cobot_setup/share/alpaka_welding_cobot_setup/cmake/alpaka_welding_cobot_setupConfig.cmake
[0.809s] -- Up-to-date: /home/alpaka-admin/my_alpaka_urdf_ws/install/alpaka_welding_cobot_setup/share/alpaka_welding_cobot_setup/cmake/alpaka_welding_cobot_setupConfig-version.cmake
[0.810s] -- Up-to-date: /home/alpaka-admin/my_alpaka_urdf_ws/install/alpaka_welding_cobot_setup/share/alpaka_welding_cobot_setup/package.xml
[0.939s] Invoked command in '/home/alpaka-admin/my_alpaka_urdf_ws/build/alpaka_welding_cobot_setup' returned '0': CMAKE_PREFIX_PATH=/opt/ros/humble ROS_DOMAIN_ID=49 /usr/bin/cmake --install /home/alpaka-admin/my_alpaka_urdf_ws/build/alpaka_welding_cobot_setup
