[0.122s] Invoking command in '/home/alpaka-admin/my_alpaka_urdf_ws/build/realsense2_camera_msgs': CMAKE_PREFIX_PATH=${CMAKE_PREFIX_PATH}:/home/alpaka-admin/my_alpaka_urdf_ws/install/ml_model:/opt/ros/humble ROS_DOMAIN_ID=91 /usr/bin/cmake --build /home/alpaka-admin/my_alpaka_urdf_ws/build/realsense2_camera_msgs -- -j8 -l8
[0.254s] [ 11%] Built target realsense2_camera_msgs__rosidl_generator_c
[0.254s] [ 12%] Built target realsense2_camera_msgs__cpp
[0.270s] [ 12%] Built target ament_cmake_python_copy_realsense2_camera_msgs
[0.327s] [ 23%] Built target realsense2_camera_msgs__rosidl_typesupport_fastrtps_c
[0.327s] [ 34%] Built target realsense2_camera_msgs__rosidl_typesupport_c
[0.328s] [ 46%] Built target realsense2_camera_msgs__rosidl_typesupport_cpp
[0.328s] [ 57%] Built target realsense2_camera_msgs__rosidl_typesupport_introspection_c
[0.376s] [ 68%] Built target realsense2_camera_msgs__rosidl_typesupport_fastrtps_cpp
[0.382s] [ 79%] Built target realsense2_camera_msgs__rosidl_typesupport_introspection_cpp
[0.382s] [ 79%] Built target realsense2_camera_msgs
[0.402s] [ 80%] Built target realsense2_camera_msgs__py
[0.440s] [ 90%] Built target realsense2_camera_msgs__rosidl_generator_py
[0.486s] [ 93%] Built target realsense2_camera_msgs__rosidl_typesupport_c__pyext
[0.487s] [ 96%] Built target realsense2_camera_msgs__rosidl_typesupport_introspection_c__pyext
[0.493s] [100%] Built target realsense2_camera_msgs__rosidl_typesupport_fastrtps_c__pyext
[0.868s] running egg_info
[0.869s] writing realsense2_camera_msgs.egg-info/PKG-INFO
[0.869s] writing dependency_links to realsense2_camera_msgs.egg-info/dependency_links.txt
[0.869s] writing top-level names to realsense2_camera_msgs.egg-info/top_level.txt
[0.874s] reading manifest file 'realsense2_camera_msgs.egg-info/SOURCES.txt'
[0.875s] writing manifest file 'realsense2_camera_msgs.egg-info/SOURCES.txt'
[0.915s] [100%] Built target ament_cmake_python_build_realsense2_camera_msgs_egg
[1.164s] Invoked command in '/home/alpaka-admin/my_alpaka_urdf_ws/build/realsense2_camera_msgs' returned '0': CMAKE_PREFIX_PATH=${CMAKE_PREFIX_PATH}:/home/alpaka-admin/my_alpaka_urdf_ws/install/ml_model:/opt/ros/humble ROS_DOMAIN_ID=91 /usr/bin/cmake --build /home/alpaka-admin/my_alpaka_urdf_ws/build/realsense2_camera_msgs -- -j8 -l8
[1.168s] Invoking command in '/home/alpaka-admin/my_alpaka_urdf_ws/build/realsense2_camera_msgs': CMAKE_PREFIX_PATH=${CMAKE_PREFIX_PATH}:/home/alpaka-admin/my_alpaka_urdf_ws/install/ml_model:/opt/ros/humble ROS_DOMAIN_ID=91 /usr/bin/cmake --install /home/alpaka-admin/my_alpaka_urdf_ws/build/realsense2_camera_msgs
[1.180s] -- Install configuration: ""
[1.180s] -- Up-to-date: /home/alpaka-admin/my_alpaka_urdf_ws/install/realsense2_camera_msgs/share/ament_index/resource_index/rosidl_interfaces/realsense2_camera_msgs
[1.180s] -- Up-to-date: /home/alpaka-admin/my_alpaka_urdf_ws/install/realsense2_camera_msgs/include/realsense2_camera_msgs/realsense2_camera_msgs
[1.181s] -- Up-to-date: /home/alpaka-admin/my_alpaka_urdf_ws/install/realsense2_camera_msgs/include/realsense2_camera_msgs/realsense2_camera_msgs/srv
[1.181s] -- Up-to-date: /home/alpaka-admin/my_alpaka_urdf_ws/install/realsense2_camera_msgs/include/realsense2_camera_msgs/realsense2_camera_msgs/srv/detail
[1.181s] -- Up-to-date: /home/alpaka-admin/my_alpaka_urdf_ws/install/realsense2_camera_msgs/include/realsense2_camera_msgs/realsense2_camera_msgs/srv/detail/device_info__functions.c
[1.182s] -- Up-to-date: /home/alpaka-admin/my_alpaka_urdf_ws/install/realsense2_camera_msgs/include/realsense2_camera_msgs/realsense2_camera_msgs/srv/detail/device_info__type_support.h
[1.182s] -- Up-to-date: /home/alpaka-admin/my_alpaka_urdf_ws/install/realsense2_camera_msgs/include/realsense2_camera_msgs/realsense2_camera_msgs/srv/detail/device_info__functions.h
[1.182s] -- Up-to-date: /home/alpaka-admin/my_alpaka_urdf_ws/install/realsense2_camera_msgs/include/realsense2_camera_msgs/realsense2_camera_msgs/srv/detail/device_info__struct.h
[1.182s] -- Up-to-date: /home/alpaka-admin/my_alpaka_urdf_ws/install/realsense2_camera_msgs/include/realsense2_camera_msgs/realsense2_camera_msgs/srv/device_info.h
[1.183s] -- Up-to-date: /home/alpaka-admin/my_alpaka_urdf_ws/install/realsense2_camera_msgs/include/realsense2_camera_msgs/realsense2_camera_msgs/msg
[1.183s] -- Up-to-date: /home/alpaka-admin/my_alpaka_urdf_ws/install/realsense2_camera_msgs/include/realsense2_camera_msgs/realsense2_camera_msgs/msg/rosidl_generator_c__visibility_control.h
[1.183s] -- Up-to-date: /home/alpaka-admin/my_alpaka_urdf_ws/install/realsense2_camera_msgs/include/realsense2_camera_msgs/realsense2_camera_msgs/msg/rgbd.h
[1.184s] -- Up-to-date: /home/alpaka-admin/my_alpaka_urdf_ws/install/realsense2_camera_msgs/include/realsense2_camera_msgs/realsense2_camera_msgs/msg/metadata.h
[1.184s] -- Up-to-date: /home/alpaka-admin/my_alpaka_urdf_ws/install/realsense2_camera_msgs/include/realsense2_camera_msgs/realsense2_camera_msgs/msg/detail
[1.184s] -- Up-to-date: /home/alpaka-admin/my_alpaka_urdf_ws/install/realsense2_camera_msgs/include/realsense2_camera_msgs/realsense2_camera_msgs/msg/detail/imu_info__type_support.h
[1.185s] -- Up-to-date: /home/alpaka-admin/my_alpaka_urdf_ws/install/realsense2_camera_msgs/include/realsense2_camera_msgs/realsense2_camera_msgs/msg/detail/imu_info__functions.h
[1.185s] -- Up-to-date: /home/alpaka-admin/my_alpaka_urdf_ws/install/realsense2_camera_msgs/include/realsense2_camera_msgs/realsense2_camera_msgs/msg/detail/rgbd__type_support.h
[1.186s] -- Up-to-date: /home/alpaka-admin/my_alpaka_urdf_ws/install/realsense2_camera_msgs/include/realsense2_camera_msgs/realsense2_camera_msgs/msg/detail/metadata__struct.h
[1.186s] -- Up-to-date: /home/alpaka-admin/my_alpaka_urdf_ws/install/realsense2_camera_msgs/include/realsense2_camera_msgs/realsense2_camera_msgs/msg/detail/imu_info__struct.h
[1.187s] -- Up-to-date: /home/alpaka-admin/my_alpaka_urdf_ws/install/realsense2_camera_msgs/include/realsense2_camera_msgs/realsense2_camera_msgs/msg/detail/extrinsics__type_support.h
[1.187s] -- Up-to-date: /home/alpaka-admin/my_alpaka_urdf_ws/install/realsense2_camera_msgs/include/realsense2_camera_msgs/realsense2_camera_msgs/msg/detail/extrinsics__functions.c
[1.187s] -- Up-to-date: /home/alpaka-admin/my_alpaka_urdf_ws/install/realsense2_camera_msgs/include/realsense2_camera_msgs/realsense2_camera_msgs/msg/detail/metadata__type_support.h
[1.188s] -- Up-to-date: /home/alpaka-admin/my_alpaka_urdf_ws/install/realsense2_camera_msgs/include/realsense2_camera_msgs/realsense2_camera_msgs/msg/detail/metadata__functions.c
[1.188s] -- Up-to-date: /home/alpaka-admin/my_alpaka_urdf_ws/install/realsense2_camera_msgs/include/realsense2_camera_msgs/realsense2_camera_msgs/msg/detail/metadata__functions.h
[1.189s] -- Up-to-date: /home/alpaka-admin/my_alpaka_urdf_ws/install/realsense2_camera_msgs/include/realsense2_camera_msgs/realsense2_camera_msgs/msg/detail/extrinsics__struct.h
[1.189s] -- Up-to-date: /home/alpaka-admin/my_alpaka_urdf_ws/install/realsense2_camera_msgs/include/realsense2_camera_msgs/realsense2_camera_msgs/msg/detail/rgbd__struct.h
[1.189s] -- Up-to-date: /home/alpaka-admin/my_alpaka_urdf_ws/install/realsense2_camera_msgs/include/realsense2_camera_msgs/realsense2_camera_msgs/msg/detail/imu_info__functions.c
[1.189s] -- Up-to-date: /home/alpaka-admin/my_alpaka_urdf_ws/install/realsense2_camera_msgs/include/realsense2_camera_msgs/realsense2_camera_msgs/msg/detail/rgbd__functions.c
[1.189s] -- Up-to-date: /home/alpaka-admin/my_alpaka_urdf_ws/install/realsense2_camera_msgs/include/realsense2_camera_msgs/realsense2_camera_msgs/msg/detail/rgbd__functions.h
[1.190s] -- Up-to-date: /home/alpaka-admin/my_alpaka_urdf_ws/install/realsense2_camera_msgs/include/realsense2_camera_msgs/realsense2_camera_msgs/msg/detail/extrinsics__functions.h
[1.190s] -- Up-to-date: /home/alpaka-admin/my_alpaka_urdf_ws/install/realsense2_camera_msgs/include/realsense2_camera_msgs/realsense2_camera_msgs/msg/imu_info.h
[1.190s] -- Up-to-date: /home/alpaka-admin/my_alpaka_urdf_ws/install/realsense2_camera_msgs/include/realsense2_camera_msgs/realsense2_camera_msgs/msg/extrinsics.h
[1.190s] -- Up-to-date: /home/alpaka-admin/my_alpaka_urdf_ws/install/realsense2_camera_msgs/share/realsense2_camera_msgs/environment/library_path.sh
[1.190s] -- Up-to-date: /home/alpaka-admin/my_alpaka_urdf_ws/install/realsense2_camera_msgs/share/realsense2_camera_msgs/environment/library_path.dsv
[1.190s] -- Up-to-date: /home/alpaka-admin/my_alpaka_urdf_ws/install/realsense2_camera_msgs/lib/librealsense2_camera_msgs__rosidl_generator_c.so
[1.190s] -- Up-to-date: /home/alpaka-admin/my_alpaka_urdf_ws/install/realsense2_camera_msgs/include/realsense2_camera_msgs/realsense2_camera_msgs
[1.191s] -- Up-to-date: /home/alpaka-admin/my_alpaka_urdf_ws/install/realsense2_camera_msgs/include/realsense2_camera_msgs/realsense2_camera_msgs/srv
[1.191s] -- Up-to-date: /home/alpaka-admin/my_alpaka_urdf_ws/install/realsense2_camera_msgs/include/realsense2_camera_msgs/realsense2_camera_msgs/srv/detail
[1.191s] -- Up-to-date: /home/alpaka-admin/my_alpaka_urdf_ws/install/realsense2_camera_msgs/include/realsense2_camera_msgs/realsense2_camera_msgs/srv/detail/device_info__rosidl_typesupport_fastrtps_c.h
[1.191s] -- Up-to-date: /home/alpaka-admin/my_alpaka_urdf_ws/install/realsense2_camera_msgs/include/realsense2_camera_msgs/realsense2_camera_msgs/msg
[1.191s] -- Up-to-date: /home/alpaka-admin/my_alpaka_urdf_ws/install/realsense2_camera_msgs/include/realsense2_camera_msgs/realsense2_camera_msgs/msg/rosidl_typesupport_fastrtps_c__visibility_control.h
[1.193s] -- Up-to-date: /home/alpaka-admin/my_alpaka_urdf_ws/install/realsense2_camera_msgs/include/realsense2_camera_msgs/realsense2_camera_msgs/msg/detail
[1.194s] -- Up-to-date: /home/alpaka-admin/my_alpaka_urdf_ws/install/realsense2_camera_msgs/include/realsense2_camera_msgs/realsense2_camera_msgs/msg/detail/rgbd__rosidl_typesupport_fastrtps_c.h
[1.194s] -- Up-to-date: /home/alpaka-admin/my_alpaka_urdf_ws/install/realsense2_camera_msgs/include/realsense2_camera_msgs/realsense2_camera_msgs/msg/detail/metadata__rosidl_typesupport_fastrtps_c.h
[1.194s] -- Up-to-date: /home/alpaka-admin/my_alpaka_urdf_ws/install/realsense2_camera_msgs/include/realsense2_camera_msgs/realsense2_camera_msgs/msg/detail/extrinsics__rosidl_typesupport_fastrtps_c.h
[1.195s] -- Up-to-date: /home/alpaka-admin/my_alpaka_urdf_ws/install/realsense2_camera_msgs/include/realsense2_camera_msgs/realsense2_camera_msgs/msg/detail/imu_info__rosidl_typesupport_fastrtps_c.h
[1.195s] -- Up-to-date: /home/alpaka-admin/my_alpaka_urdf_ws/install/realsense2_camera_msgs/lib/librealsense2_camera_msgs__rosidl_typesupport_fastrtps_c.so
[1.195s] -- Up-to-date: /home/alpaka-admin/my_alpaka_urdf_ws/install/realsense2_camera_msgs/include/realsense2_camera_msgs/realsense2_camera_msgs
[1.196s] -- Up-to-date: /home/alpaka-admin/my_alpaka_urdf_ws/install/realsense2_camera_msgs/include/realsense2_camera_msgs/realsense2_camera_msgs/srv
[1.196s] -- Up-to-date: /home/alpaka-admin/my_alpaka_urdf_ws/install/realsense2_camera_msgs/include/realsense2_camera_msgs/realsense2_camera_msgs/srv/detail
[1.196s] -- Up-to-date: /home/alpaka-admin/my_alpaka_urdf_ws/install/realsense2_camera_msgs/include/realsense2_camera_msgs/realsense2_camera_msgs/srv/detail/device_info__rosidl_typesupport_introspection_c.h
[1.197s] -- Up-to-date: /home/alpaka-admin/my_alpaka_urdf_ws/install/realsense2_camera_msgs/include/realsense2_camera_msgs/realsense2_camera_msgs/srv/detail/device_info__type_support.c
[1.197s] -- Up-to-date: /home/alpaka-admin/my_alpaka_urdf_ws/install/realsense2_camera_msgs/include/realsense2_camera_msgs/realsense2_camera_msgs/msg
[1.197s] -- Up-to-date: /home/alpaka-admin/my_alpaka_urdf_ws/install/realsense2_camera_msgs/include/realsense2_camera_msgs/realsense2_camera_msgs/msg/detail
[1.198s] -- Up-to-date: /home/alpaka-admin/my_alpaka_urdf_ws/install/realsense2_camera_msgs/include/realsense2_camera_msgs/realsense2_camera_msgs/msg/detail/imu_info__type_support.c
[1.198s] -- Up-to-date: /home/alpaka-admin/my_alpaka_urdf_ws/install/realsense2_camera_msgs/include/realsense2_camera_msgs/realsense2_camera_msgs/msg/detail/metadata__type_support.c
[1.198s] -- Up-to-date: /home/alpaka-admin/my_alpaka_urdf_ws/install/realsense2_camera_msgs/include/realsense2_camera_msgs/realsense2_camera_msgs/msg/detail/extrinsics__rosidl_typesupport_introspection_c.h
[1.198s] -- Up-to-date: /home/alpaka-admin/my_alpaka_urdf_ws/install/realsense2_camera_msgs/include/realsense2_camera_msgs/realsense2_camera_msgs/msg/detail/imu_info__rosidl_typesupport_introspection_c.h
[1.199s] -- Up-to-date: /home/alpaka-admin/my_alpaka_urdf_ws/install/realsense2_camera_msgs/include/realsense2_camera_msgs/realsense2_camera_msgs/msg/detail/rgbd__type_support.c
[1.199s] -- Up-to-date: /home/alpaka-admin/my_alpaka_urdf_ws/install/realsense2_camera_msgs/include/realsense2_camera_msgs/realsense2_camera_msgs/msg/detail/extrinsics__type_support.c
[1.199s] -- Up-to-date: /home/alpaka-admin/my_alpaka_urdf_ws/install/realsense2_camera_msgs/include/realsense2_camera_msgs/realsense2_camera_msgs/msg/detail/rgbd__rosidl_typesupport_introspection_c.h
[1.199s] -- Up-to-date: /home/alpaka-admin/my_alpaka_urdf_ws/install/realsense2_camera_msgs/include/realsense2_camera_msgs/realsense2_camera_msgs/msg/detail/metadata__rosidl_typesupport_introspection_c.h
[1.200s] -- Up-to-date: /home/alpaka-admin/my_alpaka_urdf_ws/install/realsense2_camera_msgs/include/realsense2_camera_msgs/realsense2_camera_msgs/msg/rosidl_typesupport_introspection_c__visibility_control.h
[1.203s] -- Up-to-date: /home/alpaka-admin/my_alpaka_urdf_ws/install/realsense2_camera_msgs/lib/librealsense2_camera_msgs__rosidl_typesupport_introspection_c.so
[1.203s] -- Up-to-date: /home/alpaka-admin/my_alpaka_urdf_ws/install/realsense2_camera_msgs/lib/librealsense2_camera_msgs__rosidl_typesupport_c.so
[1.206s] -- Up-to-date: /home/alpaka-admin/my_alpaka_urdf_ws/install/realsense2_camera_msgs/include/realsense2_camera_msgs/realsense2_camera_msgs
[1.206s] -- Up-to-date: /home/alpaka-admin/my_alpaka_urdf_ws/install/realsense2_camera_msgs/include/realsense2_camera_msgs/realsense2_camera_msgs/srv
[1.207s] -- Up-to-date: /home/alpaka-admin/my_alpaka_urdf_ws/install/realsense2_camera_msgs/include/realsense2_camera_msgs/realsense2_camera_msgs/srv/detail
[1.207s] -- Up-to-date: /home/alpaka-admin/my_alpaka_urdf_ws/install/realsense2_camera_msgs/include/realsense2_camera_msgs/realsense2_camera_msgs/srv/detail/device_info__builder.hpp
[1.208s] -- Up-to-date: /home/alpaka-admin/my_alpaka_urdf_ws/install/realsense2_camera_msgs/include/realsense2_camera_msgs/realsense2_camera_msgs/srv/detail/device_info__traits.hpp
[1.208s] -- Up-to-date: /home/alpaka-admin/my_alpaka_urdf_ws/install/realsense2_camera_msgs/include/realsense2_camera_msgs/realsense2_camera_msgs/srv/detail/device_info__struct.hpp
[1.209s] -- Up-to-date: /home/alpaka-admin/my_alpaka_urdf_ws/install/realsense2_camera_msgs/include/realsense2_camera_msgs/realsense2_camera_msgs/srv/detail/device_info__type_support.hpp
[1.211s] -- Up-to-date: /home/alpaka-admin/my_alpaka_urdf_ws/install/realsense2_camera_msgs/include/realsense2_camera_msgs/realsense2_camera_msgs/srv/device_info.hpp
[1.212s] -- Up-to-date: /home/alpaka-admin/my_alpaka_urdf_ws/install/realsense2_camera_msgs/include/realsense2_camera_msgs/realsense2_camera_msgs/msg
[1.215s] -- Up-to-date: /home/alpaka-admin/my_alpaka_urdf_ws/install/realsense2_camera_msgs/include/realsense2_camera_msgs/realsense2_camera_msgs/msg/rgbd.hpp
[1.216s] -- Up-to-date: /home/alpaka-admin/my_alpaka_urdf_ws/install/realsense2_camera_msgs/include/realsense2_camera_msgs/realsense2_camera_msgs/msg/extrinsics.hpp
[1.217s] -- Up-to-date: /home/alpaka-admin/my_alpaka_urdf_ws/install/realsense2_camera_msgs/include/realsense2_camera_msgs/realsense2_camera_msgs/msg/metadata.hpp
[1.217s] -- Up-to-date: /home/alpaka-admin/my_alpaka_urdf_ws/install/realsense2_camera_msgs/include/realsense2_camera_msgs/realsense2_camera_msgs/msg/imu_info.hpp
[1.217s] -- Up-to-date: /home/alpaka-admin/my_alpaka_urdf_ws/install/realsense2_camera_msgs/include/realsense2_camera_msgs/realsense2_camera_msgs/msg/detail
[1.217s] -- Up-to-date: /home/alpaka-admin/my_alpaka_urdf_ws/install/realsense2_camera_msgs/include/realsense2_camera_msgs/realsense2_camera_msgs/msg/detail/imu_info__traits.hpp
[1.218s] -- Up-to-date: /home/alpaka-admin/my_alpaka_urdf_ws/install/realsense2_camera_msgs/include/realsense2_camera_msgs/realsense2_camera_msgs/msg/detail/rgbd__struct.hpp
[1.218s] -- Up-to-date: /home/alpaka-admin/my_alpaka_urdf_ws/install/realsense2_camera_msgs/include/realsense2_camera_msgs/realsense2_camera_msgs/msg/detail/extrinsics__builder.hpp
[1.219s] -- Up-to-date: /home/alpaka-admin/my_alpaka_urdf_ws/install/realsense2_camera_msgs/include/realsense2_camera_msgs/realsense2_camera_msgs/msg/detail/extrinsics__struct.hpp
[1.219s] -- Up-to-date: /home/alpaka-admin/my_alpaka_urdf_ws/install/realsense2_camera_msgs/include/realsense2_camera_msgs/realsense2_camera_msgs/msg/detail/metadata__struct.hpp
[1.219s] -- Up-to-date: /home/alpaka-admin/my_alpaka_urdf_ws/install/realsense2_camera_msgs/include/realsense2_camera_msgs/realsense2_camera_msgs/msg/detail/rgbd__builder.hpp
[1.220s] -- Up-to-date: /home/alpaka-admin/my_alpaka_urdf_ws/install/realsense2_camera_msgs/include/realsense2_camera_msgs/realsense2_camera_msgs/msg/detail/rgbd__traits.hpp
[1.220s] -- Up-to-date: /home/alpaka-admin/my_alpaka_urdf_ws/install/realsense2_camera_msgs/include/realsense2_camera_msgs/realsense2_camera_msgs/msg/detail/metadata__builder.hpp
[1.221s] -- Up-to-date: /home/alpaka-admin/my_alpaka_urdf_ws/install/realsense2_camera_msgs/include/realsense2_camera_msgs/realsense2_camera_msgs/msg/detail/extrinsics__type_support.hpp
[1.221s] -- Up-to-date: /home/alpaka-admin/my_alpaka_urdf_ws/install/realsense2_camera_msgs/include/realsense2_camera_msgs/realsense2_camera_msgs/msg/detail/rgbd__type_support.hpp
[1.221s] -- Up-to-date: /home/alpaka-admin/my_alpaka_urdf_ws/install/realsense2_camera_msgs/include/realsense2_camera_msgs/realsense2_camera_msgs/msg/detail/metadata__traits.hpp
[1.221s] -- Up-to-date: /home/alpaka-admin/my_alpaka_urdf_ws/install/realsense2_camera_msgs/include/realsense2_camera_msgs/realsense2_camera_msgs/msg/detail/imu_info__builder.hpp
[1.221s] -- Up-to-date: /home/alpaka-admin/my_alpaka_urdf_ws/install/realsense2_camera_msgs/include/realsense2_camera_msgs/realsense2_camera_msgs/msg/detail/extrinsics__traits.hpp
[1.222s] -- Up-to-date: /home/alpaka-admin/my_alpaka_urdf_ws/install/realsense2_camera_msgs/include/realsense2_camera_msgs/realsense2_camera_msgs/msg/detail/metadata__type_support.hpp
[1.222s] -- Up-to-date: /home/alpaka-admin/my_alpaka_urdf_ws/install/realsense2_camera_msgs/include/realsense2_camera_msgs/realsense2_camera_msgs/msg/detail/imu_info__type_support.hpp
[1.222s] -- Up-to-date: /home/alpaka-admin/my_alpaka_urdf_ws/install/realsense2_camera_msgs/include/realsense2_camera_msgs/realsense2_camera_msgs/msg/detail/imu_info__struct.hpp
[1.222s] -- Up-to-date: /home/alpaka-admin/my_alpaka_urdf_ws/install/realsense2_camera_msgs/include/realsense2_camera_msgs/realsense2_camera_msgs/msg/rosidl_generator_cpp__visibility_control.hpp
[1.223s] -- Up-to-date: /home/alpaka-admin/my_alpaka_urdf_ws/install/realsense2_camera_msgs/include/realsense2_camera_msgs/realsense2_camera_msgs
[1.223s] -- Up-to-date: /home/alpaka-admin/my_alpaka_urdf_ws/install/realsense2_camera_msgs/include/realsense2_camera_msgs/realsense2_camera_msgs/srv
[1.223s] -- Up-to-date: /home/alpaka-admin/my_alpaka_urdf_ws/install/realsense2_camera_msgs/include/realsense2_camera_msgs/realsense2_camera_msgs/srv/detail
[1.224s] -- Up-to-date: /home/alpaka-admin/my_alpaka_urdf_ws/install/realsense2_camera_msgs/include/realsense2_camera_msgs/realsense2_camera_msgs/srv/detail/device_info__rosidl_typesupport_fastrtps_cpp.hpp
[1.224s] -- Up-to-date: /home/alpaka-admin/my_alpaka_urdf_ws/install/realsense2_camera_msgs/include/realsense2_camera_msgs/realsense2_camera_msgs/srv/detail/dds_fastrtps
[1.224s] -- Up-to-date: /home/alpaka-admin/my_alpaka_urdf_ws/install/realsense2_camera_msgs/include/realsense2_camera_msgs/realsense2_camera_msgs/msg
[1.224s] -- Up-to-date: /home/alpaka-admin/my_alpaka_urdf_ws/install/realsense2_camera_msgs/include/realsense2_camera_msgs/realsense2_camera_msgs/msg/rosidl_typesupport_fastrtps_cpp__visibility_control.h
[1.224s] -- Up-to-date: /home/alpaka-admin/my_alpaka_urdf_ws/install/realsense2_camera_msgs/include/realsense2_camera_msgs/realsense2_camera_msgs/msg/detail
[1.225s] -- Up-to-date: /home/alpaka-admin/my_alpaka_urdf_ws/install/realsense2_camera_msgs/include/realsense2_camera_msgs/realsense2_camera_msgs/msg/detail/extrinsics__rosidl_typesupport_fastrtps_cpp.hpp
[1.225s] -- Up-to-date: /home/alpaka-admin/my_alpaka_urdf_ws/install/realsense2_camera_msgs/include/realsense2_camera_msgs/realsense2_camera_msgs/msg/detail/imu_info__rosidl_typesupport_fastrtps_cpp.hpp
[1.226s] -- Up-to-date: /home/alpaka-admin/my_alpaka_urdf_ws/install/realsense2_camera_msgs/include/realsense2_camera_msgs/realsense2_camera_msgs/msg/detail/rgbd__rosidl_typesupport_fastrtps_cpp.hpp
[1.226s] -- Up-to-date: /home/alpaka-admin/my_alpaka_urdf_ws/install/realsense2_camera_msgs/include/realsense2_camera_msgs/realsense2_camera_msgs/msg/detail/metadata__rosidl_typesupport_fastrtps_cpp.hpp
[1.227s] -- Up-to-date: /home/alpaka-admin/my_alpaka_urdf_ws/install/realsense2_camera_msgs/include/realsense2_camera_msgs/realsense2_camera_msgs/msg/detail/dds_fastrtps
[1.227s] -- Up-to-date: /home/alpaka-admin/my_alpaka_urdf_ws/install/realsense2_camera_msgs/lib/librealsense2_camera_msgs__rosidl_typesupport_fastrtps_cpp.so
[1.227s] -- Up-to-date: /home/alpaka-admin/my_alpaka_urdf_ws/install/realsense2_camera_msgs/include/realsense2_camera_msgs/realsense2_camera_msgs
[1.228s] -- Up-to-date: /home/alpaka-admin/my_alpaka_urdf_ws/install/realsense2_camera_msgs/include/realsense2_camera_msgs/realsense2_camera_msgs/srv
[1.228s] -- Up-to-date: /home/alpaka-admin/my_alpaka_urdf_ws/install/realsense2_camera_msgs/include/realsense2_camera_msgs/realsense2_camera_msgs/srv/detail
[1.228s] -- Up-to-date: /home/alpaka-admin/my_alpaka_urdf_ws/install/realsense2_camera_msgs/include/realsense2_camera_msgs/realsense2_camera_msgs/srv/detail/device_info__rosidl_typesupport_introspection_cpp.hpp
[1.228s] -- Up-to-date: /home/alpaka-admin/my_alpaka_urdf_ws/install/realsense2_camera_msgs/include/realsense2_camera_msgs/realsense2_camera_msgs/srv/detail/device_info__type_support.cpp
[1.229s] -- Up-to-date: /home/alpaka-admin/my_alpaka_urdf_ws/install/realsense2_camera_msgs/include/realsense2_camera_msgs/realsense2_camera_msgs/msg
[1.229s] -- Up-to-date: /home/alpaka-admin/my_alpaka_urdf_ws/install/realsense2_camera_msgs/include/realsense2_camera_msgs/realsense2_camera_msgs/msg/detail
[1.229s] -- Up-to-date: /home/alpaka-admin/my_alpaka_urdf_ws/install/realsense2_camera_msgs/include/realsense2_camera_msgs/realsense2_camera_msgs/msg/detail/extrinsics__type_support.cpp
[1.229s] -- Up-to-date: /home/alpaka-admin/my_alpaka_urdf_ws/install/realsense2_camera_msgs/include/realsense2_camera_msgs/realsense2_camera_msgs/msg/detail/metadata__type_support.cpp
[1.230s] -- Up-to-date: /home/alpaka-admin/my_alpaka_urdf_ws/install/realsense2_camera_msgs/include/realsense2_camera_msgs/realsense2_camera_msgs/msg/detail/rgbd__type_support.cpp
[1.230s] -- Up-to-date: /home/alpaka-admin/my_alpaka_urdf_ws/install/realsense2_camera_msgs/include/realsense2_camera_msgs/realsense2_camera_msgs/msg/detail/imu_info__type_support.cpp
[1.230s] -- Up-to-date: /home/alpaka-admin/my_alpaka_urdf_ws/install/realsense2_camera_msgs/include/realsense2_camera_msgs/realsense2_camera_msgs/msg/detail/metadata__rosidl_typesupport_introspection_cpp.hpp
[1.231s] -- Up-to-date: /home/alpaka-admin/my_alpaka_urdf_ws/install/realsense2_camera_msgs/include/realsense2_camera_msgs/realsense2_camera_msgs/msg/detail/rgbd__rosidl_typesupport_introspection_cpp.hpp
[1.231s] -- Up-to-date: /home/alpaka-admin/my_alpaka_urdf_ws/install/realsense2_camera_msgs/include/realsense2_camera_msgs/realsense2_camera_msgs/msg/detail/imu_info__rosidl_typesupport_introspection_cpp.hpp
[1.231s] -- Up-to-date: /home/alpaka-admin/my_alpaka_urdf_ws/install/realsense2_camera_msgs/include/realsense2_camera_msgs/realsense2_camera_msgs/msg/detail/extrinsics__rosidl_typesupport_introspection_cpp.hpp
[1.231s] -- Up-to-date: /home/alpaka-admin/my_alpaka_urdf_ws/install/realsense2_camera_msgs/lib/librealsense2_camera_msgs__rosidl_typesupport_introspection_cpp.so
[1.234s] -- Up-to-date: /home/alpaka-admin/my_alpaka_urdf_ws/install/realsense2_camera_msgs/lib/librealsense2_camera_msgs__rosidl_typesupport_cpp.so
[1.234s] -- Up-to-date: /home/alpaka-admin/my_alpaka_urdf_ws/install/realsense2_camera_msgs/share/realsense2_camera_msgs/environment/pythonpath.sh
[1.234s] -- Up-to-date: /home/alpaka-admin/my_alpaka_urdf_ws/install/realsense2_camera_msgs/share/realsense2_camera_msgs/environment/pythonpath.dsv
[1.234s] -- Up-to-date: /home/alpaka-admin/my_alpaka_urdf_ws/install/realsense2_camera_msgs/local/lib/python3.10/dist-packages/realsense2_camera_msgs-4.55.1-py3.10.egg-info
[1.234s] -- Installing: /home/alpaka-admin/my_alpaka_urdf_ws/install/realsense2_camera_msgs/local/lib/python3.10/dist-packages/realsense2_camera_msgs-4.55.1-py3.10.egg-info/PKG-INFO
[1.234s] -- Installing: /home/alpaka-admin/my_alpaka_urdf_ws/install/realsense2_camera_msgs/local/lib/python3.10/dist-packages/realsense2_camera_msgs-4.55.1-py3.10.egg-info/SOURCES.txt
[1.235s] -- Installing: /home/alpaka-admin/my_alpaka_urdf_ws/install/realsense2_camera_msgs/local/lib/python3.10/dist-packages/realsense2_camera_msgs-4.55.1-py3.10.egg-info/top_level.txt
[1.235s] -- Installing: /home/alpaka-admin/my_alpaka_urdf_ws/install/realsense2_camera_msgs/local/lib/python3.10/dist-packages/realsense2_camera_msgs-4.55.1-py3.10.egg-info/dependency_links.txt
[1.235s] -- Up-to-date: /home/alpaka-admin/my_alpaka_urdf_ws/install/realsense2_camera_msgs/local/lib/python3.10/dist-packages/realsense2_camera_msgs
[1.235s] -- Up-to-date: /home/alpaka-admin/my_alpaka_urdf_ws/install/realsense2_camera_msgs/local/lib/python3.10/dist-packages/realsense2_camera_msgs/_realsense2_camera_msgs_s.ep.rosidl_typesupport_introspection_c.c
[1.236s] -- Up-to-date: /home/alpaka-admin/my_alpaka_urdf_ws/install/realsense2_camera_msgs/local/lib/python3.10/dist-packages/realsense2_camera_msgs/srv
[1.236s] -- Up-to-date: /home/alpaka-admin/my_alpaka_urdf_ws/install/realsense2_camera_msgs/local/lib/python3.10/dist-packages/realsense2_camera_msgs/srv/_device_info_s.c
[1.237s] -- Up-to-date: /home/alpaka-admin/my_alpaka_urdf_ws/install/realsense2_camera_msgs/local/lib/python3.10/dist-packages/realsense2_camera_msgs/srv/__init__.py
[1.237s] -- Up-to-date: /home/alpaka-admin/my_alpaka_urdf_ws/install/realsense2_camera_msgs/local/lib/python3.10/dist-packages/realsense2_camera_msgs/srv/_device_info.py
[1.237s] -- Up-to-date: /home/alpaka-admin/my_alpaka_urdf_ws/install/realsense2_camera_msgs/local/lib/python3.10/dist-packages/realsense2_camera_msgs/_realsense2_camera_msgs_s.ep.rosidl_typesupport_fastrtps_c.c
[1.238s] -- Up-to-date: /home/alpaka-admin/my_alpaka_urdf_ws/install/realsense2_camera_msgs/local/lib/python3.10/dist-packages/realsense2_camera_msgs/realsense2_camera_msgs_s__rosidl_typesupport_fastrtps_c.cpython-310-x86_64-linux-gnu.so
[1.238s] -- Up-to-date: /home/alpaka-admin/my_alpaka_urdf_ws/install/realsense2_camera_msgs/local/lib/python3.10/dist-packages/realsense2_camera_msgs/librealsense2_camera_msgs__rosidl_generator_py.so
[1.238s] -- Up-to-date: /home/alpaka-admin/my_alpaka_urdf_ws/install/realsense2_camera_msgs/local/lib/python3.10/dist-packages/realsense2_camera_msgs/realsense2_camera_msgs_s__rosidl_typesupport_introspection_c.cpython-310-x86_64-linux-gnu.so
[1.238s] -- Up-to-date: /home/alpaka-admin/my_alpaka_urdf_ws/install/realsense2_camera_msgs/local/lib/python3.10/dist-packages/realsense2_camera_msgs/realsense2_camera_msgs_s__rosidl_typesupport_c.cpython-310-x86_64-linux-gnu.so
[1.239s] -- Up-to-date: /home/alpaka-admin/my_alpaka_urdf_ws/install/realsense2_camera_msgs/local/lib/python3.10/dist-packages/realsense2_camera_msgs/msg
[1.240s] -- Up-to-date: /home/alpaka-admin/my_alpaka_urdf_ws/install/realsense2_camera_msgs/local/lib/python3.10/dist-packages/realsense2_camera_msgs/msg/_rgbd.py
[1.240s] -- Up-to-date: /home/alpaka-admin/my_alpaka_urdf_ws/install/realsense2_camera_msgs/local/lib/python3.10/dist-packages/realsense2_camera_msgs/msg/_extrinsics_s.c
[1.240s] -- Up-to-date: /home/alpaka-admin/my_alpaka_urdf_ws/install/realsense2_camera_msgs/local/lib/python3.10/dist-packages/realsense2_camera_msgs/msg/_rgbd_s.c
[1.240s] -- Up-to-date: /home/alpaka-admin/my_alpaka_urdf_ws/install/realsense2_camera_msgs/local/lib/python3.10/dist-packages/realsense2_camera_msgs/msg/_imu_info_s.c
[1.241s] -- Up-to-date: /home/alpaka-admin/my_alpaka_urdf_ws/install/realsense2_camera_msgs/local/lib/python3.10/dist-packages/realsense2_camera_msgs/msg/_metadata.py
[1.241s] -- Up-to-date: /home/alpaka-admin/my_alpaka_urdf_ws/install/realsense2_camera_msgs/local/lib/python3.10/dist-packages/realsense2_camera_msgs/msg/_extrinsics.py
[1.241s] -- Up-to-date: /home/alpaka-admin/my_alpaka_urdf_ws/install/realsense2_camera_msgs/local/lib/python3.10/dist-packages/realsense2_camera_msgs/msg/_imu_info.py
[1.241s] -- Up-to-date: /home/alpaka-admin/my_alpaka_urdf_ws/install/realsense2_camera_msgs/local/lib/python3.10/dist-packages/realsense2_camera_msgs/msg/_metadata_s.c
[1.242s] -- Up-to-date: /home/alpaka-admin/my_alpaka_urdf_ws/install/realsense2_camera_msgs/local/lib/python3.10/dist-packages/realsense2_camera_msgs/msg/__init__.py
[1.242s] -- Up-to-date: /home/alpaka-admin/my_alpaka_urdf_ws/install/realsense2_camera_msgs/local/lib/python3.10/dist-packages/realsense2_camera_msgs/_realsense2_camera_msgs_s.ep.rosidl_typesupport_c.c
[1.242s] -- Up-to-date: /home/alpaka-admin/my_alpaka_urdf_ws/install/realsense2_camera_msgs/local/lib/python3.10/dist-packages/realsense2_camera_msgs/__init__.py
[1.262s] Listing '/home/alpaka-admin/my_alpaka_urdf_ws/install/realsense2_camera_msgs/local/lib/python3.10/dist-packages/realsense2_camera_msgs'...
[1.262s] Listing '/home/alpaka-admin/my_alpaka_urdf_ws/install/realsense2_camera_msgs/local/lib/python3.10/dist-packages/realsense2_camera_msgs/msg'...
[1.262s] Listing '/home/alpaka-admin/my_alpaka_urdf_ws/install/realsense2_camera_msgs/local/lib/python3.10/dist-packages/realsense2_camera_msgs/srv'...
[1.270s] -- Up-to-date: /home/alpaka-admin/my_alpaka_urdf_ws/install/realsense2_camera_msgs/local/lib/python3.10/dist-packages/realsense2_camera_msgs/realsense2_camera_msgs_s__rosidl_typesupport_fastrtps_c.cpython-310-x86_64-linux-gnu.so
[1.270s] -- Up-to-date: /home/alpaka-admin/my_alpaka_urdf_ws/install/realsense2_camera_msgs/local/lib/python3.10/dist-packages/realsense2_camera_msgs/realsense2_camera_msgs_s__rosidl_typesupport_introspection_c.cpython-310-x86_64-linux-gnu.so
[1.271s] -- Up-to-date: /home/alpaka-admin/my_alpaka_urdf_ws/install/realsense2_camera_msgs/local/lib/python3.10/dist-packages/realsense2_camera_msgs/realsense2_camera_msgs_s__rosidl_typesupport_c.cpython-310-x86_64-linux-gnu.so
[1.271s] -- Up-to-date: /home/alpaka-admin/my_alpaka_urdf_ws/install/realsense2_camera_msgs/lib/librealsense2_camera_msgs__rosidl_generator_py.so
[1.271s] -- Up-to-date: /home/alpaka-admin/my_alpaka_urdf_ws/install/realsense2_camera_msgs/share/realsense2_camera_msgs/msg/IMUInfo.idl
[1.272s] -- Up-to-date: /home/alpaka-admin/my_alpaka_urdf_ws/install/realsense2_camera_msgs/share/realsense2_camera_msgs/msg/Extrinsics.idl
[1.272s] -- Up-to-date: /home/alpaka-admin/my_alpaka_urdf_ws/install/realsense2_camera_msgs/share/realsense2_camera_msgs/msg/Metadata.idl
[1.272s] -- Up-to-date: /home/alpaka-admin/my_alpaka_urdf_ws/install/realsense2_camera_msgs/share/realsense2_camera_msgs/msg/RGBD.idl
[1.272s] -- Up-to-date: /home/alpaka-admin/my_alpaka_urdf_ws/install/realsense2_camera_msgs/share/realsense2_camera_msgs/srv/DeviceInfo.idl
[1.272s] -- Up-to-date: /home/alpaka-admin/my_alpaka_urdf_ws/install/realsense2_camera_msgs/share/realsense2_camera_msgs/msg/IMUInfo.msg
[1.272s] -- Up-to-date: /home/alpaka-admin/my_alpaka_urdf_ws/install/realsense2_camera_msgs/share/realsense2_camera_msgs/msg/Extrinsics.msg
[1.273s] -- Up-to-date: /home/alpaka-admin/my_alpaka_urdf_ws/install/realsense2_camera_msgs/share/realsense2_camera_msgs/msg/Metadata.msg
[1.273s] -- Up-to-date: /home/alpaka-admin/my_alpaka_urdf_ws/install/realsense2_camera_msgs/share/realsense2_camera_msgs/msg/RGBD.msg
[1.273s] -- Up-to-date: /home/alpaka-admin/my_alpaka_urdf_ws/install/realsense2_camera_msgs/share/realsense2_camera_msgs/srv/DeviceInfo.srv
[1.274s] -- Up-to-date: /home/alpaka-admin/my_alpaka_urdf_ws/install/realsense2_camera_msgs/share/realsense2_camera_msgs/srv/DeviceInfo_Request.msg
[1.274s] -- Up-to-date: /home/alpaka-admin/my_alpaka_urdf_ws/install/realsense2_camera_msgs/share/realsense2_camera_msgs/srv/DeviceInfo_Response.msg
[1.274s] -- Up-to-date: /home/alpaka-admin/my_alpaka_urdf_ws/install/realsense2_camera_msgs/share/ament_index/resource_index/package_run_dependencies/realsense2_camera_msgs
[1.274s] -- Up-to-date: /home/alpaka-admin/my_alpaka_urdf_ws/install/realsense2_camera_msgs/share/ament_index/resource_index/parent_prefix_path/realsense2_camera_msgs
[1.275s] -- Up-to-date: /home/alpaka-admin/my_alpaka_urdf_ws/install/realsense2_camera_msgs/share/realsense2_camera_msgs/environment/ament_prefix_path.sh
[1.276s] -- Up-to-date: /home/alpaka-admin/my_alpaka_urdf_ws/install/realsense2_camera_msgs/share/realsense2_camera_msgs/environment/ament_prefix_path.dsv
[1.276s] -- Up-to-date: /home/alpaka-admin/my_alpaka_urdf_ws/install/realsense2_camera_msgs/share/realsense2_camera_msgs/environment/path.sh
[1.277s] -- Up-to-date: /home/alpaka-admin/my_alpaka_urdf_ws/install/realsense2_camera_msgs/share/realsense2_camera_msgs/environment/path.dsv
[1.277s] -- Up-to-date: /home/alpaka-admin/my_alpaka_urdf_ws/install/realsense2_camera_msgs/share/realsense2_camera_msgs/local_setup.bash
[1.278s] -- Up-to-date: /home/alpaka-admin/my_alpaka_urdf_ws/install/realsense2_camera_msgs/share/realsense2_camera_msgs/local_setup.sh
[1.278s] -- Up-to-date: /home/alpaka-admin/my_alpaka_urdf_ws/install/realsense2_camera_msgs/share/realsense2_camera_msgs/local_setup.zsh
[1.278s] -- Up-to-date: /home/alpaka-admin/my_alpaka_urdf_ws/install/realsense2_camera_msgs/share/realsense2_camera_msgs/local_setup.dsv
[1.278s] -- Installing: /home/alpaka-admin/my_alpaka_urdf_ws/install/realsense2_camera_msgs/share/realsense2_camera_msgs/package.dsv
[1.278s] -- Up-to-date: /home/alpaka-admin/my_alpaka_urdf_ws/install/realsense2_camera_msgs/share/ament_index/resource_index/packages/realsense2_camera_msgs
[1.278s] -- Up-to-date: /home/alpaka-admin/my_alpaka_urdf_ws/install/realsense2_camera_msgs/share/realsense2_camera_msgs/cmake/export_realsense2_camera_msgs__rosidl_generator_cExport.cmake
[1.279s] -- Up-to-date: /home/alpaka-admin/my_alpaka_urdf_ws/install/realsense2_camera_msgs/share/realsense2_camera_msgs/cmake/export_realsense2_camera_msgs__rosidl_generator_cExport-noconfig.cmake
[1.279s] -- Up-to-date: /home/alpaka-admin/my_alpaka_urdf_ws/install/realsense2_camera_msgs/share/realsense2_camera_msgs/cmake/export_realsense2_camera_msgs__rosidl_typesupport_fastrtps_cExport.cmake
[1.279s] -- Up-to-date: /home/alpaka-admin/my_alpaka_urdf_ws/install/realsense2_camera_msgs/share/realsense2_camera_msgs/cmake/export_realsense2_camera_msgs__rosidl_typesupport_fastrtps_cExport-noconfig.cmake
[1.279s] -- Up-to-date: /home/alpaka-admin/my_alpaka_urdf_ws/install/realsense2_camera_msgs/share/realsense2_camera_msgs/cmake/realsense2_camera_msgs__rosidl_typesupport_introspection_cExport.cmake
[1.280s] -- Up-to-date: /home/alpaka-admin/my_alpaka_urdf_ws/install/realsense2_camera_msgs/share/realsense2_camera_msgs/cmake/realsense2_camera_msgs__rosidl_typesupport_introspection_cExport-noconfig.cmake
[1.280s] -- Up-to-date: /home/alpaka-admin/my_alpaka_urdf_ws/install/realsense2_camera_msgs/share/realsense2_camera_msgs/cmake/realsense2_camera_msgs__rosidl_typesupport_cExport.cmake
[1.280s] -- Up-to-date: /home/alpaka-admin/my_alpaka_urdf_ws/install/realsense2_camera_msgs/share/realsense2_camera_msgs/cmake/realsense2_camera_msgs__rosidl_typesupport_cExport-noconfig.cmake
[1.282s] -- Up-to-date: /home/alpaka-admin/my_alpaka_urdf_ws/install/realsense2_camera_msgs/share/realsense2_camera_msgs/cmake/export_realsense2_camera_msgs__rosidl_generator_cppExport.cmake
[1.283s] -- Up-to-date: /home/alpaka-admin/my_alpaka_urdf_ws/install/realsense2_camera_msgs/share/realsense2_camera_msgs/cmake/export_realsense2_camera_msgs__rosidl_typesupport_fastrtps_cppExport.cmake
[1.283s] -- Up-to-date: /home/alpaka-admin/my_alpaka_urdf_ws/install/realsense2_camera_msgs/share/realsense2_camera_msgs/cmake/export_realsense2_camera_msgs__rosidl_typesupport_fastrtps_cppExport-noconfig.cmake
[1.284s] -- Up-to-date: /home/alpaka-admin/my_alpaka_urdf_ws/install/realsense2_camera_msgs/share/realsense2_camera_msgs/cmake/realsense2_camera_msgs__rosidl_typesupport_introspection_cppExport.cmake
[1.284s] -- Up-to-date: /home/alpaka-admin/my_alpaka_urdf_ws/install/realsense2_camera_msgs/share/realsense2_camera_msgs/cmake/realsense2_camera_msgs__rosidl_typesupport_introspection_cppExport-noconfig.cmake
[1.284s] -- Up-to-date: /home/alpaka-admin/my_alpaka_urdf_ws/install/realsense2_camera_msgs/share/realsense2_camera_msgs/cmake/realsense2_camera_msgs__rosidl_typesupport_cppExport.cmake
[1.285s] -- Up-to-date: /home/alpaka-admin/my_alpaka_urdf_ws/install/realsense2_camera_msgs/share/realsense2_camera_msgs/cmake/realsense2_camera_msgs__rosidl_typesupport_cppExport-noconfig.cmake
[1.285s] -- Up-to-date: /home/alpaka-admin/my_alpaka_urdf_ws/install/realsense2_camera_msgs/share/realsense2_camera_msgs/cmake/export_realsense2_camera_msgs__rosidl_generator_pyExport.cmake
[1.285s] -- Up-to-date: /home/alpaka-admin/my_alpaka_urdf_ws/install/realsense2_camera_msgs/share/realsense2_camera_msgs/cmake/export_realsense2_camera_msgs__rosidl_generator_pyExport-noconfig.cmake
[1.285s] -- Up-to-date: /home/alpaka-admin/my_alpaka_urdf_ws/install/realsense2_camera_msgs/share/realsense2_camera_msgs/cmake/rosidl_cmake-extras.cmake
[1.285s] -- Up-to-date: /home/alpaka-admin/my_alpaka_urdf_ws/install/realsense2_camera_msgs/share/realsense2_camera_msgs/cmake/ament_cmake_export_dependencies-extras.cmake
[1.285s] -- Up-to-date: /home/alpaka-admin/my_alpaka_urdf_ws/install/realsense2_camera_msgs/share/realsense2_camera_msgs/cmake/ament_cmake_export_include_directories-extras.cmake
[1.286s] -- Up-to-date: /home/alpaka-admin/my_alpaka_urdf_ws/install/realsense2_camera_msgs/share/realsense2_camera_msgs/cmake/ament_cmake_export_libraries-extras.cmake
[1.286s] -- Up-to-date: /home/alpaka-admin/my_alpaka_urdf_ws/install/realsense2_camera_msgs/share/realsense2_camera_msgs/cmake/ament_cmake_export_targets-extras.cmake
[1.286s] -- Up-to-date: /home/alpaka-admin/my_alpaka_urdf_ws/install/realsense2_camera_msgs/share/realsense2_camera_msgs/cmake/rosidl_cmake_export_typesupport_targets-extras.cmake
[1.286s] -- Up-to-date: /home/alpaka-admin/my_alpaka_urdf_ws/install/realsense2_camera_msgs/share/realsense2_camera_msgs/cmake/rosidl_cmake_export_typesupport_libraries-extras.cmake
[1.286s] -- Up-to-date: /home/alpaka-admin/my_alpaka_urdf_ws/install/realsense2_camera_msgs/share/realsense2_camera_msgs/cmake/realsense2_camera_msgsConfig.cmake
[1.286s] -- Up-to-date: /home/alpaka-admin/my_alpaka_urdf_ws/install/realsense2_camera_msgs/share/realsense2_camera_msgs/cmake/realsense2_camera_msgsConfig-version.cmake
[1.287s] -- Up-to-date: /home/alpaka-admin/my_alpaka_urdf_ws/install/realsense2_camera_msgs/share/realsense2_camera_msgs/package.xml
[1.287s] Invoked command in '/home/alpaka-admin/my_alpaka_urdf_ws/build/realsense2_camera_msgs' returned '0': CMAKE_PREFIX_PATH=${CMAKE_PREFIX_PATH}:/home/alpaka-admin/my_alpaka_urdf_ws/install/ml_model:/opt/ros/humble ROS_DOMAIN_ID=91 /usr/bin/cmake --install /home/alpaka-admin/my_alpaka_urdf_ws/build/realsense2_camera_msgs
