[0.082s] Invoking command in '/home/alpaka-admin/my_alpaka_urdf_ws/build/alpaka_welding_cobot_moveit': CMAKE_PREFIX_PATH=${CMAKE_PREFIX_PATH}:/home/alpaka-admin/my_alpaka_urdf_ws/install/ml_model:/opt/ros/humble ROS_DOMAIN_ID=10 /usr/bin/cmake --build /home/alpaka-admin/my_alpaka_urdf_ws/build/alpaka_welding_cobot_moveit -- -j8 -l8
[0.276s] [35m[1mConsolidate compiler generated dependencies of target alpaka_welding_cobot_moveit[0m
[0.284s] [ 33%] [32mBuilding CXX object CMakeFiles/alpaka_welding_cobot_moveit.dir/src/ml_receiver_node_driver.cpp.o[0m
[20.819s] [ 66%] [32m[1mLinking CXX executable alpaka_welding_cobot_moveit[0m
[21.868s] [100%] Built target alpaka_welding_cobot_moveit
[21.893s] Invoked command in '/home/alpaka-admin/my_alpaka_urdf_ws/build/alpaka_welding_cobot_moveit' returned '0': CMAKE_PREFIX_PATH=${CMAKE_PREFIX_PATH}:/home/alpaka-admin/my_alpaka_urdf_ws/install/ml_model:/opt/ros/humble ROS_DOMAIN_ID=10 /usr/bin/cmake --build /home/alpaka-admin/my_alpaka_urdf_ws/build/alpaka_welding_cobot_moveit -- -j8 -l8
[21.899s] Invoking command in '/home/alpaka-admin/my_alpaka_urdf_ws/build/alpaka_welding_cobot_moveit': CMAKE_PREFIX_PATH=${CMAKE_PREFIX_PATH}:/home/alpaka-admin/my_alpaka_urdf_ws/install/ml_model:/opt/ros/humble ROS_DOMAIN_ID=10 /usr/bin/cmake --install /home/alpaka-admin/my_alpaka_urdf_ws/build/alpaka_welding_cobot_moveit
[21.913s] -- Install configuration: ""
[21.913s] -- Up-to-date: /home/alpaka-admin/my_alpaka_urdf_ws/install/alpaka_welding_cobot_moveit/share/alpaka_welding_cobot_moveit/launch
[21.913s] -- Up-to-date: /home/alpaka-admin/my_alpaka_urdf_ws/install/alpaka_welding_cobot_moveit/share/alpaka_welding_cobot_moveit/launch/alpaka_welding_cobot_moveit.launch.py
[21.914s] -- Installing: /home/alpaka-admin/my_alpaka_urdf_ws/install/alpaka_welding_cobot_moveit/lib/alpaka_welding_cobot_moveit/alpaka_welding_cobot_moveit
[21.920s] -- Set runtime path of "/home/alpaka-admin/my_alpaka_urdf_ws/install/alpaka_welding_cobot_moveit/lib/alpaka_welding_cobot_moveit/alpaka_welding_cobot_moveit" to ""
[21.920s] -- Up-to-date: /home/alpaka-admin/my_alpaka_urdf_ws/install/alpaka_welding_cobot_moveit/share/ament_index/resource_index/package_run_dependencies/alpaka_welding_cobot_moveit
[21.921s] -- Up-to-date: /home/alpaka-admin/my_alpaka_urdf_ws/install/alpaka_welding_cobot_moveit/share/ament_index/resource_index/parent_prefix_path/alpaka_welding_cobot_moveit
[21.921s] -- Up-to-date: /home/alpaka-admin/my_alpaka_urdf_ws/install/alpaka_welding_cobot_moveit/share/alpaka_welding_cobot_moveit/environment/ament_prefix_path.sh
[21.921s] -- Up-to-date: /home/alpaka-admin/my_alpaka_urdf_ws/install/alpaka_welding_cobot_moveit/share/alpaka_welding_cobot_moveit/environment/ament_prefix_path.dsv
[21.921s] -- Up-to-date: /home/alpaka-admin/my_alpaka_urdf_ws/install/alpaka_welding_cobot_moveit/share/alpaka_welding_cobot_moveit/environment/path.sh
[21.921s] -- Up-to-date: /home/alpaka-admin/my_alpaka_urdf_ws/install/alpaka_welding_cobot_moveit/share/alpaka_welding_cobot_moveit/environment/path.dsv
[21.922s] -- Up-to-date: /home/alpaka-admin/my_alpaka_urdf_ws/install/alpaka_welding_cobot_moveit/share/alpaka_welding_cobot_moveit/local_setup.bash
[21.922s] -- Up-to-date: /home/alpaka-admin/my_alpaka_urdf_ws/install/alpaka_welding_cobot_moveit/share/alpaka_welding_cobot_moveit/local_setup.sh
[21.922s] -- Up-to-date: /home/alpaka-admin/my_alpaka_urdf_ws/install/alpaka_welding_cobot_moveit/share/alpaka_welding_cobot_moveit/local_setup.zsh
[21.922s] -- Up-to-date: /home/alpaka-admin/my_alpaka_urdf_ws/install/alpaka_welding_cobot_moveit/share/alpaka_welding_cobot_moveit/local_setup.dsv
[21.922s] -- Installing: /home/alpaka-admin/my_alpaka_urdf_ws/install/alpaka_welding_cobot_moveit/share/alpaka_welding_cobot_moveit/package.dsv
[21.922s] -- Up-to-date: /home/alpaka-admin/my_alpaka_urdf_ws/install/alpaka_welding_cobot_moveit/share/ament_index/resource_index/packages/alpaka_welding_cobot_moveit
[21.922s] -- Up-to-date: /home/alpaka-admin/my_alpaka_urdf_ws/install/alpaka_welding_cobot_moveit/share/alpaka_welding_cobot_moveit/cmake/alpaka_welding_cobot_moveitConfig.cmake
[21.923s] -- Up-to-date: /home/alpaka-admin/my_alpaka_urdf_ws/install/alpaka_welding_cobot_moveit/share/alpaka_welding_cobot_moveit/cmake/alpaka_welding_cobot_moveitConfig-version.cmake
[21.923s] -- Up-to-date: /home/alpaka-admin/my_alpaka_urdf_ws/install/alpaka_welding_cobot_moveit/share/alpaka_welding_cobot_moveit/package.xml
[21.926s] Invoked command in '/home/alpaka-admin/my_alpaka_urdf_ws/build/alpaka_welding_cobot_moveit' returned '0': CMAKE_PREFIX_PATH=${CMAKE_PREFIX_PATH}:/home/alpaka-admin/my_alpaka_urdf_ws/install/ml_model:/opt/ros/humble ROS_DOMAIN_ID=10 /usr/bin/cmake --install /home/alpaka-admin/my_alpaka_urdf_ws/build/alpaka_welding_cobot_moveit
