[0.091s] Invoking command in '/home/alpaka-admin/my_alpaka_urdf_ws/build/realsense2_description': CMAKE_PREFIX_PATH=${CMAKE_PREFIX_PATH}:/opt/ros/humble /usr/bin/cmake /home/alpaka-admin/my_alpaka_urdf_ws/src/realsense2_description -DCMAKE_INSTALL_PREFIX=/home/alpaka-admin/my_alpaka_urdf_ws/install/realsense2_description
[0.208s] -- The C compiler identification is GNU 11.4.0
[0.326s] -- The CXX compiler identification is GNU 11.4.0
[0.341s] -- Detecting C compiler ABI info
[0.452s] -- Detecting C compiler ABI info - done
[0.466s] -- Check for working C compiler: /usr/bin/cc - skipped
[0.466s] -- Detecting C compile features
[0.467s] -- Detecting C compile features - done
[0.472s] -- Detecting CXX compiler ABI info
[0.598s] -- Detecting CXX compiler ABI info - done
[0.614s] -- Check for working CXX compiler: /usr/bin/c++ - skipped
[0.615s] -- Detecting CXX compile features
[0.616s] -- Detecting CXX compile features - done
[0.621s] -- Found ament_cmake: 1.3.11 (/opt/ros/humble/share/ament_cmake/cmake)
[0.870s] -- Found Python3: /usr/bin/python3 (found version "3.10.12") found components: Interpreter 
[1.160s] -- Configuring done
[1.164s] -- Generating done
[1.167s] -- Build files have been written to: /home/alpaka-admin/my_alpaka_urdf_ws/build/realsense2_description
[1.173s] Invoked command in '/home/alpaka-admin/my_alpaka_urdf_ws/build/realsense2_description' returned '0': CMAKE_PREFIX_PATH=${CMAKE_PREFIX_PATH}:/opt/ros/humble /usr/bin/cmake /home/alpaka-admin/my_alpaka_urdf_ws/src/realsense2_description -DCMAKE_INSTALL_PREFIX=/home/alpaka-admin/my_alpaka_urdf_ws/install/realsense2_description
[1.175s] Invoking command in '/home/alpaka-admin/my_alpaka_urdf_ws/build/realsense2_description': CMAKE_PREFIX_PATH=${CMAKE_PREFIX_PATH}:/opt/ros/humble /usr/bin/cmake --build /home/alpaka-admin/my_alpaka_urdf_ws/build/realsense2_description -- -j8 -l8
[1.239s] Invoked command in '/home/alpaka-admin/my_alpaka_urdf_ws/build/realsense2_description' returned '0': CMAKE_PREFIX_PATH=${CMAKE_PREFIX_PATH}:/opt/ros/humble /usr/bin/cmake --build /home/alpaka-admin/my_alpaka_urdf_ws/build/realsense2_description -- -j8 -l8
[1.241s] Invoking command in '/home/alpaka-admin/my_alpaka_urdf_ws/build/realsense2_description': CMAKE_PREFIX_PATH=${CMAKE_PREFIX_PATH}:/opt/ros/humble /usr/bin/cmake --install /home/alpaka-admin/my_alpaka_urdf_ws/build/realsense2_description
[1.253s] -- Install configuration: ""
[1.254s] -- Installing: /home/alpaka-admin/my_alpaka_urdf_ws/install/realsense2_description/share/realsense2_description/launch
[1.254s] -- Installing: /home/alpaka-admin/my_alpaka_urdf_ws/install/realsense2_description/share/realsense2_description/launch/launch_utils.py
[1.254s] -- Installing: /home/alpaka-admin/my_alpaka_urdf_ws/install/realsense2_description/share/realsense2_description/launch/view_model.launch.py
[1.255s] -- Installing: /home/alpaka-admin/my_alpaka_urdf_ws/install/realsense2_description/share/realsense2_description/meshes
[1.255s] -- Installing: /home/alpaka-admin/my_alpaka_urdf_ws/install/realsense2_description/share/realsense2_description/meshes/d405.stl
[1.255s] -- Installing: /home/alpaka-admin/my_alpaka_urdf_ws/install/realsense2_description/share/realsense2_description/meshes/plug.stl
[1.255s] -- Installing: /home/alpaka-admin/my_alpaka_urdf_ws/install/realsense2_description/share/realsense2_description/meshes/l515.dae
[1.311s] -- Installing: /home/alpaka-admin/my_alpaka_urdf_ws/install/realsense2_description/share/realsense2_description/meshes/d435.dae
[1.335s] -- Installing: /home/alpaka-admin/my_alpaka_urdf_ws/install/realsense2_description/share/realsense2_description/meshes/plug_collision.stl
[1.335s] -- Installing: /home/alpaka-admin/my_alpaka_urdf_ws/install/realsense2_description/share/realsense2_description/meshes/d415.stl
[1.371s] -- Installing: /home/alpaka-admin/my_alpaka_urdf_ws/install/realsense2_description/share/realsense2_description/meshes/d455.stl
[1.375s] -- Installing: /home/alpaka-admin/my_alpaka_urdf_ws/install/realsense2_description/share/realsense2_description/rviz
[1.376s] -- Installing: /home/alpaka-admin/my_alpaka_urdf_ws/install/realsense2_description/share/realsense2_description/rviz/urdf.rviz
[1.376s] -- Installing: /home/alpaka-admin/my_alpaka_urdf_ws/install/realsense2_description/share/realsense2_description/urdf
[1.376s] -- Installing: /home/alpaka-admin/my_alpaka_urdf_ws/install/realsense2_description/share/realsense2_description/urdf/_d435i.urdf.xacro
[1.376s] -- Installing: /home/alpaka-admin/my_alpaka_urdf_ws/install/realsense2_description/share/realsense2_description/urdf/test_d415_camera.urdf.xacro
[1.376s] -- Installing: /home/alpaka-admin/my_alpaka_urdf_ws/install/realsense2_description/share/realsense2_description/urdf/_d455.urdf.xacro
[1.376s] -- Installing: /home/alpaka-admin/my_alpaka_urdf_ws/install/realsense2_description/share/realsense2_description/urdf/test_d405_camera.urdf.xacro
[1.377s] -- Installing: /home/alpaka-admin/my_alpaka_urdf_ws/install/realsense2_description/share/realsense2_description/urdf/test_r410_camera.urdf.xacro
[1.377s] -- Installing: /home/alpaka-admin/my_alpaka_urdf_ws/install/realsense2_description/share/realsense2_description/urdf/_d415.urdf.xacro
[1.377s] -- Installing: /home/alpaka-admin/my_alpaka_urdf_ws/install/realsense2_description/share/realsense2_description/urdf/_materials.urdf.xacro
[1.377s] -- Installing: /home/alpaka-admin/my_alpaka_urdf_ws/install/realsense2_description/share/realsense2_description/urdf/test_d435_multiple_cameras.urdf.xacro
[1.377s] -- Installing: /home/alpaka-admin/my_alpaka_urdf_ws/install/realsense2_description/share/realsense2_description/urdf/_r430.urdf.xacro
[1.377s] -- Installing: /home/alpaka-admin/my_alpaka_urdf_ws/install/realsense2_description/share/realsense2_description/urdf/test_d435i_camera.urdf.xacro
[1.378s] -- Installing: /home/alpaka-admin/my_alpaka_urdf_ws/install/realsense2_description/share/realsense2_description/urdf/test_d435_camera.urdf.xacro
[1.378s] -- Installing: /home/alpaka-admin/my_alpaka_urdf_ws/install/realsense2_description/share/realsense2_description/urdf/test_r430_camera.urdf.xacro
[1.378s] -- Installing: /home/alpaka-admin/my_alpaka_urdf_ws/install/realsense2_description/share/realsense2_description/urdf/test_d455_camera.urdf.xacro
[1.378s] -- Installing: /home/alpaka-admin/my_alpaka_urdf_ws/install/realsense2_description/share/realsense2_description/urdf/_d405.urdf.xacro
[1.378s] -- Installing: /home/alpaka-admin/my_alpaka_urdf_ws/install/realsense2_description/share/realsense2_description/urdf/_usb_plug.urdf.xacro
[1.378s] -- Installing: /home/alpaka-admin/my_alpaka_urdf_ws/install/realsense2_description/share/realsense2_description/urdf/_d435i_imu_modules.urdf.xacro
[1.379s] -- Installing: /home/alpaka-admin/my_alpaka_urdf_ws/install/realsense2_description/share/realsense2_description/urdf/_d435.urdf.xacro
[1.379s] -- Installing: /home/alpaka-admin/my_alpaka_urdf_ws/install/realsense2_description/share/realsense2_description/urdf/_r410.urdf.xacro
[1.379s] -- Installing: /home/alpaka-admin/my_alpaka_urdf_ws/install/realsense2_description/share/ament_index/resource_index/package_run_dependencies/realsense2_description
[1.379s] -- Installing: /home/alpaka-admin/my_alpaka_urdf_ws/install/realsense2_description/share/ament_index/resource_index/parent_prefix_path/realsense2_description
[1.380s] -- Installing: /home/alpaka-admin/my_alpaka_urdf_ws/install/realsense2_description/share/realsense2_description/environment/ament_prefix_path.sh
[1.380s] -- Installing: /home/alpaka-admin/my_alpaka_urdf_ws/install/realsense2_description/share/realsense2_description/environment/ament_prefix_path.dsv
[1.380s] -- Installing: /home/alpaka-admin/my_alpaka_urdf_ws/install/realsense2_description/share/realsense2_description/environment/path.sh
[1.380s] -- Installing: /home/alpaka-admin/my_alpaka_urdf_ws/install/realsense2_description/share/realsense2_description/environment/path.dsv
[1.380s] -- Installing: /home/alpaka-admin/my_alpaka_urdf_ws/install/realsense2_description/share/realsense2_description/local_setup.bash
[1.381s] -- Installing: /home/alpaka-admin/my_alpaka_urdf_ws/install/realsense2_description/share/realsense2_description/local_setup.sh
[1.381s] -- Installing: /home/alpaka-admin/my_alpaka_urdf_ws/install/realsense2_description/share/realsense2_description/local_setup.zsh
[1.381s] -- Installing: /home/alpaka-admin/my_alpaka_urdf_ws/install/realsense2_description/share/realsense2_description/local_setup.dsv
[1.382s] -- Installing: /home/alpaka-admin/my_alpaka_urdf_ws/install/realsense2_description/share/realsense2_description/package.dsv
[1.382s] -- Installing: /home/alpaka-admin/my_alpaka_urdf_ws/install/realsense2_description/share/ament_index/resource_index/packages/realsense2_description
[1.382s] -- Installing: /home/alpaka-admin/my_alpaka_urdf_ws/install/realsense2_description/share/realsense2_description/cmake/realsense2_descriptionConfig.cmake
[1.382s] -- Installing: /home/alpaka-admin/my_alpaka_urdf_ws/install/realsense2_description/share/realsense2_description/cmake/realsense2_descriptionConfig-version.cmake
[1.383s] -- Installing: /home/alpaka-admin/my_alpaka_urdf_ws/install/realsense2_description/share/realsense2_description/package.xml
[1.388s] Invoked command in '/home/alpaka-admin/my_alpaka_urdf_ws/build/realsense2_description' returned '0': CMAKE_PREFIX_PATH=${CMAKE_PREFIX_PATH}:/opt/ros/humble /usr/bin/cmake --install /home/alpaka-admin/my_alpaka_urdf_ws/build/realsense2_description
