[0.615s] DEBUG:colcon:Command line arguments: ['/usr/bin/colcon', 'build', '--packages-select', 'alpaka_welding_cobot_moveit']
[0.615s] DEBUG:colcon:Parsed command line arguments: Namespace(log_base=None, log_level=None, verb_name='build', build_base='build', install_base='install', merge_install=False, symlink_install=False, test_result_base=None, continue_on_error=False, executor='parallel', parallel_workers=8, event_handlers=None, ignore_user_meta=False, metas=['./colcon.meta'], base_paths=['.'], packages_ignore=None, packages_ignore_regex=None, paths=None, packages_up_to=None, packages_up_to_regex=None, packages_above=None, packages_above_and_dependencies=None, packages_above_depth=None, packages_select_by_dep=None, packages_skip_by_dep=None, packages_skip_up_to=None, packages_select_build_failed=False, packages_skip_build_finished=False, packages_select_test_failures=False, packages_skip_test_passed=False, packages_select=['alpaka_welding_cobot_moveit'], packages_skip=None, packages_select_regex=None, packages_skip_regex=None, packages_start=None, packages_end=None, allow_overriding=[], bazel_args=None, bazel_task=None, cmake_args=None, cmake_target=None, cmake_target_skip_unavailable=False, cmake_clean_cache=False, cmake_clean_first=False, cmake_force_configure=False, meson_args=[], ament_cmake_args=None, catkin_cmake_args=None, catkin_skip_building_tests=False, mixin_files=None, mixin=None, verb_parser=<colcon_alias.argument_parser.alias.AliasArgumentDecorator object at 0x717dc22ee140>, verb_extension=<colcon_core.verb.build.BuildVerb object at 0x717dc22ed2a0>, main=<bound method BuildVerb.main of <colcon_core.verb.build.BuildVerb object at 0x717dc22ed2a0>>, mixin_verb=('build',))
[1.112s] Level 1:colcon.colcon_core.package_discovery:discover_packages(colcon_meta) check parameters
[1.112s] Level 1:colcon.colcon_core.package_discovery:discover_packages(recursive) check parameters
[1.112s] Level 1:colcon.colcon_core.package_discovery:discover_packages(ignore) check parameters
[1.112s] Level 1:colcon.colcon_core.package_discovery:discover_packages(path) check parameters
[1.112s] Level 1:colcon.colcon_core.package_discovery:discover_packages(colcon_meta) discover
[1.113s] Level 1:colcon.colcon_core.package_discovery:discover_packages(recursive) discover
[1.113s] INFO:colcon.colcon_core.package_discovery:Crawling recursively for packages in '/home/alpaka-admin/my_alpaka_urdf_ws'
[1.113s] Level 1:colcon.colcon_core.package_identification:_identify(.) by extensions ['ignore', 'ignore_ament_install']
[1.113s] Level 1:colcon.colcon_core.package_identification:_identify(.) by extension 'ignore'
[1.114s] Level 1:colcon.colcon_core.package_identification:_identify(.) by extension 'ignore_ament_install'
[1.114s] Level 1:colcon.colcon_core.package_identification:_identify(.) by extensions ['colcon_pkg']
[1.114s] Level 1:colcon.colcon_core.package_identification:_identify(.) by extension 'colcon_pkg'
[1.114s] Level 1:colcon.colcon_core.package_identification:_identify(.) by extensions ['colcon_meta']
[1.114s] Level 1:colcon.colcon_core.package_identification:_identify(.) by extension 'colcon_meta'
[1.114s] Level 1:colcon.colcon_core.package_identification:_identify(.) by extensions ['ros']
[1.114s] Level 1:colcon.colcon_core.package_identification:_identify(.) by extension 'ros'
[1.120s] Level 1:colcon.colcon_core.package_identification:_identify(.) by extensions ['bazel', 'cmake', 'meson', 'python']
[1.121s] Level 1:colcon.colcon_core.package_identification:_identify(.) by extension 'bazel'
[1.121s] Level 1:colcon.colcon_core.package_identification:_identify(.) by extension 'cmake'
[1.121s] Level 1:colcon.colcon_core.package_identification:_identify(.) by extension 'meson'
[1.121s] Level 1:colcon.colcon_core.package_identification:_identify(.) by extension 'python'
[1.121s] Level 1:colcon.colcon_core.package_identification:_identify(.) by extensions ['python_setup_py']
[1.121s] Level 1:colcon.colcon_core.package_identification:_identify(.) by extension 'python_setup_py'
[1.121s] Level 1:colcon.colcon_core.package_identification:_identify(build) by extensions ['ignore', 'ignore_ament_install']
[1.122s] Level 1:colcon.colcon_core.package_identification:_identify(build) by extension 'ignore'
[1.122s] Level 1:colcon.colcon_core.package_identification:_identify(build) ignored
[1.122s] Level 1:colcon.colcon_core.package_identification:_identify(install) by extensions ['ignore', 'ignore_ament_install']
[1.122s] Level 1:colcon.colcon_core.package_identification:_identify(install) by extension 'ignore'
[1.122s] Level 1:colcon.colcon_core.package_identification:_identify(install) ignored
[1.123s] Level 1:colcon.colcon_core.package_identification:_identify(log) by extensions ['ignore', 'ignore_ament_install']
[1.123s] Level 1:colcon.colcon_core.package_identification:_identify(log) by extension 'ignore'
[1.123s] Level 1:colcon.colcon_core.package_identification:_identify(log) ignored
[1.123s] Level 1:colcon.colcon_core.package_identification:_identify(src) by extensions ['ignore', 'ignore_ament_install']
[1.124s] Level 1:colcon.colcon_core.package_identification:_identify(src) by extension 'ignore'
[1.124s] Level 1:colcon.colcon_core.package_identification:_identify(src) by extension 'ignore_ament_install'
[1.124s] Level 1:colcon.colcon_core.package_identification:_identify(src) by extensions ['colcon_pkg']
[1.124s] Level 1:colcon.colcon_core.package_identification:_identify(src) by extension 'colcon_pkg'
[1.124s] Level 1:colcon.colcon_core.package_identification:_identify(src) by extensions ['colcon_meta']
[1.124s] Level 1:colcon.colcon_core.package_identification:_identify(src) by extension 'colcon_meta'
[1.125s] Level 1:colcon.colcon_core.package_identification:_identify(src) by extensions ['ros']
[1.125s] Level 1:colcon.colcon_core.package_identification:_identify(src) by extension 'ros'
[1.125s] Level 1:colcon.colcon_core.package_identification:_identify(src) by extensions ['bazel', 'cmake', 'meson', 'python']
[1.125s] Level 1:colcon.colcon_core.package_identification:_identify(src) by extension 'bazel'
[1.125s] Level 1:colcon.colcon_core.package_identification:_identify(src) by extension 'cmake'
[1.125s] Level 1:colcon.colcon_core.package_identification:_identify(src) by extension 'meson'
[1.125s] Level 1:colcon.colcon_core.package_identification:_identify(src) by extension 'python'
[1.126s] Level 1:colcon.colcon_core.package_identification:_identify(src) by extensions ['python_setup_py']
[1.126s] Level 1:colcon.colcon_core.package_identification:_identify(src) by extension 'python_setup_py'
[1.126s] Level 1:colcon.colcon_core.package_identification:_identify(src/alpaka_chassis_description) by extensions ['ignore', 'ignore_ament_install']
[1.126s] Level 1:colcon.colcon_core.package_identification:_identify(src/alpaka_chassis_description) by extension 'ignore'
[1.126s] Level 1:colcon.colcon_core.package_identification:_identify(src/alpaka_chassis_description) by extension 'ignore_ament_install'
[1.126s] Level 1:colcon.colcon_core.package_identification:_identify(src/alpaka_chassis_description) by extensions ['colcon_pkg']
[1.126s] Level 1:colcon.colcon_core.package_identification:_identify(src/alpaka_chassis_description) by extension 'colcon_pkg'
[1.126s] Level 1:colcon.colcon_core.package_identification:_identify(src/alpaka_chassis_description) by extensions ['colcon_meta']
[1.127s] Level 1:colcon.colcon_core.package_identification:_identify(src/alpaka_chassis_description) by extension 'colcon_meta'
[1.127s] Level 1:colcon.colcon_core.package_identification:_identify(src/alpaka_chassis_description) by extensions ['ros']
[1.127s] Level 1:colcon.colcon_core.package_identification:_identify(src/alpaka_chassis_description) by extension 'ros'
[1.132s] DEBUG:colcon.colcon_core.package_identification:Package 'src/alpaka_chassis_description' with type 'ros.ament_cmake' and name 'alpaka_chassis_description'
[1.132s] Level 1:colcon.colcon_core.package_identification:_identify(src/alpaka_test_tcp_description) by extensions ['ignore', 'ignore_ament_install']
[1.132s] Level 1:colcon.colcon_core.package_identification:_identify(src/alpaka_test_tcp_description) by extension 'ignore'
[1.133s] Level 1:colcon.colcon_core.package_identification:_identify(src/alpaka_test_tcp_description) by extension 'ignore_ament_install'
[1.133s] Level 1:colcon.colcon_core.package_identification:_identify(src/alpaka_test_tcp_description) by extensions ['colcon_pkg']
[1.133s] Level 1:colcon.colcon_core.package_identification:_identify(src/alpaka_test_tcp_description) by extension 'colcon_pkg'
[1.133s] Level 1:colcon.colcon_core.package_identification:_identify(src/alpaka_test_tcp_description) by extensions ['colcon_meta']
[1.133s] Level 1:colcon.colcon_core.package_identification:_identify(src/alpaka_test_tcp_description) by extension 'colcon_meta'
[1.133s] Level 1:colcon.colcon_core.package_identification:_identify(src/alpaka_test_tcp_description) by extensions ['ros']
[1.133s] Level 1:colcon.colcon_core.package_identification:_identify(src/alpaka_test_tcp_description) by extension 'ros'
[1.134s] DEBUG:colcon.colcon_core.package_identification:Package 'src/alpaka_test_tcp_description' with type 'ros.ament_cmake' and name 'alpaka_test_tcp_description'
[1.134s] Level 1:colcon.colcon_core.package_identification:_identify(src/alpaka_welding_cobot_description) by extensions ['ignore', 'ignore_ament_install']
[1.135s] Level 1:colcon.colcon_core.package_identification:_identify(src/alpaka_welding_cobot_description) by extension 'ignore'
[1.135s] Level 1:colcon.colcon_core.package_identification:_identify(src/alpaka_welding_cobot_description) by extension 'ignore_ament_install'
[1.135s] Level 1:colcon.colcon_core.package_identification:_identify(src/alpaka_welding_cobot_description) by extensions ['colcon_pkg']
[1.135s] Level 1:colcon.colcon_core.package_identification:_identify(src/alpaka_welding_cobot_description) by extension 'colcon_pkg'
[1.135s] Level 1:colcon.colcon_core.package_identification:_identify(src/alpaka_welding_cobot_description) by extensions ['colcon_meta']
[1.135s] Level 1:colcon.colcon_core.package_identification:_identify(src/alpaka_welding_cobot_description) by extension 'colcon_meta'
[1.135s] Level 1:colcon.colcon_core.package_identification:_identify(src/alpaka_welding_cobot_description) by extensions ['ros']
[1.135s] Level 1:colcon.colcon_core.package_identification:_identify(src/alpaka_welding_cobot_description) by extension 'ros'
[1.136s] DEBUG:colcon.colcon_core.package_identification:Package 'src/alpaka_welding_cobot_description' with type 'ros.ament_cmake' and name 'alpaka_welding_cobot_description'
[1.136s] Level 1:colcon.colcon_core.package_identification:_identify(src/alpaka_welding_cobot_moveit) by extensions ['ignore', 'ignore_ament_install']
[1.137s] Level 1:colcon.colcon_core.package_identification:_identify(src/alpaka_welding_cobot_moveit) by extension 'ignore'
[1.137s] Level 1:colcon.colcon_core.package_identification:_identify(src/alpaka_welding_cobot_moveit) by extension 'ignore_ament_install'
[1.137s] Level 1:colcon.colcon_core.package_identification:_identify(src/alpaka_welding_cobot_moveit) by extensions ['colcon_pkg']
[1.137s] Level 1:colcon.colcon_core.package_identification:_identify(src/alpaka_welding_cobot_moveit) by extension 'colcon_pkg'
[1.137s] Level 1:colcon.colcon_core.package_identification:_identify(src/alpaka_welding_cobot_moveit) by extensions ['colcon_meta']
[1.137s] Level 1:colcon.colcon_core.package_identification:_identify(src/alpaka_welding_cobot_moveit) by extension 'colcon_meta'
[1.137s] Level 1:colcon.colcon_core.package_identification:_identify(src/alpaka_welding_cobot_moveit) by extensions ['ros']
[1.137s] Level 1:colcon.colcon_core.package_identification:_identify(src/alpaka_welding_cobot_moveit) by extension 'ros'
[1.139s] DEBUG:colcon.colcon_core.package_identification:Package 'src/alpaka_welding_cobot_moveit' with type 'ros.ament_cmake' and name 'alpaka_welding_cobot_moveit'
[1.139s] Level 1:colcon.colcon_core.package_identification:_identify(src/alpaka_welding_cobot_moveit_config) by extensions ['ignore', 'ignore_ament_install']
[1.139s] Level 1:colcon.colcon_core.package_identification:_identify(src/alpaka_welding_cobot_moveit_config) by extension 'ignore'
[1.140s] Level 1:colcon.colcon_core.package_identification:_identify(src/alpaka_welding_cobot_moveit_config) by extension 'ignore_ament_install'
[1.140s] Level 1:colcon.colcon_core.package_identification:_identify(src/alpaka_welding_cobot_moveit_config) by extensions ['colcon_pkg']
[1.140s] Level 1:colcon.colcon_core.package_identification:_identify(src/alpaka_welding_cobot_moveit_config) by extension 'colcon_pkg'
[1.140s] Level 1:colcon.colcon_core.package_identification:_identify(src/alpaka_welding_cobot_moveit_config) by extensions ['colcon_meta']
[1.140s] Level 1:colcon.colcon_core.package_identification:_identify(src/alpaka_welding_cobot_moveit_config) by extension 'colcon_meta'
[1.140s] Level 1:colcon.colcon_core.package_identification:_identify(src/alpaka_welding_cobot_moveit_config) by extensions ['ros']
[1.140s] Level 1:colcon.colcon_core.package_identification:_identify(src/alpaka_welding_cobot_moveit_config) by extension 'ros'
[1.141s] DEBUG:colcon.colcon_core.package_identification:Package 'src/alpaka_welding_cobot_moveit_config' with type 'ros.ament_cmake' and name 'alpaka_welding_cobot_moveit_config'
[1.141s] Level 1:colcon.colcon_core.package_identification:_identify(src/alpaka_welding_cobot_setup) by extensions ['ignore', 'ignore_ament_install']
[1.141s] Level 1:colcon.colcon_core.package_identification:_identify(src/alpaka_welding_cobot_setup) by extension 'ignore'
[1.141s] Level 1:colcon.colcon_core.package_identification:_identify(src/alpaka_welding_cobot_setup) by extension 'ignore_ament_install'
[1.142s] Level 1:colcon.colcon_core.package_identification:_identify(src/alpaka_welding_cobot_setup) by extensions ['colcon_pkg']
[1.142s] Level 1:colcon.colcon_core.package_identification:_identify(src/alpaka_welding_cobot_setup) by extension 'colcon_pkg'
[1.142s] Level 1:colcon.colcon_core.package_identification:_identify(src/alpaka_welding_cobot_setup) by extensions ['colcon_meta']
[1.142s] Level 1:colcon.colcon_core.package_identification:_identify(src/alpaka_welding_cobot_setup) by extension 'colcon_meta'
[1.142s] Level 1:colcon.colcon_core.package_identification:_identify(src/alpaka_welding_cobot_setup) by extensions ['ros']
[1.142s] Level 1:colcon.colcon_core.package_identification:_identify(src/alpaka_welding_cobot_setup) by extension 'ros'
[1.143s] DEBUG:colcon.colcon_core.package_identification:Package 'src/alpaka_welding_cobot_setup' with type 'ros.ament_cmake' and name 'alpaka_welding_cobot_setup'
[1.143s] Level 1:colcon.colcon_core.package_identification:_identify(src/alpaka_welding_gun_description) by extensions ['ignore', 'ignore_ament_install']
[1.143s] Level 1:colcon.colcon_core.package_identification:_identify(src/alpaka_welding_gun_description) by extension 'ignore'
[1.143s] Level 1:colcon.colcon_core.package_identification:_identify(src/alpaka_welding_gun_description) by extension 'ignore_ament_install'
[1.143s] Level 1:colcon.colcon_core.package_identification:_identify(src/alpaka_welding_gun_description) by extensions ['colcon_pkg']
[1.143s] Level 1:colcon.colcon_core.package_identification:_identify(src/alpaka_welding_gun_description) by extension 'colcon_pkg'
[1.143s] Level 1:colcon.colcon_core.package_identification:_identify(src/alpaka_welding_gun_description) by extensions ['colcon_meta']
[1.143s] Level 1:colcon.colcon_core.package_identification:_identify(src/alpaka_welding_gun_description) by extension 'colcon_meta'
[1.144s] Level 1:colcon.colcon_core.package_identification:_identify(src/alpaka_welding_gun_description) by extensions ['ros']
[1.144s] Level 1:colcon.colcon_core.package_identification:_identify(src/alpaka_welding_gun_description) by extension 'ros'
[1.145s] DEBUG:colcon.colcon_core.package_identification:Package 'src/alpaka_welding_gun_description' with type 'ros.ament_cmake' and name 'alpaka_welding_gun_description'
[1.145s] Level 1:colcon.colcon_core.package_identification:_identify(src/bringup) by extensions ['ignore', 'ignore_ament_install']
[1.145s] Level 1:colcon.colcon_core.package_identification:_identify(src/bringup) by extension 'ignore'
[1.145s] Level 1:colcon.colcon_core.package_identification:_identify(src/bringup) by extension 'ignore_ament_install'
[1.145s] Level 1:colcon.colcon_core.package_identification:_identify(src/bringup) by extensions ['colcon_pkg']
[1.145s] Level 1:colcon.colcon_core.package_identification:_identify(src/bringup) by extension 'colcon_pkg'
[1.145s] Level 1:colcon.colcon_core.package_identification:_identify(src/bringup) by extensions ['colcon_meta']
[1.145s] Level 1:colcon.colcon_core.package_identification:_identify(src/bringup) by extension 'colcon_meta'
[1.145s] Level 1:colcon.colcon_core.package_identification:_identify(src/bringup) by extensions ['ros']
[1.145s] Level 1:colcon.colcon_core.package_identification:_identify(src/bringup) by extension 'ros'
[1.146s] DEBUG:colcon.colcon_core.package_identification:Package 'src/bringup' with type 'ros.ament_cmake' and name 'bringup'
[1.146s] Level 1:colcon.colcon_core.package_identification:_identify(src/ml_model) by extensions ['ignore', 'ignore_ament_install']
[1.147s] Level 1:colcon.colcon_core.package_identification:_identify(src/ml_model) by extension 'ignore'
[1.147s] Level 1:colcon.colcon_core.package_identification:_identify(src/ml_model) by extension 'ignore_ament_install'
[1.147s] Level 1:colcon.colcon_core.package_identification:_identify(src/ml_model) by extensions ['colcon_pkg']
[1.147s] Level 1:colcon.colcon_core.package_identification:_identify(src/ml_model) by extension 'colcon_pkg'
[1.147s] Level 1:colcon.colcon_core.package_identification:_identify(src/ml_model) by extensions ['colcon_meta']
[1.147s] Level 1:colcon.colcon_core.package_identification:_identify(src/ml_model) by extension 'colcon_meta'
[1.147s] Level 1:colcon.colcon_core.package_identification:_identify(src/ml_model) by extensions ['ros']
[1.147s] Level 1:colcon.colcon_core.package_identification:_identify(src/ml_model) by extension 'ros'
[1.149s] DEBUG:colcon.colcon_core.package_identification:Package 'src/ml_model' with type 'ros.ament_python' and name 'ml_model'
[1.149s] Level 1:colcon.colcon_core.package_identification:_identify(src/realsense-ros) by extensions ['ignore', 'ignore_ament_install']
[1.149s] Level 1:colcon.colcon_core.package_identification:_identify(src/realsense-ros) by extension 'ignore'
[1.150s] Level 1:colcon.colcon_core.package_identification:_identify(src/realsense-ros) by extension 'ignore_ament_install'
[1.150s] Level 1:colcon.colcon_core.package_identification:_identify(src/realsense-ros) by extensions ['colcon_pkg']
[1.150s] Level 1:colcon.colcon_core.package_identification:_identify(src/realsense-ros) by extension 'colcon_pkg'
[1.150s] Level 1:colcon.colcon_core.package_identification:_identify(src/realsense-ros) by extensions ['colcon_meta']
[1.150s] Level 1:colcon.colcon_core.package_identification:_identify(src/realsense-ros) by extension 'colcon_meta'
[1.150s] Level 1:colcon.colcon_core.package_identification:_identify(src/realsense-ros) by extensions ['ros']
[1.150s] Level 1:colcon.colcon_core.package_identification:_identify(src/realsense-ros) by extension 'ros'
[1.150s] Level 1:colcon.colcon_core.package_identification:_identify(src/realsense-ros) by extensions ['bazel', 'cmake', 'meson', 'python']
[1.150s] Level 1:colcon.colcon_core.package_identification:_identify(src/realsense-ros) by extension 'bazel'
[1.150s] Level 1:colcon.colcon_core.package_identification:_identify(src/realsense-ros) by extension 'cmake'
[1.151s] Level 1:colcon.colcon_core.package_identification:_identify(src/realsense-ros) by extension 'meson'
[1.151s] Level 1:colcon.colcon_core.package_identification:_identify(src/realsense-ros) by extension 'python'
[1.151s] Level 1:colcon.colcon_core.package_identification:_identify(src/realsense-ros) by extensions ['python_setup_py']
[1.151s] Level 1:colcon.colcon_core.package_identification:_identify(src/realsense-ros) by extension 'python_setup_py'
[1.151s] Level 1:colcon.colcon_core.package_identification:_identify(src/realsense-ros/realsense2_camera) by extensions ['ignore', 'ignore_ament_install']
[1.151s] Level 1:colcon.colcon_core.package_identification:_identify(src/realsense-ros/realsense2_camera) by extension 'ignore'
[1.151s] Level 1:colcon.colcon_core.package_identification:_identify(src/realsense-ros/realsense2_camera) by extension 'ignore_ament_install'
[1.151s] Level 1:colcon.colcon_core.package_identification:_identify(src/realsense-ros/realsense2_camera) by extensions ['colcon_pkg']
[1.151s] Level 1:colcon.colcon_core.package_identification:_identify(src/realsense-ros/realsense2_camera) by extension 'colcon_pkg'
[1.152s] Level 1:colcon.colcon_core.package_identification:_identify(src/realsense-ros/realsense2_camera) by extensions ['colcon_meta']
[1.152s] Level 1:colcon.colcon_core.package_identification:_identify(src/realsense-ros/realsense2_camera) by extension 'colcon_meta'
[1.152s] Level 1:colcon.colcon_core.package_identification:_identify(src/realsense-ros/realsense2_camera) by extensions ['ros']
[1.152s] Level 1:colcon.colcon_core.package_identification:_identify(src/realsense-ros/realsense2_camera) by extension 'ros'
[1.172s] DEBUG:colcon.colcon_core.package_identification:Package 'src/realsense-ros/realsense2_camera' with type 'ros.ament_cmake' and name 'realsense2_camera'
[1.172s] Level 1:colcon.colcon_core.package_identification:_identify(src/realsense-ros/realsense2_camera_msgs) by extensions ['ignore', 'ignore_ament_install']
[1.172s] Level 1:colcon.colcon_core.package_identification:_identify(src/realsense-ros/realsense2_camera_msgs) by extension 'ignore'
[1.173s] Level 1:colcon.colcon_core.package_identification:_identify(src/realsense-ros/realsense2_camera_msgs) by extension 'ignore_ament_install'
[1.173s] Level 1:colcon.colcon_core.package_identification:_identify(src/realsense-ros/realsense2_camera_msgs) by extensions ['colcon_pkg']
[1.173s] Level 1:colcon.colcon_core.package_identification:_identify(src/realsense-ros/realsense2_camera_msgs) by extension 'colcon_pkg'
[1.173s] Level 1:colcon.colcon_core.package_identification:_identify(src/realsense-ros/realsense2_camera_msgs) by extensions ['colcon_meta']
[1.173s] Level 1:colcon.colcon_core.package_identification:_identify(src/realsense-ros/realsense2_camera_msgs) by extension 'colcon_meta'
[1.173s] Level 1:colcon.colcon_core.package_identification:_identify(src/realsense-ros/realsense2_camera_msgs) by extensions ['ros']
[1.173s] Level 1:colcon.colcon_core.package_identification:_identify(src/realsense-ros/realsense2_camera_msgs) by extension 'ros'
[1.176s] DEBUG:colcon.colcon_core.package_identification:Package 'src/realsense-ros/realsense2_camera_msgs' with type 'ros.ament_cmake' and name 'realsense2_camera_msgs'
[1.176s] Level 1:colcon.colcon_core.package_identification:_identify(src/realsense-ros/scripts) by extensions ['ignore', 'ignore_ament_install']
[1.176s] Level 1:colcon.colcon_core.package_identification:_identify(src/realsense-ros/scripts) by extension 'ignore'
[1.176s] Level 1:colcon.colcon_core.package_identification:_identify(src/realsense-ros/scripts) by extension 'ignore_ament_install'
[1.177s] Level 1:colcon.colcon_core.package_identification:_identify(src/realsense-ros/scripts) by extensions ['colcon_pkg']
[1.177s] Level 1:colcon.colcon_core.package_identification:_identify(src/realsense-ros/scripts) by extension 'colcon_pkg'
[1.177s] Level 1:colcon.colcon_core.package_identification:_identify(src/realsense-ros/scripts) by extensions ['colcon_meta']
[1.177s] Level 1:colcon.colcon_core.package_identification:_identify(src/realsense-ros/scripts) by extension 'colcon_meta'
[1.177s] Level 1:colcon.colcon_core.package_identification:_identify(src/realsense-ros/scripts) by extensions ['ros']
[1.177s] Level 1:colcon.colcon_core.package_identification:_identify(src/realsense-ros/scripts) by extension 'ros'
[1.177s] Level 1:colcon.colcon_core.package_identification:_identify(src/realsense-ros/scripts) by extensions ['bazel', 'cmake', 'meson', 'python']
[1.177s] Level 1:colcon.colcon_core.package_identification:_identify(src/realsense-ros/scripts) by extension 'bazel'
[1.178s] Level 1:colcon.colcon_core.package_identification:_identify(src/realsense-ros/scripts) by extension 'cmake'
[1.178s] Level 1:colcon.colcon_core.package_identification:_identify(src/realsense-ros/scripts) by extension 'meson'
[1.178s] Level 1:colcon.colcon_core.package_identification:_identify(src/realsense-ros/scripts) by extension 'python'
[1.178s] Level 1:colcon.colcon_core.package_identification:_identify(src/realsense-ros/scripts) by extensions ['python_setup_py']
[1.178s] Level 1:colcon.colcon_core.package_identification:_identify(src/realsense-ros/scripts) by extension 'python_setup_py'
[1.178s] Level 1:colcon.colcon_core.package_identification:_identify(src/realsense2_description) by extensions ['ignore', 'ignore_ament_install']
[1.179s] Level 1:colcon.colcon_core.package_identification:_identify(src/realsense2_description) by extension 'ignore'
[1.179s] Level 1:colcon.colcon_core.package_identification:_identify(src/realsense2_description) by extension 'ignore_ament_install'
[1.179s] Level 1:colcon.colcon_core.package_identification:_identify(src/realsense2_description) by extensions ['colcon_pkg']
[1.179s] Level 1:colcon.colcon_core.package_identification:_identify(src/realsense2_description) by extension 'colcon_pkg'
[1.179s] Level 1:colcon.colcon_core.package_identification:_identify(src/realsense2_description) by extensions ['colcon_meta']
[1.179s] Level 1:colcon.colcon_core.package_identification:_identify(src/realsense2_description) by extension 'colcon_meta'
[1.179s] Level 1:colcon.colcon_core.package_identification:_identify(src/realsense2_description) by extensions ['ros']
[1.179s] Level 1:colcon.colcon_core.package_identification:_identify(src/realsense2_description) by extension 'ros'
[1.182s] DEBUG:colcon.colcon_core.package_identification:Package 'src/realsense2_description' with type 'ros.ament_cmake' and name 'realsense2_description'
[1.182s] Level 1:colcon.colcon_core.package_discovery:discover_packages(recursive) using defaults
[1.182s] Level 1:colcon.colcon_core.package_discovery:discover_packages(ignore) discover
[1.182s] Level 1:colcon.colcon_core.package_discovery:discover_packages(ignore) using defaults
[1.182s] Level 1:colcon.colcon_core.package_discovery:discover_packages(path) discover
[1.182s] Level 1:colcon.colcon_core.package_discovery:discover_packages(path) using defaults
[1.226s] INFO:colcon.colcon_core.package_selection:Skipping not selected package 'alpaka_chassis_description' in 'src/alpaka_chassis_description'
[1.227s] INFO:colcon.colcon_core.package_selection:Skipping not selected package 'alpaka_test_tcp_description' in 'src/alpaka_test_tcp_description'
[1.227s] INFO:colcon.colcon_core.package_selection:Skipping not selected package 'alpaka_welding_cobot_description' in 'src/alpaka_welding_cobot_description'
[1.227s] INFO:colcon.colcon_core.package_selection:Skipping not selected package 'alpaka_welding_cobot_moveit_config' in 'src/alpaka_welding_cobot_moveit_config'
[1.227s] INFO:colcon.colcon_core.package_selection:Skipping not selected package 'alpaka_welding_cobot_setup' in 'src/alpaka_welding_cobot_setup'
[1.227s] INFO:colcon.colcon_core.package_selection:Skipping not selected package 'alpaka_welding_gun_description' in 'src/alpaka_welding_gun_description'
[1.228s] INFO:colcon.colcon_core.package_selection:Skipping not selected package 'bringup' in 'src/bringup'
[1.228s] INFO:colcon.colcon_core.package_selection:Skipping not selected package 'ml_model' in 'src/ml_model'
[1.228s] INFO:colcon.colcon_core.package_selection:Skipping not selected package 'realsense2_camera_msgs' in 'src/realsense-ros/realsense2_camera_msgs'
[1.228s] INFO:colcon.colcon_core.package_selection:Skipping not selected package 'realsense2_camera' in 'src/realsense-ros/realsense2_camera'
[1.228s] INFO:colcon.colcon_core.package_selection:Skipping not selected package 'realsense2_description' in 'src/realsense2_description'
[1.229s] Level 1:colcon.colcon_core.package_discovery:discover_packages(prefix_path) check parameters
[1.229s] Level 1:colcon.colcon_core.package_discovery:discover_packages(prefix_path) discover
[1.234s] DEBUG:colcon.colcon_installed_package_information.package_discovery:Found 12 installed packages in /home/alpaka-admin/my_alpaka_urdf_ws/install
[1.238s] DEBUG:colcon.colcon_installed_package_information.package_discovery:Found 473 installed packages in /opt/ros/humble
[1.244s] Level 1:colcon.colcon_core.package_discovery:discover_packages(prefix_path) using defaults
[1.403s] Level 5:colcon.colcon_core.verb:set package 'alpaka_welding_cobot_moveit' build argument 'bazel_args' from command line to 'None'
[1.403s] Level 5:colcon.colcon_core.verb:set package 'alpaka_welding_cobot_moveit' build argument 'bazel_task' from command line to 'None'
[1.403s] Level 5:colcon.colcon_core.verb:set package 'alpaka_welding_cobot_moveit' build argument 'cmake_args' from command line to 'None'
[1.403s] Level 5:colcon.colcon_core.verb:set package 'alpaka_welding_cobot_moveit' build argument 'cmake_target' from command line to 'None'
[1.403s] Level 5:colcon.colcon_core.verb:set package 'alpaka_welding_cobot_moveit' build argument 'cmake_target_skip_unavailable' from command line to 'False'
[1.403s] Level 5:colcon.colcon_core.verb:set package 'alpaka_welding_cobot_moveit' build argument 'cmake_clean_cache' from command line to 'False'
[1.403s] Level 5:colcon.colcon_core.verb:set package 'alpaka_welding_cobot_moveit' build argument 'cmake_clean_first' from command line to 'False'
[1.403s] Level 5:colcon.colcon_core.verb:set package 'alpaka_welding_cobot_moveit' build argument 'cmake_force_configure' from command line to 'False'
[1.403s] Level 5:colcon.colcon_core.verb:set package 'alpaka_welding_cobot_moveit' build argument 'meson_args' from command line to '[]'
[1.404s] Level 5:colcon.colcon_core.verb:set package 'alpaka_welding_cobot_moveit' build argument 'ament_cmake_args' from command line to 'None'
[1.404s] Level 5:colcon.colcon_core.verb:set package 'alpaka_welding_cobot_moveit' build argument 'catkin_cmake_args' from command line to 'None'
[1.404s] Level 5:colcon.colcon_core.verb:set package 'alpaka_welding_cobot_moveit' build argument 'catkin_skip_building_tests' from command line to 'False'
[1.404s] DEBUG:colcon.colcon_core.verb:Building package 'alpaka_welding_cobot_moveit' with the following arguments: {'ament_cmake_args': None, 'bazel_args': None, 'bazel_task': None, 'build_base': '/home/alpaka-admin/my_alpaka_urdf_ws/build/alpaka_welding_cobot_moveit', 'catkin_cmake_args': None, 'catkin_skip_building_tests': False, 'cmake_args': None, 'cmake_clean_cache': False, 'cmake_clean_first': False, 'cmake_force_configure': False, 'cmake_target': None, 'cmake_target_skip_unavailable': False, 'install_base': '/home/alpaka-admin/my_alpaka_urdf_ws/install/alpaka_welding_cobot_moveit', 'merge_install': False, 'meson_args': [], 'path': '/home/alpaka-admin/my_alpaka_urdf_ws/src/alpaka_welding_cobot_moveit', 'symlink_install': False, 'test_result_base': None}
[1.404s] INFO:colcon.colcon_core.executor:Executing jobs using 'parallel' executor
[1.406s] DEBUG:colcon.colcon_parallel_executor.executor.parallel:run_until_complete
[1.406s] INFO:colcon.colcon_ros.task.ament_cmake.build:Building ROS package in '/home/alpaka-admin/my_alpaka_urdf_ws/src/alpaka_welding_cobot_moveit' with build type 'ament_cmake'
[1.407s] INFO:colcon.colcon_cmake.task.cmake.build:Building CMake package in '/home/alpaka-admin/my_alpaka_urdf_ws/src/alpaka_welding_cobot_moveit'
[1.413s] INFO:colcon.colcon_core.plugin_system:Skipping extension 'colcon_core.shell.bat': Not used on non-Windows systems
[1.413s] DEBUG:colcon.colcon_ros_domain_id_coordinator.shell.ros_domain_id:Allocated ROS_DOMAIN_ID=48 for '/home/alpaka-admin/my_alpaka_urdf_ws/build/alpaka_welding_cobot_moveit'
[1.414s] INFO:colcon.colcon_core.shell:Skip shell extension 'ros_domain_id' for command environment: 
[1.414s] INFO:colcon.colcon_core.shell:Skip shell extension 'powershell' for command environment: Not usable outside of PowerShell
[1.414s] DEBUG:colcon.colcon_core.shell:Skip shell extension 'dsv' for command environment
[1.436s] DEBUG:colcon.colcon_core.event_handler.log_command:Invoking command in '/home/alpaka-admin/my_alpaka_urdf_ws/build/alpaka_welding_cobot_moveit': CMAKE_PREFIX_PATH=${CMAKE_PREFIX_PATH}:/home/alpaka-admin/my_alpaka_urdf_ws/install/ml_model:/opt/ros/humble /usr/bin/cmake --build /home/alpaka-admin/my_alpaka_urdf_ws/build/alpaka_welding_cobot_moveit -- -j8 -l8
[19.462s] DEBUG:colcon.colcon_core.event_handler.log_command:Invoked command in '/home/alpaka-admin/my_alpaka_urdf_ws/build/alpaka_welding_cobot_moveit' returned '2': CMAKE_PREFIX_PATH=${CMAKE_PREFIX_PATH}:/home/alpaka-admin/my_alpaka_urdf_ws/install/ml_model:/opt/ros/humble /usr/bin/cmake --build /home/alpaka-admin/my_alpaka_urdf_ws/build/alpaka_welding_cobot_moveit -- -j8 -l8
[19.462s] Level 1:colcon.colcon_core.environment:create_environment_scripts_only(alpaka_welding_cobot_moveit)
[19.466s] Level 1:colcon.colcon_core.environment:checking '/home/alpaka-admin/my_alpaka_urdf_ws/install/alpaka_welding_cobot_moveit' for CMake module files
[19.467s] Level 1:colcon.colcon_core.environment:checking '/home/alpaka-admin/my_alpaka_urdf_ws/install/alpaka_welding_cobot_moveit' for CMake config files
[19.468s] Level 1:colcon.colcon_core.shell:create_environment_hook('alpaka_welding_cobot_moveit', 'cmake_prefix_path')
[19.468s] INFO:colcon.colcon_core.shell:Creating environment hook '/home/alpaka-admin/my_alpaka_urdf_ws/install/alpaka_welding_cobot_moveit/share/alpaka_welding_cobot_moveit/hook/cmake_prefix_path.ps1'
[19.469s] INFO:colcon.colcon_core.shell:Creating environment descriptor '/home/alpaka-admin/my_alpaka_urdf_ws/install/alpaka_welding_cobot_moveit/share/alpaka_welding_cobot_moveit/hook/cmake_prefix_path.dsv'
[19.470s] INFO:colcon.colcon_core.shell:Creating environment hook '/home/alpaka-admin/my_alpaka_urdf_ws/install/alpaka_welding_cobot_moveit/share/alpaka_welding_cobot_moveit/hook/cmake_prefix_path.sh'
[19.471s] Level 1:colcon.colcon_core.environment:checking '/home/alpaka-admin/my_alpaka_urdf_ws/install/alpaka_welding_cobot_moveit/lib'
[19.472s] Level 1:colcon.colcon_core.environment:checking '/home/alpaka-admin/my_alpaka_urdf_ws/install/alpaka_welding_cobot_moveit/bin'
[19.472s] Level 1:colcon.colcon_core.environment:checking '/home/alpaka-admin/my_alpaka_urdf_ws/install/alpaka_welding_cobot_moveit/lib/pkgconfig/alpaka_welding_cobot_moveit.pc'
[19.473s] Level 1:colcon.colcon_core.environment:checking '/home/alpaka-admin/my_alpaka_urdf_ws/install/alpaka_welding_cobot_moveit/lib/python3.10/site-packages'
[19.473s] Level 1:colcon.colcon_core.environment:checking '/home/alpaka-admin/my_alpaka_urdf_ws/install/alpaka_welding_cobot_moveit/bin'
[19.474s] INFO:colcon.colcon_core.shell:Creating package script '/home/alpaka-admin/my_alpaka_urdf_ws/install/alpaka_welding_cobot_moveit/share/alpaka_welding_cobot_moveit/package.ps1'
[19.477s] INFO:colcon.colcon_core.shell:Creating package descriptor '/home/alpaka-admin/my_alpaka_urdf_ws/install/alpaka_welding_cobot_moveit/share/alpaka_welding_cobot_moveit/package.dsv'
[19.478s] INFO:colcon.colcon_core.shell:Creating package script '/home/alpaka-admin/my_alpaka_urdf_ws/install/alpaka_welding_cobot_moveit/share/alpaka_welding_cobot_moveit/package.sh'
[19.480s] INFO:colcon.colcon_core.shell:Creating package script '/home/alpaka-admin/my_alpaka_urdf_ws/install/alpaka_welding_cobot_moveit/share/alpaka_welding_cobot_moveit/package.bash'
[19.483s] INFO:colcon.colcon_core.shell:Creating package script '/home/alpaka-admin/my_alpaka_urdf_ws/install/alpaka_welding_cobot_moveit/share/alpaka_welding_cobot_moveit/package.zsh'
[19.485s] Level 1:colcon.colcon_core.environment:create_file_with_runtime_dependencies(/home/alpaka-admin/my_alpaka_urdf_ws/install/alpaka_welding_cobot_moveit/share/colcon-core/packages/alpaka_welding_cobot_moveit)
[19.486s] DEBUG:colcon.colcon_ros_domain_id_coordinator.shell.ros_domain_id:Released ROS_DOMAIN_ID=48 for '/home/alpaka-admin/my_alpaka_urdf_ws/build/alpaka_welding_cobot_moveit'
[19.496s] DEBUG:colcon.colcon_parallel_executor.executor.parallel:closing loop
[19.496s] DEBUG:colcon.colcon_parallel_executor.executor.parallel:loop closed
[19.497s] DEBUG:colcon.colcon_parallel_executor.executor.parallel:run_until_complete finished with '2'
[19.497s] DEBUG:colcon.colcon_core.event_reactor:joining thread
[19.521s] INFO:colcon.colcon_core.plugin_system:Skipping extension 'colcon_notification.desktop_notification.terminal_notifier': Not used on non-Darwin systems
[19.521s] INFO:colcon.colcon_core.plugin_system:Skipping extension 'colcon_notification.desktop_notification.win32': Not used on non-Windows systems
[19.522s] INFO:colcon.colcon_notification.desktop_notification:Sending desktop notification using 'notify2'
[19.572s] DEBUG:colcon.colcon_core.event_reactor:joined thread
[19.573s] INFO:colcon.colcon_core.shell:Creating prefix script '/home/alpaka-admin/my_alpaka_urdf_ws/install/local_setup.ps1'
[19.577s] INFO:colcon.colcon_core.shell:Creating prefix util module '/home/alpaka-admin/my_alpaka_urdf_ws/install/_local_setup_util_ps1.py'
[19.583s] INFO:colcon.colcon_core.shell:Creating prefix chain script '/home/alpaka-admin/my_alpaka_urdf_ws/install/setup.ps1'
[19.590s] INFO:colcon.colcon_core.shell:Creating prefix script '/home/alpaka-admin/my_alpaka_urdf_ws/install/local_setup.sh'
[19.593s] INFO:colcon.colcon_core.shell:Creating prefix util module '/home/alpaka-admin/my_alpaka_urdf_ws/install/_local_setup_util_sh.py'
[19.595s] INFO:colcon.colcon_core.shell:Creating prefix chain script '/home/alpaka-admin/my_alpaka_urdf_ws/install/setup.sh'
[19.603s] INFO:colcon.colcon_core.shell:Creating prefix script '/home/alpaka-admin/my_alpaka_urdf_ws/install/local_setup.bash'
[19.606s] INFO:colcon.colcon_core.shell:Creating prefix chain script '/home/alpaka-admin/my_alpaka_urdf_ws/install/setup.bash'
[19.614s] INFO:colcon.colcon_core.shell:Creating prefix script '/home/alpaka-admin/my_alpaka_urdf_ws/install/local_setup.zsh'
[19.616s] INFO:colcon.colcon_core.shell:Creating prefix chain script '/home/alpaka-admin/my_alpaka_urdf_ws/install/setup.zsh'
[19.621s] INFO:colcon.colcon_core.shell:Creating '/home/alpaka-admin/my_alpaka_urdf_ws/install/spawn_shell.bash'
