[0.086s] Invoking command in '/home/alpaka-admin/my_alpaka_urdf_ws/build/realsense2_camera_msgs': CMAKE_PREFIX_PATH=${CMAKE_PREFIX_PATH}:/home/alpaka-admin/my_alpaka_urdf_ws/install/ml_model:/opt/ros/humble ROS_DOMAIN_ID=62 /usr/bin/cmake --build /home/alpaka-admin/my_alpaka_urdf_ws/build/realsense2_camera_msgs -- -j8 -l8
[0.205s] [  1%] Built target realsense2_camera_msgs__cpp
[0.210s] [ 12%] Built target realsense2_camera_msgs__rosidl_generator_c
[0.255s] [ 12%] Built target ament_cmake_python_copy_realsense2_camera_msgs
[0.278s] [ 23%] Built target realsense2_camera_msgs__rosidl_typesupport_cpp
[0.278s] [ 34%] Built target realsense2_camera_msgs__rosidl_typesupport_introspection_cpp
[0.278s] [ 46%] Built target realsense2_camera_msgs__rosidl_typesupport_fastrtps_cpp
[0.294s] [ 57%] Built target realsense2_camera_msgs__rosidl_typesupport_fastrtps_c
[0.294s] [ 68%] Built target realsense2_camera_msgs__rosidl_typesupport_c
[0.296s] [ 79%] Built target realsense2_camera_msgs__rosidl_typesupport_introspection_c
[0.326s] [ 79%] Built target realsense2_camera_msgs
[0.361s] [ 80%] Built target realsense2_camera_msgs__py
[0.406s] [ 90%] Built target realsense2_camera_msgs__rosidl_generator_py
[0.434s] [ 93%] Built target realsense2_camera_msgs__rosidl_typesupport_c__pyext
[0.435s] [ 96%] Built target realsense2_camera_msgs__rosidl_typesupport_introspection_c__pyext
[0.438s] [100%] Built target realsense2_camera_msgs__rosidl_typesupport_fastrtps_c__pyext
[0.788s] running egg_info
[0.789s] writing realsense2_camera_msgs.egg-info/PKG-INFO
[0.789s] writing dependency_links to realsense2_camera_msgs.egg-info/dependency_links.txt
[0.789s] writing top-level names to realsense2_camera_msgs.egg-info/top_level.txt
[0.793s] reading manifest file 'realsense2_camera_msgs.egg-info/SOURCES.txt'
[0.794s] writing manifest file 'realsense2_camera_msgs.egg-info/SOURCES.txt'
[0.833s] [100%] Built target ament_cmake_python_build_realsense2_camera_msgs_egg
[1.096s] Invoked command in '/home/alpaka-admin/my_alpaka_urdf_ws/build/realsense2_camera_msgs' returned '0': CMAKE_PREFIX_PATH=${CMAKE_PREFIX_PATH}:/home/alpaka-admin/my_alpaka_urdf_ws/install/ml_model:/opt/ros/humble ROS_DOMAIN_ID=62 /usr/bin/cmake --build /home/alpaka-admin/my_alpaka_urdf_ws/build/realsense2_camera_msgs -- -j8 -l8
[1.100s] Invoking command in '/home/alpaka-admin/my_alpaka_urdf_ws/build/realsense2_camera_msgs': CMAKE_PREFIX_PATH=${CMAKE_PREFIX_PATH}:/home/alpaka-admin/my_alpaka_urdf_ws/install/ml_model:/opt/ros/humble ROS_DOMAIN_ID=62 /usr/bin/cmake --install /home/alpaka-admin/my_alpaka_urdf_ws/build/realsense2_camera_msgs
[1.117s] -- Install configuration: ""
[1.118s] -- Up-to-date: /home/alpaka-admin/my_alpaka_urdf_ws/install/realsense2_camera_msgs/share/ament_index/resource_index/rosidl_interfaces/realsense2_camera_msgs
[1.118s] -- Up-to-date: /home/alpaka-admin/my_alpaka_urdf_ws/install/realsense2_camera_msgs/include/realsense2_camera_msgs/realsense2_camera_msgs
[1.118s] -- Up-to-date: /home/alpaka-admin/my_alpaka_urdf_ws/install/realsense2_camera_msgs/include/realsense2_camera_msgs/realsense2_camera_msgs/srv
[1.119s] -- Up-to-date: /home/alpaka-admin/my_alpaka_urdf_ws/install/realsense2_camera_msgs/include/realsense2_camera_msgs/realsense2_camera_msgs/srv/detail
[1.119s] -- Up-to-date: /home/alpaka-admin/my_alpaka_urdf_ws/install/realsense2_camera_msgs/include/realsense2_camera_msgs/realsense2_camera_msgs/srv/detail/device_info__functions.c
[1.119s] -- Up-to-date: /home/alpaka-admin/my_alpaka_urdf_ws/install/realsense2_camera_msgs/include/realsense2_camera_msgs/realsense2_camera_msgs/srv/detail/device_info__type_support.h
[1.119s] -- Up-to-date: /home/alpaka-admin/my_alpaka_urdf_ws/install/realsense2_camera_msgs/include/realsense2_camera_msgs/realsense2_camera_msgs/srv/detail/device_info__functions.h
[1.119s] -- Up-to-date: /home/alpaka-admin/my_alpaka_urdf_ws/install/realsense2_camera_msgs/include/realsense2_camera_msgs/realsense2_camera_msgs/srv/detail/device_info__struct.h
[1.120s] -- Up-to-date: /home/alpaka-admin/my_alpaka_urdf_ws/install/realsense2_camera_msgs/include/realsense2_camera_msgs/realsense2_camera_msgs/srv/device_info.h
[1.120s] -- Up-to-date: /home/alpaka-admin/my_alpaka_urdf_ws/install/realsense2_camera_msgs/include/realsense2_camera_msgs/realsense2_camera_msgs/msg
[1.120s] -- Up-to-date: /home/alpaka-admin/my_alpaka_urdf_ws/install/realsense2_camera_msgs/include/realsense2_camera_msgs/realsense2_camera_msgs/msg/rosidl_generator_c__visibility_control.h
[1.120s] -- Up-to-date: /home/alpaka-admin/my_alpaka_urdf_ws/install/realsense2_camera_msgs/include/realsense2_camera_msgs/realsense2_camera_msgs/msg/rgbd.h
[1.120s] -- Up-to-date: /home/alpaka-admin/my_alpaka_urdf_ws/install/realsense2_camera_msgs/include/realsense2_camera_msgs/realsense2_camera_msgs/msg/metadata.h
[1.121s] -- Up-to-date: /home/alpaka-admin/my_alpaka_urdf_ws/install/realsense2_camera_msgs/include/realsense2_camera_msgs/realsense2_camera_msgs/msg/detail
[1.121s] -- Up-to-date: /home/alpaka-admin/my_alpaka_urdf_ws/install/realsense2_camera_msgs/include/realsense2_camera_msgs/realsense2_camera_msgs/msg/detail/imu_info__type_support.h
[1.121s] -- Up-to-date: /home/alpaka-admin/my_alpaka_urdf_ws/install/realsense2_camera_msgs/include/realsense2_camera_msgs/realsense2_camera_msgs/msg/detail/imu_info__functions.h
[1.121s] -- Up-to-date: /home/alpaka-admin/my_alpaka_urdf_ws/install/realsense2_camera_msgs/include/realsense2_camera_msgs/realsense2_camera_msgs/msg/detail/rgbd__type_support.h
[1.121s] -- Up-to-date: /home/alpaka-admin/my_alpaka_urdf_ws/install/realsense2_camera_msgs/include/realsense2_camera_msgs/realsense2_camera_msgs/msg/detail/metadata__struct.h
[1.121s] -- Up-to-date: /home/alpaka-admin/my_alpaka_urdf_ws/install/realsense2_camera_msgs/include/realsense2_camera_msgs/realsense2_camera_msgs/msg/detail/imu_info__struct.h
[1.122s] -- Up-to-date: /home/alpaka-admin/my_alpaka_urdf_ws/install/realsense2_camera_msgs/include/realsense2_camera_msgs/realsense2_camera_msgs/msg/detail/extrinsics__type_support.h
[1.122s] -- Up-to-date: /home/alpaka-admin/my_alpaka_urdf_ws/install/realsense2_camera_msgs/include/realsense2_camera_msgs/realsense2_camera_msgs/msg/detail/extrinsics__functions.c
[1.122s] -- Up-to-date: /home/alpaka-admin/my_alpaka_urdf_ws/install/realsense2_camera_msgs/include/realsense2_camera_msgs/realsense2_camera_msgs/msg/detail/metadata__type_support.h
[1.122s] -- Up-to-date: /home/alpaka-admin/my_alpaka_urdf_ws/install/realsense2_camera_msgs/include/realsense2_camera_msgs/realsense2_camera_msgs/msg/detail/metadata__functions.c
[1.123s] -- Up-to-date: /home/alpaka-admin/my_alpaka_urdf_ws/install/realsense2_camera_msgs/include/realsense2_camera_msgs/realsense2_camera_msgs/msg/detail/metadata__functions.h
[1.123s] -- Up-to-date: /home/alpaka-admin/my_alpaka_urdf_ws/install/realsense2_camera_msgs/include/realsense2_camera_msgs/realsense2_camera_msgs/msg/detail/extrinsics__struct.h
[1.123s] -- Up-to-date: /home/alpaka-admin/my_alpaka_urdf_ws/install/realsense2_camera_msgs/include/realsense2_camera_msgs/realsense2_camera_msgs/msg/detail/rgbd__struct.h
[1.123s] -- Up-to-date: /home/alpaka-admin/my_alpaka_urdf_ws/install/realsense2_camera_msgs/include/realsense2_camera_msgs/realsense2_camera_msgs/msg/detail/imu_info__functions.c
[1.123s] -- Up-to-date: /home/alpaka-admin/my_alpaka_urdf_ws/install/realsense2_camera_msgs/include/realsense2_camera_msgs/realsense2_camera_msgs/msg/detail/rgbd__functions.c
[1.124s] -- Up-to-date: /home/alpaka-admin/my_alpaka_urdf_ws/install/realsense2_camera_msgs/include/realsense2_camera_msgs/realsense2_camera_msgs/msg/detail/rgbd__functions.h
[1.124s] -- Up-to-date: /home/alpaka-admin/my_alpaka_urdf_ws/install/realsense2_camera_msgs/include/realsense2_camera_msgs/realsense2_camera_msgs/msg/detail/extrinsics__functions.h
[1.124s] -- Up-to-date: /home/alpaka-admin/my_alpaka_urdf_ws/install/realsense2_camera_msgs/include/realsense2_camera_msgs/realsense2_camera_msgs/msg/imu_info.h
[1.124s] -- Up-to-date: /home/alpaka-admin/my_alpaka_urdf_ws/install/realsense2_camera_msgs/include/realsense2_camera_msgs/realsense2_camera_msgs/msg/extrinsics.h
[1.124s] -- Up-to-date: /home/alpaka-admin/my_alpaka_urdf_ws/install/realsense2_camera_msgs/share/realsense2_camera_msgs/environment/library_path.sh
[1.124s] -- Up-to-date: /home/alpaka-admin/my_alpaka_urdf_ws/install/realsense2_camera_msgs/share/realsense2_camera_msgs/environment/library_path.dsv
[1.125s] -- Up-to-date: /home/alpaka-admin/my_alpaka_urdf_ws/install/realsense2_camera_msgs/lib/librealsense2_camera_msgs__rosidl_generator_c.so
[1.125s] -- Up-to-date: /home/alpaka-admin/my_alpaka_urdf_ws/install/realsense2_camera_msgs/include/realsense2_camera_msgs/realsense2_camera_msgs
[1.125s] -- Up-to-date: /home/alpaka-admin/my_alpaka_urdf_ws/install/realsense2_camera_msgs/include/realsense2_camera_msgs/realsense2_camera_msgs/srv
[1.125s] -- Up-to-date: /home/alpaka-admin/my_alpaka_urdf_ws/install/realsense2_camera_msgs/include/realsense2_camera_msgs/realsense2_camera_msgs/srv/detail
[1.125s] -- Up-to-date: /home/alpaka-admin/my_alpaka_urdf_ws/install/realsense2_camera_msgs/include/realsense2_camera_msgs/realsense2_camera_msgs/srv/detail/device_info__rosidl_typesupport_fastrtps_c.h
[1.125s] -- Up-to-date: /home/alpaka-admin/my_alpaka_urdf_ws/install/realsense2_camera_msgs/include/realsense2_camera_msgs/realsense2_camera_msgs/msg
[1.125s] -- Up-to-date: /home/alpaka-admin/my_alpaka_urdf_ws/install/realsense2_camera_msgs/include/realsense2_camera_msgs/realsense2_camera_msgs/msg/rosidl_typesupport_fastrtps_c__visibility_control.h
[1.126s] -- Up-to-date: /home/alpaka-admin/my_alpaka_urdf_ws/install/realsense2_camera_msgs/include/realsense2_camera_msgs/realsense2_camera_msgs/msg/detail
[1.126s] -- Up-to-date: /home/alpaka-admin/my_alpaka_urdf_ws/install/realsense2_camera_msgs/include/realsense2_camera_msgs/realsense2_camera_msgs/msg/detail/rgbd__rosidl_typesupport_fastrtps_c.h
[1.126s] -- Up-to-date: /home/alpaka-admin/my_alpaka_urdf_ws/install/realsense2_camera_msgs/include/realsense2_camera_msgs/realsense2_camera_msgs/msg/detail/metadata__rosidl_typesupport_fastrtps_c.h
[1.126s] -- Up-to-date: /home/alpaka-admin/my_alpaka_urdf_ws/install/realsense2_camera_msgs/include/realsense2_camera_msgs/realsense2_camera_msgs/msg/detail/extrinsics__rosidl_typesupport_fastrtps_c.h
[1.126s] -- Up-to-date: /home/alpaka-admin/my_alpaka_urdf_ws/install/realsense2_camera_msgs/include/realsense2_camera_msgs/realsense2_camera_msgs/msg/detail/imu_info__rosidl_typesupport_fastrtps_c.h
[1.126s] -- Up-to-date: /home/alpaka-admin/my_alpaka_urdf_ws/install/realsense2_camera_msgs/lib/librealsense2_camera_msgs__rosidl_typesupport_fastrtps_c.so
[1.127s] -- Up-to-date: /home/alpaka-admin/my_alpaka_urdf_ws/install/realsense2_camera_msgs/include/realsense2_camera_msgs/realsense2_camera_msgs
[1.127s] -- Up-to-date: /home/alpaka-admin/my_alpaka_urdf_ws/install/realsense2_camera_msgs/include/realsense2_camera_msgs/realsense2_camera_msgs/srv
[1.127s] -- Up-to-date: /home/alpaka-admin/my_alpaka_urdf_ws/install/realsense2_camera_msgs/include/realsense2_camera_msgs/realsense2_camera_msgs/srv/detail
[1.127s] -- Up-to-date: /home/alpaka-admin/my_alpaka_urdf_ws/install/realsense2_camera_msgs/include/realsense2_camera_msgs/realsense2_camera_msgs/srv/detail/device_info__rosidl_typesupport_introspection_c.h
[1.127s] -- Up-to-date: /home/alpaka-admin/my_alpaka_urdf_ws/install/realsense2_camera_msgs/include/realsense2_camera_msgs/realsense2_camera_msgs/srv/detail/device_info__type_support.c
[1.127s] -- Up-to-date: /home/alpaka-admin/my_alpaka_urdf_ws/install/realsense2_camera_msgs/include/realsense2_camera_msgs/realsense2_camera_msgs/msg
[1.127s] -- Up-to-date: /home/alpaka-admin/my_alpaka_urdf_ws/install/realsense2_camera_msgs/include/realsense2_camera_msgs/realsense2_camera_msgs/msg/detail
[1.128s] -- Up-to-date: /home/alpaka-admin/my_alpaka_urdf_ws/install/realsense2_camera_msgs/include/realsense2_camera_msgs/realsense2_camera_msgs/msg/detail/imu_info__type_support.c
[1.128s] -- Up-to-date: /home/alpaka-admin/my_alpaka_urdf_ws/install/realsense2_camera_msgs/include/realsense2_camera_msgs/realsense2_camera_msgs/msg/detail/metadata__type_support.c
[1.128s] -- Up-to-date: /home/alpaka-admin/my_alpaka_urdf_ws/install/realsense2_camera_msgs/include/realsense2_camera_msgs/realsense2_camera_msgs/msg/detail/extrinsics__rosidl_typesupport_introspection_c.h
[1.128s] -- Up-to-date: /home/alpaka-admin/my_alpaka_urdf_ws/install/realsense2_camera_msgs/include/realsense2_camera_msgs/realsense2_camera_msgs/msg/detail/imu_info__rosidl_typesupport_introspection_c.h
[1.128s] -- Up-to-date: /home/alpaka-admin/my_alpaka_urdf_ws/install/realsense2_camera_msgs/include/realsense2_camera_msgs/realsense2_camera_msgs/msg/detail/rgbd__type_support.c
[1.128s] -- Up-to-date: /home/alpaka-admin/my_alpaka_urdf_ws/install/realsense2_camera_msgs/include/realsense2_camera_msgs/realsense2_camera_msgs/msg/detail/extrinsics__type_support.c
[1.129s] -- Up-to-date: /home/alpaka-admin/my_alpaka_urdf_ws/install/realsense2_camera_msgs/include/realsense2_camera_msgs/realsense2_camera_msgs/msg/detail/rgbd__rosidl_typesupport_introspection_c.h
[1.129s] -- Up-to-date: /home/alpaka-admin/my_alpaka_urdf_ws/install/realsense2_camera_msgs/include/realsense2_camera_msgs/realsense2_camera_msgs/msg/detail/metadata__rosidl_typesupport_introspection_c.h
[1.129s] -- Up-to-date: /home/alpaka-admin/my_alpaka_urdf_ws/install/realsense2_camera_msgs/include/realsense2_camera_msgs/realsense2_camera_msgs/msg/rosidl_typesupport_introspection_c__visibility_control.h
[1.129s] -- Up-to-date: /home/alpaka-admin/my_alpaka_urdf_ws/install/realsense2_camera_msgs/lib/librealsense2_camera_msgs__rosidl_typesupport_introspection_c.so
[1.129s] -- Up-to-date: /home/alpaka-admin/my_alpaka_urdf_ws/install/realsense2_camera_msgs/lib/librealsense2_camera_msgs__rosidl_typesupport_c.so
[1.129s] -- Up-to-date: /home/alpaka-admin/my_alpaka_urdf_ws/install/realsense2_camera_msgs/include/realsense2_camera_msgs/realsense2_camera_msgs
[1.129s] -- Up-to-date: /home/alpaka-admin/my_alpaka_urdf_ws/install/realsense2_camera_msgs/include/realsense2_camera_msgs/realsense2_camera_msgs/srv
[1.130s] -- Up-to-date: /home/alpaka-admin/my_alpaka_urdf_ws/install/realsense2_camera_msgs/include/realsense2_camera_msgs/realsense2_camera_msgs/srv/detail
[1.130s] -- Up-to-date: /home/alpaka-admin/my_alpaka_urdf_ws/install/realsense2_camera_msgs/include/realsense2_camera_msgs/realsense2_camera_msgs/srv/detail/device_info__builder.hpp
[1.130s] -- Up-to-date: /home/alpaka-admin/my_alpaka_urdf_ws/install/realsense2_camera_msgs/include/realsense2_camera_msgs/realsense2_camera_msgs/srv/detail/device_info__traits.hpp
[1.130s] -- Up-to-date: /home/alpaka-admin/my_alpaka_urdf_ws/install/realsense2_camera_msgs/include/realsense2_camera_msgs/realsense2_camera_msgs/srv/detail/device_info__struct.hpp
[1.130s] -- Up-to-date: /home/alpaka-admin/my_alpaka_urdf_ws/install/realsense2_camera_msgs/include/realsense2_camera_msgs/realsense2_camera_msgs/srv/detail/device_info__type_support.hpp
[1.130s] -- Up-to-date: /home/alpaka-admin/my_alpaka_urdf_ws/install/realsense2_camera_msgs/include/realsense2_camera_msgs/realsense2_camera_msgs/srv/device_info.hpp
[1.130s] -- Up-to-date: /home/alpaka-admin/my_alpaka_urdf_ws/install/realsense2_camera_msgs/include/realsense2_camera_msgs/realsense2_camera_msgs/msg
[1.131s] -- Up-to-date: /home/alpaka-admin/my_alpaka_urdf_ws/install/realsense2_camera_msgs/include/realsense2_camera_msgs/realsense2_camera_msgs/msg/rgbd.hpp
[1.131s] -- Up-to-date: /home/alpaka-admin/my_alpaka_urdf_ws/install/realsense2_camera_msgs/include/realsense2_camera_msgs/realsense2_camera_msgs/msg/extrinsics.hpp
[1.131s] -- Up-to-date: /home/alpaka-admin/my_alpaka_urdf_ws/install/realsense2_camera_msgs/include/realsense2_camera_msgs/realsense2_camera_msgs/msg/metadata.hpp
[1.131s] -- Up-to-date: /home/alpaka-admin/my_alpaka_urdf_ws/install/realsense2_camera_msgs/include/realsense2_camera_msgs/realsense2_camera_msgs/msg/imu_info.hpp
[1.131s] -- Up-to-date: /home/alpaka-admin/my_alpaka_urdf_ws/install/realsense2_camera_msgs/include/realsense2_camera_msgs/realsense2_camera_msgs/msg/detail
[1.132s] -- Up-to-date: /home/alpaka-admin/my_alpaka_urdf_ws/install/realsense2_camera_msgs/include/realsense2_camera_msgs/realsense2_camera_msgs/msg/detail/imu_info__traits.hpp
[1.132s] -- Up-to-date: /home/alpaka-admin/my_alpaka_urdf_ws/install/realsense2_camera_msgs/include/realsense2_camera_msgs/realsense2_camera_msgs/msg/detail/rgbd__struct.hpp
[1.132s] -- Up-to-date: /home/alpaka-admin/my_alpaka_urdf_ws/install/realsense2_camera_msgs/include/realsense2_camera_msgs/realsense2_camera_msgs/msg/detail/extrinsics__builder.hpp
[1.132s] -- Up-to-date: /home/alpaka-admin/my_alpaka_urdf_ws/install/realsense2_camera_msgs/include/realsense2_camera_msgs/realsense2_camera_msgs/msg/detail/extrinsics__struct.hpp
[1.132s] -- Up-to-date: /home/alpaka-admin/my_alpaka_urdf_ws/install/realsense2_camera_msgs/include/realsense2_camera_msgs/realsense2_camera_msgs/msg/detail/metadata__struct.hpp
[1.132s] -- Up-to-date: /home/alpaka-admin/my_alpaka_urdf_ws/install/realsense2_camera_msgs/include/realsense2_camera_msgs/realsense2_camera_msgs/msg/detail/rgbd__builder.hpp
[1.133s] -- Up-to-date: /home/alpaka-admin/my_alpaka_urdf_ws/install/realsense2_camera_msgs/include/realsense2_camera_msgs/realsense2_camera_msgs/msg/detail/rgbd__traits.hpp
[1.133s] -- Up-to-date: /home/alpaka-admin/my_alpaka_urdf_ws/install/realsense2_camera_msgs/include/realsense2_camera_msgs/realsense2_camera_msgs/msg/detail/metadata__builder.hpp
[1.133s] -- Up-to-date: /home/alpaka-admin/my_alpaka_urdf_ws/install/realsense2_camera_msgs/include/realsense2_camera_msgs/realsense2_camera_msgs/msg/detail/extrinsics__type_support.hpp
[1.133s] -- Up-to-date: /home/alpaka-admin/my_alpaka_urdf_ws/install/realsense2_camera_msgs/include/realsense2_camera_msgs/realsense2_camera_msgs/msg/detail/rgbd__type_support.hpp
[1.133s] -- Up-to-date: /home/alpaka-admin/my_alpaka_urdf_ws/install/realsense2_camera_msgs/include/realsense2_camera_msgs/realsense2_camera_msgs/msg/detail/metadata__traits.hpp
[1.133s] -- Up-to-date: /home/alpaka-admin/my_alpaka_urdf_ws/install/realsense2_camera_msgs/include/realsense2_camera_msgs/realsense2_camera_msgs/msg/detail/imu_info__builder.hpp
[1.134s] -- Up-to-date: /home/alpaka-admin/my_alpaka_urdf_ws/install/realsense2_camera_msgs/include/realsense2_camera_msgs/realsense2_camera_msgs/msg/detail/extrinsics__traits.hpp
[1.134s] -- Up-to-date: /home/alpaka-admin/my_alpaka_urdf_ws/install/realsense2_camera_msgs/include/realsense2_camera_msgs/realsense2_camera_msgs/msg/detail/metadata__type_support.hpp
[1.134s] -- Up-to-date: /home/alpaka-admin/my_alpaka_urdf_ws/install/realsense2_camera_msgs/include/realsense2_camera_msgs/realsense2_camera_msgs/msg/detail/imu_info__type_support.hpp
[1.134s] -- Up-to-date: /home/alpaka-admin/my_alpaka_urdf_ws/install/realsense2_camera_msgs/include/realsense2_camera_msgs/realsense2_camera_msgs/msg/detail/imu_info__struct.hpp
[1.135s] -- Up-to-date: /home/alpaka-admin/my_alpaka_urdf_ws/install/realsense2_camera_msgs/include/realsense2_camera_msgs/realsense2_camera_msgs/msg/rosidl_generator_cpp__visibility_control.hpp
[1.136s] -- Up-to-date: /home/alpaka-admin/my_alpaka_urdf_ws/install/realsense2_camera_msgs/include/realsense2_camera_msgs/realsense2_camera_msgs
[1.136s] -- Up-to-date: /home/alpaka-admin/my_alpaka_urdf_ws/install/realsense2_camera_msgs/include/realsense2_camera_msgs/realsense2_camera_msgs/srv
[1.136s] -- Up-to-date: /home/alpaka-admin/my_alpaka_urdf_ws/install/realsense2_camera_msgs/include/realsense2_camera_msgs/realsense2_camera_msgs/srv/detail
[1.136s] -- Up-to-date: /home/alpaka-admin/my_alpaka_urdf_ws/install/realsense2_camera_msgs/include/realsense2_camera_msgs/realsense2_camera_msgs/srv/detail/device_info__rosidl_typesupport_fastrtps_cpp.hpp
[1.137s] -- Up-to-date: /home/alpaka-admin/my_alpaka_urdf_ws/install/realsense2_camera_msgs/include/realsense2_camera_msgs/realsense2_camera_msgs/srv/detail/dds_fastrtps
[1.137s] -- Up-to-date: /home/alpaka-admin/my_alpaka_urdf_ws/install/realsense2_camera_msgs/include/realsense2_camera_msgs/realsense2_camera_msgs/msg
[1.137s] -- Up-to-date: /home/alpaka-admin/my_alpaka_urdf_ws/install/realsense2_camera_msgs/include/realsense2_camera_msgs/realsense2_camera_msgs/msg/rosidl_typesupport_fastrtps_cpp__visibility_control.h
[1.137s] -- Up-to-date: /home/alpaka-admin/my_alpaka_urdf_ws/install/realsense2_camera_msgs/include/realsense2_camera_msgs/realsense2_camera_msgs/msg/detail
[1.138s] -- Up-to-date: /home/alpaka-admin/my_alpaka_urdf_ws/install/realsense2_camera_msgs/include/realsense2_camera_msgs/realsense2_camera_msgs/msg/detail/extrinsics__rosidl_typesupport_fastrtps_cpp.hpp
[1.138s] -- Up-to-date: /home/alpaka-admin/my_alpaka_urdf_ws/install/realsense2_camera_msgs/include/realsense2_camera_msgs/realsense2_camera_msgs/msg/detail/imu_info__rosidl_typesupport_fastrtps_cpp.hpp
[1.138s] -- Up-to-date: /home/alpaka-admin/my_alpaka_urdf_ws/install/realsense2_camera_msgs/include/realsense2_camera_msgs/realsense2_camera_msgs/msg/detail/rgbd__rosidl_typesupport_fastrtps_cpp.hpp
[1.138s] -- Up-to-date: /home/alpaka-admin/my_alpaka_urdf_ws/install/realsense2_camera_msgs/include/realsense2_camera_msgs/realsense2_camera_msgs/msg/detail/metadata__rosidl_typesupport_fastrtps_cpp.hpp
[1.138s] -- Up-to-date: /home/alpaka-admin/my_alpaka_urdf_ws/install/realsense2_camera_msgs/include/realsense2_camera_msgs/realsense2_camera_msgs/msg/detail/dds_fastrtps
[1.138s] -- Up-to-date: /home/alpaka-admin/my_alpaka_urdf_ws/install/realsense2_camera_msgs/lib/librealsense2_camera_msgs__rosidl_typesupport_fastrtps_cpp.so
[1.139s] -- Up-to-date: /home/alpaka-admin/my_alpaka_urdf_ws/install/realsense2_camera_msgs/include/realsense2_camera_msgs/realsense2_camera_msgs
[1.139s] -- Up-to-date: /home/alpaka-admin/my_alpaka_urdf_ws/install/realsense2_camera_msgs/include/realsense2_camera_msgs/realsense2_camera_msgs/srv
[1.139s] -- Up-to-date: /home/alpaka-admin/my_alpaka_urdf_ws/install/realsense2_camera_msgs/include/realsense2_camera_msgs/realsense2_camera_msgs/srv/detail
[1.139s] -- Up-to-date: /home/alpaka-admin/my_alpaka_urdf_ws/install/realsense2_camera_msgs/include/realsense2_camera_msgs/realsense2_camera_msgs/srv/detail/device_info__rosidl_typesupport_introspection_cpp.hpp
[1.140s] -- Up-to-date: /home/alpaka-admin/my_alpaka_urdf_ws/install/realsense2_camera_msgs/include/realsense2_camera_msgs/realsense2_camera_msgs/srv/detail/device_info__type_support.cpp
[1.140s] -- Up-to-date: /home/alpaka-admin/my_alpaka_urdf_ws/install/realsense2_camera_msgs/include/realsense2_camera_msgs/realsense2_camera_msgs/msg
[1.140s] -- Up-to-date: /home/alpaka-admin/my_alpaka_urdf_ws/install/realsense2_camera_msgs/include/realsense2_camera_msgs/realsense2_camera_msgs/msg/detail
[1.140s] -- Up-to-date: /home/alpaka-admin/my_alpaka_urdf_ws/install/realsense2_camera_msgs/include/realsense2_camera_msgs/realsense2_camera_msgs/msg/detail/extrinsics__type_support.cpp
[1.140s] -- Up-to-date: /home/alpaka-admin/my_alpaka_urdf_ws/install/realsense2_camera_msgs/include/realsense2_camera_msgs/realsense2_camera_msgs/msg/detail/metadata__type_support.cpp
[1.140s] -- Up-to-date: /home/alpaka-admin/my_alpaka_urdf_ws/install/realsense2_camera_msgs/include/realsense2_camera_msgs/realsense2_camera_msgs/msg/detail/rgbd__type_support.cpp
[1.141s] -- Up-to-date: /home/alpaka-admin/my_alpaka_urdf_ws/install/realsense2_camera_msgs/include/realsense2_camera_msgs/realsense2_camera_msgs/msg/detail/imu_info__type_support.cpp
[1.141s] -- Up-to-date: /home/alpaka-admin/my_alpaka_urdf_ws/install/realsense2_camera_msgs/include/realsense2_camera_msgs/realsense2_camera_msgs/msg/detail/metadata__rosidl_typesupport_introspection_cpp.hpp
[1.141s] -- Up-to-date: /home/alpaka-admin/my_alpaka_urdf_ws/install/realsense2_camera_msgs/include/realsense2_camera_msgs/realsense2_camera_msgs/msg/detail/rgbd__rosidl_typesupport_introspection_cpp.hpp
[1.141s] -- Up-to-date: /home/alpaka-admin/my_alpaka_urdf_ws/install/realsense2_camera_msgs/include/realsense2_camera_msgs/realsense2_camera_msgs/msg/detail/imu_info__rosidl_typesupport_introspection_cpp.hpp
[1.142s] -- Up-to-date: /home/alpaka-admin/my_alpaka_urdf_ws/install/realsense2_camera_msgs/include/realsense2_camera_msgs/realsense2_camera_msgs/msg/detail/extrinsics__rosidl_typesupport_introspection_cpp.hpp
[1.142s] -- Up-to-date: /home/alpaka-admin/my_alpaka_urdf_ws/install/realsense2_camera_msgs/lib/librealsense2_camera_msgs__rosidl_typesupport_introspection_cpp.so
[1.142s] -- Up-to-date: /home/alpaka-admin/my_alpaka_urdf_ws/install/realsense2_camera_msgs/lib/librealsense2_camera_msgs__rosidl_typesupport_cpp.so
[1.142s] -- Up-to-date: /home/alpaka-admin/my_alpaka_urdf_ws/install/realsense2_camera_msgs/share/realsense2_camera_msgs/environment/pythonpath.sh
[1.143s] -- Up-to-date: /home/alpaka-admin/my_alpaka_urdf_ws/install/realsense2_camera_msgs/share/realsense2_camera_msgs/environment/pythonpath.dsv
[1.143s] -- Up-to-date: /home/alpaka-admin/my_alpaka_urdf_ws/install/realsense2_camera_msgs/local/lib/python3.10/dist-packages/realsense2_camera_msgs-4.55.1-py3.10.egg-info
[1.143s] -- Installing: /home/alpaka-admin/my_alpaka_urdf_ws/install/realsense2_camera_msgs/local/lib/python3.10/dist-packages/realsense2_camera_msgs-4.55.1-py3.10.egg-info/PKG-INFO
[1.143s] -- Installing: /home/alpaka-admin/my_alpaka_urdf_ws/install/realsense2_camera_msgs/local/lib/python3.10/dist-packages/realsense2_camera_msgs-4.55.1-py3.10.egg-info/SOURCES.txt
[1.144s] -- Installing: /home/alpaka-admin/my_alpaka_urdf_ws/install/realsense2_camera_msgs/local/lib/python3.10/dist-packages/realsense2_camera_msgs-4.55.1-py3.10.egg-info/top_level.txt
[1.146s] -- Installing: /home/alpaka-admin/my_alpaka_urdf_ws/install/realsense2_camera_msgs/local/lib/python3.10/dist-packages/realsense2_camera_msgs-4.55.1-py3.10.egg-info/dependency_links.txt
[1.146s] -- Up-to-date: /home/alpaka-admin/my_alpaka_urdf_ws/install/realsense2_camera_msgs/local/lib/python3.10/dist-packages/realsense2_camera_msgs
[1.146s] -- Up-to-date: /home/alpaka-admin/my_alpaka_urdf_ws/install/realsense2_camera_msgs/local/lib/python3.10/dist-packages/realsense2_camera_msgs/_realsense2_camera_msgs_s.ep.rosidl_typesupport_introspection_c.c
[1.147s] -- Up-to-date: /home/alpaka-admin/my_alpaka_urdf_ws/install/realsense2_camera_msgs/local/lib/python3.10/dist-packages/realsense2_camera_msgs/srv
[1.147s] -- Up-to-date: /home/alpaka-admin/my_alpaka_urdf_ws/install/realsense2_camera_msgs/local/lib/python3.10/dist-packages/realsense2_camera_msgs/srv/_device_info_s.c
[1.147s] -- Up-to-date: /home/alpaka-admin/my_alpaka_urdf_ws/install/realsense2_camera_msgs/local/lib/python3.10/dist-packages/realsense2_camera_msgs/srv/__init__.py
[1.147s] -- Up-to-date: /home/alpaka-admin/my_alpaka_urdf_ws/install/realsense2_camera_msgs/local/lib/python3.10/dist-packages/realsense2_camera_msgs/srv/_device_info.py
[1.148s] -- Up-to-date: /home/alpaka-admin/my_alpaka_urdf_ws/install/realsense2_camera_msgs/local/lib/python3.10/dist-packages/realsense2_camera_msgs/_realsense2_camera_msgs_s.ep.rosidl_typesupport_fastrtps_c.c
[1.148s] -- Up-to-date: /home/alpaka-admin/my_alpaka_urdf_ws/install/realsense2_camera_msgs/local/lib/python3.10/dist-packages/realsense2_camera_msgs/realsense2_camera_msgs_s__rosidl_typesupport_fastrtps_c.cpython-310-x86_64-linux-gnu.so
[1.148s] -- Up-to-date: /home/alpaka-admin/my_alpaka_urdf_ws/install/realsense2_camera_msgs/local/lib/python3.10/dist-packages/realsense2_camera_msgs/librealsense2_camera_msgs__rosidl_generator_py.so
[1.148s] -- Up-to-date: /home/alpaka-admin/my_alpaka_urdf_ws/install/realsense2_camera_msgs/local/lib/python3.10/dist-packages/realsense2_camera_msgs/realsense2_camera_msgs_s__rosidl_typesupport_introspection_c.cpython-310-x86_64-linux-gnu.so
[1.148s] -- Up-to-date: /home/alpaka-admin/my_alpaka_urdf_ws/install/realsense2_camera_msgs/local/lib/python3.10/dist-packages/realsense2_camera_msgs/realsense2_camera_msgs_s__rosidl_typesupport_c.cpython-310-x86_64-linux-gnu.so
[1.149s] -- Up-to-date: /home/alpaka-admin/my_alpaka_urdf_ws/install/realsense2_camera_msgs/local/lib/python3.10/dist-packages/realsense2_camera_msgs/msg
[1.149s] -- Up-to-date: /home/alpaka-admin/my_alpaka_urdf_ws/install/realsense2_camera_msgs/local/lib/python3.10/dist-packages/realsense2_camera_msgs/msg/_rgbd.py
[1.149s] -- Up-to-date: /home/alpaka-admin/my_alpaka_urdf_ws/install/realsense2_camera_msgs/local/lib/python3.10/dist-packages/realsense2_camera_msgs/msg/_extrinsics_s.c
[1.150s] -- Up-to-date: /home/alpaka-admin/my_alpaka_urdf_ws/install/realsense2_camera_msgs/local/lib/python3.10/dist-packages/realsense2_camera_msgs/msg/_rgbd_s.c
[1.150s] -- Up-to-date: /home/alpaka-admin/my_alpaka_urdf_ws/install/realsense2_camera_msgs/local/lib/python3.10/dist-packages/realsense2_camera_msgs/msg/_imu_info_s.c
[1.150s] -- Up-to-date: /home/alpaka-admin/my_alpaka_urdf_ws/install/realsense2_camera_msgs/local/lib/python3.10/dist-packages/realsense2_camera_msgs/msg/_metadata.py
[1.150s] -- Up-to-date: /home/alpaka-admin/my_alpaka_urdf_ws/install/realsense2_camera_msgs/local/lib/python3.10/dist-packages/realsense2_camera_msgs/msg/_extrinsics.py
[1.151s] -- Up-to-date: /home/alpaka-admin/my_alpaka_urdf_ws/install/realsense2_camera_msgs/local/lib/python3.10/dist-packages/realsense2_camera_msgs/msg/_imu_info.py
[1.151s] -- Up-to-date: /home/alpaka-admin/my_alpaka_urdf_ws/install/realsense2_camera_msgs/local/lib/python3.10/dist-packages/realsense2_camera_msgs/msg/_metadata_s.c
[1.151s] -- Up-to-date: /home/alpaka-admin/my_alpaka_urdf_ws/install/realsense2_camera_msgs/local/lib/python3.10/dist-packages/realsense2_camera_msgs/msg/__init__.py
[1.152s] -- Up-to-date: /home/alpaka-admin/my_alpaka_urdf_ws/install/realsense2_camera_msgs/local/lib/python3.10/dist-packages/realsense2_camera_msgs/_realsense2_camera_msgs_s.ep.rosidl_typesupport_c.c
[1.152s] -- Up-to-date: /home/alpaka-admin/my_alpaka_urdf_ws/install/realsense2_camera_msgs/local/lib/python3.10/dist-packages/realsense2_camera_msgs/__init__.py
[1.178s] Listing '/home/alpaka-admin/my_alpaka_urdf_ws/install/realsense2_camera_msgs/local/lib/python3.10/dist-packages/realsense2_camera_msgs'...
[1.178s] Listing '/home/alpaka-admin/my_alpaka_urdf_ws/install/realsense2_camera_msgs/local/lib/python3.10/dist-packages/realsense2_camera_msgs/msg'...
[1.178s] Listing '/home/alpaka-admin/my_alpaka_urdf_ws/install/realsense2_camera_msgs/local/lib/python3.10/dist-packages/realsense2_camera_msgs/srv'...
[1.185s] -- Up-to-date: /home/alpaka-admin/my_alpaka_urdf_ws/install/realsense2_camera_msgs/local/lib/python3.10/dist-packages/realsense2_camera_msgs/realsense2_camera_msgs_s__rosidl_typesupport_fastrtps_c.cpython-310-x86_64-linux-gnu.so
[1.186s] -- Up-to-date: /home/alpaka-admin/my_alpaka_urdf_ws/install/realsense2_camera_msgs/local/lib/python3.10/dist-packages/realsense2_camera_msgs/realsense2_camera_msgs_s__rosidl_typesupport_introspection_c.cpython-310-x86_64-linux-gnu.so
[1.186s] -- Up-to-date: /home/alpaka-admin/my_alpaka_urdf_ws/install/realsense2_camera_msgs/local/lib/python3.10/dist-packages/realsense2_camera_msgs/realsense2_camera_msgs_s__rosidl_typesupport_c.cpython-310-x86_64-linux-gnu.so
[1.187s] -- Up-to-date: /home/alpaka-admin/my_alpaka_urdf_ws/install/realsense2_camera_msgs/lib/librealsense2_camera_msgs__rosidl_generator_py.so
[1.187s] -- Up-to-date: /home/alpaka-admin/my_alpaka_urdf_ws/install/realsense2_camera_msgs/share/realsense2_camera_msgs/msg/IMUInfo.idl
[1.187s] -- Up-to-date: /home/alpaka-admin/my_alpaka_urdf_ws/install/realsense2_camera_msgs/share/realsense2_camera_msgs/msg/Extrinsics.idl
[1.187s] -- Up-to-date: /home/alpaka-admin/my_alpaka_urdf_ws/install/realsense2_camera_msgs/share/realsense2_camera_msgs/msg/Metadata.idl
[1.188s] -- Up-to-date: /home/alpaka-admin/my_alpaka_urdf_ws/install/realsense2_camera_msgs/share/realsense2_camera_msgs/msg/RGBD.idl
[1.188s] -- Up-to-date: /home/alpaka-admin/my_alpaka_urdf_ws/install/realsense2_camera_msgs/share/realsense2_camera_msgs/srv/DeviceInfo.idl
[1.188s] -- Up-to-date: /home/alpaka-admin/my_alpaka_urdf_ws/install/realsense2_camera_msgs/share/realsense2_camera_msgs/msg/IMUInfo.msg
[1.188s] -- Up-to-date: /home/alpaka-admin/my_alpaka_urdf_ws/install/realsense2_camera_msgs/share/realsense2_camera_msgs/msg/Extrinsics.msg
[1.188s] -- Up-to-date: /home/alpaka-admin/my_alpaka_urdf_ws/install/realsense2_camera_msgs/share/realsense2_camera_msgs/msg/Metadata.msg
[1.188s] -- Up-to-date: /home/alpaka-admin/my_alpaka_urdf_ws/install/realsense2_camera_msgs/share/realsense2_camera_msgs/msg/RGBD.msg
[1.189s] -- Up-to-date: /home/alpaka-admin/my_alpaka_urdf_ws/install/realsense2_camera_msgs/share/realsense2_camera_msgs/srv/DeviceInfo.srv
[1.189s] -- Up-to-date: /home/alpaka-admin/my_alpaka_urdf_ws/install/realsense2_camera_msgs/share/realsense2_camera_msgs/srv/DeviceInfo_Request.msg
[1.189s] -- Up-to-date: /home/alpaka-admin/my_alpaka_urdf_ws/install/realsense2_camera_msgs/share/realsense2_camera_msgs/srv/DeviceInfo_Response.msg
[1.189s] -- Up-to-date: /home/alpaka-admin/my_alpaka_urdf_ws/install/realsense2_camera_msgs/share/ament_index/resource_index/package_run_dependencies/realsense2_camera_msgs
[1.189s] -- Up-to-date: /home/alpaka-admin/my_alpaka_urdf_ws/install/realsense2_camera_msgs/share/ament_index/resource_index/parent_prefix_path/realsense2_camera_msgs
[1.190s] -- Up-to-date: /home/alpaka-admin/my_alpaka_urdf_ws/install/realsense2_camera_msgs/share/realsense2_camera_msgs/environment/ament_prefix_path.sh
[1.190s] -- Up-to-date: /home/alpaka-admin/my_alpaka_urdf_ws/install/realsense2_camera_msgs/share/realsense2_camera_msgs/environment/ament_prefix_path.dsv
[1.190s] -- Up-to-date: /home/alpaka-admin/my_alpaka_urdf_ws/install/realsense2_camera_msgs/share/realsense2_camera_msgs/environment/path.sh
[1.190s] -- Up-to-date: /home/alpaka-admin/my_alpaka_urdf_ws/install/realsense2_camera_msgs/share/realsense2_camera_msgs/environment/path.dsv
[1.190s] -- Up-to-date: /home/alpaka-admin/my_alpaka_urdf_ws/install/realsense2_camera_msgs/share/realsense2_camera_msgs/local_setup.bash
[1.190s] -- Up-to-date: /home/alpaka-admin/my_alpaka_urdf_ws/install/realsense2_camera_msgs/share/realsense2_camera_msgs/local_setup.sh
[1.190s] -- Up-to-date: /home/alpaka-admin/my_alpaka_urdf_ws/install/realsense2_camera_msgs/share/realsense2_camera_msgs/local_setup.zsh
[1.190s] -- Up-to-date: /home/alpaka-admin/my_alpaka_urdf_ws/install/realsense2_camera_msgs/share/realsense2_camera_msgs/local_setup.dsv
[1.191s] -- Installing: /home/alpaka-admin/my_alpaka_urdf_ws/install/realsense2_camera_msgs/share/realsense2_camera_msgs/package.dsv
[1.191s] -- Up-to-date: /home/alpaka-admin/my_alpaka_urdf_ws/install/realsense2_camera_msgs/share/ament_index/resource_index/packages/realsense2_camera_msgs
[1.191s] -- Up-to-date: /home/alpaka-admin/my_alpaka_urdf_ws/install/realsense2_camera_msgs/share/realsense2_camera_msgs/cmake/export_realsense2_camera_msgs__rosidl_generator_cExport.cmake
[1.191s] -- Up-to-date: /home/alpaka-admin/my_alpaka_urdf_ws/install/realsense2_camera_msgs/share/realsense2_camera_msgs/cmake/export_realsense2_camera_msgs__rosidl_generator_cExport-noconfig.cmake
[1.191s] -- Up-to-date: /home/alpaka-admin/my_alpaka_urdf_ws/install/realsense2_camera_msgs/share/realsense2_camera_msgs/cmake/export_realsense2_camera_msgs__rosidl_typesupport_fastrtps_cExport.cmake
[1.192s] -- Up-to-date: /home/alpaka-admin/my_alpaka_urdf_ws/install/realsense2_camera_msgs/share/realsense2_camera_msgs/cmake/export_realsense2_camera_msgs__rosidl_typesupport_fastrtps_cExport-noconfig.cmake
[1.192s] -- Up-to-date: /home/alpaka-admin/my_alpaka_urdf_ws/install/realsense2_camera_msgs/share/realsense2_camera_msgs/cmake/realsense2_camera_msgs__rosidl_typesupport_introspection_cExport.cmake
[1.192s] -- Up-to-date: /home/alpaka-admin/my_alpaka_urdf_ws/install/realsense2_camera_msgs/share/realsense2_camera_msgs/cmake/realsense2_camera_msgs__rosidl_typesupport_introspection_cExport-noconfig.cmake
[1.192s] -- Up-to-date: /home/alpaka-admin/my_alpaka_urdf_ws/install/realsense2_camera_msgs/share/realsense2_camera_msgs/cmake/realsense2_camera_msgs__rosidl_typesupport_cExport.cmake
[1.192s] -- Up-to-date: /home/alpaka-admin/my_alpaka_urdf_ws/install/realsense2_camera_msgs/share/realsense2_camera_msgs/cmake/realsense2_camera_msgs__rosidl_typesupport_cExport-noconfig.cmake
[1.192s] -- Up-to-date: /home/alpaka-admin/my_alpaka_urdf_ws/install/realsense2_camera_msgs/share/realsense2_camera_msgs/cmake/export_realsense2_camera_msgs__rosidl_generator_cppExport.cmake
[1.193s] -- Up-to-date: /home/alpaka-admin/my_alpaka_urdf_ws/install/realsense2_camera_msgs/share/realsense2_camera_msgs/cmake/export_realsense2_camera_msgs__rosidl_typesupport_fastrtps_cppExport.cmake
[1.193s] -- Up-to-date: /home/alpaka-admin/my_alpaka_urdf_ws/install/realsense2_camera_msgs/share/realsense2_camera_msgs/cmake/export_realsense2_camera_msgs__rosidl_typesupport_fastrtps_cppExport-noconfig.cmake
[1.193s] -- Up-to-date: /home/alpaka-admin/my_alpaka_urdf_ws/install/realsense2_camera_msgs/share/realsense2_camera_msgs/cmake/realsense2_camera_msgs__rosidl_typesupport_introspection_cppExport.cmake
[1.193s] -- Up-to-date: /home/alpaka-admin/my_alpaka_urdf_ws/install/realsense2_camera_msgs/share/realsense2_camera_msgs/cmake/realsense2_camera_msgs__rosidl_typesupport_introspection_cppExport-noconfig.cmake
[1.193s] -- Up-to-date: /home/alpaka-admin/my_alpaka_urdf_ws/install/realsense2_camera_msgs/share/realsense2_camera_msgs/cmake/realsense2_camera_msgs__rosidl_typesupport_cppExport.cmake
[1.193s] -- Up-to-date: /home/alpaka-admin/my_alpaka_urdf_ws/install/realsense2_camera_msgs/share/realsense2_camera_msgs/cmake/realsense2_camera_msgs__rosidl_typesupport_cppExport-noconfig.cmake
[1.193s] -- Up-to-date: /home/alpaka-admin/my_alpaka_urdf_ws/install/realsense2_camera_msgs/share/realsense2_camera_msgs/cmake/export_realsense2_camera_msgs__rosidl_generator_pyExport.cmake
[1.193s] -- Up-to-date: /home/alpaka-admin/my_alpaka_urdf_ws/install/realsense2_camera_msgs/share/realsense2_camera_msgs/cmake/export_realsense2_camera_msgs__rosidl_generator_pyExport-noconfig.cmake
[1.194s] -- Up-to-date: /home/alpaka-admin/my_alpaka_urdf_ws/install/realsense2_camera_msgs/share/realsense2_camera_msgs/cmake/rosidl_cmake-extras.cmake
[1.194s] -- Up-to-date: /home/alpaka-admin/my_alpaka_urdf_ws/install/realsense2_camera_msgs/share/realsense2_camera_msgs/cmake/ament_cmake_export_dependencies-extras.cmake
[1.194s] -- Up-to-date: /home/alpaka-admin/my_alpaka_urdf_ws/install/realsense2_camera_msgs/share/realsense2_camera_msgs/cmake/ament_cmake_export_include_directories-extras.cmake
[1.194s] -- Up-to-date: /home/alpaka-admin/my_alpaka_urdf_ws/install/realsense2_camera_msgs/share/realsense2_camera_msgs/cmake/ament_cmake_export_libraries-extras.cmake
[1.194s] -- Up-to-date: /home/alpaka-admin/my_alpaka_urdf_ws/install/realsense2_camera_msgs/share/realsense2_camera_msgs/cmake/ament_cmake_export_targets-extras.cmake
[1.194s] -- Up-to-date: /home/alpaka-admin/my_alpaka_urdf_ws/install/realsense2_camera_msgs/share/realsense2_camera_msgs/cmake/rosidl_cmake_export_typesupport_targets-extras.cmake
[1.194s] -- Up-to-date: /home/alpaka-admin/my_alpaka_urdf_ws/install/realsense2_camera_msgs/share/realsense2_camera_msgs/cmake/rosidl_cmake_export_typesupport_libraries-extras.cmake
[1.194s] -- Up-to-date: /home/alpaka-admin/my_alpaka_urdf_ws/install/realsense2_camera_msgs/share/realsense2_camera_msgs/cmake/realsense2_camera_msgsConfig.cmake
[1.195s] -- Up-to-date: /home/alpaka-admin/my_alpaka_urdf_ws/install/realsense2_camera_msgs/share/realsense2_camera_msgs/cmake/realsense2_camera_msgsConfig-version.cmake
[1.195s] -- Up-to-date: /home/alpaka-admin/my_alpaka_urdf_ws/install/realsense2_camera_msgs/share/realsense2_camera_msgs/package.xml
[1.198s] Invoked command in '/home/alpaka-admin/my_alpaka_urdf_ws/build/realsense2_camera_msgs' returned '0': CMAKE_PREFIX_PATH=${CMAKE_PREFIX_PATH}:/home/alpaka-admin/my_alpaka_urdf_ws/install/ml_model:/opt/ros/humble ROS_DOMAIN_ID=62 /usr/bin/cmake --install /home/alpaka-admin/my_alpaka_urdf_ws/build/realsense2_camera_msgs
